# Pacotes #0-fazendapombo_2 da data: 2025-06-09
# Total de pacotes: 521
#==================================================

09/06/2025 -> #0-fazendapombo_2-451-40-0-349-0.00-09/06/2025_08:43:59$
09/06/2025 -> #0-fazendapombo_2-451-40-0-349-0.00-09/06/2025_08:43:59$
09/06/2025 -> #0-fazendapombo_2-451-40-0-349-0.00-09/06/2025_08:43:59$
09/06/2025 -> #0-fazendapombo_2-351-100-357-2-27/05/2025_09:26:24$
09/06/2025 -> #0-fazendapombo_2-451-40-0-349-0.00-09/06/2025_08:43:59$
09/06/2025 -> #0-fazendapombo_2-451-40-0-349-0.00-09/06/2025_08:44:31$
09/06/2025 -> #0-fazendapombo_2-451-40-0-349-0.00-09/06/2025_08:44:31$
09/06/2025 -> #0-fazendapombo_2-451-40-0-349-0.00-09/06/2025_08:44:31$
09/06/2025 -> #0-fazendapombo_2-351-100-357-2-27/05/2025_09:26:24$
09/06/2025 -> #0-fazendapombo_2-451-40-0-349-0.00-09/06/2025_08:44:31$
09/06/2025 -> #0-fazendapombo_2-451-40-0-350-0.00-09/06/2025_08:50:30$
09/06/2025 -> #0-fazendapombo_2-451-40-0-350-0.00-09/06/2025_08:50:30$
09/06/2025 -> #0-fazendapombo_2-451-40-0-350-0.00-09/06/2025_08:50:30$
09/06/2025 -> #0-fazendapombo_2-351-100-357-2-27/05/2025_09:26:24$
09/06/2025 -> #0-fazendapombo_2-451-40-0-350-0.00-09/06/2025_08:50:30$
09/06/2025 -> #0-fazendapombo_2-451-40-655-350-0.00-09/06/2025_08:54:59$
09/06/2025 -> #0-fazendapombo_2-451-40-655-350-0.00-09/06/2025_08:54:59$
09/06/2025 -> #0-fazendapombo_2-451-40-655-350-0.00-09/06/2025_08:54:59$
09/06/2025 -> #0-fazendapombo_2-351-100-357-2-27/05/2025_09:26:24$
09/06/2025 -> #0-fazendapombo_2-451-40-655-350-0.00-09/06/2025_08:54:59$
09/06/2025 -> #0-fazendapombo_2-351-100-357-2-27/05/2025_09:26:24$
09/06/2025 -> #0-fazendapombo_2-451-40-655-351-0.00-09/06/2025_08:58:13$
09/06/2025 -> #0-fazendapombo_2-451-40-655-351-0.00-09/06/2025_08:58:13$
09/06/2025 -> #0-fazendapombo_2-451-40-655-351-0.00-09/06/2025_08:58:13$
09/06/2025 -> #0-fazendapombo_2-351-100-357-2-27/05/2025_09:26:24$
09/06/2025 -> #0-fazendapombo_2-451-40-655-351-0.00-09/06/2025_08:58:13$
09/06/2025 -> #0-fazendapombo_2-451-100-655-351-0.00-09/06/2025_08:59:59$
09/06/2025 -> #0-fazendapombo_2-451-100-655-351-0.00-09/06/2025_08:59:59$
09/06/2025 -> #0-fazendapombo_2-451-100-655-351-0.00-09/06/2025_08:59:59$
09/06/2025 -> #0-fazendapombo_2-351-100-357-2-27/05/2025_09:26:24$
09/06/2025 -> #0-fazendapombo_2-451-100-655-351-0.00-09/06/2025_08:59:59$
09/06/2025 -> #0-fazendapombo_2-451-40-655-351-0.00-09/06/2025_09:01:00$
09/06/2025 -> #0-fazendapombo_2-451-40-655-351-0.00-09/06/2025_09:01:00$
09/06/2025 -> #0-fazendapombo_2-451-40-655-351-0.00-09/06/2025_09:01:00$
09/06/2025 -> #0-fazendapombo_2-351-100-357-2-27/05/2025_09:26:24$
09/06/2025 -> #0-fazendapombo_2-451-40-655-351-0.00-09/06/2025_09:01:00$
09/06/2025 -> #0-fazendapombo_2-451-40-655-352-0.00-09/06/2025_09:03:13$
09/06/2025 -> #0-fazendapombo_2-451-40-655-352-0.00-09/06/2025_09:03:13$
09/06/2025 -> #0-fazendapombo_2-451-40-655-352-0.00-09/06/2025_09:03:13$
09/06/2025 -> #0-fazendapombo_2-351-100-357-2-27/05/2025_09:26:24$
09/06/2025 -> #0-fazendapombo_2-451-40-655-352-0.00-09/06/2025_09:03:13$
09/06/2025 -> #0-fazendapombo_2-451-40-655-353-0.00-09/06/2025_09:08:13$
09/06/2025 -> #0-fazendapombo_2-451-40-655-353-0.00-09/06/2025_09:08:13$
09/06/2025 -> #0-fazendapombo_2-451-40-655-353-0.00-09/06/2025_09:08:13$
09/06/2025 -> #0-fazendapombo_2-351-100-357-2-27/05/2025_09:26:24$
09/06/2025 -> #0-fazendapombo_2-451-40-655-353-0.00-09/06/2025_09:08:13$
09/06/2025 -> #0-fazendapombo_2-451-40-655-354-0.00-09/06/2025_09:13:13$
09/06/2025 -> #0-fazendapombo_2-451-40-655-354-0.00-09/06/2025_09:13:13$
09/06/2025 -> #0-fazendapombo_2-451-40-655-354-0.00-09/06/2025_09:13:13$
09/06/2025 -> #0-fazendapombo_2-351-100-357-2-27/05/2025_09:26:24$
09/06/2025 -> #0-fazendapombo_2-451-40-655-354-0.00-09/06/2025_09:13:13$
09/06/2025 -> #0-fazendapombo_2-451-40-655-356-0.00-09/06/2025_09:17:14$
09/06/2025 -> #0-fazendapombo_2-451-40-655-356-0.00-09/06/2025_09:17:14$
09/06/2025 -> #0-fazendapombo_2-451-40-655-356-0.00-09/06/2025_09:17:14$
09/06/2025 -> #0-fazendapombo_2-351-100-357-2-27/05/2025_09:26:24$
09/06/2025 -> #0-fazendapombo_2-451-40-655-356-0.00-09/06/2025_09:17:14$
09/06/2025 -> #0-fazendapombo_2-451-40-655-357-0.00-09/06/2025_09:23:13$
09/06/2025 -> #0-fazendapombo_2-451-40-655-357-0.00-09/06/2025_09:23:13$
09/06/2025 -> #0-fazendapombo_2-451-40-655-357-0.00-09/06/2025_09:23:13$
09/06/2025 -> #0-fazendapombo_2-351-100-357-2-27/05/2025_09:26:24$
09/06/2025 -> #0-fazendapombo_2-451-40-655-357-0.00-09/06/2025_09:23:13$
09/06/2025 -> #0-fazendapombo_2-451-100-655-359-0.00-09/06/2025_09:27:00$
09/06/2025 -> #0-fazendapombo_2-451-100-655-359-0.00-09/06/2025_09:27:00$
09/06/2025 -> #0-fazendapombo_2-451-100-655-359-0.00-09/06/2025_09:27:00$
09/06/2025 -> #0-fazendapombo_2-351-100-357-2-27/05/2025_09:26:24$
09/06/2025 -> #0-fazendapombo_2-451-100-655-359-0.00-09/06/2025_09:27:00$
09/06/2025 -> #0-fazendapombo_2-451-100-655-359-0.00-09/06/2025_09:28:13$
09/06/2025 -> #0-fazendapombo_2-451-100-655-359-0.00-09/06/2025_09:28:13$
09/06/2025 -> #0-fazendapombo_2-451-100-655-359-0.00-09/06/2025_09:28:13$
09/06/2025 -> #0-fazendapombo_2-351-100-357-2-27/05/2025_09:26:24$
09/06/2025 -> #0-fazendapombo_2-451-100-655-359-0.00-09/06/2025_09:28:13$
09/06/2025 -> #0-fazendapombo_2-451-40-655-359-0.00-09/06/2025_09:28:59$
09/06/2025 -> #0-fazendapombo_2-451-40-655-359-0.00-09/06/2025_09:28:59$
09/06/2025 -> #0-fazendapombo_2-451-40-655-359-0.00-09/06/2025_09:28:59$
09/06/2025 -> #0-fazendapombo_2-351-100-357-2-27/05/2025_09:26:24$
09/06/2025 -> #0-fazendapombo_2-451-40-655-359-0.00-09/06/2025_09:28:59$
09/06/2025 -> #0-fazendapombo_2-451-40-655-1-0.00-09/06/2025_09:32:14$
09/06/2025 -> #0-fazendapombo_2-451-40-655-1-0.00-09/06/2025_09:32:14$
09/06/2025 -> #0-fazendapombo_2-451-40-655-1-0.00-09/06/2025_09:32:14$
09/06/2025 -> #0-fazendapombo_2-351-100-357-2-27/05/2025_09:26:24$
09/06/2025 -> #0-fazendapombo_2-451-40-655-1-0.00-09/06/2025_09:32:14$
09/06/2025 -> #0-fazendapombo_2-451-40-655-2-0.00-09/06/2025_09:37:14$
09/06/2025 -> #0-fazendapombo_2-451-40-655-2-0.00-09/06/2025_09:37:14$
09/06/2025 -> #0-fazendapombo_2-451-40-655-2-0.00-09/06/2025_09:37:14$
09/06/2025 -> #0-fazendapombo_2-351-100-357-2-27/05/2025_09:26:24$
09/06/2025 -> #0-fazendapombo_2-451-40-655-2-0.00-09/06/2025_09:37:14$
09/06/2025 -> #0-fazendapombo_2-451-40-655-6-0.00-09/06/2025_09:48:13$
09/06/2025 -> #0-fazendapombo_2-451-40-655-6-0.00-09/06/2025_09:48:13$
09/06/2025 -> #0-fazendapombo_2-451-40-655-6-0.00-09/06/2025_09:48:13$
09/06/2025 -> #0-fazendapombo_2-351-100-357-2-27/05/2025_09:26:24$
09/06/2025 -> #0-fazendapombo_2-451-40-655-6-0.00-09/06/2025_09:48:13$
09/06/2025 -> #0-fazendapombo_2-451-40-655-8-0.00-09/06/2025_09:53:13$
09/06/2025 -> #0-fazendapombo_2-451-40-655-8-0.00-09/06/2025_09:53:13$
09/06/2025 -> #0-fazendapombo_2-451-40-655-8-0.00-09/06/2025_09:53:13$
09/06/2025 -> #0-fazendapombo_2-351-100-357-2-27/05/2025_09:26:24$
09/06/2025 -> #0-fazendapombo_2-451-40-655-8-0.00-09/06/2025_09:53:13$
09/06/2025 -> #0-fazendapombo_2-451-40-655-9-0.00-09/06/2025_09:58:13$
09/06/2025 -> #0-fazendapombo_2-451-40-655-9-0.00-09/06/2025_09:58:13$
09/06/2025 -> #0-fazendapombo_2-451-40-655-9-0.00-09/06/2025_09:58:13$
09/06/2025 -> #0-fazendapombo_2-351-100-357-2-27/05/2025_09:26:24$
09/06/2025 -> #0-fazendapombo_2-451-40-655-9-0.00-09/06/2025_09:58:13$
09/06/2025 -> #0-fazendapombo_2-451-40-655-11-0.00-09/06/2025_10:03:13$
09/06/2025 -> #0-fazendapombo_2-451-40-655-11-0.00-09/06/2025_10:03:13$
09/06/2025 -> #0-fazendapombo_2-451-40-655-11-0.00-09/06/2025_10:03:13$
09/06/2025 -> #0-fazendapombo_2-351-100-357-2-27/05/2025_09:26:24$
09/06/2025 -> #0-fazendapombo_2-451-40-655-11-0.00-09/06/2025_10:03:13$
09/06/2025 -> #0-fazendapombo_2-451-40-655-12-0.00-09/06/2025_10:08:13$
09/06/2025 -> #0-fazendapombo_2-451-40-655-12-0.00-09/06/2025_10:08:13$
09/06/2025 -> #0-fazendapombo_2-451-40-655-12-0.00-09/06/2025_10:08:13$
09/06/2025 -> #0-fazendapombo_2-351-100-357-2-27/05/2025_09:26:24$
09/06/2025 -> #0-fazendapombo_2-451-40-655-12-0.00-09/06/2025_10:08:13$
09/06/2025 -> #0-fazendapombo_2-451-40-655-14-0.00-09/06/2025_10:13:13$
09/06/2025 -> #0-fazendapombo_2-451-40-655-14-0.00-09/06/2025_10:13:13$
09/06/2025 -> #0-fazendapombo_2-451-40-655-14-0.00-09/06/2025_10:13:13$
09/06/2025 -> #0-fazendapombo_2-351-100-357-2-27/05/2025_09:26:24$
09/06/2025 -> #0-fazendapombo_2-451-40-655-14-0.00-09/06/2025_10:13:13$
09/06/2025 -> #0-fazendapombo_2-451-40-655-15-0.00-09/06/2025_10:18:13$
09/06/2025 -> #0-fazendapombo_2-451-40-655-15-0.00-09/06/2025_10:18:13$
09/06/2025 -> #0-fazendapombo_2-451-40-655-15-0.00-09/06/2025_10:18:13$
09/06/2025 -> #0-fazendapombo_2-351-100-357-2-27/05/2025_09:26:24$
09/06/2025 -> #0-fazendapombo_2-451-40-655-15-0.00-09/06/2025_10:18:13$
09/06/2025 -> #0-fazendapombo_2-451-40-655-17-0.00-09/06/2025_10:22:14$
09/06/2025 -> #0-fazendapombo_2-451-40-655-17-0.00-09/06/2025_10:22:14$
09/06/2025 -> #0-fazendapombo_2-451-40-655-17-0.00-09/06/2025_10:22:14$
09/06/2025 -> #0-fazendapombo_2-351-100-357-2-27/05/2025_09:26:24$
09/06/2025 -> #0-fazendapombo_2-451-40-655-17-0.00-09/06/2025_10:22:14$
09/06/2025 -> #0-fazendapombo_2-451-40-655-18-3.31-09/06/2025_10:28:13$
09/06/2025 -> #0-fazendapombo_2-451-40-655-18-3.31-09/06/2025_10:28:13$
09/06/2025 -> #0-fazendapombo_2-451-40-655-18-3.31-09/06/2025_10:28:13$
09/06/2025 -> #0-fazendapombo_2-351-100-357-2-27/05/2025_09:26:24$
09/06/2025 -> #0-fazendapombo_2-451-40-655-18-3.31-09/06/2025_10:28:13$
09/06/2025 -> #0-fazendapombo_2-451-40-655-19-0.00-09/06/2025_10:33:13$
09/06/2025 -> #0-fazendapombo_2-451-40-655-19-0.00-09/06/2025_10:33:13$
09/06/2025 -> #0-fazendapombo_2-451-40-655-19-0.00-09/06/2025_10:33:13$
09/06/2025 -> #0-fazendapombo_2-351-100-357-2-27/05/2025_09:26:24$
09/06/2025 -> #0-fazendapombo_2-451-40-655-19-0.00-09/06/2025_10:33:13$
09/06/2025 -> #0-fazendapombo_2-451-100-655-19-0.00-09/06/2025_10:36:01$
09/06/2025 -> #0-fazendapombo_2-451-100-655-19-0.00-09/06/2025_10:36:01$
09/06/2025 -> #0-fazendapombo_2-451-100-655-19-0.00-09/06/2025_10:36:01$
09/06/2025 -> #0-fazendapombo_2-351-100-357-2-27/05/2025_09:26:24$
09/06/2025 -> #0-fazendapombo_2-451-100-655-19-0.00-09/06/2025_10:36:01$
09/06/2025 -> #0-fazendapombo_2-451-40-655-20-0.00-09/06/2025_10:38:01$
09/06/2025 -> #0-fazendapombo_2-451-40-655-20-0.00-09/06/2025_10:38:01$
09/06/2025 -> #0-fazendapombo_2-451-40-655-20-0.00-09/06/2025_10:38:01$
09/06/2025 -> #0-fazendapombo_2-351-100-357-2-27/05/2025_09:26:24$
09/06/2025 -> #0-fazendapombo_2-451-40-655-20-0.00-09/06/2025_10:38:01$
09/06/2025 -> #0-fazendapombo_2-451-40-655-20-0.00-09/06/2025_10:38:13$
09/06/2025 -> #0-fazendapombo_2-451-40-655-20-0.00-09/06/2025_10:38:13$
09/06/2025 -> #0-fazendapombo_2-451-40-655-20-0.00-09/06/2025_10:38:13$
09/06/2025 -> #0-fazendapombo_2-351-100-357-2-27/05/2025_09:26:24$
09/06/2025 -> #0-fazendapombo_2-451-40-655-20-0.00-09/06/2025_10:38:13$
09/06/2025 -> #0-fazendapombo_2-451-40-655-22-7.81-09/06/2025_10:43:13$
09/06/2025 -> #0-fazendapombo_2-451-40-655-22-7.81-09/06/2025_10:43:13$
09/06/2025 -> #0-fazendapombo_2-451-40-655-22-7.81-09/06/2025_10:43:13$
09/06/2025 -> #0-fazendapombo_2-351-100-357-2-27/05/2025_09:26:24$
09/06/2025 -> #0-fazendapombo_2-451-40-655-22-7.81-09/06/2025_10:43:13$
09/06/2025 -> #0-fazendapombo_2-451-40-655-26-0.00-09/06/2025_10:48:13$
09/06/2025 -> #0-fazendapombo_2-451-40-655-26-0.00-09/06/2025_10:48:13$
09/06/2025 -> #0-fazendapombo_2-451-40-655-26-0.00-09/06/2025_10:48:13$
09/06/2025 -> #0-fazendapombo_2-351-100-357-2-27/05/2025_09:26:24$
09/06/2025 -> #0-fazendapombo_2-451-40-655-26-0.00-09/06/2025_10:48:13$
09/06/2025 -> #0-fazendapombo_2-451-40-655-28-0.00-09/06/2025_10:53:13$
09/06/2025 -> #0-fazendapombo_2-451-40-655-28-0.00-09/06/2025_10:53:13$
09/06/2025 -> #0-fazendapombo_2-451-40-655-28-0.00-09/06/2025_10:53:13$
09/06/2025 -> #0-fazendapombo_2-351-100-357-2-27/05/2025_09:26:24$
09/06/2025 -> #0-fazendapombo_2-451-40-655-28-0.00-09/06/2025_10:53:13$
09/06/2025 -> #0-fazendapombo_2-451-40-655-30-0.00-09/06/2025_10:58:13$
09/06/2025 -> #0-fazendapombo_2-451-40-655-30-0.00-09/06/2025_10:58:13$
09/06/2025 -> #0-fazendapombo_2-451-40-655-30-0.00-09/06/2025_10:58:13$
09/06/2025 -> #0-fazendapombo_2-351-100-357-2-27/05/2025_09:26:24$
09/06/2025 -> #0-fazendapombo_2-451-40-655-30-0.00-09/06/2025_10:58:13$
09/06/2025 -> #0-fazendapombo_2-451-40-655-32-0.00-09/06/2025_11:02:14$
09/06/2025 -> #0-fazendapombo_2-451-40-655-32-0.00-09/06/2025_11:02:14$
09/06/2025 -> #0-fazendapombo_2-451-40-655-32-0.00-09/06/2025_11:02:14$
09/06/2025 -> #0-fazendapombo_2-351-100-357-2-27/05/2025_09:26:24$
09/06/2025 -> #0-fazendapombo_2-451-40-655-32-0.00-09/06/2025_11:02:14$
09/06/2025 -> #0-fazendapombo_2-451-40-655-34-0.00-09/06/2025_11:08:13$
09/06/2025 -> #0-fazendapombo_2-451-40-655-34-0.00-09/06/2025_11:08:13$
09/06/2025 -> #0-fazendapombo_2-451-40-655-34-0.00-09/06/2025_11:08:13$
09/06/2025 -> #0-fazendapombo_2-351-100-357-2-27/05/2025_09:26:24$
09/06/2025 -> #0-fazendapombo_2-451-40-655-34-0.00-09/06/2025_11:08:13$
09/06/2025 -> #0-fazendapombo_2-451-40-655-35-0.00-09/06/2025_11:13:13$
09/06/2025 -> #0-fazendapombo_2-451-40-655-35-0.00-09/06/2025_11:13:13$
09/06/2025 -> #0-fazendapombo_2-451-40-655-35-0.00-09/06/2025_11:13:13$
09/06/2025 -> #0-fazendapombo_2-351-100-357-2-27/05/2025_09:26:24$
09/06/2025 -> #0-fazendapombo_2-451-40-655-35-0.00-09/06/2025_11:13:13$
09/06/2025 -> #0-fazendapombo_2-451-40-655-37-0.00-09/06/2025_11:18:13$
09/06/2025 -> #0-fazendapombo_2-451-40-655-37-0.00-09/06/2025_11:18:13$
09/06/2025 -> #0-fazendapombo_2-451-40-655-37-0.00-09/06/2025_11:18:13$
09/06/2025 -> #0-fazendapombo_2-351-100-357-2-27/05/2025_09:26:24$
09/06/2025 -> #0-fazendapombo_2-451-40-655-37-0.00-09/06/2025_11:18:13$
09/06/2025 -> #0-fazendapombo_2-451-40-655-38-0.00-09/06/2025_11:23:13$
09/06/2025 -> #0-fazendapombo_2-451-40-655-38-0.00-09/06/2025_11:23:13$
09/06/2025 -> #0-fazendapombo_2-451-40-655-38-0.00-09/06/2025_11:23:13$
09/06/2025 -> #0-fazendapombo_2-351-100-357-2-27/05/2025_09:26:24$
09/06/2025 -> #0-fazendapombo_2-451-40-655-38-0.00-09/06/2025_11:23:13$
09/06/2025 -> #0-fazendapombo_2-451-40-655-40-0.00-09/06/2025_11:27:14$
09/06/2025 -> #0-fazendapombo_2-451-40-655-40-0.00-09/06/2025_11:27:14$
09/06/2025 -> #0-fazendapombo_2-451-40-655-40-0.00-09/06/2025_11:27:14$
09/06/2025 -> #0-fazendapombo_2-351-100-357-2-27/05/2025_09:26:24$
09/06/2025 -> #0-fazendapombo_2-451-40-655-40-0.00-09/06/2025_11:27:14$
09/06/2025 -> #0-fazendapombo_2-451-40-655-41-0.00-09/06/2025_11:33:13$
09/06/2025 -> #0-fazendapombo_2-451-40-655-41-0.00-09/06/2025_11:33:13$
09/06/2025 -> #0-fazendapombo_2-451-40-655-41-0.00-09/06/2025_11:33:13$
09/06/2025 -> #0-fazendapombo_2-351-100-357-2-27/05/2025_09:26:24$
09/06/2025 -> #0-fazendapombo_2-451-40-655-41-0.00-09/06/2025_11:33:13$
09/06/2025 -> #0-fazendapombo_2-451-40-655-43-0.00-09/06/2025_11:38:13$
09/06/2025 -> #0-fazendapombo_2-451-40-655-43-0.00-09/06/2025_11:38:13$
09/06/2025 -> #0-fazendapombo_2-451-40-655-43-0.00-09/06/2025_11:38:13$
09/06/2025 -> #0-fazendapombo_2-351-100-357-2-27/05/2025_09:26:24$
09/06/2025 -> #0-fazendapombo_2-451-40-655-43-0.00-09/06/2025_11:38:13$
09/06/2025 -> #0-fazendapombo_2-451-40-655-44-0.00-09/06/2025_11:43:13$
09/06/2025 -> #0-fazendapombo_2-451-40-655-44-0.00-09/06/2025_11:43:13$
09/06/2025 -> #0-fazendapombo_2-451-40-655-44-0.00-09/06/2025_11:43:13$
09/06/2025 -> #0-fazendapombo_2-351-100-357-2-27/05/2025_09:26:24$
09/06/2025 -> #0-fazendapombo_2-451-40-655-44-0.00-09/06/2025_11:43:13$
09/06/2025 -> #0-fazendapombo_2-451-40-655-46-0.00-09/06/2025_11:48:13$
09/06/2025 -> #0-fazendapombo_2-451-40-655-46-0.00-09/06/2025_11:48:13$
09/06/2025 -> #0-fazendapombo_2-451-40-655-46-0.00-09/06/2025_11:48:13$
09/06/2025 -> #0-fazendapombo_2-351-100-357-2-27/05/2025_09:26:24$
09/06/2025 -> #0-fazendapombo_2-451-40-655-46-0.00-09/06/2025_11:48:13$
09/06/2025 -> #0-fazendapombo_2-451-40-655-48-0.00-09/06/2025_11:53:13$
09/06/2025 -> #0-fazendapombo_2-451-40-655-48-0.00-09/06/2025_11:53:13$
09/06/2025 -> #0-fazendapombo_2-451-40-655-48-0.00-09/06/2025_11:53:13$
09/06/2025 -> #0-fazendapombo_2-351-100-357-2-27/05/2025_09:26:24$
09/06/2025 -> #0-fazendapombo_2-451-40-655-48-0.00-09/06/2025_11:53:13$
09/06/2025 -> #0-fazendapombo_2-451-40-655-49-0.00-09/06/2025_11:58:13$
09/06/2025 -> #0-fazendapombo_2-451-40-655-49-0.00-09/06/2025_11:58:13$
09/06/2025 -> #0-fazendapombo_2-451-40-655-49-0.00-09/06/2025_11:58:13$
09/06/2025 -> #0-fazendapombo_2-351-100-357-2-27/05/2025_09:26:24$
09/06/2025 -> #0-fazendapombo_2-451-40-655-49-0.00-09/06/2025_11:58:13$
09/06/2025 -> #0-fazendapombo_2-451-40-655-51-0.00-09/06/2025_12:03:13$
09/06/2025 -> #0-fazendapombo_2-451-40-655-51-0.00-09/06/2025_12:03:13$
09/06/2025 -> #0-fazendapombo_2-451-40-655-51-0.00-09/06/2025_12:03:13$
09/06/2025 -> #0-fazendapombo_2-351-100-357-2-27/05/2025_09:26:24$
09/06/2025 -> #0-fazendapombo_2-451-40-655-51-0.00-09/06/2025_12:03:13$
09/06/2025 -> #0-fazendapombo_2-451-40-655-61-0.00-09/06/2025_12:08:13$
09/06/2025 -> #0-fazendapombo_2-451-40-655-61-0.00-09/06/2025_12:08:13$
09/06/2025 -> #0-fazendapombo_2-451-40-655-61-0.00-09/06/2025_12:08:13$
09/06/2025 -> #0-fazendapombo_2-351-100-357-2-27/05/2025_09:26:24$
09/06/2025 -> #0-fazendapombo_2-451-40-655-61-0.00-09/06/2025_12:08:13$
09/06/2025 -> #0-fazendapombo_2-451-40-655-61-0.00-09/06/2025_12:13:13$
09/06/2025 -> #0-fazendapombo_2-451-40-655-61-0.00-09/06/2025_12:13:13$
09/06/2025 -> #0-fazendapombo_2-451-40-655-61-0.00-09/06/2025_12:13:13$
09/06/2025 -> #0-fazendapombo_2-351-100-357-2-27/05/2025_09:26:24$
09/06/2025 -> #0-fazendapombo_2-451-40-655-61-0.00-09/06/2025_12:13:13$
09/06/2025 -> #0-fazendapombo_2-451-40-655-62-0.00-09/06/2025_12:18:13$
09/06/2025 -> #0-fazendapombo_2-451-40-655-62-0.00-09/06/2025_12:18:13$
09/06/2025 -> #0-fazendapombo_2-451-40-655-62-0.00-09/06/2025_12:18:13$
09/06/2025 -> #0-fazendapombo_2-351-100-357-2-27/05/2025_09:26:24$
09/06/2025 -> #0-fazendapombo_2-451-40-655-62-0.00-09/06/2025_12:18:13$
09/06/2025 -> #0-fazendapombo_2-451-40-655-63-0.00-09/06/2025_12:23:13$
09/06/2025 -> #0-fazendapombo_2-451-40-655-63-0.00-09/06/2025_12:23:13$
09/06/2025 -> #0-fazendapombo_2-451-40-655-63-0.00-09/06/2025_12:23:13$
09/06/2025 -> #0-fazendapombo_2-351-100-357-2-27/05/2025_09:26:24$
09/06/2025 -> #0-fazendapombo_2-451-40-655-63-0.00-09/06/2025_12:23:13$
09/06/2025 -> #0-fazendapombo_2-451-40-655-64-0.00-09/06/2025_12:28:13$
09/06/2025 -> #0-fazendapombo_2-451-40-655-64-0.00-09/06/2025_12:28:13$
09/06/2025 -> #0-fazendapombo_2-451-40-655-64-0.00-09/06/2025_12:28:13$
09/06/2025 -> #0-fazendapombo_2-351-100-357-2-27/05/2025_09:26:24$
09/06/2025 -> #0-fazendapombo_2-451-40-655-64-0.00-09/06/2025_12:28:13$
09/06/2025 -> #0-fazendapombo_2-451-40-655-65-0.00-09/06/2025_12:33:13$
09/06/2025 -> #0-fazendapombo_2-451-40-655-65-0.00-09/06/2025_12:33:13$
09/06/2025 -> #0-fazendapombo_2-451-40-655-65-0.00-09/06/2025_12:33:13$
09/06/2025 -> #0-fazendapombo_2-351-100-357-2-27/05/2025_09:26:24$
09/06/2025 -> #0-fazendapombo_2-451-40-655-65-0.00-09/06/2025_12:33:13$
09/06/2025 -> #0-fazendapombo_2-451-40-655-67-0.00-09/06/2025_12:38:13$
09/06/2025 -> #0-fazendapombo_2-451-40-655-67-0.00-09/06/2025_12:38:13$
09/06/2025 -> #0-fazendapombo_2-451-40-655-67-0.00-09/06/2025_12:38:13$
09/06/2025 -> #0-fazendapombo_2-351-100-357-2-27/05/2025_09:26:24$
09/06/2025 -> #0-fazendapombo_2-451-40-655-67-0.00-09/06/2025_12:38:13$
09/06/2025 -> #0-fazendapombo_2-451-40-655-68-0.00-09/06/2025_12:43:13$
09/06/2025 -> #0-fazendapombo_2-451-40-655-68-0.00-09/06/2025_12:43:13$
09/06/2025 -> #0-fazendapombo_2-451-40-655-68-0.00-09/06/2025_12:43:13$
09/06/2025 -> #0-fazendapombo_2-351-100-357-2-27/05/2025_09:26:24$
09/06/2025 -> #0-fazendapombo_2-451-40-655-68-0.00-09/06/2025_12:43:13$
09/06/2025 -> #0-fazendapombo_2-451-40-655-69-0.00-09/06/2025_12:47:14$
09/06/2025 -> #0-fazendapombo_2-451-40-655-69-0.00-09/06/2025_12:47:14$
09/06/2025 -> #0-fazendapombo_2-451-40-655-69-0.00-09/06/2025_12:47:14$
09/06/2025 -> #0-fazendapombo_2-351-100-357-2-27/05/2025_09:26:24$
09/06/2025 -> #0-fazendapombo_2-451-40-655-69-0.00-09/06/2025_12:47:14$
09/06/2025 -> #0-fazendapombo_2-451-40-655-71-0.00-09/06/2025_12:52:14$
09/06/2025 -> #0-fazendapombo_2-451-40-655-71-0.00-09/06/2025_12:52:14$
09/06/2025 -> #0-fazendapombo_2-451-40-655-71-0.00-09/06/2025_12:52:14$
09/06/2025 -> #0-fazendapombo_2-351-100-357-2-27/05/2025_09:26:24$
09/06/2025 -> #0-fazendapombo_2-451-40-655-71-0.00-09/06/2025_12:52:14$
09/06/2025 -> #0-fazendapombo_2-451-40-655-73-0.00-09/06/2025_12:58:13$
09/06/2025 -> #0-fazendapombo_2-451-40-655-73-0.00-09/06/2025_12:58:13$
09/06/2025 -> #0-fazendapombo_2-451-40-655-73-0.00-09/06/2025_12:58:13$
09/06/2025 -> #0-fazendapombo_2-351-100-357-2-27/05/2025_09:26:24$
09/06/2025 -> #0-fazendapombo_2-451-40-655-73-0.00-09/06/2025_12:58:13$
09/06/2025 -> #0-fazendapombo_2-451-40-655-74-0.00-09/06/2025_13:03:13$
09/06/2025 -> #0-fazendapombo_2-451-40-655-74-0.00-09/06/2025_13:03:13$
09/06/2025 -> #0-fazendapombo_2-451-40-655-74-0.00-09/06/2025_13:03:13$
09/06/2025 -> #0-fazendapombo_2-351-100-357-2-27/05/2025_09:26:24$
09/06/2025 -> #0-fazendapombo_2-451-40-655-74-0.00-09/06/2025_13:03:13$
09/06/2025 -> #0-fazendapombo_2-451-40-655-76-0.00-09/06/2025_13:08:13$
09/06/2025 -> #0-fazendapombo_2-451-40-655-76-0.00-09/06/2025_13:08:13$
09/06/2025 -> #0-fazendapombo_2-451-40-655-76-0.00-09/06/2025_13:08:13$
09/06/2025 -> #0-fazendapombo_2-351-100-357-2-27/05/2025_09:26:24$
09/06/2025 -> #0-fazendapombo_2-451-40-655-76-0.00-09/06/2025_13:08:13$
09/06/2025 -> #0-fazendapombo_2-451-40-655-78-0.00-09/06/2025_13:13:13$
09/06/2025 -> #0-fazendapombo_2-451-40-655-78-0.00-09/06/2025_13:13:13$
09/06/2025 -> #0-fazendapombo_2-451-40-655-78-0.00-09/06/2025_13:13:13$
09/06/2025 -> #0-fazendapombo_2-351-100-357-2-27/05/2025_09:26:24$
09/06/2025 -> #0-fazendapombo_2-451-40-655-78-0.00-09/06/2025_13:13:13$
09/06/2025 -> #0-fazendapombo_2-451-40-655-79-0.00-09/06/2025_13:17:14$
09/06/2025 -> #0-fazendapombo_2-451-40-655-79-0.00-09/06/2025_13:17:14$
09/06/2025 -> #0-fazendapombo_2-451-40-655-79-0.00-09/06/2025_13:17:14$
09/06/2025 -> #0-fazendapombo_2-351-100-357-2-27/05/2025_09:26:24$
09/06/2025 -> #0-fazendapombo_2-451-40-655-79-0.00-09/06/2025_13:17:14$
09/06/2025 -> #0-fazendapombo_2-451-100-655-81-0.00-09/06/2025_13:21:06$
09/06/2025 -> #0-fazendapombo_2-451-100-655-81-0.00-09/06/2025_13:21:06$
09/06/2025 -> #0-fazendapombo_2-451-100-655-81-0.00-09/06/2025_13:21:06$
09/06/2025 -> #0-fazendapombo_2-351-100-357-2-27/05/2025_09:26:24$
09/06/2025 -> #0-fazendapombo_2-451-100-655-81-0.00-09/06/2025_13:21:06$
09/06/2025 -> #0-fazendapombo_2-451-100-655-82-0.00-09/06/2025_13:23:13$
09/06/2025 -> #0-fazendapombo_2-451-100-655-82-0.00-09/06/2025_13:23:13$
09/06/2025 -> #0-fazendapombo_2-451-100-655-82-0.00-09/06/2025_13:23:13$
09/06/2025 -> #0-fazendapombo_2-351-100-357-2-27/05/2025_09:26:24$
09/06/2025 -> #0-fazendapombo_2-451-100-655-82-0.00-09/06/2025_13:23:13$
09/06/2025 -> #0-fazendapombo_2-451-40-655-82-0.00-09/06/2025_13:25:05$
09/06/2025 -> #0-fazendapombo_2-451-40-655-82-0.00-09/06/2025_13:25:05$
09/06/2025 -> #0-fazendapombo_2-451-40-655-82-0.00-09/06/2025_13:25:05$
09/06/2025 -> #0-fazendapombo_2-351-100-357-2-27/05/2025_09:26:24$
09/06/2025 -> #0-fazendapombo_2-451-40-655-82-0.00-09/06/2025_13:25:05$
09/06/2025 -> #0-fazendapombo_2-451-40-655-83-0.00-09/06/2025_13:28:13$
09/06/2025 -> #0-fazendapombo_2-451-40-655-83-0.00-09/06/2025_13:28:13$
09/06/2025 -> #0-fazendapombo_2-451-40-655-83-0.00-09/06/2025_13:28:13$
09/06/2025 -> #0-fazendapombo_2-351-100-357-2-27/05/2025_09:26:24$
09/06/2025 -> #0-fazendapombo_2-451-40-655-83-0.00-09/06/2025_13:28:13$
09/06/2025 -> #0-fazendapombo_2-451-40-655-85-0.00-09/06/2025_13:32:14$
09/06/2025 -> #0-fazendapombo_2-451-40-655-85-0.00-09/06/2025_13:32:14$
09/06/2025 -> #0-fazendapombo_2-451-40-655-85-0.00-09/06/2025_13:32:14$
09/06/2025 -> #0-fazendapombo_2-351-100-357-2-27/05/2025_09:26:24$
09/06/2025 -> #0-fazendapombo_2-451-40-655-85-0.00-09/06/2025_13:32:14$
09/06/2025 -> #0-fazendapombo_2-451-40-655-87-0.00-09/06/2025_13:38:13$
09/06/2025 -> #0-fazendapombo_2-451-40-655-87-0.00-09/06/2025_13:38:13$
09/06/2025 -> #0-fazendapombo_2-451-40-655-87-0.00-09/06/2025_13:38:13$
09/06/2025 -> #0-fazendapombo_2-351-100-357-2-27/05/2025_09:26:24$
09/06/2025 -> #0-fazendapombo_2-451-40-655-87-0.00-09/06/2025_13:38:13$
09/06/2025 -> #0-fazendapombo_2-451-40-655-88-0.00-09/06/2025_13:42:14$
09/06/2025 -> #0-fazendapombo_2-451-40-655-88-0.00-09/06/2025_13:42:14$
09/06/2025 -> #0-fazendapombo_2-451-40-655-88-0.00-09/06/2025_13:42:14$
09/06/2025 -> #0-fazendapombo_2-351-100-357-2-27/05/2025_09:26:24$
09/06/2025 -> #0-fazendapombo_2-451-40-655-88-0.00-09/06/2025_13:42:14$
09/06/2025 -> #0-fazendapombo_2-451-40-655-90-0.00-09/06/2025_13:48:13$
09/06/2025 -> #0-fazendapombo_2-451-40-655-90-0.00-09/06/2025_13:48:13$
09/06/2025 -> #0-fazendapombo_2-451-40-655-90-0.00-09/06/2025_13:48:13$
09/06/2025 -> #0-fazendapombo_2-351-100-357-2-27/05/2025_09:26:24$
09/06/2025 -> #0-fazendapombo_2-451-40-655-90-0.00-09/06/2025_13:48:13$
09/06/2025 -> #0-fazendapombo_2-451-40-655-92-0.00-09/06/2025_13:53:13$
09/06/2025 -> #0-fazendapombo_2-451-40-655-92-0.00-09/06/2025_13:53:13$
09/06/2025 -> #0-fazendapombo_2-451-40-655-92-0.00-09/06/2025_13:53:13$
09/06/2025 -> #0-fazendapombo_2-351-100-357-2-27/05/2025_09:26:24$
09/06/2025 -> #0-fazendapombo_2-451-40-655-92-0.00-09/06/2025_13:53:13$
09/06/2025 -> #0-fazendapombo_2-451-40-655-94-0.00-09/06/2025_13:58:13$
09/06/2025 -> #0-fazendapombo_2-451-40-655-94-0.00-09/06/2025_13:58:13$
09/06/2025 -> #0-fazendapombo_2-451-40-655-94-0.00-09/06/2025_13:58:13$
09/06/2025 -> #0-fazendapombo_2-351-100-357-2-27/05/2025_09:26:24$
09/06/2025 -> #0-fazendapombo_2-451-40-655-94-0.00-09/06/2025_13:58:13$
09/06/2025 -> #0-fazendapombo_2-451-40-655-96-0.00-09/06/2025_14:03:13$
09/06/2025 -> #0-fazendapombo_2-451-40-655-96-0.00-09/06/2025_14:03:13$
09/06/2025 -> #0-fazendapombo_2-451-40-655-96-0.00-09/06/2025_14:03:13$
09/06/2025 -> #0-fazendapombo_2-351-100-357-2-27/05/2025_09:26:24$
09/06/2025 -> #0-fazendapombo_2-451-40-655-96-0.00-09/06/2025_14:03:13$
09/06/2025 -> #0-fazendapombo_2-451-40-655-101-0.00-09/06/2025_14:13:13$
09/06/2025 -> #0-fazendapombo_2-451-40-655-101-0.00-09/06/2025_14:13:13$
09/06/2025 -> #0-fazendapombo_2-451-40-655-101-0.00-09/06/2025_14:13:13$
09/06/2025 -> #0-fazendapombo_2-351-100-357-2-27/05/2025_09:26:24$
09/06/2025 -> #0-fazendapombo_2-451-40-655-101-0.00-09/06/2025_14:13:13$
09/06/2025 -> #0-fazendapombo_2-451-40-655-103-0.00-09/06/2025_14:18:13$
09/06/2025 -> #0-fazendapombo_2-451-40-655-103-0.00-09/06/2025_14:18:13$
09/06/2025 -> #0-fazendapombo_2-451-40-655-103-0.00-09/06/2025_14:18:13$
09/06/2025 -> #0-fazendapombo_2-351-100-357-2-27/05/2025_09:26:24$
09/06/2025 -> #0-fazendapombo_2-451-40-655-103-0.00-09/06/2025_14:18:13$
09/06/2025 -> #0-fazendapombo_2-451-40-655-105-0.00-09/06/2025_14:22:14$
09/06/2025 -> #0-fazendapombo_2-451-40-655-105-0.00-09/06/2025_14:22:14$
09/06/2025 -> #0-fazendapombo_2-451-40-655-105-0.00-09/06/2025_14:22:14$
09/06/2025 -> #0-fazendapombo_2-351-100-357-2-27/05/2025_09:26:24$
09/06/2025 -> #0-fazendapombo_2-451-40-655-105-0.00-09/06/2025_14:22:14$
09/06/2025 -> #0-fazendapombo_2-451-40-655-108-0.00-09/06/2025_14:28:13$
09/06/2025 -> #0-fazendapombo_2-451-40-655-108-0.00-09/06/2025_14:28:13$
09/06/2025 -> #0-fazendapombo_2-451-40-655-108-0.00-09/06/2025_14:28:13$
09/06/2025 -> #0-fazendapombo_2-351-100-357-2-27/05/2025_09:26:24$
09/06/2025 -> #0-fazendapombo_2-451-40-655-108-0.00-09/06/2025_14:28:13$
09/06/2025 -> #0-fazendapombo_2-451-40-655-110-0.00-09/06/2025_14:33:13$
09/06/2025 -> #0-fazendapombo_2-451-40-655-110-0.00-09/06/2025_14:33:13$
09/06/2025 -> #0-fazendapombo_2-451-40-655-110-0.00-09/06/2025_14:33:13$
09/06/2025 -> #0-fazendapombo_2-351-100-357-2-27/05/2025_09:26:24$
09/06/2025 -> #0-fazendapombo_2-451-40-655-110-0.00-09/06/2025_14:33:13$
09/06/2025 -> #0-fazendapombo_2-451-40-655-111-0.00-09/06/2025_14:38:13$
09/06/2025 -> #0-fazendapombo_2-451-40-655-111-0.00-09/06/2025_14:38:13$
09/06/2025 -> #0-fazendapombo_2-451-40-655-111-0.00-09/06/2025_14:38:13$
09/06/2025 -> #0-fazendapombo_2-351-100-357-2-27/05/2025_09:26:24$
09/06/2025 -> #0-fazendapombo_2-451-40-655-111-0.00-09/06/2025_14:38:13$
09/06/2025 -> #0-fazendapombo_2-451-40-655-113-0.00-09/06/2025_14:43:13$
09/06/2025 -> #0-fazendapombo_2-451-40-655-113-0.00-09/06/2025_14:43:13$
09/06/2025 -> #0-fazendapombo_2-451-40-655-113-0.00-09/06/2025_14:43:13$
09/06/2025 -> #0-fazendapombo_2-351-100-357-2-27/05/2025_09:26:24$
09/06/2025 -> #0-fazendapombo_2-451-40-655-113-0.00-09/06/2025_14:43:13$
09/06/2025 -> #0-fazendapombo_2-451-40-655-115-0.00-09/06/2025_14:48:13$
09/06/2025 -> #0-fazendapombo_2-451-40-655-115-0.00-09/06/2025_14:48:13$
09/06/2025 -> #0-fazendapombo_2-451-40-655-115-0.00-09/06/2025_14:48:13$
09/06/2025 -> #0-fazendapombo_2-351-100-357-2-27/05/2025_09:26:24$
09/06/2025 -> #0-fazendapombo_2-451-40-655-115-0.00-09/06/2025_14:48:13$
09/06/2025 -> #0-fazendapombo_2-451-40-655-117-0.00-09/06/2025_14:53:13$
09/06/2025 -> #0-fazendapombo_2-451-40-655-117-0.00-09/06/2025_14:53:13$
09/06/2025 -> #0-fazendapombo_2-451-40-655-117-0.00-09/06/2025_14:53:13$
09/06/2025 -> #0-fazendapombo_2-351-100-357-2-27/05/2025_09:26:24$
09/06/2025 -> #0-fazendapombo_2-451-40-655-117-0.00-09/06/2025_14:53:13$
09/06/2025 -> #0-fazendapombo_2-451-40-655-119-0.00-09/06/2025_14:58:13$
09/06/2025 -> #0-fazendapombo_2-451-40-655-119-0.00-09/06/2025_14:58:13$
09/06/2025 -> #0-fazendapombo_2-451-40-655-119-0.00-09/06/2025_14:58:13$
09/06/2025 -> #0-fazendapombo_2-351-100-357-2-27/05/2025_09:26:24$
09/06/2025 -> #0-fazendapombo_2-451-40-655-119-0.00-09/06/2025_14:58:13$
09/06/2025 -> #0-fazendapombo_2-451-40-655-121-0.00-09/06/2025_15:03:13$
09/06/2025 -> #0-fazendapombo_2-451-40-655-121-0.00-09/06/2025_15:03:13$
09/06/2025 -> #0-fazendapombo_2-451-40-655-121-0.00-09/06/2025_15:03:13$
09/06/2025 -> #0-fazendapombo_2-351-100-357-2-27/05/2025_09:26:24$
09/06/2025 -> #0-fazendapombo_2-451-40-655-121-0.00-09/06/2025_15:03:13$
09/06/2025 -> #0-fazendapombo_2-451-40-655-123-0.00-09/06/2025_15:08:13$
09/06/2025 -> #0-fazendapombo_2-451-40-655-123-0.00-09/06/2025_15:08:13$
09/06/2025 -> #0-fazendapombo_2-451-40-655-123-0.00-09/06/2025_15:08:13$
09/06/2025 -> #0-fazendapombo_2-351-100-357-2-27/05/2025_09:26:24$
09/06/2025 -> #0-fazendapombo_2-451-40-655-123-0.00-09/06/2025_15:08:13$
09/06/2025 -> #0-fazendapombo_2-451-40-655-124-0.00-09/06/2025_15:12:14$
09/06/2025 -> #0-fazendapombo_2-451-40-655-124-0.00-09/06/2025_15:12:14$
09/06/2025 -> #0-fazendapombo_2-451-40-655-124-0.00-09/06/2025_15:12:14$
09/06/2025 -> #0-fazendapombo_2-351-100-357-2-27/05/2025_09:26:24$
09/06/2025 -> #0-fazendapombo_2-451-40-655-124-0.00-09/06/2025_15:12:14$
09/06/2025 -> #0-fazendapombo_2-451-40-655-125-0.00-09/06/2025_15:17:14$
09/06/2025 -> #0-fazendapombo_2-451-40-655-125-0.00-09/06/2025_15:17:14$
09/06/2025 -> #0-fazendapombo_2-451-40-655-125-0.00-09/06/2025_15:17:14$
09/06/2025 -> #0-fazendapombo_2-351-100-357-2-27/05/2025_09:26:24$
09/06/2025 -> #0-fazendapombo_2-451-40-655-125-0.00-09/06/2025_15:17:14$
09/06/2025 -> #0-fazendapombo_2-451-100-655-126-0.00-09/06/2025_15:23:08$
09/06/2025 -> #0-fazendapombo_2-451-100-655-126-0.00-09/06/2025_15:23:08$
09/06/2025 -> #0-fazendapombo_2-451-100-655-126-0.00-09/06/2025_15:23:08$
09/06/2025 -> #0-fazendapombo_2-351-100-357-2-27/05/2025_09:26:24$
09/06/2025 -> #0-fazendapombo_2-451-100-655-126-0.00-09/06/2025_15:23:08$
09/06/2025 -> #0-fazendapombo_2-451-100-655-127-0.00-09/06/2025_15:23:13$
09/06/2025 -> #0-fazendapombo_2-451-100-655-127-0.00-09/06/2025_15:23:13$
09/06/2025 -> #0-fazendapombo_2-451-100-655-127-0.00-09/06/2025_15:23:13$
09/06/2025 -> #0-fazendapombo_2-351-100-357-2-27/05/2025_09:26:24$
09/06/2025 -> #0-fazendapombo_2-451-100-655-127-0.00-09/06/2025_15:23:13$
09/06/2025 -> #0-fazendapombo_2-451-40-655-127-0.00-09/06/2025_15:25:07$
09/06/2025 -> #0-fazendapombo_2-451-40-655-127-0.00-09/06/2025_15:25:07$
09/06/2025 -> #0-fazendapombo_2-451-40-655-127-0.00-09/06/2025_15:25:07$
09/06/2025 -> #0-fazendapombo_2-351-100-357-2-27/05/2025_09:26:24$
09/06/2025 -> #0-fazendapombo_2-451-40-655-127-0.00-09/06/2025_15:25:07$
09/06/2025 -> #0-fazendapombo_2-451-40-655-128-0.00-09/06/2025_15:27:14$
09/06/2025 -> #0-fazendapombo_2-451-40-655-128-0.00-09/06/2025_15:27:14$
09/06/2025 -> #0-fazendapombo_2-451-40-655-128-0.00-09/06/2025_15:27:14$
09/06/2025 -> #0-fazendapombo_2-351-100-357-2-27/05/2025_09:26:24$
09/06/2025 -> #0-fazendapombo_2-451-40-655-128-0.00-09/06/2025_15:27:14$
09/06/2025 -> #0-fazendapombo_2-451-40-655-129-0.00-09/06/2025_15:33:13$
09/06/2025 -> #0-fazendapombo_2-451-40-655-129-0.00-09/06/2025_15:33:13$
09/06/2025 -> #0-fazendapombo_2-451-40-655-129-0.00-09/06/2025_15:33:13$
09/06/2025 -> #0-fazendapombo_2-351-100-357-2-27/05/2025_09:26:24$
09/06/2025 -> #0-fazendapombo_2-451-40-655-129-0.00-09/06/2025_15:33:13$
09/06/2025 -> #0-fazendapombo_2-451-40-655-131-0.00-09/06/2025_15:37:14$
09/06/2025 -> #0-fazendapombo_2-451-40-655-131-0.00-09/06/2025_15:37:14$
09/06/2025 -> #0-fazendapombo_2-451-40-655-131-0.00-09/06/2025_15:37:14$
09/06/2025 -> #0-fazendapombo_2-351-100-357-2-27/05/2025_09:26:24$
09/06/2025 -> #0-fazendapombo_2-451-40-655-131-0.00-09/06/2025_15:37:14$
09/06/2025 -> #0-fazendapombo_2-451-40-655-133-0.00-09/06/2025_15:43:13$
09/06/2025 -> #0-fazendapombo_2-451-40-655-133-0.00-09/06/2025_15:43:13$
09/06/2025 -> #0-fazendapombo_2-451-40-655-133-0.00-09/06/2025_15:43:13$
09/06/2025 -> #0-fazendapombo_2-351-100-357-2-27/05/2025_09:26:24$
09/06/2025 -> #0-fazendapombo_2-451-40-655-133-0.00-09/06/2025_15:43:13$
09/06/2025 -> #0-fazendapombo_2-451-40-655-135-0.00-09/06/2025_15:48:13$
09/06/2025 -> #0-fazendapombo_2-451-40-655-135-0.00-09/06/2025_15:48:13$
09/06/2025 -> #0-fazendapombo_2-451-40-655-135-0.00-09/06/2025_15:48:13$
09/06/2025 -> #0-fazendapombo_2-351-100-357-2-27/05/2025_09:26:24$
09/06/2025 -> #0-fazendapombo_2-451-40-655-135-0.00-09/06/2025_15:48:13$
09/06/2025 -> #0-fazendapombo_2-451-40-655-137-0.00-09/06/2025_15:53:13$
09/06/2025 -> #0-fazendapombo_2-451-40-655-137-0.00-09/06/2025_15:53:13$
09/06/2025 -> #0-fazendapombo_2-451-40-655-137-0.00-09/06/2025_15:53:13$
09/06/2025 -> #0-fazendapombo_2-351-100-357-2-27/05/2025_09:26:24$
09/06/2025 -> #0-fazendapombo_2-451-40-655-137-0.00-09/06/2025_15:53:13$
09/06/2025 -> #0-fazendapombo_2-451-40-655-139-0.00-09/06/2025_15:58:13$
09/06/2025 -> #0-fazendapombo_2-451-40-655-139-0.00-09/06/2025_15:58:13$
09/06/2025 -> #0-fazendapombo_2-451-40-655-139-0.00-09/06/2025_15:58:13$
09/06/2025 -> #0-fazendapombo_2-351-100-357-2-27/05/2025_09:26:24$
09/06/2025 -> #0-fazendapombo_2-451-40-655-139-0.00-09/06/2025_15:58:13$
09/06/2025 -> #0-fazendapombo_2-451-40-655-142-0.00-09/06/2025_16:03:13$
09/06/2025 -> #0-fazendapombo_2-451-40-655-142-0.00-09/06/2025_16:03:13$
09/06/2025 -> #0-fazendapombo_2-451-40-655-142-0.00-09/06/2025_16:03:13$
09/06/2025 -> #0-fazendapombo_2-351-100-357-2-27/05/2025_09:26:24$
09/06/2025 -> #0-fazendapombo_2-451-40-655-142-0.00-09/06/2025_16:03:13$
09/06/2025 -> #0-fazendapombo_2-451-40-655-144-0.00-09/06/2025_16:08:13$
09/06/2025 -> #0-fazendapombo_2-451-40-655-144-0.00-09/06/2025_16:08:13$
09/06/2025 -> #0-fazendapombo_2-451-40-655-144-0.00-09/06/2025_16:08:13$
09/06/2025 -> #0-fazendapombo_2-351-100-357-2-27/05/2025_09:26:24$
09/06/2025 -> #0-fazendapombo_2-451-40-655-144-0.00-09/06/2025_16:08:13$
09/06/2025 -> #0-fazendapombo_2-451-40-655-148-0.00-09/06/2025_16:18:13$
09/06/2025 -> #0-fazendapombo_2-451-40-655-148-0.00-09/06/2025_16:18:13$
09/06/2025 -> #0-fazendapombo_2-451-40-655-148-0.00-09/06/2025_16:18:13$
09/06/2025 -> #0-fazendapombo_2-351-100-357-2-27/05/2025_09:26:24$
09/06/2025 -> #0-fazendapombo_2-451-40-655-148-0.00-09/06/2025_16:18:13$
09/06/2025 -> #0-fazendapombo_2-451-40-655-150-0.00-09/06/2025_16:23:13$
09/06/2025 -> #0-fazendapombo_2-451-40-655-150-0.00-09/06/2025_16:23:13$
09/06/2025 -> #0-fazendapombo_2-451-40-655-150-0.00-09/06/2025_16:23:13$
09/06/2025 -> #0-fazendapombo_2-351-100-357-2-27/05/2025_09:26:24$
09/06/2025 -> #0-fazendapombo_2-451-40-655-150-0.00-09/06/2025_16:23:13$
09/06/2025 -> #0-fazendapombo_2-451-40-655-153-0.00-09/06/2025_16:28:13$
09/06/2025 -> #0-fazendapombo_2-451-40-655-153-0.00-09/06/2025_16:28:13$
09/06/2025 -> #0-fazendapombo_2-451-40-655-153-0.00-09/06/2025_16:28:13$
09/06/2025 -> #0-fazendapombo_2-351-100-357-2-27/05/2025_09:26:24$
09/06/2025 -> #0-fazendapombo_2-451-40-655-153-0.00-09/06/2025_16:28:13$
09/06/2025 -> #0-fazendapombo_2-451-40-655-154-0.00-09/06/2025_16:32:14$
09/06/2025 -> #0-fazendapombo_2-451-40-655-154-0.00-09/06/2025_16:32:14$
09/06/2025 -> #0-fazendapombo_2-451-40-655-154-0.00-09/06/2025_16:32:14$
09/06/2025 -> #0-fazendapombo_2-351-100-357-2-27/05/2025_09:26:24$
09/06/2025 -> #0-fazendapombo_2-451-40-655-154-0.00-09/06/2025_16:32:14$
09/06/2025 -> #0-fazendapombo_2-451-40-655-157-0.00-09/06/2025_16:38:13$
09/06/2025 -> #0-fazendapombo_2-451-40-655-157-0.00-09/06/2025_16:38:13$
09/06/2025 -> #0-fazendapombo_2-451-40-655-157-0.00-09/06/2025_16:38:13$
09/06/2025 -> #0-fazendapombo_2-351-100-357-2-27/05/2025_09:26:24$
09/06/2025 -> #0-fazendapombo_2-451-40-655-157-0.00-09/06/2025_16:38:13$
