# Pacotes #0-fazendapombo_2 da data: 2025-07-03
# Total de pacotes: 55
#==================================================

03/07/2025 -> #0-fazendapombo_2-451-100-183-190-0.00-03/07/2025_07:59:43$
03/07/2025 -> #0-fazendapombo_2-451-100-183-190-0.00-03/07/2025_07:59:43$
03/07/2025 -> #0-fazendapombo_2-451-100-183-190-0.00-03/07/2025_07:59:43$
03/07/2025 -> #0-fazendapombo_2-451-40-354-349-15/06/2025_22:10:19$
03/07/2025 -> #0-fazendapombo_2-451-100-183-190-0.00-03/07/2025_07:59:43$
03/07/2025 -> #0-fazendapombo_2-451-100-655-192-12.81-03/07/2025_11:05:16$
03/07/2025 -> #0-fazendapombo_2-451-100-655-192-12.81-03/07/2025_11:05:16$
03/07/2025 -> #0-fazendapombo_2-451-100-655-192-12.81-03/07/2025_11:05:16$
03/07/2025 -> #0-fazendapombo_2-451-40-354-349-15/06/2025_22:10:19$
03/07/2025 -> #0-fazendapombo_2-451-100-655-192-12.81-03/07/2025_11:05:16$
03/07/2025 -> #0-fazendapombo_2-451-100-655-193-0.00-03/07/2025_11:10:07$
03/07/2025 -> #0-fazendapombo_2-451-100-655-193-0.00-03/07/2025_11:10:07$
03/07/2025 -> #0-fazendapombo_2-451-100-655-193-0.00-03/07/2025_11:10:07$
03/07/2025 -> #0-fazendapombo_2-451-40-354-349-15/06/2025_22:10:19$
03/07/2025 -> #0-fazendapombo_2-451-100-655-193-0.00-03/07/2025_11:10:07$
03/07/2025 -> #0-fazendapombo_2-451-100-655-194-12.31-03/07/2025_11:14:08$
03/07/2025 -> #0-fazendapombo_2-451-100-655-194-12.31-03/07/2025_11:14:08$
03/07/2025 -> #0-fazendapombo_2-451-100-655-194-12.31-03/07/2025_11:14:08$
03/07/2025 -> #0-fazendapombo_2-451-40-354-349-15/06/2025_22:10:19$
03/07/2025 -> #0-fazendapombo_2-451-100-655-194-12.31-03/07/2025_11:14:08$
03/07/2025 -> #0-fazendapombo_2-451-100-655-196-7.25-03/07/2025_11:20:07$
03/07/2025 -> #0-fazendapombo_2-451-100-655-196-7.25-03/07/2025_11:20:07$
03/07/2025 -> #0-fazendapombo_2-451-100-655-196-7.25-03/07/2025_11:20:07$
03/07/2025 -> #0-fazendapombo_2-451-40-354-349-15/06/2025_22:10:19$
03/07/2025 -> #0-fazendapombo_2-451-100-655-196-7.25-03/07/2025_11:20:07$
03/07/2025 -> #0-fazendapombo_2-451-100-655-197-12.12-03/07/2025_11:25:07$
03/07/2025 -> #0-fazendapombo_2-451-100-655-197-12.12-03/07/2025_11:25:07$
03/07/2025 -> #0-fazendapombo_2-451-100-655-197-12.12-03/07/2025_11:25:07$
03/07/2025 -> #0-fazendapombo_2-451-40-354-349-15/06/2025_22:10:19$
03/07/2025 -> #0-fazendapombo_2-451-100-655-197-12.12-03/07/2025_11:25:07$
03/07/2025 -> #0-fazendapombo_2-451-100-655-198-12.75-03/07/2025_11:28:08$
03/07/2025 -> #0-fazendapombo_2-451-100-655-198-12.75-03/07/2025_11:28:08$
03/07/2025 -> #0-fazendapombo_2-451-100-655-198-12.75-03/07/2025_11:28:08$
03/07/2025 -> #0-fazendapombo_2-451-40-354-349-15/06/2025_22:10:19$
03/07/2025 -> #0-fazendapombo_2-451-100-655-198-12.75-03/07/2025_11:28:08$
03/07/2025 -> #0-fazendapombo_2-451-100-655-199-12.75-03/07/2025_11:35:07$
03/07/2025 -> #0-fazendapombo_2-451-100-655-199-12.75-03/07/2025_11:35:07$
03/07/2025 -> #0-fazendapombo_2-451-100-655-199-12.75-03/07/2025_11:35:07$
03/07/2025 -> #0-fazendapombo_2-451-40-354-349-15/06/2025_22:10:19$
03/07/2025 -> #0-fazendapombo_2-451-100-655-199-12.75-03/07/2025_11:35:07$
03/07/2025 -> #0-fazendapombo_2-451-100-655-201-0.00-03/07/2025_11:45:07$
03/07/2025 -> #0-fazendapombo_2-451-100-655-201-0.00-03/07/2025_11:45:07$
03/07/2025 -> #0-fazendapombo_2-451-100-655-201-0.00-03/07/2025_11:45:07$
03/07/2025 -> #0-fazendapombo_2-451-40-354-349-15/06/2025_22:10:19$
03/07/2025 -> #0-fazendapombo_2-451-100-655-201-0.00-03/07/2025_11:45:07$
03/07/2025 -> #0-fazendapombo_2-451-100-655-202-12.12-03/07/2025_11:50:07$
03/07/2025 -> #0-fazendapombo_2-451-100-655-202-12.12-03/07/2025_11:50:07$
03/07/2025 -> #0-fazendapombo_2-451-100-655-202-12.12-03/07/2025_11:50:07$
03/07/2025 -> #0-fazendapombo_2-451-40-354-349-15/06/2025_22:10:19$
03/07/2025 -> #0-fazendapombo_2-451-100-655-202-12.12-03/07/2025_11:50:07$
03/07/2025 -> #0-fazendapombo_2-351-100-655-202-12.06-03/07/2025_11:52:26$
03/07/2025 -> #0-fazendapombo_2-351-100-655-202-12.06-03/07/2025_11:52:26$
03/07/2025 -> #0-fazendapombo_2-351-100-655-202-12.06-03/07/2025_11:52:26$
03/07/2025 -> #0-fazendapombo_2-451-40-354-349-15/06/2025_22:10:19$
03/07/2025 -> #0-fazendapombo_2-351-100-655-202-12.06-03/07/2025_11:52:26$
