# Pacotes #0-fazendapombo_2 da data: 2025-06-19
# Total de pacotes: 55
#==================================================

19/06/2025 -> #0-fazendapombo_2-351-99-232-238-0.00-19/06/2025_08:13:28$
19/06/2025 -> #0-fazendapombo_2-351-99-232-238-0.00-19/06/2025_08:13:28$
19/06/2025 -> #0-fazendapombo_2-351-99-232-238-0.00-19/06/2025_08:13:28$
19/06/2025 -> #0-fazendapombo_2-451-40-354-349-15/06/2025_22:10:19$
19/06/2025 -> #0-fazendapombo_2-351-99-232-238-0.00-19/06/2025_08:13:28$
19/06/2025 -> #0-fazendapombo_2-351-99-232-237-6.37-19/06/2025_08:18:28$
19/06/2025 -> #0-fazendapombo_2-351-99-232-237-6.37-19/06/2025_08:18:28$
19/06/2025 -> #0-fazendapombo_2-351-99-232-237-6.37-19/06/2025_08:18:28$
19/06/2025 -> #0-fazendapombo_2-451-40-354-349-15/06/2025_22:10:19$
19/06/2025 -> #0-fazendapombo_2-351-99-232-237-6.37-19/06/2025_08:18:28$
19/06/2025 -> #0-fazendapombo_2-351-99-232-236-11.37-19/06/2025_08:23:30$
19/06/2025 -> #0-fazendapombo_2-351-99-232-236-11.37-19/06/2025_08:23:30$
19/06/2025 -> #0-fazendapombo_2-351-99-232-236-11.37-19/06/2025_08:23:30$
19/06/2025 -> #0-fazendapombo_2-451-40-354-349-15/06/2025_22:10:19$
19/06/2025 -> #0-fazendapombo_2-351-99-232-236-11.37-19/06/2025_08:23:30$
19/06/2025 -> #0-fazendapombo_2-351-99-232-233-10.19-19/06/2025_08:34:27$
19/06/2025 -> #0-fazendapombo_2-351-99-232-233-10.19-19/06/2025_08:34:27$
19/06/2025 -> #0-fazendapombo_2-351-99-232-233-10.19-19/06/2025_08:34:27$
19/06/2025 -> #0-fazendapombo_2-451-40-354-349-15/06/2025_22:10:19$
19/06/2025 -> #0-fazendapombo_2-351-99-232-233-10.19-19/06/2025_08:34:27$
19/06/2025 -> #0-fazendapombo_2-351-99-232-232-13.25-19/06/2025_08:38:28$
19/06/2025 -> #0-fazendapombo_2-351-99-232-232-13.25-19/06/2025_08:38:28$
19/06/2025 -> #0-fazendapombo_2-351-99-232-232-13.25-19/06/2025_08:38:28$
19/06/2025 -> #0-fazendapombo_2-451-40-354-349-15/06/2025_22:10:19$
19/06/2025 -> #0-fazendapombo_2-351-99-232-232-13.25-19/06/2025_08:38:28$
19/06/2025 -> #0-fazendapombo_2-451-99-232-232-13.19-19/06/2025_08:41:25$
19/06/2025 -> #0-fazendapombo_2-451-99-232-232-13.19-19/06/2025_08:41:25$
19/06/2025 -> #0-fazendapombo_2-451-99-232-232-13.19-19/06/2025_08:41:25$
19/06/2025 -> #0-fazendapombo_2-451-40-354-349-15/06/2025_22:10:19$
19/06/2025 -> #0-fazendapombo_2-451-99-232-232-13.19-19/06/2025_08:41:25$
19/06/2025 -> #0-fazendapombo_2-451-100-232-231-12.56-19/06/2025_08:44:27$
19/06/2025 -> #0-fazendapombo_2-451-100-232-231-12.56-19/06/2025_08:44:27$
19/06/2025 -> #0-fazendapombo_2-451-100-232-231-12.56-19/06/2025_08:44:27$
19/06/2025 -> #0-fazendapombo_2-451-40-354-349-15/06/2025_22:10:19$
19/06/2025 -> #0-fazendapombo_2-451-100-232-231-12.56-19/06/2025_08:44:27$
19/06/2025 -> #0-fazendapombo_2-451-100-232-230-9.56-19/06/2025_08:48:28$
19/06/2025 -> #0-fazendapombo_2-451-100-232-230-9.56-19/06/2025_08:48:28$
19/06/2025 -> #0-fazendapombo_2-451-100-232-230-9.56-19/06/2025_08:48:28$
19/06/2025 -> #0-fazendapombo_2-451-40-354-349-15/06/2025_22:10:19$
19/06/2025 -> #0-fazendapombo_2-451-100-232-230-9.56-19/06/2025_08:48:28$
19/06/2025 -> #0-fazendapombo_2-451-99-232-225-12.31-19/06/2025_08:58:28$
19/06/2025 -> #0-fazendapombo_2-451-99-232-225-12.31-19/06/2025_08:58:28$
19/06/2025 -> #0-fazendapombo_2-451-99-232-225-12.31-19/06/2025_08:58:28$
19/06/2025 -> #0-fazendapombo_2-451-40-354-349-15/06/2025_22:10:19$
19/06/2025 -> #0-fazendapombo_2-451-99-232-225-12.31-19/06/2025_08:58:28$
19/06/2025 -> #0-fazendapombo_2-451-99-232-226-13.12-19/06/2025_09:03:28$
19/06/2025 -> #0-fazendapombo_2-451-99-232-226-13.12-19/06/2025_09:03:28$
19/06/2025 -> #0-fazendapombo_2-451-99-232-226-13.12-19/06/2025_09:03:28$
19/06/2025 -> #0-fazendapombo_2-451-40-354-349-15/06/2025_22:10:19$
19/06/2025 -> #0-fazendapombo_2-451-99-232-226-13.12-19/06/2025_09:03:28$
19/06/2025 -> #0-fazendapombo_2-351-99-232-228-7.94-19/06/2025_09:11:28$
19/06/2025 -> #0-fazendapombo_2-351-99-232-228-7.94-19/06/2025_09:11:28$
19/06/2025 -> #0-fazendapombo_2-351-99-232-228-7.94-19/06/2025_09:11:28$
19/06/2025 -> #0-fazendapombo_2-451-40-354-349-15/06/2025_22:10:19$
19/06/2025 -> #0-fazendapombo_2-351-99-232-228-7.94-19/06/2025_09:11:28$
