# Pacotes #0-fazendapombo_2 da data: 2025-06-16
# Total de pacotes: 684
#==================================================

16/06/2025 -> #0-fazendapombo_2-451-40-354-349-0.00-15/06/2025_22:10:19$
16/06/2025 -> #0-fazendapombo_2-451-40-354-349-0.00-15/06/2025_22:10:19$
16/06/2025 -> #0-fazendapombo_2-451-40-354-349-0.00-15/06/2025_22:10:19$
16/06/2025 -> #0-fazendapombo_2-451-40-354-349-0.00-15/06/2025_22:10:19$
16/06/2025 -> #0-fazendapombo_2-451-40-354-350-0.00-15/06/2025_22:18:01$
16/06/2025 -> #0-fazendapombo_2-451-40-354-350-0.00-15/06/2025_22:18:01$
16/06/2025 -> #0-fazendapombo_2-451-40-354-350-0.00-15/06/2025_22:18:01$
16/06/2025 -> #0-fazendapombo_2-451-40-354-349-15/06/2025_22:10:19$
16/06/2025 -> #0-fazendapombo_2-451-40-354-350-0.00-15/06/2025_22:18:01$
16/06/2025 -> #0-fazendapombo_2-451-40-354-351-0.00-15/06/2025_22:23:01$
16/06/2025 -> #0-fazendapombo_2-451-40-354-351-0.00-15/06/2025_22:23:01$
16/06/2025 -> #0-fazendapombo_2-451-40-354-351-0.00-15/06/2025_22:23:01$
16/06/2025 -> #0-fazendapombo_2-451-40-354-349-15/06/2025_22:10:19$
16/06/2025 -> #0-fazendapombo_2-451-40-354-351-0.00-15/06/2025_22:23:01$
16/06/2025 -> #0-fazendapombo_2-451-40-354-352-0.00-15/06/2025_22:28:01$
16/06/2025 -> #0-fazendapombo_2-451-40-354-352-0.00-15/06/2025_22:28:01$
16/06/2025 -> #0-fazendapombo_2-451-40-354-352-0.00-15/06/2025_22:28:01$
16/06/2025 -> #0-fazendapombo_2-451-40-354-349-15/06/2025_22:10:19$
16/06/2025 -> #0-fazendapombo_2-451-40-354-352-0.00-15/06/2025_22:28:01$
16/06/2025 -> #0-fazendapombo_2-451-40-354-353-0.00-15/06/2025_22:33:01$
16/06/2025 -> #0-fazendapombo_2-451-40-354-353-0.00-15/06/2025_22:33:01$
16/06/2025 -> #0-fazendapombo_2-451-40-354-353-0.00-15/06/2025_22:33:01$
16/06/2025 -> #0-fazendapombo_2-451-40-354-349-15/06/2025_22:10:19$
16/06/2025 -> #0-fazendapombo_2-451-40-354-353-0.00-15/06/2025_22:33:01$
16/06/2025 -> #0-fazendapombo_2-451-40-354-354-0.00-15/06/2025_22:37:02$
16/06/2025 -> #0-fazendapombo_2-451-40-354-354-0.00-15/06/2025_22:37:02$
16/06/2025 -> #0-fazendapombo_2-451-40-354-354-0.00-15/06/2025_22:37:02$
16/06/2025 -> #0-fazendapombo_2-451-40-354-349-15/06/2025_22:10:19$
16/06/2025 -> #0-fazendapombo_2-451-40-354-354-0.00-15/06/2025_22:37:02$
16/06/2025 -> #0-fazendapombo_2-451-40-354-356-0.00-15/06/2025_22:47:02$
16/06/2025 -> #0-fazendapombo_2-451-40-354-356-0.00-15/06/2025_22:47:02$
16/06/2025 -> #0-fazendapombo_2-451-40-354-356-0.00-15/06/2025_22:47:02$
16/06/2025 -> #0-fazendapombo_2-451-40-354-349-15/06/2025_22:10:19$
16/06/2025 -> #0-fazendapombo_2-451-40-354-356-0.00-15/06/2025_22:47:02$
16/06/2025 -> #0-fazendapombo_2-451-40-354-358-0.00-15/06/2025_22:53:01$
16/06/2025 -> #0-fazendapombo_2-451-40-354-358-0.00-15/06/2025_22:53:01$
16/06/2025 -> #0-fazendapombo_2-451-40-354-358-0.00-15/06/2025_22:53:01$
16/06/2025 -> #0-fazendapombo_2-451-40-354-349-15/06/2025_22:10:19$
16/06/2025 -> #0-fazendapombo_2-451-40-354-358-0.00-15/06/2025_22:53:01$
16/06/2025 -> #0-fazendapombo_2-451-40-354-0-0.00-15/06/2025_22:58:01$
16/06/2025 -> #0-fazendapombo_2-451-40-354-0-0.00-15/06/2025_22:58:01$
16/06/2025 -> #0-fazendapombo_2-451-40-354-0-0.00-15/06/2025_22:58:01$
16/06/2025 -> #0-fazendapombo_2-451-40-354-349-15/06/2025_22:10:19$
16/06/2025 -> #0-fazendapombo_2-451-40-354-0-0.00-15/06/2025_22:58:01$
16/06/2025 -> #0-fazendapombo_2-451-40-354-2-0.00-15/06/2025_23:03:01$
16/06/2025 -> #0-fazendapombo_2-451-40-354-2-0.00-15/06/2025_23:03:01$
16/06/2025 -> #0-fazendapombo_2-451-40-354-2-0.00-15/06/2025_23:03:01$
16/06/2025 -> #0-fazendapombo_2-451-40-354-349-15/06/2025_22:10:19$
16/06/2025 -> #0-fazendapombo_2-451-40-354-2-0.00-15/06/2025_23:03:01$
16/06/2025 -> #0-fazendapombo_2-451-40-354-3-0.00-15/06/2025_23:07:02$
16/06/2025 -> #0-fazendapombo_2-451-40-354-3-0.00-15/06/2025_23:07:02$
16/06/2025 -> #0-fazendapombo_2-451-40-354-3-0.00-15/06/2025_23:07:02$
16/06/2025 -> #0-fazendapombo_2-451-40-354-349-15/06/2025_22:10:19$
16/06/2025 -> #0-fazendapombo_2-451-40-354-3-0.00-15/06/2025_23:07:02$
16/06/2025 -> #0-fazendapombo_2-451-40-354-4-0.00-15/06/2025_23:13:01$
16/06/2025 -> #0-fazendapombo_2-451-40-354-4-0.00-15/06/2025_23:13:01$
16/06/2025 -> #0-fazendapombo_2-451-40-354-4-0.00-15/06/2025_23:13:01$
16/06/2025 -> #0-fazendapombo_2-451-40-354-349-15/06/2025_22:10:19$
16/06/2025 -> #0-fazendapombo_2-451-40-354-4-0.00-15/06/2025_23:13:01$
16/06/2025 -> #0-fazendapombo_2-451-40-354-5-0.00-15/06/2025_23:17:02$
16/06/2025 -> #0-fazendapombo_2-451-40-354-5-0.00-15/06/2025_23:17:02$
16/06/2025 -> #0-fazendapombo_2-451-40-354-5-0.00-15/06/2025_23:17:02$
16/06/2025 -> #0-fazendapombo_2-451-40-354-349-15/06/2025_22:10:19$
16/06/2025 -> #0-fazendapombo_2-451-40-354-5-0.00-15/06/2025_23:17:02$
16/06/2025 -> #0-fazendapombo_2-451-40-354-6-0.00-15/06/2025_23:22:02$
16/06/2025 -> #0-fazendapombo_2-451-40-354-6-0.00-15/06/2025_23:22:02$
16/06/2025 -> #0-fazendapombo_2-451-40-354-6-0.00-15/06/2025_23:22:02$
16/06/2025 -> #0-fazendapombo_2-451-40-354-349-15/06/2025_22:10:19$
16/06/2025 -> #0-fazendapombo_2-451-40-354-6-0.00-15/06/2025_23:22:02$
16/06/2025 -> #0-fazendapombo_2-451-40-354-6-0.00-15/06/2025_23:28:01$
16/06/2025 -> #0-fazendapombo_2-451-40-354-6-0.00-15/06/2025_23:28:01$
16/06/2025 -> #0-fazendapombo_2-451-40-354-6-0.00-15/06/2025_23:28:01$
16/06/2025 -> #0-fazendapombo_2-451-40-354-349-15/06/2025_22:10:19$
16/06/2025 -> #0-fazendapombo_2-451-40-354-6-0.00-15/06/2025_23:28:01$
16/06/2025 -> #0-fazendapombo_2-451-40-354-7-0.00-15/06/2025_23:33:01$
16/06/2025 -> #0-fazendapombo_2-451-40-354-7-0.00-15/06/2025_23:33:01$
16/06/2025 -> #0-fazendapombo_2-451-40-354-7-0.00-15/06/2025_23:33:01$
16/06/2025 -> #0-fazendapombo_2-451-40-354-349-15/06/2025_22:10:19$
16/06/2025 -> #0-fazendapombo_2-451-40-354-7-0.00-15/06/2025_23:33:01$
16/06/2025 -> #0-fazendapombo_2-451-40-354-7-0.00-15/06/2025_23:37:02$
16/06/2025 -> #0-fazendapombo_2-451-40-354-7-0.00-15/06/2025_23:37:02$
16/06/2025 -> #0-fazendapombo_2-451-40-354-7-0.00-15/06/2025_23:37:02$
16/06/2025 -> #0-fazendapombo_2-451-40-354-349-15/06/2025_22:10:19$
16/06/2025 -> #0-fazendapombo_2-451-40-354-7-0.00-15/06/2025_23:37:02$
16/06/2025 -> #0-fazendapombo_2-451-40-354-8-0.00-15/06/2025_23:43:01$
16/06/2025 -> #0-fazendapombo_2-451-40-354-8-0.00-15/06/2025_23:43:01$
16/06/2025 -> #0-fazendapombo_2-451-40-354-8-0.00-15/06/2025_23:43:01$
16/06/2025 -> #0-fazendapombo_2-451-40-354-349-15/06/2025_22:10:19$
16/06/2025 -> #0-fazendapombo_2-451-40-354-8-0.00-15/06/2025_23:43:01$
16/06/2025 -> #0-fazendapombo_2-451-40-354-9-0.00-15/06/2025_23:47:02$
16/06/2025 -> #0-fazendapombo_2-451-40-354-9-0.00-15/06/2025_23:47:02$
16/06/2025 -> #0-fazendapombo_2-451-40-354-9-0.00-15/06/2025_23:47:02$
16/06/2025 -> #0-fazendapombo_2-451-40-354-349-15/06/2025_22:10:19$
16/06/2025 -> #0-fazendapombo_2-451-40-354-9-0.00-15/06/2025_23:47:02$
16/06/2025 -> #0-fazendapombo_2-451-40-354-11-0.00-15/06/2025_23:53:01$
16/06/2025 -> #0-fazendapombo_2-451-40-354-11-0.00-15/06/2025_23:53:01$
16/06/2025 -> #0-fazendapombo_2-451-40-354-11-0.00-15/06/2025_23:53:01$
16/06/2025 -> #0-fazendapombo_2-451-40-354-349-15/06/2025_22:10:19$
16/06/2025 -> #0-fazendapombo_2-451-40-354-11-0.00-15/06/2025_23:53:01$
16/06/2025 -> #0-fazendapombo_2-451-40-354-13-0.00-15/06/2025_23:58:01$
16/06/2025 -> #0-fazendapombo_2-451-40-354-13-0.00-15/06/2025_23:58:01$
16/06/2025 -> #0-fazendapombo_2-451-40-354-13-0.00-15/06/2025_23:58:01$
16/06/2025 -> #0-fazendapombo_2-451-40-354-349-15/06/2025_22:10:19$
16/06/2025 -> #0-fazendapombo_2-451-40-354-13-0.00-15/06/2025_23:58:01$
16/06/2025 -> #0-fazendapombo_2-451-40-354-15-0.00-16/06/2025_00:03:01$
16/06/2025 -> #0-fazendapombo_2-451-40-354-15-0.00-16/06/2025_00:03:01$
16/06/2025 -> #0-fazendapombo_2-451-40-354-15-0.00-16/06/2025_00:03:01$
16/06/2025 -> #0-fazendapombo_2-451-40-354-349-15/06/2025_22:10:19$
16/06/2025 -> #0-fazendapombo_2-451-40-354-15-0.00-16/06/2025_00:03:01$
16/06/2025 -> #0-fazendapombo_2-451-40-354-17-0.00-16/06/2025_00:08:01$
16/06/2025 -> #0-fazendapombo_2-451-40-354-17-0.00-16/06/2025_00:08:01$
16/06/2025 -> #0-fazendapombo_2-451-40-354-17-0.00-16/06/2025_00:08:01$
16/06/2025 -> #0-fazendapombo_2-451-40-354-349-15/06/2025_22:10:19$
16/06/2025 -> #0-fazendapombo_2-451-40-354-17-0.00-16/06/2025_00:08:01$
16/06/2025 -> #0-fazendapombo_2-451-40-354-18-0.00-16/06/2025_00:13:01$
16/06/2025 -> #0-fazendapombo_2-451-40-354-18-0.00-16/06/2025_00:13:01$
16/06/2025 -> #0-fazendapombo_2-451-40-354-18-0.00-16/06/2025_00:13:01$
16/06/2025 -> #0-fazendapombo_2-451-40-354-349-15/06/2025_22:10:19$
16/06/2025 -> #0-fazendapombo_2-451-40-354-18-0.00-16/06/2025_00:13:01$
16/06/2025 -> #0-fazendapombo_2-451-40-354-20-0.00-16/06/2025_00:18:01$
16/06/2025 -> #0-fazendapombo_2-451-40-354-20-0.00-16/06/2025_00:18:01$
16/06/2025 -> #0-fazendapombo_2-451-40-354-20-0.00-16/06/2025_00:18:01$
16/06/2025 -> #0-fazendapombo_2-451-40-354-349-15/06/2025_22:10:19$
16/06/2025 -> #0-fazendapombo_2-451-40-354-20-0.00-16/06/2025_00:18:01$
16/06/2025 -> #0-fazendapombo_2-451-40-354-21-0.00-16/06/2025_00:22:02$
16/06/2025 -> #0-fazendapombo_2-451-40-354-21-0.00-16/06/2025_00:22:02$
16/06/2025 -> #0-fazendapombo_2-451-40-354-21-0.00-16/06/2025_00:22:02$
16/06/2025 -> #0-fazendapombo_2-451-40-354-349-15/06/2025_22:10:19$
16/06/2025 -> #0-fazendapombo_2-451-40-354-21-0.00-16/06/2025_00:22:02$
16/06/2025 -> #0-fazendapombo_2-451-40-354-23-0.00-16/06/2025_00:28:01$
16/06/2025 -> #0-fazendapombo_2-451-40-354-23-0.00-16/06/2025_00:28:01$
16/06/2025 -> #0-fazendapombo_2-451-40-354-23-0.00-16/06/2025_00:28:01$
16/06/2025 -> #0-fazendapombo_2-451-40-354-349-15/06/2025_22:10:19$
16/06/2025 -> #0-fazendapombo_2-451-40-354-23-0.00-16/06/2025_00:28:01$
16/06/2025 -> #0-fazendapombo_2-451-40-354-25-0.00-16/06/2025_00:33:01$
16/06/2025 -> #0-fazendapombo_2-451-40-354-25-0.00-16/06/2025_00:33:01$
16/06/2025 -> #0-fazendapombo_2-451-40-354-25-0.00-16/06/2025_00:33:01$
16/06/2025 -> #0-fazendapombo_2-451-40-354-349-15/06/2025_22:10:19$
16/06/2025 -> #0-fazendapombo_2-451-40-354-25-0.00-16/06/2025_00:33:01$
16/06/2025 -> #0-fazendapombo_2-451-40-354-27-0.00-16/06/2025_00:38:01$
16/06/2025 -> #0-fazendapombo_2-451-40-354-27-0.00-16/06/2025_00:38:01$
16/06/2025 -> #0-fazendapombo_2-451-40-354-27-0.00-16/06/2025_00:38:01$
16/06/2025 -> #0-fazendapombo_2-451-40-354-349-15/06/2025_22:10:19$
16/06/2025 -> #0-fazendapombo_2-451-40-354-27-0.00-16/06/2025_00:38:01$
16/06/2025 -> #0-fazendapombo_2-451-40-354-30-0.00-16/06/2025_00:47:02$
16/06/2025 -> #0-fazendapombo_2-451-40-354-30-0.00-16/06/2025_00:47:02$
16/06/2025 -> #0-fazendapombo_2-451-40-354-30-0.00-16/06/2025_00:47:02$
16/06/2025 -> #0-fazendapombo_2-451-40-354-349-15/06/2025_22:10:19$
16/06/2025 -> #0-fazendapombo_2-451-40-354-30-0.00-16/06/2025_00:47:02$
16/06/2025 -> #0-fazendapombo_2-451-40-354-32-0.00-16/06/2025_00:52:02$
16/06/2025 -> #0-fazendapombo_2-451-40-354-32-0.00-16/06/2025_00:52:02$
16/06/2025 -> #0-fazendapombo_2-451-40-354-32-0.00-16/06/2025_00:52:02$
16/06/2025 -> #0-fazendapombo_2-451-40-354-349-15/06/2025_22:10:19$
16/06/2025 -> #0-fazendapombo_2-451-40-354-32-0.00-16/06/2025_00:52:02$
16/06/2025 -> #0-fazendapombo_2-451-40-354-34-0.00-16/06/2025_00:58:01$
16/06/2025 -> #0-fazendapombo_2-451-40-354-34-0.00-16/06/2025_00:58:01$
16/06/2025 -> #0-fazendapombo_2-451-40-354-34-0.00-16/06/2025_00:58:01$
16/06/2025 -> #0-fazendapombo_2-451-40-354-349-15/06/2025_22:10:19$
16/06/2025 -> #0-fazendapombo_2-451-40-354-34-0.00-16/06/2025_00:58:01$
16/06/2025 -> #0-fazendapombo_2-451-40-354-35-0.00-16/06/2025_01:02:02$
16/06/2025 -> #0-fazendapombo_2-451-40-354-35-0.00-16/06/2025_01:02:02$
16/06/2025 -> #0-fazendapombo_2-451-40-354-35-0.00-16/06/2025_01:02:02$
16/06/2025 -> #0-fazendapombo_2-451-40-354-349-15/06/2025_22:10:19$
16/06/2025 -> #0-fazendapombo_2-451-40-354-35-0.00-16/06/2025_01:02:02$
16/06/2025 -> #0-fazendapombo_2-451-40-354-38-0.00-16/06/2025_01:08:01$
16/06/2025 -> #0-fazendapombo_2-451-40-354-38-0.00-16/06/2025_01:08:01$
16/06/2025 -> #0-fazendapombo_2-451-40-354-38-0.00-16/06/2025_01:08:01$
16/06/2025 -> #0-fazendapombo_2-451-40-354-349-15/06/2025_22:10:19$
16/06/2025 -> #0-fazendapombo_2-451-40-354-38-0.00-16/06/2025_01:08:01$
16/06/2025 -> #0-fazendapombo_2-451-40-354-40-0.00-16/06/2025_01:13:01$
16/06/2025 -> #0-fazendapombo_2-451-40-354-40-0.00-16/06/2025_01:13:01$
16/06/2025 -> #0-fazendapombo_2-451-40-354-40-0.00-16/06/2025_01:13:01$
16/06/2025 -> #0-fazendapombo_2-451-40-354-349-15/06/2025_22:10:19$
16/06/2025 -> #0-fazendapombo_2-451-40-354-40-0.00-16/06/2025_01:13:01$
16/06/2025 -> #0-fazendapombo_2-451-40-354-43-0.00-16/06/2025_01:18:01$
16/06/2025 -> #0-fazendapombo_2-451-40-354-43-0.00-16/06/2025_01:18:01$
16/06/2025 -> #0-fazendapombo_2-451-40-354-43-0.00-16/06/2025_01:18:01$
16/06/2025 -> #0-fazendapombo_2-451-40-354-349-15/06/2025_22:10:19$
16/06/2025 -> #0-fazendapombo_2-451-40-354-43-0.00-16/06/2025_01:18:01$
16/06/2025 -> #0-fazendapombo_2-451-100-354-43-0.00-16/06/2025_01:18:24$
16/06/2025 -> #0-fazendapombo_2-451-100-354-43-0.00-16/06/2025_01:18:24$
16/06/2025 -> #0-fazendapombo_2-451-100-354-43-0.00-16/06/2025_01:18:24$
16/06/2025 -> #0-fazendapombo_2-451-40-354-349-15/06/2025_22:10:19$
16/06/2025 -> #0-fazendapombo_2-451-100-354-43-0.00-16/06/2025_01:18:24$
16/06/2025 -> #0-fazendapombo_2-451-40-354-44-0.00-16/06/2025_01:19:24$
16/06/2025 -> #0-fazendapombo_2-451-40-354-44-0.00-16/06/2025_01:19:24$
16/06/2025 -> #0-fazendapombo_2-451-40-354-44-0.00-16/06/2025_01:19:24$
16/06/2025 -> #0-fazendapombo_2-451-40-354-349-15/06/2025_22:10:19$
16/06/2025 -> #0-fazendapombo_2-451-40-354-44-0.00-16/06/2025_01:19:24$
16/06/2025 -> #0-fazendapombo_2-451-40-354-45-0.00-16/06/2025_01:22:02$
16/06/2025 -> #0-fazendapombo_2-451-40-354-45-0.00-16/06/2025_01:22:02$
16/06/2025 -> #0-fazendapombo_2-451-40-354-45-0.00-16/06/2025_01:22:02$
16/06/2025 -> #0-fazendapombo_2-451-40-354-349-15/06/2025_22:10:19$
16/06/2025 -> #0-fazendapombo_2-451-40-354-45-0.00-16/06/2025_01:22:02$
16/06/2025 -> #0-fazendapombo_2-451-40-354-49-0.00-16/06/2025_01:28:01$
16/06/2025 -> #0-fazendapombo_2-451-40-354-49-0.00-16/06/2025_01:28:01$
16/06/2025 -> #0-fazendapombo_2-451-40-354-49-0.00-16/06/2025_01:28:01$
16/06/2025 -> #0-fazendapombo_2-451-40-354-349-15/06/2025_22:10:19$
16/06/2025 -> #0-fazendapombo_2-451-40-354-49-0.00-16/06/2025_01:28:01$
16/06/2025 -> #0-fazendapombo_2-451-40-354-51-0.00-16/06/2025_01:32:02$
16/06/2025 -> #0-fazendapombo_2-451-40-354-51-0.00-16/06/2025_01:32:02$
16/06/2025 -> #0-fazendapombo_2-451-40-354-51-0.00-16/06/2025_01:32:02$
16/06/2025 -> #0-fazendapombo_2-451-40-354-349-15/06/2025_22:10:19$
16/06/2025 -> #0-fazendapombo_2-451-40-354-51-0.00-16/06/2025_01:32:02$
16/06/2025 -> #0-fazendapombo_2-451-40-354-54-0.00-16/06/2025_01:38:01$
16/06/2025 -> #0-fazendapombo_2-451-40-354-54-0.00-16/06/2025_01:38:01$
16/06/2025 -> #0-fazendapombo_2-451-40-354-54-0.00-16/06/2025_01:38:01$
16/06/2025 -> #0-fazendapombo_2-451-40-354-349-15/06/2025_22:10:19$
16/06/2025 -> #0-fazendapombo_2-451-40-354-54-0.00-16/06/2025_01:38:01$
16/06/2025 -> #0-fazendapombo_2-451-40-354-55-0.00-16/06/2025_01:43:01$
16/06/2025 -> #0-fazendapombo_2-451-40-354-55-0.00-16/06/2025_01:43:01$
16/06/2025 -> #0-fazendapombo_2-451-40-354-55-0.00-16/06/2025_01:43:01$
16/06/2025 -> #0-fazendapombo_2-451-40-354-349-15/06/2025_22:10:19$
16/06/2025 -> #0-fazendapombo_2-451-40-354-55-0.00-16/06/2025_01:43:01$
16/06/2025 -> #0-fazendapombo_2-451-40-354-57-0.00-16/06/2025_01:48:01$
16/06/2025 -> #0-fazendapombo_2-451-40-354-57-0.00-16/06/2025_01:48:01$
16/06/2025 -> #0-fazendapombo_2-451-40-354-57-0.00-16/06/2025_01:48:01$
16/06/2025 -> #0-fazendapombo_2-451-40-354-349-15/06/2025_22:10:19$
16/06/2025 -> #0-fazendapombo_2-451-40-354-57-0.00-16/06/2025_01:48:01$
16/06/2025 -> #0-fazendapombo_2-451-40-354-59-0.00-16/06/2025_01:53:01$
16/06/2025 -> #0-fazendapombo_2-451-40-354-59-0.00-16/06/2025_01:53:01$
16/06/2025 -> #0-fazendapombo_2-451-40-354-59-0.00-16/06/2025_01:53:01$
16/06/2025 -> #0-fazendapombo_2-451-40-354-349-15/06/2025_22:10:19$
16/06/2025 -> #0-fazendapombo_2-451-40-354-59-0.00-16/06/2025_01:53:01$
16/06/2025 -> #0-fazendapombo_2-451-40-354-61-0.00-16/06/2025_01:57:02$
16/06/2025 -> #0-fazendapombo_2-451-40-354-61-0.00-16/06/2025_01:57:02$
16/06/2025 -> #0-fazendapombo_2-451-40-354-61-0.00-16/06/2025_01:57:02$
16/06/2025 -> #0-fazendapombo_2-451-40-354-349-15/06/2025_22:10:19$
16/06/2025 -> #0-fazendapombo_2-451-40-354-61-0.00-16/06/2025_01:57:02$
16/06/2025 -> #0-fazendapombo_2-451-40-354-63-0.00-16/06/2025_02:03:01$
16/06/2025 -> #0-fazendapombo_2-451-40-354-63-0.00-16/06/2025_02:03:01$
16/06/2025 -> #0-fazendapombo_2-451-40-354-63-0.00-16/06/2025_02:03:01$
16/06/2025 -> #0-fazendapombo_2-451-40-354-349-15/06/2025_22:10:19$
16/06/2025 -> #0-fazendapombo_2-451-40-354-63-0.00-16/06/2025_02:03:01$
16/06/2025 -> #0-fazendapombo_2-451-40-354-65-0.00-16/06/2025_02:08:01$
16/06/2025 -> #0-fazendapombo_2-451-40-354-65-0.00-16/06/2025_02:08:01$
16/06/2025 -> #0-fazendapombo_2-451-40-354-65-0.00-16/06/2025_02:08:01$
16/06/2025 -> #0-fazendapombo_2-451-40-354-349-15/06/2025_22:10:19$
16/06/2025 -> #0-fazendapombo_2-451-40-354-65-0.00-16/06/2025_02:08:01$
16/06/2025 -> #0-fazendapombo_2-451-40-354-67-0.00-16/06/2025_02:13:01$
16/06/2025 -> #0-fazendapombo_2-451-40-354-67-0.00-16/06/2025_02:13:01$
16/06/2025 -> #0-fazendapombo_2-451-40-354-67-0.00-16/06/2025_02:13:01$
16/06/2025 -> #0-fazendapombo_2-451-40-354-349-15/06/2025_22:10:19$
16/06/2025 -> #0-fazendapombo_2-451-40-354-67-0.00-16/06/2025_02:13:01$
16/06/2025 -> #0-fazendapombo_2-451-40-354-69-0.00-16/06/2025_02:18:01$
16/06/2025 -> #0-fazendapombo_2-451-40-354-69-0.00-16/06/2025_02:18:01$
16/06/2025 -> #0-fazendapombo_2-451-40-354-69-0.00-16/06/2025_02:18:01$
16/06/2025 -> #0-fazendapombo_2-451-40-354-349-15/06/2025_22:10:19$
16/06/2025 -> #0-fazendapombo_2-451-40-354-69-0.00-16/06/2025_02:18:01$
16/06/2025 -> #0-fazendapombo_2-451-40-354-71-0.00-16/06/2025_02:23:01$
16/06/2025 -> #0-fazendapombo_2-451-40-354-71-0.00-16/06/2025_02:23:01$
16/06/2025 -> #0-fazendapombo_2-451-40-354-71-0.00-16/06/2025_02:23:01$
16/06/2025 -> #0-fazendapombo_2-451-40-354-349-15/06/2025_22:10:19$
16/06/2025 -> #0-fazendapombo_2-451-40-354-71-0.00-16/06/2025_02:23:01$
16/06/2025 -> #0-fazendapombo_2-451-40-354-73-0.00-16/06/2025_02:28:01$
16/06/2025 -> #0-fazendapombo_2-451-40-354-73-0.00-16/06/2025_02:28:01$
16/06/2025 -> #0-fazendapombo_2-451-40-354-73-0.00-16/06/2025_02:28:01$
16/06/2025 -> #0-fazendapombo_2-451-40-354-349-15/06/2025_22:10:19$
16/06/2025 -> #0-fazendapombo_2-451-40-354-73-0.00-16/06/2025_02:28:01$
16/06/2025 -> #0-fazendapombo_2-451-40-354-75-0.00-16/06/2025_02:33:01$
16/06/2025 -> #0-fazendapombo_2-451-40-354-75-0.00-16/06/2025_02:33:01$
16/06/2025 -> #0-fazendapombo_2-451-40-354-75-0.00-16/06/2025_02:33:01$
16/06/2025 -> #0-fazendapombo_2-451-40-354-349-15/06/2025_22:10:19$
16/06/2025 -> #0-fazendapombo_2-451-40-354-75-0.00-16/06/2025_02:33:01$
16/06/2025 -> #0-fazendapombo_2-451-40-354-76-0.00-16/06/2025_02:37:02$
16/06/2025 -> #0-fazendapombo_2-451-40-354-76-0.00-16/06/2025_02:37:02$
16/06/2025 -> #0-fazendapombo_2-451-40-354-76-0.00-16/06/2025_02:37:02$
16/06/2025 -> #0-fazendapombo_2-451-40-354-349-15/06/2025_22:10:19$
16/06/2025 -> #0-fazendapombo_2-451-40-354-76-0.00-16/06/2025_02:37:02$
16/06/2025 -> #0-fazendapombo_2-451-40-354-78-0.00-16/06/2025_02:45:25$
16/06/2025 -> #0-fazendapombo_2-451-40-354-78-0.00-16/06/2025_02:45:25$
16/06/2025 -> #0-fazendapombo_2-451-40-354-78-0.00-16/06/2025_02:45:25$
16/06/2025 -> #0-fazendapombo_2-451-40-354-349-15/06/2025_22:10:19$
16/06/2025 -> #0-fazendapombo_2-451-40-354-78-0.00-16/06/2025_02:45:25$
16/06/2025 -> #0-fazendapombo_2-451-40-354-79-0.00-16/06/2025_02:48:01$
16/06/2025 -> #0-fazendapombo_2-451-40-354-79-0.00-16/06/2025_02:48:01$
16/06/2025 -> #0-fazendapombo_2-451-40-354-79-0.00-16/06/2025_02:48:01$
16/06/2025 -> #0-fazendapombo_2-451-40-354-349-15/06/2025_22:10:19$
16/06/2025 -> #0-fazendapombo_2-451-40-354-79-0.00-16/06/2025_02:48:01$
16/06/2025 -> #0-fazendapombo_2-451-40-354-81-0.00-16/06/2025_02:53:01$
16/06/2025 -> #0-fazendapombo_2-451-40-354-81-0.00-16/06/2025_02:53:01$
16/06/2025 -> #0-fazendapombo_2-451-40-354-81-0.00-16/06/2025_02:53:01$
16/06/2025 -> #0-fazendapombo_2-451-40-354-349-15/06/2025_22:10:19$
16/06/2025 -> #0-fazendapombo_2-451-40-354-81-0.00-16/06/2025_02:53:01$
16/06/2025 -> #0-fazendapombo_2-451-40-354-83-0.00-16/06/2025_02:58:01$
16/06/2025 -> #0-fazendapombo_2-451-40-354-83-0.00-16/06/2025_02:58:01$
16/06/2025 -> #0-fazendapombo_2-451-40-354-83-0.00-16/06/2025_02:58:01$
16/06/2025 -> #0-fazendapombo_2-451-40-354-349-15/06/2025_22:10:19$
16/06/2025 -> #0-fazendapombo_2-451-40-354-83-0.00-16/06/2025_02:58:01$
16/06/2025 -> #0-fazendapombo_2-451-40-354-87-0.00-16/06/2025_03:08:01$
16/06/2025 -> #0-fazendapombo_2-451-40-354-87-0.00-16/06/2025_03:08:01$
16/06/2025 -> #0-fazendapombo_2-451-40-354-87-0.00-16/06/2025_03:08:01$
16/06/2025 -> #0-fazendapombo_2-451-40-354-349-15/06/2025_22:10:19$
16/06/2025 -> #0-fazendapombo_2-451-40-354-87-0.00-16/06/2025_03:08:01$
16/06/2025 -> #0-fazendapombo_2-451-40-354-88-0.00-16/06/2025_03:13:01$
16/06/2025 -> #0-fazendapombo_2-451-40-354-88-0.00-16/06/2025_03:13:01$
16/06/2025 -> #0-fazendapombo_2-451-40-354-88-0.00-16/06/2025_03:13:01$
16/06/2025 -> #0-fazendapombo_2-451-40-354-349-15/06/2025_22:10:19$
16/06/2025 -> #0-fazendapombo_2-451-40-354-88-0.00-16/06/2025_03:13:01$
16/06/2025 -> #0-fazendapombo_2-451-40-354-91-0.00-16/06/2025_03:18:01$
16/06/2025 -> #0-fazendapombo_2-451-40-354-91-0.00-16/06/2025_03:18:01$
16/06/2025 -> #0-fazendapombo_2-451-40-354-91-0.00-16/06/2025_03:18:01$
16/06/2025 -> #0-fazendapombo_2-451-40-354-349-15/06/2025_22:10:19$
16/06/2025 -> #0-fazendapombo_2-451-40-354-91-0.00-16/06/2025_03:18:01$
16/06/2025 -> #0-fazendapombo_2-451-40-354-93-0.00-16/06/2025_03:23:01$
16/06/2025 -> #0-fazendapombo_2-451-40-354-93-0.00-16/06/2025_03:23:01$
16/06/2025 -> #0-fazendapombo_2-451-40-354-93-0.00-16/06/2025_03:23:01$
16/06/2025 -> #0-fazendapombo_2-451-40-354-349-15/06/2025_22:10:19$
16/06/2025 -> #0-fazendapombo_2-451-40-354-93-0.00-16/06/2025_03:23:01$
16/06/2025 -> #0-fazendapombo_2-451-40-354-95-0.00-16/06/2025_03:28:01$
16/06/2025 -> #0-fazendapombo_2-451-40-354-95-0.00-16/06/2025_03:28:01$
16/06/2025 -> #0-fazendapombo_2-451-40-354-95-0.00-16/06/2025_03:28:01$
16/06/2025 -> #0-fazendapombo_2-451-40-354-349-15/06/2025_22:10:19$
16/06/2025 -> #0-fazendapombo_2-451-40-354-95-0.00-16/06/2025_03:28:01$
16/06/2025 -> #0-fazendapombo_2-451-40-354-97-0.00-16/06/2025_03:32:02$
16/06/2025 -> #0-fazendapombo_2-451-40-354-97-0.00-16/06/2025_03:32:02$
16/06/2025 -> #0-fazendapombo_2-451-40-354-97-0.00-16/06/2025_03:32:02$
16/06/2025 -> #0-fazendapombo_2-451-40-354-349-15/06/2025_22:10:19$
16/06/2025 -> #0-fazendapombo_2-451-40-354-97-0.00-16/06/2025_03:32:02$
16/06/2025 -> #0-fazendapombo_2-451-40-354-100-0.00-16/06/2025_03:38:01$
16/06/2025 -> #0-fazendapombo_2-451-40-354-100-0.00-16/06/2025_03:38:01$
16/06/2025 -> #0-fazendapombo_2-451-40-354-100-0.00-16/06/2025_03:38:01$
16/06/2025 -> #0-fazendapombo_2-451-40-354-349-15/06/2025_22:10:19$
16/06/2025 -> #0-fazendapombo_2-451-40-354-100-0.00-16/06/2025_03:38:01$
16/06/2025 -> #0-fazendapombo_2-451-40-354-101-0.00-16/06/2025_03:42:02$
16/06/2025 -> #0-fazendapombo_2-451-40-354-101-0.00-16/06/2025_03:42:02$
16/06/2025 -> #0-fazendapombo_2-451-40-354-101-0.00-16/06/2025_03:42:02$
16/06/2025 -> #0-fazendapombo_2-451-40-354-349-15/06/2025_22:10:19$
16/06/2025 -> #0-fazendapombo_2-451-40-354-101-0.00-16/06/2025_03:42:02$
16/06/2025 -> #0-fazendapombo_2-451-40-354-104-0.00-16/06/2025_03:48:01$
16/06/2025 -> #0-fazendapombo_2-451-40-354-104-0.00-16/06/2025_03:48:01$
16/06/2025 -> #0-fazendapombo_2-451-40-354-104-0.00-16/06/2025_03:48:01$
16/06/2025 -> #0-fazendapombo_2-451-40-354-349-15/06/2025_22:10:19$
16/06/2025 -> #0-fazendapombo_2-451-40-354-104-0.00-16/06/2025_03:48:01$
16/06/2025 -> #0-fazendapombo_2-451-40-354-106-0.00-16/06/2025_03:53:01$
16/06/2025 -> #0-fazendapombo_2-451-40-354-106-0.00-16/06/2025_03:53:01$
16/06/2025 -> #0-fazendapombo_2-451-40-354-106-0.00-16/06/2025_03:53:01$
16/06/2025 -> #0-fazendapombo_2-451-40-354-349-15/06/2025_22:10:19$
16/06/2025 -> #0-fazendapombo_2-451-40-354-106-0.00-16/06/2025_03:53:01$
16/06/2025 -> #0-fazendapombo_2-451-40-354-107-0.00-16/06/2025_03:57:02$
16/06/2025 -> #0-fazendapombo_2-451-40-354-107-0.00-16/06/2025_03:57:02$
16/06/2025 -> #0-fazendapombo_2-451-40-354-107-0.00-16/06/2025_03:57:02$
16/06/2025 -> #0-fazendapombo_2-451-40-354-349-15/06/2025_22:10:19$
16/06/2025 -> #0-fazendapombo_2-451-40-354-107-0.00-16/06/2025_03:57:02$
16/06/2025 -> #0-fazendapombo_2-451-40-354-110-0.00-16/06/2025_04:03:01$
16/06/2025 -> #0-fazendapombo_2-451-40-354-110-0.00-16/06/2025_04:03:01$
16/06/2025 -> #0-fazendapombo_2-451-40-354-110-0.00-16/06/2025_04:03:01$
16/06/2025 -> #0-fazendapombo_2-451-40-354-349-15/06/2025_22:10:19$
16/06/2025 -> #0-fazendapombo_2-451-40-354-110-0.00-16/06/2025_04:03:01$
16/06/2025 -> #0-fazendapombo_2-451-100-354-112-0.00-16/06/2025_04:09:28$
16/06/2025 -> #0-fazendapombo_2-451-100-354-112-0.00-16/06/2025_04:09:28$
16/06/2025 -> #0-fazendapombo_2-451-100-354-112-0.00-16/06/2025_04:09:28$
16/06/2025 -> #0-fazendapombo_2-451-40-354-349-15/06/2025_22:10:19$
16/06/2025 -> #0-fazendapombo_2-451-100-354-112-0.00-16/06/2025_04:09:28$
16/06/2025 -> #0-fazendapombo_2-451-40-354-113-0.00-16/06/2025_04:11:27$
16/06/2025 -> #0-fazendapombo_2-451-40-354-113-0.00-16/06/2025_04:11:27$
16/06/2025 -> #0-fazendapombo_2-451-40-354-113-0.00-16/06/2025_04:11:27$
16/06/2025 -> #0-fazendapombo_2-451-40-354-349-15/06/2025_22:10:19$
16/06/2025 -> #0-fazendapombo_2-451-40-354-113-0.00-16/06/2025_04:11:27$
16/06/2025 -> #0-fazendapombo_2-451-40-354-113-0.00-16/06/2025_04:12:02$
16/06/2025 -> #0-fazendapombo_2-451-40-354-113-0.00-16/06/2025_04:12:02$
16/06/2025 -> #0-fazendapombo_2-451-40-354-113-0.00-16/06/2025_04:12:02$
16/06/2025 -> #0-fazendapombo_2-451-40-354-349-15/06/2025_22:10:19$
16/06/2025 -> #0-fazendapombo_2-451-40-354-113-0.00-16/06/2025_04:12:02$
16/06/2025 -> #0-fazendapombo_2-451-40-354-115-0.00-16/06/2025_04:18:01$
16/06/2025 -> #0-fazendapombo_2-451-40-354-115-0.00-16/06/2025_04:18:01$
16/06/2025 -> #0-fazendapombo_2-451-40-354-115-0.00-16/06/2025_04:18:01$
16/06/2025 -> #0-fazendapombo_2-451-40-354-349-15/06/2025_22:10:19$
16/06/2025 -> #0-fazendapombo_2-451-40-354-115-0.00-16/06/2025_04:18:01$
16/06/2025 -> #0-fazendapombo_2-451-40-354-117-0.00-16/06/2025_04:23:01$
16/06/2025 -> #0-fazendapombo_2-451-40-354-117-0.00-16/06/2025_04:23:01$
16/06/2025 -> #0-fazendapombo_2-451-40-354-117-0.00-16/06/2025_04:23:01$
16/06/2025 -> #0-fazendapombo_2-451-40-354-349-15/06/2025_22:10:19$
16/06/2025 -> #0-fazendapombo_2-451-40-354-117-0.00-16/06/2025_04:23:01$
16/06/2025 -> #0-fazendapombo_2-451-40-354-119-0.00-16/06/2025_04:27:02$
16/06/2025 -> #0-fazendapombo_2-451-40-354-119-0.00-16/06/2025_04:27:02$
16/06/2025 -> #0-fazendapombo_2-451-40-354-119-0.00-16/06/2025_04:27:02$
16/06/2025 -> #0-fazendapombo_2-451-40-354-349-15/06/2025_22:10:19$
16/06/2025 -> #0-fazendapombo_2-451-40-354-119-0.00-16/06/2025_04:27:02$
16/06/2025 -> #0-fazendapombo_2-451-40-354-121-0.00-16/06/2025_04:33:01$
16/06/2025 -> #0-fazendapombo_2-451-40-354-121-0.00-16/06/2025_04:33:01$
16/06/2025 -> #0-fazendapombo_2-451-40-354-121-0.00-16/06/2025_04:33:01$
16/06/2025 -> #0-fazendapombo_2-451-40-354-349-15/06/2025_22:10:19$
16/06/2025 -> #0-fazendapombo_2-451-40-354-121-0.00-16/06/2025_04:33:01$
16/06/2025 -> #0-fazendapombo_2-451-40-354-123-0.00-16/06/2025_04:38:01$
16/06/2025 -> #0-fazendapombo_2-451-40-354-123-0.00-16/06/2025_04:38:01$
16/06/2025 -> #0-fazendapombo_2-451-40-354-123-0.00-16/06/2025_04:38:01$
16/06/2025 -> #0-fazendapombo_2-451-40-354-349-15/06/2025_22:10:19$
16/06/2025 -> #0-fazendapombo_2-451-40-354-123-0.00-16/06/2025_04:38:01$
16/06/2025 -> #0-fazendapombo_2-451-40-354-125-0.00-16/06/2025_04:42:02$
16/06/2025 -> #0-fazendapombo_2-451-40-354-125-0.00-16/06/2025_04:42:02$
16/06/2025 -> #0-fazendapombo_2-451-40-354-125-0.00-16/06/2025_04:42:02$
16/06/2025 -> #0-fazendapombo_2-451-40-354-349-15/06/2025_22:10:19$
16/06/2025 -> #0-fazendapombo_2-451-40-354-125-0.00-16/06/2025_04:42:02$
16/06/2025 -> #0-fazendapombo_2-451-40-354-128-0.00-16/06/2025_04:48:01$
16/06/2025 -> #0-fazendapombo_2-451-40-354-128-0.00-16/06/2025_04:48:01$
16/06/2025 -> #0-fazendapombo_2-451-40-354-128-0.00-16/06/2025_04:48:01$
16/06/2025 -> #0-fazendapombo_2-451-40-354-349-15/06/2025_22:10:19$
16/06/2025 -> #0-fazendapombo_2-451-40-354-128-0.00-16/06/2025_04:48:01$
16/06/2025 -> #0-fazendapombo_2-451-40-354-129-0.00-16/06/2025_04:53:01$
16/06/2025 -> #0-fazendapombo_2-451-40-354-129-0.00-16/06/2025_04:53:01$
16/06/2025 -> #0-fazendapombo_2-451-40-354-129-0.00-16/06/2025_04:53:01$
16/06/2025 -> #0-fazendapombo_2-451-40-354-349-15/06/2025_22:10:19$
16/06/2025 -> #0-fazendapombo_2-451-40-354-129-0.00-16/06/2025_04:53:01$
16/06/2025 -> #0-fazendapombo_2-451-40-354-132-0.00-16/06/2025_04:58:01$
16/06/2025 -> #0-fazendapombo_2-451-40-354-132-0.00-16/06/2025_04:58:01$
16/06/2025 -> #0-fazendapombo_2-451-40-354-132-0.00-16/06/2025_04:58:01$
16/06/2025 -> #0-fazendapombo_2-451-40-354-349-15/06/2025_22:10:19$
16/06/2025 -> #0-fazendapombo_2-451-40-354-132-0.00-16/06/2025_04:58:01$
16/06/2025 -> #0-fazendapombo_2-451-40-354-134-0.00-16/06/2025_05:03:01$
16/06/2025 -> #0-fazendapombo_2-451-40-354-134-0.00-16/06/2025_05:03:01$
16/06/2025 -> #0-fazendapombo_2-451-40-354-134-0.00-16/06/2025_05:03:01$
16/06/2025 -> #0-fazendapombo_2-451-40-354-349-15/06/2025_22:10:19$
16/06/2025 -> #0-fazendapombo_2-451-40-354-134-0.00-16/06/2025_05:03:01$
16/06/2025 -> #0-fazendapombo_2-451-40-354-135-0.00-16/06/2025_05:08:01$
16/06/2025 -> #0-fazendapombo_2-451-40-354-135-0.00-16/06/2025_05:08:01$
16/06/2025 -> #0-fazendapombo_2-451-40-354-135-0.00-16/06/2025_05:08:01$
16/06/2025 -> #0-fazendapombo_2-451-40-354-349-15/06/2025_22:10:19$
16/06/2025 -> #0-fazendapombo_2-451-40-354-135-0.00-16/06/2025_05:08:01$
16/06/2025 -> #0-fazendapombo_2-451-40-354-137-0.00-16/06/2025_05:13:01$
16/06/2025 -> #0-fazendapombo_2-451-40-354-137-0.00-16/06/2025_05:13:01$
16/06/2025 -> #0-fazendapombo_2-451-40-354-137-0.00-16/06/2025_05:13:01$
16/06/2025 -> #0-fazendapombo_2-451-40-354-349-15/06/2025_22:10:19$
16/06/2025 -> #0-fazendapombo_2-451-40-354-137-0.00-16/06/2025_05:13:01$
16/06/2025 -> #0-fazendapombo_2-451-40-354-138-0.00-16/06/2025_05:18:01$
16/06/2025 -> #0-fazendapombo_2-451-40-354-138-0.00-16/06/2025_05:18:01$
16/06/2025 -> #0-fazendapombo_2-451-40-354-138-0.00-16/06/2025_05:18:01$
16/06/2025 -> #0-fazendapombo_2-451-40-354-349-15/06/2025_22:10:19$
16/06/2025 -> #0-fazendapombo_2-451-40-354-138-0.00-16/06/2025_05:18:01$
16/06/2025 -> #0-fazendapombo_2-451-40-354-140-0.00-16/06/2025_05:23:01$
16/06/2025 -> #0-fazendapombo_2-451-40-354-140-0.00-16/06/2025_05:23:01$
16/06/2025 -> #0-fazendapombo_2-451-40-354-140-0.00-16/06/2025_05:23:01$
16/06/2025 -> #0-fazendapombo_2-451-40-354-349-15/06/2025_22:10:19$
16/06/2025 -> #0-fazendapombo_2-451-40-354-140-0.00-16/06/2025_05:23:01$
16/06/2025 -> #0-fazendapombo_2-451-40-354-144-0.00-16/06/2025_05:32:02$
16/06/2025 -> #0-fazendapombo_2-451-40-354-144-0.00-16/06/2025_05:32:02$
16/06/2025 -> #0-fazendapombo_2-451-40-354-144-0.00-16/06/2025_05:32:02$
16/06/2025 -> #0-fazendapombo_2-451-40-354-349-15/06/2025_22:10:19$
16/06/2025 -> #0-fazendapombo_2-451-40-354-144-0.00-16/06/2025_05:32:02$
16/06/2025 -> #0-fazendapombo_2-451-40-354-145-0.00-16/06/2025_05:37:02$
16/06/2025 -> #0-fazendapombo_2-451-40-354-145-0.00-16/06/2025_05:37:02$
16/06/2025 -> #0-fazendapombo_2-451-40-354-145-0.00-16/06/2025_05:37:02$
16/06/2025 -> #0-fazendapombo_2-451-40-354-349-15/06/2025_22:10:19$
16/06/2025 -> #0-fazendapombo_2-451-40-354-145-0.00-16/06/2025_05:37:02$
16/06/2025 -> #0-fazendapombo_2-451-40-354-147-0.00-16/06/2025_05:42:02$
16/06/2025 -> #0-fazendapombo_2-451-40-354-147-0.00-16/06/2025_05:42:02$
16/06/2025 -> #0-fazendapombo_2-451-40-354-147-0.00-16/06/2025_05:42:02$
16/06/2025 -> #0-fazendapombo_2-451-40-354-349-15/06/2025_22:10:19$
16/06/2025 -> #0-fazendapombo_2-451-40-354-147-0.00-16/06/2025_05:42:02$
16/06/2025 -> #0-fazendapombo_2-451-100-354-148-0.00-16/06/2025_05:47:02$
16/06/2025 -> #0-fazendapombo_2-451-100-354-148-0.00-16/06/2025_05:47:02$
16/06/2025 -> #0-fazendapombo_2-451-100-354-148-0.00-16/06/2025_05:47:02$
16/06/2025 -> #0-fazendapombo_2-451-40-354-349-15/06/2025_22:10:19$
16/06/2025 -> #0-fazendapombo_2-451-100-354-148-0.00-16/06/2025_05:47:02$
16/06/2025 -> #0-fazendapombo_2-451-40-354-148-0.00-16/06/2025_05:47:28$
16/06/2025 -> #0-fazendapombo_2-451-40-354-148-0.00-16/06/2025_05:47:28$
16/06/2025 -> #0-fazendapombo_2-451-40-354-148-0.00-16/06/2025_05:47:28$
16/06/2025 -> #0-fazendapombo_2-451-40-354-349-15/06/2025_22:10:19$
16/06/2025 -> #0-fazendapombo_2-451-40-354-148-0.00-16/06/2025_05:47:28$
16/06/2025 -> #0-fazendapombo_2-451-40-354-151-0.00-16/06/2025_05:58:01$
16/06/2025 -> #0-fazendapombo_2-451-40-354-151-0.00-16/06/2025_05:58:01$
16/06/2025 -> #0-fazendapombo_2-451-40-354-151-0.00-16/06/2025_05:58:01$
16/06/2025 -> #0-fazendapombo_2-451-40-354-349-15/06/2025_22:10:19$
16/06/2025 -> #0-fazendapombo_2-451-40-354-151-0.00-16/06/2025_05:58:01$
16/06/2025 -> #0-fazendapombo_2-451-40-354-153-0.00-16/06/2025_06:03:01$
16/06/2025 -> #0-fazendapombo_2-451-40-354-153-0.00-16/06/2025_06:03:01$
16/06/2025 -> #0-fazendapombo_2-451-40-354-153-0.00-16/06/2025_06:03:01$
16/06/2025 -> #0-fazendapombo_2-451-40-354-349-15/06/2025_22:10:19$
16/06/2025 -> #0-fazendapombo_2-451-40-354-153-0.00-16/06/2025_06:03:01$
16/06/2025 -> #0-fazendapombo_2-451-40-354-154-0.00-16/06/2025_06:07:02$
16/06/2025 -> #0-fazendapombo_2-451-40-354-154-0.00-16/06/2025_06:07:02$
16/06/2025 -> #0-fazendapombo_2-451-40-354-154-0.00-16/06/2025_06:07:02$
16/06/2025 -> #0-fazendapombo_2-451-40-354-349-15/06/2025_22:10:19$
16/06/2025 -> #0-fazendapombo_2-451-40-354-154-0.00-16/06/2025_06:07:02$
16/06/2025 -> #0-fazendapombo_2-451-40-354-156-0.00-16/06/2025_06:12:02$
16/06/2025 -> #0-fazendapombo_2-451-40-354-156-0.00-16/06/2025_06:12:02$
16/06/2025 -> #0-fazendapombo_2-451-40-354-156-0.00-16/06/2025_06:12:02$
16/06/2025 -> #0-fazendapombo_2-451-40-354-349-15/06/2025_22:10:19$
16/06/2025 -> #0-fazendapombo_2-451-40-354-156-0.00-16/06/2025_06:12:02$
16/06/2025 -> #0-fazendapombo_2-451-40-354-157-0.00-16/06/2025_06:17:02$
16/06/2025 -> #0-fazendapombo_2-451-40-354-157-0.00-16/06/2025_06:17:02$
16/06/2025 -> #0-fazendapombo_2-451-40-354-157-0.00-16/06/2025_06:17:02$
16/06/2025 -> #0-fazendapombo_2-451-40-354-349-15/06/2025_22:10:19$
16/06/2025 -> #0-fazendapombo_2-451-40-354-157-0.00-16/06/2025_06:17:02$
16/06/2025 -> #0-fazendapombo_2-451-40-354-160-0.00-16/06/2025_06:22:02$
16/06/2025 -> #0-fazendapombo_2-451-40-354-160-0.00-16/06/2025_06:22:02$
16/06/2025 -> #0-fazendapombo_2-451-40-354-160-0.00-16/06/2025_06:22:02$
16/06/2025 -> #0-fazendapombo_2-451-40-354-349-15/06/2025_22:10:19$
16/06/2025 -> #0-fazendapombo_2-451-40-354-160-0.00-16/06/2025_06:22:02$
16/06/2025 -> #0-fazendapombo_2-451-40-354-162-0.00-16/06/2025_06:27:02$
16/06/2025 -> #0-fazendapombo_2-451-40-354-162-0.00-16/06/2025_06:27:02$
16/06/2025 -> #0-fazendapombo_2-451-40-354-162-0.00-16/06/2025_06:27:02$
16/06/2025 -> #0-fazendapombo_2-451-40-354-349-15/06/2025_22:10:19$
16/06/2025 -> #0-fazendapombo_2-451-40-354-162-0.00-16/06/2025_06:27:02$
16/06/2025 -> #0-fazendapombo_2-451-40-354-164-0.00-16/06/2025_06:32:02$
16/06/2025 -> #0-fazendapombo_2-451-40-354-164-0.00-16/06/2025_06:32:02$
16/06/2025 -> #0-fazendapombo_2-451-40-354-164-0.00-16/06/2025_06:32:02$
16/06/2025 -> #0-fazendapombo_2-451-40-354-349-15/06/2025_22:10:19$
16/06/2025 -> #0-fazendapombo_2-451-40-354-164-0.00-16/06/2025_06:32:02$
16/06/2025 -> #0-fazendapombo_2-451-40-354-166-0.00-16/06/2025_06:37:02$
16/06/2025 -> #0-fazendapombo_2-451-40-354-166-0.00-16/06/2025_06:37:02$
16/06/2025 -> #0-fazendapombo_2-451-40-354-166-0.00-16/06/2025_06:37:02$
16/06/2025 -> #0-fazendapombo_2-451-40-354-349-15/06/2025_22:10:19$
16/06/2025 -> #0-fazendapombo_2-451-40-354-166-0.00-16/06/2025_06:37:02$
16/06/2025 -> #0-fazendapombo_2-451-40-354-169-0.00-16/06/2025_06:48:01$
16/06/2025 -> #0-fazendapombo_2-451-40-354-169-0.00-16/06/2025_06:48:01$
16/06/2025 -> #0-fazendapombo_2-451-40-354-169-0.00-16/06/2025_06:48:01$
16/06/2025 -> #0-fazendapombo_2-451-40-354-349-15/06/2025_22:10:19$
16/06/2025 -> #0-fazendapombo_2-451-40-354-169-0.00-16/06/2025_06:48:01$
16/06/2025 -> #0-fazendapombo_2-451-40-354-170-0.00-16/06/2025_06:52:02$
16/06/2025 -> #0-fazendapombo_2-451-40-354-170-0.00-16/06/2025_06:52:02$
16/06/2025 -> #0-fazendapombo_2-451-40-354-170-0.00-16/06/2025_06:52:02$
16/06/2025 -> #0-fazendapombo_2-451-40-354-349-15/06/2025_22:10:19$
16/06/2025 -> #0-fazendapombo_2-451-40-354-170-0.00-16/06/2025_06:52:02$
16/06/2025 -> #0-fazendapombo_2-451-40-354-172-0.00-16/06/2025_06:58:01$
16/06/2025 -> #0-fazendapombo_2-451-40-354-172-0.00-16/06/2025_06:58:01$
16/06/2025 -> #0-fazendapombo_2-451-40-354-172-0.00-16/06/2025_06:58:01$
16/06/2025 -> #0-fazendapombo_2-451-40-354-349-15/06/2025_22:10:19$
16/06/2025 -> #0-fazendapombo_2-451-40-354-172-0.00-16/06/2025_06:58:01$
16/06/2025 -> #0-fazendapombo_2-451-40-354-173-0.00-16/06/2025_07:03:01$
16/06/2025 -> #0-fazendapombo_2-451-40-354-173-0.00-16/06/2025_07:03:01$
16/06/2025 -> #0-fazendapombo_2-451-40-354-173-0.00-16/06/2025_07:03:01$
16/06/2025 -> #0-fazendapombo_2-451-40-354-349-15/06/2025_22:10:19$
16/06/2025 -> #0-fazendapombo_2-451-40-354-173-0.00-16/06/2025_07:03:01$
16/06/2025 -> #0-fazendapombo_2-451-40-354-174-0.00-16/06/2025_07:08:01$
16/06/2025 -> #0-fazendapombo_2-451-40-354-174-0.00-16/06/2025_07:08:01$
16/06/2025 -> #0-fazendapombo_2-451-40-354-174-0.00-16/06/2025_07:08:01$
16/06/2025 -> #0-fazendapombo_2-451-40-354-349-15/06/2025_22:10:19$
16/06/2025 -> #0-fazendapombo_2-451-40-354-174-0.00-16/06/2025_07:08:01$
16/06/2025 -> #0-fazendapombo_2-451-40-354-176-0.00-16/06/2025_07:12:02$
16/06/2025 -> #0-fazendapombo_2-451-40-354-176-0.00-16/06/2025_07:12:02$
16/06/2025 -> #0-fazendapombo_2-451-40-354-176-0.00-16/06/2025_07:12:02$
16/06/2025 -> #0-fazendapombo_2-451-40-354-349-15/06/2025_22:10:19$
16/06/2025 -> #0-fazendapombo_2-451-40-354-176-0.00-16/06/2025_07:12:02$
16/06/2025 -> #0-fazendapombo_2-451-40-354-178-0.00-16/06/2025_07:18:01$
16/06/2025 -> #0-fazendapombo_2-451-40-354-178-0.00-16/06/2025_07:18:01$
16/06/2025 -> #0-fazendapombo_2-451-40-354-178-0.00-16/06/2025_07:18:01$
16/06/2025 -> #0-fazendapombo_2-451-40-354-349-15/06/2025_22:10:19$
16/06/2025 -> #0-fazendapombo_2-451-40-354-178-0.00-16/06/2025_07:18:01$
16/06/2025 -> #0-fazendapombo_2-451-40-354-181-0.00-16/06/2025_07:28:01$
16/06/2025 -> #0-fazendapombo_2-451-40-354-181-0.00-16/06/2025_07:28:01$
16/06/2025 -> #0-fazendapombo_2-451-40-354-181-0.00-16/06/2025_07:28:01$
16/06/2025 -> #0-fazendapombo_2-451-40-354-349-15/06/2025_22:10:19$
16/06/2025 -> #0-fazendapombo_2-451-40-354-181-0.00-16/06/2025_07:28:01$
16/06/2025 -> #0-fazendapombo_2-451-40-354-183-0.00-16/06/2025_07:33:01$
16/06/2025 -> #0-fazendapombo_2-451-40-354-183-0.00-16/06/2025_07:33:01$
16/06/2025 -> #0-fazendapombo_2-451-40-354-183-0.00-16/06/2025_07:33:01$
16/06/2025 -> #0-fazendapombo_2-451-40-354-349-15/06/2025_22:10:19$
16/06/2025 -> #0-fazendapombo_2-451-40-354-183-0.00-16/06/2025_07:33:01$
16/06/2025 -> #0-fazendapombo_2-451-40-354-187-0.00-16/06/2025_07:43:01$
16/06/2025 -> #0-fazendapombo_2-451-40-354-187-0.00-16/06/2025_07:43:01$
16/06/2025 -> #0-fazendapombo_2-451-40-354-187-0.00-16/06/2025_07:43:01$
16/06/2025 -> #0-fazendapombo_2-451-40-354-349-15/06/2025_22:10:19$
16/06/2025 -> #0-fazendapombo_2-451-40-354-187-0.00-16/06/2025_07:43:01$
16/06/2025 -> #0-fazendapombo_2-451-40-354-189-0.00-16/06/2025_07:47:02$
16/06/2025 -> #0-fazendapombo_2-451-40-354-189-0.00-16/06/2025_07:47:02$
16/06/2025 -> #0-fazendapombo_2-451-40-354-189-0.00-16/06/2025_07:47:02$
16/06/2025 -> #0-fazendapombo_2-451-40-354-349-15/06/2025_22:10:19$
16/06/2025 -> #0-fazendapombo_2-451-40-354-189-0.00-16/06/2025_07:47:02$
16/06/2025 -> #0-fazendapombo_2-451-40-354-191-0.00-16/06/2025_07:53:01$
16/06/2025 -> #0-fazendapombo_2-451-40-354-191-0.00-16/06/2025_07:53:01$
16/06/2025 -> #0-fazendapombo_2-451-40-354-191-0.00-16/06/2025_07:53:01$
16/06/2025 -> #0-fazendapombo_2-451-40-354-349-15/06/2025_22:10:19$
16/06/2025 -> #0-fazendapombo_2-451-40-354-191-0.00-16/06/2025_07:53:01$
16/06/2025 -> #0-fazendapombo_2-451-40-354-193-0.00-16/06/2025_07:58:01$
16/06/2025 -> #0-fazendapombo_2-451-40-354-193-0.00-16/06/2025_07:58:01$
16/06/2025 -> #0-fazendapombo_2-451-40-354-193-0.00-16/06/2025_07:58:01$
16/06/2025 -> #0-fazendapombo_2-451-40-354-349-15/06/2025_22:10:19$
16/06/2025 -> #0-fazendapombo_2-451-40-354-193-0.00-16/06/2025_07:58:01$
16/06/2025 -> #0-fazendapombo_2-451-40-354-195-0.00-16/06/2025_08:02:02$
16/06/2025 -> #0-fazendapombo_2-451-40-354-195-0.00-16/06/2025_08:02:02$
16/06/2025 -> #0-fazendapombo_2-451-40-354-195-0.00-16/06/2025_08:02:02$
16/06/2025 -> #0-fazendapombo_2-451-40-354-349-15/06/2025_22:10:19$
16/06/2025 -> #0-fazendapombo_2-451-40-354-195-0.00-16/06/2025_08:02:02$
16/06/2025 -> #0-fazendapombo_2-451-40-354-197-0.00-16/06/2025_08:08:01$
16/06/2025 -> #0-fazendapombo_2-451-40-354-197-0.00-16/06/2025_08:08:01$
16/06/2025 -> #0-fazendapombo_2-451-40-354-197-0.00-16/06/2025_08:08:01$
16/06/2025 -> #0-fazendapombo_2-451-40-354-349-15/06/2025_22:10:19$
16/06/2025 -> #0-fazendapombo_2-451-40-354-197-0.00-16/06/2025_08:08:01$
16/06/2025 -> #0-fazendapombo_2-451-40-354-200-0.00-16/06/2025_08:13:01$
16/06/2025 -> #0-fazendapombo_2-451-40-354-200-0.00-16/06/2025_08:13:01$
16/06/2025 -> #0-fazendapombo_2-451-40-354-200-0.00-16/06/2025_08:13:01$
16/06/2025 -> #0-fazendapombo_2-451-40-354-349-15/06/2025_22:10:19$
16/06/2025 -> #0-fazendapombo_2-451-40-354-200-0.00-16/06/2025_08:13:01$
16/06/2025 -> #0-fazendapombo_2-451-40-354-202-0.00-16/06/2025_08:17:02$
16/06/2025 -> #0-fazendapombo_2-451-40-354-202-0.00-16/06/2025_08:17:02$
16/06/2025 -> #0-fazendapombo_2-451-40-354-202-0.00-16/06/2025_08:17:02$
16/06/2025 -> #0-fazendapombo_2-451-40-354-349-15/06/2025_22:10:19$
16/06/2025 -> #0-fazendapombo_2-451-40-354-202-0.00-16/06/2025_08:17:02$
16/06/2025 -> #0-fazendapombo_2-451-40-354-207-0.00-16/06/2025_08:28:01$
16/06/2025 -> #0-fazendapombo_2-451-40-354-207-0.00-16/06/2025_08:28:01$
16/06/2025 -> #0-fazendapombo_2-451-40-354-207-0.00-16/06/2025_08:28:01$
16/06/2025 -> #0-fazendapombo_2-451-40-354-349-15/06/2025_22:10:19$
16/06/2025 -> #0-fazendapombo_2-451-40-354-207-0.00-16/06/2025_08:28:01$
16/06/2025 -> #0-fazendapombo_2-451-40-354-209-0.00-16/06/2025_08:33:01$
16/06/2025 -> #0-fazendapombo_2-451-40-354-209-0.00-16/06/2025_08:33:01$
16/06/2025 -> #0-fazendapombo_2-451-40-354-209-0.00-16/06/2025_08:33:01$
16/06/2025 -> #0-fazendapombo_2-451-40-354-349-15/06/2025_22:10:19$
16/06/2025 -> #0-fazendapombo_2-451-40-354-209-0.00-16/06/2025_08:33:01$
16/06/2025 -> #0-fazendapombo_2-451-40-354-211-0.00-16/06/2025_08:38:01$
16/06/2025 -> #0-fazendapombo_2-451-40-354-211-0.00-16/06/2025_08:38:01$
16/06/2025 -> #0-fazendapombo_2-451-40-354-211-0.00-16/06/2025_08:38:01$
16/06/2025 -> #0-fazendapombo_2-451-40-354-349-15/06/2025_22:10:19$
16/06/2025 -> #0-fazendapombo_2-451-40-354-211-0.00-16/06/2025_08:38:01$
16/06/2025 -> #0-fazendapombo_2-451-40-354-213-0.00-16/06/2025_08:42:02$
16/06/2025 -> #0-fazendapombo_2-451-40-354-213-0.00-16/06/2025_08:42:02$
16/06/2025 -> #0-fazendapombo_2-451-40-354-213-0.00-16/06/2025_08:42:02$
16/06/2025 -> #0-fazendapombo_2-451-40-354-349-15/06/2025_22:10:19$
16/06/2025 -> #0-fazendapombo_2-451-40-354-213-0.00-16/06/2025_08:42:02$
16/06/2025 -> #0-fazendapombo_2-451-100-354-213-0.00-16/06/2025_08:45:33$
16/06/2025 -> #0-fazendapombo_2-451-100-354-213-0.00-16/06/2025_08:45:33$
16/06/2025 -> #0-fazendapombo_2-451-100-354-213-0.00-16/06/2025_08:45:33$
16/06/2025 -> #0-fazendapombo_2-451-40-354-349-15/06/2025_22:10:19$
16/06/2025 -> #0-fazendapombo_2-451-100-354-213-0.00-16/06/2025_08:45:33$
16/06/2025 -> #0-fazendapombo_2-451-40-354-214-0.00-16/06/2025_08:47:33$
16/06/2025 -> #0-fazendapombo_2-451-40-354-214-0.00-16/06/2025_08:47:33$
16/06/2025 -> #0-fazendapombo_2-451-40-354-214-0.00-16/06/2025_08:47:33$
16/06/2025 -> #0-fazendapombo_2-451-40-354-349-15/06/2025_22:10:19$
16/06/2025 -> #0-fazendapombo_2-451-40-354-214-0.00-16/06/2025_08:47:33$
16/06/2025 -> #0-fazendapombo_2-451-40-354-214-0.00-16/06/2025_08:48:01$
16/06/2025 -> #0-fazendapombo_2-451-40-354-214-0.00-16/06/2025_08:48:01$
16/06/2025 -> #0-fazendapombo_2-451-40-354-214-0.00-16/06/2025_08:48:01$
16/06/2025 -> #0-fazendapombo_2-451-40-354-349-15/06/2025_22:10:19$
16/06/2025 -> #0-fazendapombo_2-451-40-354-214-0.00-16/06/2025_08:48:01$
16/06/2025 -> #0-fazendapombo_2-451-40-354-216-0.00-16/06/2025_08:52:02$
16/06/2025 -> #0-fazendapombo_2-451-40-354-216-0.00-16/06/2025_08:52:02$
16/06/2025 -> #0-fazendapombo_2-451-40-354-216-0.00-16/06/2025_08:52:02$
16/06/2025 -> #0-fazendapombo_2-451-40-354-349-15/06/2025_22:10:19$
16/06/2025 -> #0-fazendapombo_2-451-40-354-216-0.00-16/06/2025_08:52:02$
16/06/2025 -> #0-fazendapombo_2-451-100-354-216-0.00-16/06/2025_08:52:35$
16/06/2025 -> #0-fazendapombo_2-451-100-354-216-0.00-16/06/2025_08:52:35$
16/06/2025 -> #0-fazendapombo_2-451-100-354-216-0.00-16/06/2025_08:52:35$
16/06/2025 -> #0-fazendapombo_2-451-40-354-349-15/06/2025_22:10:19$
16/06/2025 -> #0-fazendapombo_2-451-100-354-216-0.00-16/06/2025_08:52:35$
16/06/2025 -> #0-fazendapombo_2-451-40-354-216-0.00-16/06/2025_08:54:34$
16/06/2025 -> #0-fazendapombo_2-451-40-354-216-0.00-16/06/2025_08:54:34$
16/06/2025 -> #0-fazendapombo_2-451-40-354-216-0.00-16/06/2025_08:54:34$
16/06/2025 -> #0-fazendapombo_2-451-40-354-349-15/06/2025_22:10:19$
16/06/2025 -> #0-fazendapombo_2-451-40-354-216-0.00-16/06/2025_08:54:34$
16/06/2025 -> #0-fazendapombo_2-451-40-354-218-0.00-16/06/2025_08:58:01$
16/06/2025 -> #0-fazendapombo_2-451-40-354-218-0.00-16/06/2025_08:58:01$
16/06/2025 -> #0-fazendapombo_2-451-40-354-218-0.00-16/06/2025_08:58:01$
16/06/2025 -> #0-fazendapombo_2-451-40-354-349-15/06/2025_22:10:19$
16/06/2025 -> #0-fazendapombo_2-451-40-354-218-0.00-16/06/2025_08:58:01$
16/06/2025 -> #0-fazendapombo_2-451-40-354-219-0.00-16/06/2025_09:02:02$
16/06/2025 -> #0-fazendapombo_2-451-40-354-219-0.00-16/06/2025_09:02:02$
16/06/2025 -> #0-fazendapombo_2-451-40-354-219-0.00-16/06/2025_09:02:02$
16/06/2025 -> #0-fazendapombo_2-451-40-354-349-15/06/2025_22:10:19$
16/06/2025 -> #0-fazendapombo_2-451-40-354-219-0.00-16/06/2025_09:02:02$
16/06/2025 -> #0-fazendapombo_2-451-40-354-221-0.00-16/06/2025_09:07:02$
16/06/2025 -> #0-fazendapombo_2-451-40-354-221-0.00-16/06/2025_09:07:02$
16/06/2025 -> #0-fazendapombo_2-451-40-354-221-0.00-16/06/2025_09:07:02$
16/06/2025 -> #0-fazendapombo_2-451-40-354-349-15/06/2025_22:10:19$
16/06/2025 -> #0-fazendapombo_2-451-40-354-221-0.00-16/06/2025_09:07:02$
16/06/2025 -> #0-fazendapombo_2-451-40-354-224-0.00-16/06/2025_09:13:01$
16/06/2025 -> #0-fazendapombo_2-451-40-354-224-0.00-16/06/2025_09:13:01$
16/06/2025 -> #0-fazendapombo_2-451-40-354-224-0.00-16/06/2025_09:13:01$
16/06/2025 -> #0-fazendapombo_2-451-40-354-349-15/06/2025_22:10:19$
16/06/2025 -> #0-fazendapombo_2-451-40-354-224-0.00-16/06/2025_09:13:01$
16/06/2025 -> #0-fazendapombo_2-451-40-354-226-0.00-16/06/2025_09:18:01$
16/06/2025 -> #0-fazendapombo_2-451-40-354-226-0.00-16/06/2025_09:18:01$
16/06/2025 -> #0-fazendapombo_2-451-40-354-226-0.00-16/06/2025_09:18:01$
16/06/2025 -> #0-fazendapombo_2-451-40-354-349-15/06/2025_22:10:19$
16/06/2025 -> #0-fazendapombo_2-451-40-354-226-0.00-16/06/2025_09:18:01$
16/06/2025 -> #0-fazendapombo_2-451-40-354-227-0.00-16/06/2025_09:22:02$
16/06/2025 -> #0-fazendapombo_2-451-40-354-227-0.00-16/06/2025_09:22:02$
16/06/2025 -> #0-fazendapombo_2-451-40-354-227-0.00-16/06/2025_09:22:02$
16/06/2025 -> #0-fazendapombo_2-451-40-354-349-15/06/2025_22:10:19$
16/06/2025 -> #0-fazendapombo_2-451-40-354-227-0.00-16/06/2025_09:22:02$
16/06/2025 -> #0-fazendapombo_2-451-40-354-229-0.00-16/06/2025_09:27:02$
16/06/2025 -> #0-fazendapombo_2-451-40-354-229-0.00-16/06/2025_09:27:02$
16/06/2025 -> #0-fazendapombo_2-451-40-354-229-0.00-16/06/2025_09:27:02$
16/06/2025 -> #0-fazendapombo_2-451-40-354-349-15/06/2025_22:10:19$
16/06/2025 -> #0-fazendapombo_2-451-40-354-229-0.00-16/06/2025_09:27:02$
16/06/2025 -> #0-fazendapombo_2-451-40-354-231-0.00-16/06/2025_09:32:02$
16/06/2025 -> #0-fazendapombo_2-451-40-354-231-0.00-16/06/2025_09:32:02$
16/06/2025 -> #0-fazendapombo_2-451-40-354-231-0.00-16/06/2025_09:32:02$
16/06/2025 -> #0-fazendapombo_2-451-40-354-349-15/06/2025_22:10:19$
16/06/2025 -> #0-fazendapombo_2-451-40-354-231-0.00-16/06/2025_09:32:02$
16/06/2025 -> #0-fazendapombo_2-351-40-354-231-0.00-16/06/2025_09:33:57$
16/06/2025 -> #0-fazendapombo_2-351-40-354-231-0.00-16/06/2025_09:33:57$
16/06/2025 -> #0-fazendapombo_2-351-40-354-231-0.00-16/06/2025_09:33:57$
16/06/2025 -> #0-fazendapombo_2-451-40-354-349-15/06/2025_22:10:19$
16/06/2025 -> #0-fazendapombo_2-351-40-354-231-0.00-16/06/2025_09:33:57$
