# Pacotes #0-fazendapombo_2 da data: 2025-06-10
# Total de pacotes: 175
#==================================================

10/06/2025 -> #0-fazendapombo_2-451-40-157-165-0.00-10/06/2025_08:51:30$
10/06/2025 -> #0-fazendapombo_2-451-40-157-165-0.00-10/06/2025_08:51:30$
10/06/2025 -> #0-fazendapombo_2-451-40-157-165-0.00-10/06/2025_08:51:30$
10/06/2025 -> #0-fazendapombo_2-351-100-357-2-27/05/2025_09:26:24$
10/06/2025 -> #0-fazendapombo_2-451-40-157-165-0.00-10/06/2025_08:51:30$
10/06/2025 -> #0-fazendapombo_2-451-40-157-166-0.00-10/06/2025_08:59:31$
10/06/2025 -> #0-fazendapombo_2-451-40-157-166-0.00-10/06/2025_08:59:31$
10/06/2025 -> #0-fazendapombo_2-451-40-157-166-0.00-10/06/2025_08:59:31$
10/06/2025 -> #0-fazendapombo_2-351-100-357-2-27/05/2025_09:26:24$
10/06/2025 -> #0-fazendapombo_2-451-40-157-166-0.00-10/06/2025_08:59:31$
10/06/2025 -> #0-fazendapombo_2-451-40-157-167-0.00-10/06/2025_09:03:31$
10/06/2025 -> #0-fazendapombo_2-451-40-157-167-0.00-10/06/2025_09:03:31$
10/06/2025 -> #0-fazendapombo_2-451-40-157-167-0.00-10/06/2025_09:03:31$
10/06/2025 -> #0-fazendapombo_2-351-100-357-2-27/05/2025_09:26:24$
10/06/2025 -> #0-fazendapombo_2-451-40-157-167-0.00-10/06/2025_09:03:31$
10/06/2025 -> #0-fazendapombo_2-451-40-157-168-0.00-10/06/2025_09:09:31$
10/06/2025 -> #0-fazendapombo_2-451-40-157-168-0.00-10/06/2025_09:09:31$
10/06/2025 -> #0-fazendapombo_2-451-40-157-168-0.00-10/06/2025_09:09:31$
10/06/2025 -> #0-fazendapombo_2-351-100-357-2-27/05/2025_09:26:24$
10/06/2025 -> #0-fazendapombo_2-451-40-157-168-0.00-10/06/2025_09:09:31$
10/06/2025 -> #0-fazendapombo_2-451-40-157-170-0.00-10/06/2025_09:19:31$
10/06/2025 -> #0-fazendapombo_2-451-40-157-170-0.00-10/06/2025_09:19:31$
10/06/2025 -> #0-fazendapombo_2-451-40-157-170-0.00-10/06/2025_09:19:31$
10/06/2025 -> #0-fazendapombo_2-351-100-357-2-27/05/2025_09:26:24$
10/06/2025 -> #0-fazendapombo_2-451-40-157-170-0.00-10/06/2025_09:19:31$
10/06/2025 -> #0-fazendapombo_2-451-40-157-171-0.00-10/06/2025_09:24:31$
10/06/2025 -> #0-fazendapombo_2-451-40-157-171-0.00-10/06/2025_09:24:31$
10/06/2025 -> #0-fazendapombo_2-451-40-157-171-0.00-10/06/2025_09:24:31$
10/06/2025 -> #0-fazendapombo_2-351-100-357-2-27/05/2025_09:26:24$
10/06/2025 -> #0-fazendapombo_2-451-40-157-171-0.00-10/06/2025_09:24:31$
10/06/2025 -> #0-fazendapombo_2-451-40-157-172-0.00-10/06/2025_09:29:31$
10/06/2025 -> #0-fazendapombo_2-451-40-157-172-0.00-10/06/2025_09:29:31$
10/06/2025 -> #0-fazendapombo_2-451-40-157-172-0.00-10/06/2025_09:29:31$
10/06/2025 -> #0-fazendapombo_2-351-100-357-2-27/05/2025_09:26:24$
10/06/2025 -> #0-fazendapombo_2-451-40-157-172-0.00-10/06/2025_09:29:31$
10/06/2025 -> #0-fazendapombo_2-451-40-157-175-0.00-10/06/2025_09:38:31$
10/06/2025 -> #0-fazendapombo_2-451-40-157-175-0.00-10/06/2025_09:38:31$
10/06/2025 -> #0-fazendapombo_2-451-40-157-175-0.00-10/06/2025_09:38:31$
10/06/2025 -> #0-fazendapombo_2-351-100-357-2-27/05/2025_09:26:24$
10/06/2025 -> #0-fazendapombo_2-451-40-157-175-0.00-10/06/2025_09:38:31$
10/06/2025 -> #0-fazendapombo_2-451-40-157-177-0.00-10/06/2025_09:44:31$
10/06/2025 -> #0-fazendapombo_2-451-40-157-177-0.00-10/06/2025_09:44:31$
10/06/2025 -> #0-fazendapombo_2-451-40-157-177-0.00-10/06/2025_09:44:31$
10/06/2025 -> #0-fazendapombo_2-351-100-357-2-27/05/2025_09:26:24$
10/06/2025 -> #0-fazendapombo_2-451-40-157-177-0.00-10/06/2025_09:44:31$
10/06/2025 -> #0-fazendapombo_2-451-40-157-179-0.00-10/06/2025_09:49:31$
10/06/2025 -> #0-fazendapombo_2-451-40-157-179-0.00-10/06/2025_09:49:31$
10/06/2025 -> #0-fazendapombo_2-451-40-157-179-0.00-10/06/2025_09:49:31$
10/06/2025 -> #0-fazendapombo_2-351-100-357-2-27/05/2025_09:26:24$
10/06/2025 -> #0-fazendapombo_2-451-40-157-179-0.00-10/06/2025_09:49:31$
10/06/2025 -> #0-fazendapombo_2-451-40-157-180-0.00-10/06/2025_09:54:31$
10/06/2025 -> #0-fazendapombo_2-451-40-157-180-0.00-10/06/2025_09:54:31$
10/06/2025 -> #0-fazendapombo_2-451-40-157-180-0.00-10/06/2025_09:54:31$
10/06/2025 -> #0-fazendapombo_2-351-100-357-2-27/05/2025_09:26:24$
10/06/2025 -> #0-fazendapombo_2-451-40-157-180-0.00-10/06/2025_09:54:31$
10/06/2025 -> #0-fazendapombo_2-451-40-157-181-0.00-10/06/2025_09:59:31$
10/06/2025 -> #0-fazendapombo_2-451-40-157-181-0.00-10/06/2025_09:59:31$
10/06/2025 -> #0-fazendapombo_2-451-40-157-181-0.00-10/06/2025_09:59:31$
10/06/2025 -> #0-fazendapombo_2-351-100-357-2-27/05/2025_09:26:24$
10/06/2025 -> #0-fazendapombo_2-451-40-157-181-0.00-10/06/2025_09:59:31$
10/06/2025 -> #0-fazendapombo_2-451-40-157-183-0.00-10/06/2025_10:03:32$
10/06/2025 -> #0-fazendapombo_2-451-40-157-183-0.00-10/06/2025_10:03:32$
10/06/2025 -> #0-fazendapombo_2-451-40-157-183-0.00-10/06/2025_10:03:32$
10/06/2025 -> #0-fazendapombo_2-351-100-357-2-27/05/2025_09:26:24$
10/06/2025 -> #0-fazendapombo_2-451-40-157-183-0.00-10/06/2025_10:03:32$
10/06/2025 -> #0-fazendapombo_2-451-40-157-185-0.00-10/06/2025_10:09:31$
10/06/2025 -> #0-fazendapombo_2-451-40-157-185-0.00-10/06/2025_10:09:31$
10/06/2025 -> #0-fazendapombo_2-451-40-157-185-0.00-10/06/2025_10:09:31$
10/06/2025 -> #0-fazendapombo_2-351-100-357-2-27/05/2025_09:26:24$
10/06/2025 -> #0-fazendapombo_2-451-40-157-185-0.00-10/06/2025_10:09:31$
10/06/2025 -> #0-fazendapombo_2-451-40-157-186-0.00-10/06/2025_10:12:32$
10/06/2025 -> #0-fazendapombo_2-451-40-157-186-0.00-10/06/2025_10:12:32$
10/06/2025 -> #0-fazendapombo_2-451-40-157-186-0.00-10/06/2025_10:12:32$
10/06/2025 -> #0-fazendapombo_2-351-100-357-2-27/05/2025_09:26:24$
10/06/2025 -> #0-fazendapombo_2-451-40-157-186-0.00-10/06/2025_10:12:32$
10/06/2025 -> #0-fazendapombo_2-451-40-157-187-0.00-10/06/2025_10:17:32$
10/06/2025 -> #0-fazendapombo_2-451-40-157-187-0.00-10/06/2025_10:17:32$
10/06/2025 -> #0-fazendapombo_2-451-40-157-187-0.00-10/06/2025_10:17:32$
10/06/2025 -> #0-fazendapombo_2-351-100-357-2-27/05/2025_09:26:24$
10/06/2025 -> #0-fazendapombo_2-451-40-157-187-0.00-10/06/2025_10:17:32$
10/06/2025 -> #0-fazendapombo_2-451-40-157-191-0.00-10/06/2025_10:29:31$
10/06/2025 -> #0-fazendapombo_2-451-40-157-191-0.00-10/06/2025_10:29:31$
10/06/2025 -> #0-fazendapombo_2-451-40-157-191-0.00-10/06/2025_10:29:31$
10/06/2025 -> #0-fazendapombo_2-351-100-357-2-27/05/2025_09:26:24$
10/06/2025 -> #0-fazendapombo_2-451-40-157-191-0.00-10/06/2025_10:29:31$
10/06/2025 -> #0-fazendapombo_2-451-40-157-193-0.00-10/06/2025_10:34:31$
10/06/2025 -> #0-fazendapombo_2-451-40-157-193-0.00-10/06/2025_10:34:31$
10/06/2025 -> #0-fazendapombo_2-451-40-157-193-0.00-10/06/2025_10:34:31$
10/06/2025 -> #0-fazendapombo_2-351-100-357-2-27/05/2025_09:26:24$
10/06/2025 -> #0-fazendapombo_2-451-40-157-193-0.00-10/06/2025_10:34:31$
10/06/2025 -> #0-fazendapombo_2-451-40-157-196-0.00-10/06/2025_10:44:31$
10/06/2025 -> #0-fazendapombo_2-451-40-157-196-0.00-10/06/2025_10:44:31$
10/06/2025 -> #0-fazendapombo_2-451-40-157-196-0.00-10/06/2025_10:44:31$
10/06/2025 -> #0-fazendapombo_2-351-100-357-2-27/05/2025_09:26:24$
10/06/2025 -> #0-fazendapombo_2-451-40-157-196-0.00-10/06/2025_10:44:31$
10/06/2025 -> #0-fazendapombo_2-451-40-157-202-0.00-10/06/2025_10:54:31$
10/06/2025 -> #0-fazendapombo_2-451-40-157-202-0.00-10/06/2025_10:54:31$
10/06/2025 -> #0-fazendapombo_2-451-40-157-202-0.00-10/06/2025_10:54:31$
10/06/2025 -> #0-fazendapombo_2-351-100-357-2-27/05/2025_09:26:24$
10/06/2025 -> #0-fazendapombo_2-451-40-157-202-0.00-10/06/2025_10:54:31$
10/06/2025 -> #0-fazendapombo_2-451-40-157-204-0.00-10/06/2025_10:59:31$
10/06/2025 -> #0-fazendapombo_2-451-40-157-204-0.00-10/06/2025_10:59:31$
10/06/2025 -> #0-fazendapombo_2-451-40-157-204-0.00-10/06/2025_10:59:31$
10/06/2025 -> #0-fazendapombo_2-351-100-357-2-27/05/2025_09:26:24$
10/06/2025 -> #0-fazendapombo_2-451-40-157-204-0.00-10/06/2025_10:59:31$
10/06/2025 -> #0-fazendapombo_2-451-40-157-208-0.00-10/06/2025_11:09:31$
10/06/2025 -> #0-fazendapombo_2-451-40-157-208-0.00-10/06/2025_11:09:31$
10/06/2025 -> #0-fazendapombo_2-451-40-157-208-0.00-10/06/2025_11:09:31$
10/06/2025 -> #0-fazendapombo_2-351-100-357-2-27/05/2025_09:26:24$
10/06/2025 -> #0-fazendapombo_2-451-40-157-208-0.00-10/06/2025_11:09:31$
10/06/2025 -> #0-fazendapombo_2-451-40-157-209-0.00-10/06/2025_11:14:31$
10/06/2025 -> #0-fazendapombo_2-451-40-157-209-0.00-10/06/2025_11:14:31$
10/06/2025 -> #0-fazendapombo_2-451-40-157-209-0.00-10/06/2025_11:14:31$
10/06/2025 -> #0-fazendapombo_2-351-100-357-2-27/05/2025_09:26:24$
10/06/2025 -> #0-fazendapombo_2-451-40-157-209-0.00-10/06/2025_11:14:31$
10/06/2025 -> #0-fazendapombo_2-451-40-157-214-0.00-10/06/2025_11:28:31$
10/06/2025 -> #0-fazendapombo_2-451-40-157-214-0.00-10/06/2025_11:28:31$
10/06/2025 -> #0-fazendapombo_2-451-40-157-214-0.00-10/06/2025_11:28:31$
10/06/2025 -> #0-fazendapombo_2-351-100-357-2-27/05/2025_09:26:24$
10/06/2025 -> #0-fazendapombo_2-451-40-157-214-0.00-10/06/2025_11:28:31$
10/06/2025 -> #0-fazendapombo_2-451-40-157-217-0.00-10/06/2025_11:34:31$
10/06/2025 -> #0-fazendapombo_2-451-40-157-217-0.00-10/06/2025_11:34:31$
10/06/2025 -> #0-fazendapombo_2-451-40-157-217-0.00-10/06/2025_11:34:31$
10/06/2025 -> #0-fazendapombo_2-351-100-357-2-27/05/2025_09:26:24$
10/06/2025 -> #0-fazendapombo_2-451-40-157-217-0.00-10/06/2025_11:34:31$
10/06/2025 -> #0-fazendapombo_2-451-40-157-219-0.00-10/06/2025_11:39:31$
10/06/2025 -> #0-fazendapombo_2-451-40-157-219-0.00-10/06/2025_11:39:31$
10/06/2025 -> #0-fazendapombo_2-451-40-157-219-0.00-10/06/2025_11:39:31$
10/06/2025 -> #0-fazendapombo_2-351-100-357-2-27/05/2025_09:26:24$
10/06/2025 -> #0-fazendapombo_2-451-40-157-219-0.00-10/06/2025_11:39:31$
10/06/2025 -> #0-fazendapombo_2-451-40-157-220-0.00-10/06/2025_11:43:32$
10/06/2025 -> #0-fazendapombo_2-451-40-157-220-0.00-10/06/2025_11:43:32$
10/06/2025 -> #0-fazendapombo_2-451-40-157-220-0.00-10/06/2025_11:43:32$
10/06/2025 -> #0-fazendapombo_2-351-100-357-2-27/05/2025_09:26:24$
10/06/2025 -> #0-fazendapombo_2-451-40-157-220-0.00-10/06/2025_11:43:32$
10/06/2025 -> #0-fazendapombo_2-451-40-157-222-0.00-10/06/2025_11:49:31$
10/06/2025 -> #0-fazendapombo_2-451-40-157-222-0.00-10/06/2025_11:49:31$
10/06/2025 -> #0-fazendapombo_2-451-40-157-222-0.00-10/06/2025_11:49:31$
10/06/2025 -> #0-fazendapombo_2-351-100-357-2-27/05/2025_09:26:24$
10/06/2025 -> #0-fazendapombo_2-451-40-157-222-0.00-10/06/2025_11:49:31$
10/06/2025 -> #0-fazendapombo_2-451-40-157-223-0.00-10/06/2025_11:53:32$
10/06/2025 -> #0-fazendapombo_2-451-40-157-223-0.00-10/06/2025_11:53:32$
10/06/2025 -> #0-fazendapombo_2-451-40-157-223-0.00-10/06/2025_11:53:32$
10/06/2025 -> #0-fazendapombo_2-351-100-357-2-27/05/2025_09:26:24$
10/06/2025 -> #0-fazendapombo_2-451-40-157-223-0.00-10/06/2025_11:53:32$
10/06/2025 -> #0-fazendapombo_2-451-40-157-225-0.00-10/06/2025_11:59:31$
10/06/2025 -> #0-fazendapombo_2-451-40-157-225-0.00-10/06/2025_11:59:31$
10/06/2025 -> #0-fazendapombo_2-451-40-157-225-0.00-10/06/2025_11:59:31$
10/06/2025 -> #0-fazendapombo_2-351-100-357-2-27/05/2025_09:26:24$
10/06/2025 -> #0-fazendapombo_2-451-40-157-225-0.00-10/06/2025_11:59:31$
10/06/2025 -> #0-fazendapombo_2-451-40-157-227-0.00-10/06/2025_12:04:31$
10/06/2025 -> #0-fazendapombo_2-451-40-157-227-0.00-10/06/2025_12:04:31$
10/06/2025 -> #0-fazendapombo_2-451-40-157-227-0.00-10/06/2025_12:04:31$
10/06/2025 -> #0-fazendapombo_2-351-100-357-2-27/05/2025_09:26:24$
10/06/2025 -> #0-fazendapombo_2-451-40-157-227-0.00-10/06/2025_12:04:31$
10/06/2025 -> #0-fazendapombo_2-451-100-157-228-0.00-10/06/2025_12:07:35$
10/06/2025 -> #0-fazendapombo_2-451-100-157-228-0.00-10/06/2025_12:07:35$
10/06/2025 -> #0-fazendapombo_2-451-100-157-228-0.00-10/06/2025_12:07:35$
10/06/2025 -> #0-fazendapombo_2-351-100-357-2-27/05/2025_09:26:24$
10/06/2025 -> #0-fazendapombo_2-451-100-157-228-0.00-10/06/2025_12:07:35$
10/06/2025 -> #0-fazendapombo_2-451-100-157-229-0.00-10/06/2025_12:09:31$
10/06/2025 -> #0-fazendapombo_2-451-100-157-229-0.00-10/06/2025_12:09:31$
10/06/2025 -> #0-fazendapombo_2-451-100-157-229-0.00-10/06/2025_12:09:31$
10/06/2025 -> #0-fazendapombo_2-351-100-357-2-27/05/2025_09:26:24$
10/06/2025 -> #0-fazendapombo_2-451-100-157-229-0.00-10/06/2025_12:09:31$
10/06/2025 -> #0-fazendapombo_2-451-40-157-229-0.00-10/06/2025_12:09:34$
10/06/2025 -> #0-fazendapombo_2-451-40-157-229-0.00-10/06/2025_12:09:34$
10/06/2025 -> #0-fazendapombo_2-451-40-157-229-0.00-10/06/2025_12:09:34$
10/06/2025 -> #0-fazendapombo_2-351-100-357-2-27/05/2025_09:26:24$
10/06/2025 -> #0-fazendapombo_2-451-40-157-229-0.00-10/06/2025_12:09:34$
10/06/2025 -> #0-fazendapombo_2-351-40-157-230-0.00-10/06/2025_12:12:50$
10/06/2025 -> #0-fazendapombo_2-351-40-157-230-0.00-10/06/2025_12:12:50$
10/06/2025 -> #0-fazendapombo_2-351-40-157-230-0.00-10/06/2025_12:12:50$
10/06/2025 -> #0-fazendapombo_2-351-100-357-2-27/05/2025_09:26:24$
10/06/2025 -> #0-fazendapombo_2-351-40-157-230-0.00-10/06/2025_12:12:50$
