# Pacotes #0-fazendapombo_2 da data: 2025-07-04
# Total de pacotes: 630
#==================================================

04/07/2025 -> #0-fazendapombo_2-351-40-202-655-0.00-03/07/2025_18:04:51$
04/07/2025 -> #0-fazendapombo_2-351-40-202-655-0.00-03/07/2025_18:04:51$
04/07/2025 -> #0-fazendapombo_2-351-40-202-655-0.00-03/07/2025_18:04:51$
04/07/2025 -> #0-fazendapombo_2-451-40-354-349-15/06/2025_22:10:19$
04/07/2025 -> #0-fazendapombo_2-351-40-202-655-0.00-03/07/2025_18:04:51$
04/07/2025 -> #0-fazendapombo_2-351-40-202-239-5.37-03/07/2025_21:08:25$
04/07/2025 -> #0-fazendapombo_2-351-40-202-239-5.37-03/07/2025_21:08:25$
04/07/2025 -> #0-fazendapombo_2-351-40-202-239-5.37-03/07/2025_21:08:25$
04/07/2025 -> #0-fazendapombo_2-451-40-354-349-15/06/2025_22:10:19$
04/07/2025 -> #0-fazendapombo_2-351-40-202-239-5.37-03/07/2025_21:08:25$
04/07/2025 -> #0-fazendapombo_2-351-40-202-237-13.62-03/07/2025_21:18:25$
04/07/2025 -> #0-fazendapombo_2-351-40-202-237-13.62-03/07/2025_21:18:25$
04/07/2025 -> #0-fazendapombo_2-351-40-202-237-13.62-03/07/2025_21:18:25$
04/07/2025 -> #0-fazendapombo_2-451-40-354-349-15/06/2025_22:10:19$
04/07/2025 -> #0-fazendapombo_2-351-40-202-237-13.62-03/07/2025_21:18:25$
04/07/2025 -> #0-fazendapombo_2-351-40-202-234-13.44-03/07/2025_21:27:26$
04/07/2025 -> #0-fazendapombo_2-351-40-202-234-13.44-03/07/2025_21:27:26$
04/07/2025 -> #0-fazendapombo_2-351-40-202-234-13.44-03/07/2025_21:27:26$
04/07/2025 -> #0-fazendapombo_2-451-40-354-349-15/06/2025_22:10:19$
04/07/2025 -> #0-fazendapombo_2-351-40-202-234-13.44-03/07/2025_21:27:26$
04/07/2025 -> #0-fazendapombo_2-351-40-202-233-13.56-03/07/2025_21:32:26$
04/07/2025 -> #0-fazendapombo_2-351-40-202-233-13.56-03/07/2025_21:32:26$
04/07/2025 -> #0-fazendapombo_2-351-40-202-233-13.56-03/07/2025_21:32:26$
04/07/2025 -> #0-fazendapombo_2-451-40-354-349-15/06/2025_22:10:19$
04/07/2025 -> #0-fazendapombo_2-351-40-202-233-13.56-03/07/2025_21:32:26$
04/07/2025 -> #0-fazendapombo_2-351-40-202-230-13.31-03/07/2025_21:43:25$
04/07/2025 -> #0-fazendapombo_2-351-40-202-230-13.31-03/07/2025_21:43:25$
04/07/2025 -> #0-fazendapombo_2-351-40-202-230-13.31-03/07/2025_21:43:25$
04/07/2025 -> #0-fazendapombo_2-451-40-354-349-15/06/2025_22:10:19$
04/07/2025 -> #0-fazendapombo_2-351-40-202-230-13.31-03/07/2025_21:43:25$
04/07/2025 -> #0-fazendapombo_2-351-40-202-229-13.75-03/07/2025_21:47:26$
04/07/2025 -> #0-fazendapombo_2-351-40-202-229-13.75-03/07/2025_21:47:26$
04/07/2025 -> #0-fazendapombo_2-351-40-202-229-13.75-03/07/2025_21:47:26$
04/07/2025 -> #0-fazendapombo_2-451-40-354-349-15/06/2025_22:10:19$
04/07/2025 -> #0-fazendapombo_2-351-40-202-229-13.75-03/07/2025_21:47:26$
04/07/2025 -> #0-fazendapombo_2-351-40-202-228-13.37-03/07/2025_21:52:28$
04/07/2025 -> #0-fazendapombo_2-351-40-202-228-13.37-03/07/2025_21:52:28$
04/07/2025 -> #0-fazendapombo_2-351-40-202-228-13.37-03/07/2025_21:52:28$
04/07/2025 -> #0-fazendapombo_2-451-40-354-349-15/06/2025_22:10:19$
04/07/2025 -> #0-fazendapombo_2-351-40-202-228-13.37-03/07/2025_21:52:28$
04/07/2025 -> #0-fazendapombo_2-351-40-202-226-14.00-03/07/2025_21:58:25$
04/07/2025 -> #0-fazendapombo_2-351-40-202-226-14.00-03/07/2025_21:58:25$
04/07/2025 -> #0-fazendapombo_2-351-40-202-226-14.00-03/07/2025_21:58:25$
04/07/2025 -> #0-fazendapombo_2-451-40-354-349-15/06/2025_22:10:19$
04/07/2025 -> #0-fazendapombo_2-351-40-202-226-14.00-03/07/2025_21:58:25$
04/07/2025 -> #0-fazendapombo_2-361-40-202-225-20.75-03/07/2025_22:00:08$
04/07/2025 -> #0-fazendapombo_2-361-40-202-225-20.75-03/07/2025_22:00:08$
04/07/2025 -> #0-fazendapombo_2-361-40-202-225-20.75-03/07/2025_22:00:08$
04/07/2025 -> #0-fazendapombo_2-451-40-354-349-15/06/2025_22:10:19$
04/07/2025 -> #0-fazendapombo_2-361-40-202-225-20.75-03/07/2025_22:00:08$
04/07/2025 -> #0-fazendapombo_2-361-40-202-224-20.44-03/07/2025_22:02:15$
04/07/2025 -> #0-fazendapombo_2-361-40-202-224-20.44-03/07/2025_22:02:15$
04/07/2025 -> #0-fazendapombo_2-361-40-202-224-20.44-03/07/2025_22:02:15$
04/07/2025 -> #0-fazendapombo_2-451-40-354-349-15/06/2025_22:10:19$
04/07/2025 -> #0-fazendapombo_2-351-40-202-224-17.56-03/07/2025_22:02:15$
04/07/2025 -> #0-fazendapombo_2-351-40-202-224-17.56-03/07/2025_22:02:15$
04/07/2025 -> #0-fazendapombo_2-351-40-202-224-17.56-03/07/2025_22:02:15$
04/07/2025 -> #0-fazendapombo_2-451-40-354-349-15/06/2025_22:10:19$
04/07/2025 -> #0-fazendapombo_2-361-40-202-224-20.44-03/07/2025_22:02:15$
04/07/2025 -> #0-fazendapombo_2-351-40-202-224-17.56-03/07/2025_22:02:15$
04/07/2025 -> #0-fazendapombo_2-351-40-202-224-14.81-03/07/2025_19:03:26$
04/07/2025 -> #0-fazendapombo_2-351-40-202-224-14.81-03/07/2025_19:03:26$
04/07/2025 -> #0-fazendapombo_2-351-40-202-224-14.81-03/07/2025_19:03:26$
04/07/2025 -> #0-fazendapombo_2-451-40-354-349-15/06/2025_22:10:19$
04/07/2025 -> #0-fazendapombo_2-351-40-202-224-14.81-03/07/2025_19:03:26$
04/07/2025 -> #0-fazendapombo_2-351-40-202-224-13.56-03/07/2025_22:03:29$
04/07/2025 -> #0-fazendapombo_2-351-40-202-224-13.56-03/07/2025_22:03:29$
04/07/2025 -> #0-fazendapombo_2-351-40-202-224-13.56-03/07/2025_22:03:29$
04/07/2025 -> #0-fazendapombo_2-451-40-354-349-15/06/2025_22:10:19$
04/07/2025 -> #0-fazendapombo_2-351-40-202-224-13.56-03/07/2025_22:03:29$
04/07/2025 -> #0-fazendapombo_2-361-40-202-223-20.37-03/07/2025_22:04:26$
04/07/2025 -> #0-fazendapombo_2-361-40-202-223-20.37-03/07/2025_22:04:26$
04/07/2025 -> #0-fazendapombo_2-361-40-202-223-20.37-03/07/2025_22:04:26$
04/07/2025 -> #0-fazendapombo_2-451-40-354-349-15/06/2025_22:10:19$
04/07/2025 -> #0-fazendapombo_2-361-40-202-223-20.37-03/07/2025_22:04:26$
04/07/2025 -> #0-fazendapombo_2-361-40-202-223-20.44-03/07/2025_19:05:09$
04/07/2025 -> #0-fazendapombo_2-361-40-202-223-20.44-03/07/2025_19:05:09$
04/07/2025 -> #0-fazendapombo_2-361-40-202-223-20.44-03/07/2025_19:05:09$
04/07/2025 -> #0-fazendapombo_2-451-40-354-349-15/06/2025_22:10:19$
04/07/2025 -> #0-fazendapombo_2-361-40-202-223-20.44-03/07/2025_19:05:09$
04/07/2025 -> #0-fazendapombo_2-361-40-202-222-20.62-03/07/2025_22:08:14$
04/07/2025 -> #0-fazendapombo_2-361-40-202-222-20.62-03/07/2025_22:08:14$
04/07/2025 -> #0-fazendapombo_2-361-40-202-222-20.62-03/07/2025_22:08:14$
04/07/2025 -> #0-fazendapombo_2-451-40-354-349-15/06/2025_22:10:19$
04/07/2025 -> #0-fazendapombo_2-361-40-202-222-20.62-03/07/2025_22:08:14$
04/07/2025 -> #0-fazendapombo_2-351-40-202-221-0.00-03/07/2025_22:12:26$
04/07/2025 -> #0-fazendapombo_2-351-40-202-221-0.00-03/07/2025_22:12:26$
04/07/2025 -> #0-fazendapombo_2-351-40-202-221-0.00-03/07/2025_22:12:26$
04/07/2025 -> #0-fazendapombo_2-451-40-354-349-15/06/2025_22:10:19$
04/07/2025 -> #0-fazendapombo_2-351-40-202-221-0.00-03/07/2025_22:12:26$
04/07/2025 -> #0-fazendapombo_2-351-40-202-218-13.50-03/07/2025_22:18:25$
04/07/2025 -> #0-fazendapombo_2-351-40-202-218-13.50-03/07/2025_22:18:25$
04/07/2025 -> #0-fazendapombo_2-351-40-202-218-13.50-03/07/2025_22:18:25$
04/07/2025 -> #0-fazendapombo_2-451-40-354-349-15/06/2025_22:10:19$
04/07/2025 -> #0-fazendapombo_2-351-40-202-218-13.50-03/07/2025_22:18:25$
04/07/2025 -> #0-fazendapombo_2-361-40-202-217-20.25-03/07/2025_22:22:11$
04/07/2025 -> #0-fazendapombo_2-361-40-202-217-20.25-03/07/2025_22:22:11$
04/07/2025 -> #0-fazendapombo_2-361-40-202-217-20.25-03/07/2025_22:22:11$
04/07/2025 -> #0-fazendapombo_2-451-40-354-349-15/06/2025_22:10:19$
04/07/2025 -> #0-fazendapombo_2-361-40-202-217-20.25-03/07/2025_22:22:11$
04/07/2025 -> #0-fazendapombo_2-351-40-202-217-15.31-03/07/2025_22:23:25$
04/07/2025 -> #0-fazendapombo_2-351-40-202-217-15.31-03/07/2025_22:23:25$
04/07/2025 -> #0-fazendapombo_2-351-40-202-217-15.31-03/07/2025_22:23:25$
04/07/2025 -> #0-fazendapombo_2-451-40-354-349-15/06/2025_22:10:19$
04/07/2025 -> #0-fazendapombo_2-351-40-202-217-15.31-03/07/2025_22:23:25$
04/07/2025 -> #0-fazendapombo_2-351-40-202-215-13.62-03/07/2025_22:28:25$
04/07/2025 -> #0-fazendapombo_2-351-40-202-215-13.62-03/07/2025_22:28:25$
04/07/2025 -> #0-fazendapombo_2-351-40-202-215-13.62-03/07/2025_22:28:25$
04/07/2025 -> #0-fazendapombo_2-451-40-354-349-15/06/2025_22:10:19$
04/07/2025 -> #0-fazendapombo_2-351-40-202-215-13.62-03/07/2025_22:28:25$
04/07/2025 -> #0-fazendapombo_2-351-40-202-214-13.81-03/07/2025_22:32:26$
04/07/2025 -> #0-fazendapombo_2-351-40-202-214-13.81-03/07/2025_22:32:26$
04/07/2025 -> #0-fazendapombo_2-351-40-202-214-13.81-03/07/2025_22:32:26$
04/07/2025 -> #0-fazendapombo_2-451-40-354-349-15/06/2025_22:10:19$
04/07/2025 -> #0-fazendapombo_2-351-40-202-214-13.81-03/07/2025_22:32:26$
04/07/2025 -> #0-fazendapombo_2-351-40-202-212-8.12-03/07/2025_22:38:25$
04/07/2025 -> #0-fazendapombo_2-351-40-202-212-8.12-03/07/2025_22:38:25$
04/07/2025 -> #0-fazendapombo_2-351-40-202-212-8.12-03/07/2025_22:38:25$
04/07/2025 -> #0-fazendapombo_2-451-40-354-349-15/06/2025_22:10:19$
04/07/2025 -> #0-fazendapombo_2-351-40-202-212-8.12-03/07/2025_22:38:25$
04/07/2025 -> #0-fazendapombo_2-351-40-202-210-14.56-03/07/2025_22:43:25$
04/07/2025 -> #0-fazendapombo_2-351-40-202-210-14.56-03/07/2025_22:43:25$
04/07/2025 -> #0-fazendapombo_2-351-40-202-210-14.56-03/07/2025_22:43:25$
04/07/2025 -> #0-fazendapombo_2-451-40-354-349-15/06/2025_22:10:19$
04/07/2025 -> #0-fazendapombo_2-351-40-202-210-14.56-03/07/2025_22:43:25$
04/07/2025 -> #0-fazendapombo_2-351-40-202-209-13.50-03/07/2025_22:48:25$
04/07/2025 -> #0-fazendapombo_2-351-40-202-209-13.50-03/07/2025_22:48:25$
04/07/2025 -> #0-fazendapombo_2-351-40-202-209-13.50-03/07/2025_22:48:25$
04/07/2025 -> #0-fazendapombo_2-451-40-354-349-15/06/2025_22:10:19$
04/07/2025 -> #0-fazendapombo_2-351-40-202-209-13.50-03/07/2025_22:48:25$
04/07/2025 -> #0-fazendapombo_2-351-40-202-207-13.81-03/07/2025_22:52:26$
04/07/2025 -> #0-fazendapombo_2-351-40-202-207-13.81-03/07/2025_22:52:26$
04/07/2025 -> #0-fazendapombo_2-351-40-202-207-13.81-03/07/2025_22:52:26$
04/07/2025 -> #0-fazendapombo_2-451-40-354-349-15/06/2025_22:10:19$
04/07/2025 -> #0-fazendapombo_2-351-40-202-207-13.81-03/07/2025_22:52:26$
04/07/2025 -> #0-fazendapombo_2-351-40-202-205-9.31-03/07/2025_22:58:25$
04/07/2025 -> #0-fazendapombo_2-351-40-202-205-9.31-03/07/2025_22:58:25$
04/07/2025 -> #0-fazendapombo_2-351-40-202-205-9.31-03/07/2025_22:58:25$
04/07/2025 -> #0-fazendapombo_2-451-40-354-349-15/06/2025_22:10:19$
04/07/2025 -> #0-fazendapombo_2-351-40-202-205-9.31-03/07/2025_22:58:25$
04/07/2025 -> #0-fazendapombo_2-351-40-202-203-13.94-03/07/2025_23:03:25$
04/07/2025 -> #0-fazendapombo_2-351-40-202-203-13.94-03/07/2025_23:03:25$
04/07/2025 -> #0-fazendapombo_2-351-40-202-203-13.94-03/07/2025_23:03:25$
04/07/2025 -> #0-fazendapombo_2-451-40-354-349-15/06/2025_22:10:19$
04/07/2025 -> #0-fazendapombo_2-351-40-202-203-13.94-03/07/2025_23:03:25$
04/07/2025 -> #0-fazendapombo_2-351-40-202-201-13.44-03/07/2025_23:08:25$
04/07/2025 -> #0-fazendapombo_2-351-40-202-201-13.44-03/07/2025_23:08:25$
04/07/2025 -> #0-fazendapombo_2-351-40-202-201-13.44-03/07/2025_23:08:25$
04/07/2025 -> #0-fazendapombo_2-451-40-354-349-15/06/2025_22:10:19$
04/07/2025 -> #0-fazendapombo_2-351-40-202-201-13.44-03/07/2025_23:08:25$
04/07/2025 -> #0-fazendapombo_2-351-40-202-200-13.75-03/07/2025_23:13:25$
04/07/2025 -> #0-fazendapombo_2-351-40-202-200-13.75-03/07/2025_23:13:25$
04/07/2025 -> #0-fazendapombo_2-351-40-202-200-13.75-03/07/2025_23:13:25$
04/07/2025 -> #0-fazendapombo_2-451-40-354-349-15/06/2025_22:10:19$
04/07/2025 -> #0-fazendapombo_2-351-40-202-200-13.75-03/07/2025_23:13:25$
04/07/2025 -> #0-fazendapombo_2-351-40-202-198-13.37-03/07/2025_23:18:25$
04/07/2025 -> #0-fazendapombo_2-351-40-202-198-13.37-03/07/2025_23:18:25$
04/07/2025 -> #0-fazendapombo_2-351-40-202-198-13.37-03/07/2025_23:18:25$
04/07/2025 -> #0-fazendapombo_2-451-40-354-349-15/06/2025_22:10:19$
04/07/2025 -> #0-fazendapombo_2-351-40-202-198-13.37-03/07/2025_23:18:25$
04/07/2025 -> #0-fazendapombo_2-351-40-202-196-13.37-03/07/2025_23:22:26$
04/07/2025 -> #0-fazendapombo_2-351-40-202-196-13.37-03/07/2025_23:22:26$
04/07/2025 -> #0-fazendapombo_2-351-40-202-196-13.37-03/07/2025_23:22:26$
04/07/2025 -> #0-fazendapombo_2-451-40-354-349-15/06/2025_22:10:19$
04/07/2025 -> #0-fazendapombo_2-351-40-202-196-13.37-03/07/2025_23:22:26$
04/07/2025 -> #0-fazendapombo_2-351-40-202-189-13.50-03/07/2025_23:38:25$
04/07/2025 -> #0-fazendapombo_2-351-40-202-189-13.50-03/07/2025_23:38:25$
04/07/2025 -> #0-fazendapombo_2-351-40-202-189-13.50-03/07/2025_23:38:25$
04/07/2025 -> #0-fazendapombo_2-451-40-354-349-15/06/2025_22:10:19$
04/07/2025 -> #0-fazendapombo_2-351-40-202-189-13.50-03/07/2025_23:38:25$
04/07/2025 -> #0-fazendapombo_2-351-40-202-188-13.87-03/07/2025_23:43:25$
04/07/2025 -> #0-fazendapombo_2-351-40-202-188-13.87-03/07/2025_23:43:25$
04/07/2025 -> #0-fazendapombo_2-351-40-202-188-13.87-03/07/2025_23:43:25$
04/07/2025 -> #0-fazendapombo_2-451-40-354-349-15/06/2025_22:10:19$
04/07/2025 -> #0-fazendapombo_2-351-40-202-188-13.87-03/07/2025_23:43:25$
04/07/2025 -> #0-fazendapombo_2-351-40-202-184-13.81-03/07/2025_23:53:25$
04/07/2025 -> #0-fazendapombo_2-351-40-202-184-13.81-03/07/2025_23:53:25$
04/07/2025 -> #0-fazendapombo_2-351-40-202-184-13.81-03/07/2025_23:53:25$
04/07/2025 -> #0-fazendapombo_2-451-40-354-349-15/06/2025_22:10:19$
04/07/2025 -> #0-fazendapombo_2-351-40-202-184-13.81-03/07/2025_23:53:25$
04/07/2025 -> #0-fazendapombo_2-351-40-202-183-13.37-03/07/2025_23:58:25$
04/07/2025 -> #0-fazendapombo_2-351-40-202-183-13.37-03/07/2025_23:58:25$
04/07/2025 -> #0-fazendapombo_2-351-40-202-183-13.37-03/07/2025_23:58:25$
04/07/2025 -> #0-fazendapombo_2-451-40-354-349-15/06/2025_22:10:19$
04/07/2025 -> #0-fazendapombo_2-351-40-202-183-13.37-03/07/2025_23:58:25$
04/07/2025 -> #0-fazendapombo_2-351-40-202-181-13.37-04/07/2025_00:03:25$
04/07/2025 -> #0-fazendapombo_2-351-40-202-181-13.37-04/07/2025_00:03:25$
04/07/2025 -> #0-fazendapombo_2-351-40-202-181-13.37-04/07/2025_00:03:25$
04/07/2025 -> #0-fazendapombo_2-451-40-354-349-15/06/2025_22:10:19$
04/07/2025 -> #0-fazendapombo_2-351-40-202-181-13.37-04/07/2025_00:03:25$
04/07/2025 -> #0-fazendapombo_2-351-40-202-179-13.06-04/07/2025_00:08:25$
04/07/2025 -> #0-fazendapombo_2-351-40-202-179-13.06-04/07/2025_00:08:25$
04/07/2025 -> #0-fazendapombo_2-351-40-202-179-13.06-04/07/2025_00:08:25$
04/07/2025 -> #0-fazendapombo_2-451-40-354-349-15/06/2025_22:10:19$
04/07/2025 -> #0-fazendapombo_2-351-40-202-179-13.06-04/07/2025_00:08:25$
04/07/2025 -> #0-fazendapombo_2-351-40-202-176-13.31-04/07/2025_00:18:25$
04/07/2025 -> #0-fazendapombo_2-351-40-202-176-13.31-04/07/2025_00:18:25$
04/07/2025 -> #0-fazendapombo_2-351-40-202-176-13.31-04/07/2025_00:18:25$
04/07/2025 -> #0-fazendapombo_2-451-40-354-349-15/06/2025_22:10:19$
04/07/2025 -> #0-fazendapombo_2-351-40-202-176-13.31-04/07/2025_00:18:25$
04/07/2025 -> #0-fazendapombo_2-351-40-202-174-13.50-04/07/2025_00:23:25$
04/07/2025 -> #0-fazendapombo_2-351-40-202-174-13.50-04/07/2025_00:23:25$
04/07/2025 -> #0-fazendapombo_2-351-40-202-174-13.50-04/07/2025_00:23:25$
04/07/2025 -> #0-fazendapombo_2-451-40-354-349-15/06/2025_22:10:19$
04/07/2025 -> #0-fazendapombo_2-351-40-202-174-13.50-04/07/2025_00:23:25$
04/07/2025 -> #0-fazendapombo_2-351-40-202-173-13.37-04/07/2025_00:28:25$
04/07/2025 -> #0-fazendapombo_2-351-40-202-173-13.37-04/07/2025_00:28:25$
04/07/2025 -> #0-fazendapombo_2-351-40-202-173-13.37-04/07/2025_00:28:25$
04/07/2025 -> #0-fazendapombo_2-451-40-354-349-15/06/2025_22:10:19$
04/07/2025 -> #0-fazendapombo_2-351-40-202-173-13.37-04/07/2025_00:28:25$
04/07/2025 -> #0-fazendapombo_2-351-40-202-169-13.37-04/07/2025_00:38:25$
04/07/2025 -> #0-fazendapombo_2-351-40-202-169-13.37-04/07/2025_00:38:25$
04/07/2025 -> #0-fazendapombo_2-351-40-202-169-13.37-04/07/2025_00:38:25$
04/07/2025 -> #0-fazendapombo_2-451-40-354-349-15/06/2025_22:10:19$
04/07/2025 -> #0-fazendapombo_2-351-40-202-169-13.37-04/07/2025_00:38:25$
04/07/2025 -> #0-fazendapombo_2-351-40-202-167-13.81-04/07/2025_00:43:27$
04/07/2025 -> #0-fazendapombo_2-351-40-202-167-13.81-04/07/2025_00:43:27$
04/07/2025 -> #0-fazendapombo_2-351-40-202-167-13.81-04/07/2025_00:43:27$
04/07/2025 -> #0-fazendapombo_2-451-40-354-349-15/06/2025_22:10:19$
04/07/2025 -> #0-fazendapombo_2-351-40-202-167-13.81-04/07/2025_00:43:27$
04/07/2025 -> #0-fazendapombo_2-351-40-202-166-13.37-04/07/2025_00:48:25$
04/07/2025 -> #0-fazendapombo_2-351-40-202-166-13.37-04/07/2025_00:48:25$
04/07/2025 -> #0-fazendapombo_2-351-40-202-166-13.37-04/07/2025_00:48:25$
04/07/2025 -> #0-fazendapombo_2-451-40-354-349-15/06/2025_22:10:19$
04/07/2025 -> #0-fazendapombo_2-351-40-202-166-13.37-04/07/2025_00:48:25$
04/07/2025 -> #0-fazendapombo_2-351-40-202-164-13.44-04/07/2025_00:53:25$
04/07/2025 -> #0-fazendapombo_2-351-40-202-164-13.44-04/07/2025_00:53:25$
04/07/2025 -> #0-fazendapombo_2-351-40-202-164-13.44-04/07/2025_00:53:25$
04/07/2025 -> #0-fazendapombo_2-451-40-354-349-15/06/2025_22:10:19$
04/07/2025 -> #0-fazendapombo_2-351-40-202-164-13.44-04/07/2025_00:53:25$
04/07/2025 -> #0-fazendapombo_2-351-40-202-163-13.31-04/07/2025_00:56:22$
04/07/2025 -> #0-fazendapombo_2-351-40-202-163-13.31-04/07/2025_00:56:22$
04/07/2025 -> #0-fazendapombo_2-351-40-202-163-13.31-04/07/2025_00:56:22$
04/07/2025 -> #0-fazendapombo_2-451-40-354-349-15/06/2025_22:10:19$
04/07/2025 -> #0-fazendapombo_2-351-40-202-163-13.31-04/07/2025_00:56:22$
04/07/2025 -> #0-fazendapombo_2-351-40-202-162-13.31-04/07/2025_00:58:25$
04/07/2025 -> #0-fazendapombo_2-351-40-202-162-13.31-04/07/2025_00:58:25$
04/07/2025 -> #0-fazendapombo_2-351-40-202-162-13.31-04/07/2025_00:58:25$
04/07/2025 -> #0-fazendapombo_2-451-40-354-349-15/06/2025_22:10:19$
04/07/2025 -> #0-fazendapombo_2-351-40-202-162-13.31-04/07/2025_00:58:25$
04/07/2025 -> #0-fazendapombo_2-351-40-202-160-13.44-04/07/2025_01:03:25$
04/07/2025 -> #0-fazendapombo_2-351-40-202-160-13.44-04/07/2025_01:03:25$
04/07/2025 -> #0-fazendapombo_2-351-40-202-160-13.44-04/07/2025_01:03:25$
04/07/2025 -> #0-fazendapombo_2-451-40-354-349-15/06/2025_22:10:19$
04/07/2025 -> #0-fazendapombo_2-351-40-202-160-13.44-04/07/2025_01:03:25$
04/07/2025 -> #0-fazendapombo_2-351-40-202-159-13.31-04/07/2025_01:08:25$
04/07/2025 -> #0-fazendapombo_2-351-40-202-159-13.31-04/07/2025_01:08:25$
04/07/2025 -> #0-fazendapombo_2-351-40-202-159-13.31-04/07/2025_01:08:25$
04/07/2025 -> #0-fazendapombo_2-451-40-354-349-15/06/2025_22:10:19$
04/07/2025 -> #0-fazendapombo_2-351-40-202-159-13.31-04/07/2025_01:08:25$
04/07/2025 -> #0-fazendapombo_2-351-40-202-156-13.81-04/07/2025_01:13:25$
04/07/2025 -> #0-fazendapombo_2-351-40-202-156-13.81-04/07/2025_01:13:25$
04/07/2025 -> #0-fazendapombo_2-351-40-202-156-13.81-04/07/2025_01:13:25$
04/07/2025 -> #0-fazendapombo_2-451-40-354-349-15/06/2025_22:10:19$
04/07/2025 -> #0-fazendapombo_2-351-40-202-156-13.81-04/07/2025_01:13:25$
04/07/2025 -> #0-fazendapombo_2-351-40-202-152-13.31-04/07/2025_01:23:25$
04/07/2025 -> #0-fazendapombo_2-351-40-202-152-13.31-04/07/2025_01:23:25$
04/07/2025 -> #0-fazendapombo_2-351-40-202-152-13.31-04/07/2025_01:23:25$
04/07/2025 -> #0-fazendapombo_2-451-40-354-349-15/06/2025_22:10:19$
04/07/2025 -> #0-fazendapombo_2-351-40-202-152-13.31-04/07/2025_01:23:25$
04/07/2025 -> #0-fazendapombo_2-351-40-202-150-13.31-04/07/2025_01:28:25$
04/07/2025 -> #0-fazendapombo_2-351-40-202-150-13.31-04/07/2025_01:28:25$
04/07/2025 -> #0-fazendapombo_2-351-40-202-150-13.31-04/07/2025_01:28:25$
04/07/2025 -> #0-fazendapombo_2-451-40-354-349-15/06/2025_22:10:19$
04/07/2025 -> #0-fazendapombo_2-351-40-202-150-13.31-04/07/2025_01:28:25$
04/07/2025 -> #0-fazendapombo_2-351-40-202-148-13.50-04/07/2025_01:32:26$
04/07/2025 -> #0-fazendapombo_2-351-40-202-148-13.50-04/07/2025_01:32:26$
04/07/2025 -> #0-fazendapombo_2-351-40-202-148-13.50-04/07/2025_01:32:26$
04/07/2025 -> #0-fazendapombo_2-451-40-354-349-15/06/2025_22:10:19$
04/07/2025 -> #0-fazendapombo_2-351-40-202-148-13.50-04/07/2025_01:32:26$
04/07/2025 -> #0-fazendapombo_2-351-40-202-146-13.31-04/07/2025_01:38:25$
04/07/2025 -> #0-fazendapombo_2-351-40-202-146-13.31-04/07/2025_01:38:25$
04/07/2025 -> #0-fazendapombo_2-351-40-202-146-13.31-04/07/2025_01:38:25$
04/07/2025 -> #0-fazendapombo_2-451-40-354-349-15/06/2025_22:10:19$
04/07/2025 -> #0-fazendapombo_2-351-40-202-146-13.31-04/07/2025_01:38:25$
04/07/2025 -> #0-fazendapombo_2-351-40-202-144-13.44-04/07/2025_01:43:25$
04/07/2025 -> #0-fazendapombo_2-351-40-202-144-13.44-04/07/2025_01:43:25$
04/07/2025 -> #0-fazendapombo_2-351-40-202-144-13.44-04/07/2025_01:43:25$
04/07/2025 -> #0-fazendapombo_2-451-40-354-349-15/06/2025_22:10:19$
04/07/2025 -> #0-fazendapombo_2-351-40-202-144-13.44-04/07/2025_01:43:25$
04/07/2025 -> #0-fazendapombo_2-351-40-202-142-13.37-04/07/2025_01:48:25$
04/07/2025 -> #0-fazendapombo_2-351-40-202-142-13.37-04/07/2025_01:48:25$
04/07/2025 -> #0-fazendapombo_2-351-40-202-142-13.37-04/07/2025_01:48:25$
04/07/2025 -> #0-fazendapombo_2-451-40-354-349-15/06/2025_22:10:19$
04/07/2025 -> #0-fazendapombo_2-351-40-202-142-13.37-04/07/2025_01:48:25$
04/07/2025 -> #0-fazendapombo_2-351-100-202-141-13.44-04/07/2025_01:51:24$
04/07/2025 -> #0-fazendapombo_2-351-100-202-141-13.44-04/07/2025_01:51:24$
04/07/2025 -> #0-fazendapombo_2-351-100-202-141-13.44-04/07/2025_01:51:24$
04/07/2025 -> #0-fazendapombo_2-451-40-354-349-15/06/2025_22:10:19$
04/07/2025 -> #0-fazendapombo_2-351-100-202-141-13.44-04/07/2025_01:51:24$
04/07/2025 -> #0-fazendapombo_2-351-40-202-141-13.25-04/07/2025_01:53:23$
04/07/2025 -> #0-fazendapombo_2-351-40-202-141-13.25-04/07/2025_01:53:23$
04/07/2025 -> #0-fazendapombo_2-351-40-202-141-13.25-04/07/2025_01:53:23$
04/07/2025 -> #0-fazendapombo_2-451-40-354-349-15/06/2025_22:10:19$
04/07/2025 -> #0-fazendapombo_2-351-40-202-141-13.25-04/07/2025_01:53:23$
04/07/2025 -> #0-fazendapombo_2-351-40-202-141-13.31-04/07/2025_01:52:26$
04/07/2025 -> #0-fazendapombo_2-351-40-202-141-13.31-04/07/2025_01:52:26$
04/07/2025 -> #0-fazendapombo_2-351-40-202-141-13.31-04/07/2025_01:52:26$
04/07/2025 -> #0-fazendapombo_2-451-40-354-349-15/06/2025_22:10:19$
04/07/2025 -> #0-fazendapombo_2-351-40-202-141-13.31-04/07/2025_01:52:26$
04/07/2025 -> #0-fazendapombo_2-351-40-202-139-13.44-04/07/2025_01:57:26$
04/07/2025 -> #0-fazendapombo_2-351-40-202-139-13.44-04/07/2025_01:57:26$
04/07/2025 -> #0-fazendapombo_2-351-40-202-139-13.44-04/07/2025_01:57:26$
04/07/2025 -> #0-fazendapombo_2-451-40-354-349-15/06/2025_22:10:19$
04/07/2025 -> #0-fazendapombo_2-351-40-202-139-13.44-04/07/2025_01:57:26$
04/07/2025 -> #0-fazendapombo_2-351-40-202-137-13.31-04/07/2025_02:03:25$
04/07/2025 -> #0-fazendapombo_2-351-40-202-137-13.31-04/07/2025_02:03:25$
04/07/2025 -> #0-fazendapombo_2-351-40-202-137-13.31-04/07/2025_02:03:25$
04/07/2025 -> #0-fazendapombo_2-451-40-354-349-15/06/2025_22:10:19$
04/07/2025 -> #0-fazendapombo_2-351-40-202-137-13.31-04/07/2025_02:03:25$
04/07/2025 -> #0-fazendapombo_2-351-40-202-136-13.31-04/07/2025_02:08:25$
04/07/2025 -> #0-fazendapombo_2-351-40-202-136-13.31-04/07/2025_02:08:25$
04/07/2025 -> #0-fazendapombo_2-351-40-202-136-13.31-04/07/2025_02:08:25$
04/07/2025 -> #0-fazendapombo_2-451-40-354-349-15/06/2025_22:10:19$
04/07/2025 -> #0-fazendapombo_2-351-40-202-136-13.31-04/07/2025_02:08:25$
04/07/2025 -> #0-fazendapombo_2-351-40-202-134-13.31-04/07/2025_02:13:25$
04/07/2025 -> #0-fazendapombo_2-351-40-202-134-13.31-04/07/2025_02:13:25$
04/07/2025 -> #0-fazendapombo_2-351-40-202-134-13.31-04/07/2025_02:13:25$
04/07/2025 -> #0-fazendapombo_2-451-40-354-349-15/06/2025_22:10:19$
04/07/2025 -> #0-fazendapombo_2-351-40-202-134-13.31-04/07/2025_02:13:25$
04/07/2025 -> #0-fazendapombo_2-351-40-202-132-13.31-04/07/2025_02:18:25$
04/07/2025 -> #0-fazendapombo_2-351-40-202-132-13.31-04/07/2025_02:18:25$
04/07/2025 -> #0-fazendapombo_2-351-40-202-132-13.31-04/07/2025_02:18:25$
04/07/2025 -> #0-fazendapombo_2-451-40-354-349-15/06/2025_22:10:19$
04/07/2025 -> #0-fazendapombo_2-351-40-202-132-13.31-04/07/2025_02:18:25$
04/07/2025 -> #0-fazendapombo_2-351-40-202-131-13.31-04/07/2025_02:23:25$
04/07/2025 -> #0-fazendapombo_2-351-40-202-131-13.31-04/07/2025_02:23:25$
04/07/2025 -> #0-fazendapombo_2-351-40-202-131-13.31-04/07/2025_02:23:25$
04/07/2025 -> #0-fazendapombo_2-451-40-354-349-15/06/2025_22:10:19$
04/07/2025 -> #0-fazendapombo_2-351-40-202-131-13.31-04/07/2025_02:23:25$
04/07/2025 -> #0-fazendapombo_2-351-40-202-129-13.37-04/07/2025_02:28:25$
04/07/2025 -> #0-fazendapombo_2-351-40-202-129-13.37-04/07/2025_02:28:25$
04/07/2025 -> #0-fazendapombo_2-351-40-202-129-13.37-04/07/2025_02:28:25$
04/07/2025 -> #0-fazendapombo_2-451-40-354-349-15/06/2025_22:10:19$
04/07/2025 -> #0-fazendapombo_2-351-40-202-129-13.37-04/07/2025_02:28:25$
04/07/2025 -> #0-fazendapombo_2-351-40-202-127-13.31-04/07/2025_02:33:25$
04/07/2025 -> #0-fazendapombo_2-351-40-202-127-13.31-04/07/2025_02:33:25$
04/07/2025 -> #0-fazendapombo_2-351-40-202-127-13.31-04/07/2025_02:33:25$
04/07/2025 -> #0-fazendapombo_2-451-40-354-349-15/06/2025_22:10:19$
04/07/2025 -> #0-fazendapombo_2-351-40-202-127-13.31-04/07/2025_02:33:25$
04/07/2025 -> #0-fazendapombo_2-351-40-202-125-13.44-04/07/2025_02:38:25$
04/07/2025 -> #0-fazendapombo_2-351-40-202-125-13.44-04/07/2025_02:38:25$
04/07/2025 -> #0-fazendapombo_2-351-40-202-125-13.44-04/07/2025_02:38:25$
04/07/2025 -> #0-fazendapombo_2-451-40-354-349-15/06/2025_22:10:19$
04/07/2025 -> #0-fazendapombo_2-351-40-202-125-13.44-04/07/2025_02:38:25$
04/07/2025 -> #0-fazendapombo_2-351-40-202-123-13.31-04/07/2025_02:43:25$
04/07/2025 -> #0-fazendapombo_2-351-40-202-123-13.31-04/07/2025_02:43:25$
04/07/2025 -> #0-fazendapombo_2-351-40-202-123-13.31-04/07/2025_02:43:25$
04/07/2025 -> #0-fazendapombo_2-451-40-354-349-15/06/2025_22:10:19$
04/07/2025 -> #0-fazendapombo_2-351-40-202-123-13.31-04/07/2025_02:43:25$
04/07/2025 -> #0-fazendapombo_2-351-40-202-121-13.31-04/07/2025_02:48:25$
04/07/2025 -> #0-fazendapombo_2-351-40-202-121-13.31-04/07/2025_02:48:25$
04/07/2025 -> #0-fazendapombo_2-351-40-202-121-13.31-04/07/2025_02:48:25$
04/07/2025 -> #0-fazendapombo_2-451-40-354-349-15/06/2025_22:10:19$
04/07/2025 -> #0-fazendapombo_2-351-40-202-121-13.31-04/07/2025_02:48:25$
04/07/2025 -> #0-fazendapombo_2-351-40-202-119-13.37-04/07/2025_02:53:25$
04/07/2025 -> #0-fazendapombo_2-351-40-202-119-13.37-04/07/2025_02:53:25$
04/07/2025 -> #0-fazendapombo_2-351-40-202-119-13.37-04/07/2025_02:53:25$
04/07/2025 -> #0-fazendapombo_2-451-40-354-349-15/06/2025_22:10:19$
04/07/2025 -> #0-fazendapombo_2-351-40-202-119-13.37-04/07/2025_02:53:25$
04/07/2025 -> #0-fazendapombo_2-351-40-202-115-13.31-04/07/2025_03:03:25$
04/07/2025 -> #0-fazendapombo_2-351-40-202-115-13.31-04/07/2025_03:03:25$
04/07/2025 -> #0-fazendapombo_2-351-40-202-115-13.31-04/07/2025_03:03:25$
04/07/2025 -> #0-fazendapombo_2-451-40-354-349-15/06/2025_22:10:19$
04/07/2025 -> #0-fazendapombo_2-351-40-202-115-13.31-04/07/2025_03:03:25$
04/07/2025 -> #0-fazendapombo_2-351-40-202-113-13.31-04/07/2025_03:08:25$
04/07/2025 -> #0-fazendapombo_2-351-40-202-113-13.31-04/07/2025_03:08:25$
04/07/2025 -> #0-fazendapombo_2-351-40-202-113-13.31-04/07/2025_03:08:25$
04/07/2025 -> #0-fazendapombo_2-451-40-354-349-15/06/2025_22:10:19$
04/07/2025 -> #0-fazendapombo_2-351-40-202-113-13.31-04/07/2025_03:08:25$
04/07/2025 -> #0-fazendapombo_2-351-40-202-109-13.81-04/07/2025_03:18:25$
04/07/2025 -> #0-fazendapombo_2-351-40-202-109-13.81-04/07/2025_03:18:25$
04/07/2025 -> #0-fazendapombo_2-351-40-202-109-13.81-04/07/2025_03:18:25$
04/07/2025 -> #0-fazendapombo_2-451-40-354-349-15/06/2025_22:10:19$
04/07/2025 -> #0-fazendapombo_2-351-40-202-109-13.81-04/07/2025_03:18:25$
04/07/2025 -> #0-fazendapombo_2-351-40-202-107-13.37-04/07/2025_03:23:25$
04/07/2025 -> #0-fazendapombo_2-351-40-202-107-13.37-04/07/2025_03:23:25$
04/07/2025 -> #0-fazendapombo_2-351-40-202-107-13.37-04/07/2025_03:23:25$
04/07/2025 -> #0-fazendapombo_2-451-40-354-349-15/06/2025_22:10:19$
04/07/2025 -> #0-fazendapombo_2-351-40-202-107-13.37-04/07/2025_03:23:25$
04/07/2025 -> #0-fazendapombo_2-351-40-202-105-13.94-04/07/2025_03:28:25$
04/07/2025 -> #0-fazendapombo_2-351-40-202-105-13.94-04/07/2025_03:28:25$
04/07/2025 -> #0-fazendapombo_2-351-40-202-105-13.94-04/07/2025_03:28:25$
04/07/2025 -> #0-fazendapombo_2-451-40-354-349-15/06/2025_22:10:19$
04/07/2025 -> #0-fazendapombo_2-351-40-202-105-13.94-04/07/2025_03:28:25$
04/07/2025 -> #0-fazendapombo_2-351-40-202-103-13.75-04/07/2025_03:33:25$
04/07/2025 -> #0-fazendapombo_2-351-40-202-103-13.75-04/07/2025_03:33:25$
04/07/2025 -> #0-fazendapombo_2-351-40-202-103-13.75-04/07/2025_03:33:25$
04/07/2025 -> #0-fazendapombo_2-451-40-354-349-15/06/2025_22:10:19$
04/07/2025 -> #0-fazendapombo_2-351-40-202-103-13.75-04/07/2025_03:33:25$
04/07/2025 -> #0-fazendapombo_2-351-40-202-101-13.56-04/07/2025_03:38:25$
04/07/2025 -> #0-fazendapombo_2-351-40-202-101-13.56-04/07/2025_03:38:25$
04/07/2025 -> #0-fazendapombo_2-351-40-202-101-13.56-04/07/2025_03:38:25$
04/07/2025 -> #0-fazendapombo_2-451-40-354-349-15/06/2025_22:10:19$
04/07/2025 -> #0-fazendapombo_2-351-40-202-101-13.56-04/07/2025_03:38:25$
04/07/2025 -> #0-fazendapombo_2-351-40-202-99-13.50-04/07/2025_03:43:25$
04/07/2025 -> #0-fazendapombo_2-351-40-202-99-13.50-04/07/2025_03:43:25$
04/07/2025 -> #0-fazendapombo_2-351-40-202-99-13.50-04/07/2025_03:43:25$
04/07/2025 -> #0-fazendapombo_2-451-40-354-349-15/06/2025_22:10:19$
04/07/2025 -> #0-fazendapombo_2-351-40-202-99-13.50-04/07/2025_03:43:25$
04/07/2025 -> #0-fazendapombo_2-351-40-202-97-13.50-04/07/2025_03:48:25$
04/07/2025 -> #0-fazendapombo_2-351-40-202-97-13.50-04/07/2025_03:48:25$
04/07/2025 -> #0-fazendapombo_2-351-40-202-97-13.50-04/07/2025_03:48:25$
04/07/2025 -> #0-fazendapombo_2-451-40-354-349-15/06/2025_22:10:19$
04/07/2025 -> #0-fazendapombo_2-351-40-202-97-13.50-04/07/2025_03:48:25$
04/07/2025 -> #0-fazendapombo_2-351-40-202-95-14.06-04/07/2025_03:53:25$
04/07/2025 -> #0-fazendapombo_2-351-40-202-95-14.06-04/07/2025_03:53:25$
04/07/2025 -> #0-fazendapombo_2-351-40-202-95-14.06-04/07/2025_03:53:25$
04/07/2025 -> #0-fazendapombo_2-451-40-354-349-15/06/2025_22:10:19$
04/07/2025 -> #0-fazendapombo_2-351-40-202-95-14.06-04/07/2025_03:53:25$
04/07/2025 -> #0-fazendapombo_2-351-40-202-93-13.50-04/07/2025_03:58:25$
04/07/2025 -> #0-fazendapombo_2-351-40-202-93-13.50-04/07/2025_03:58:25$
04/07/2025 -> #0-fazendapombo_2-351-40-202-93-13.50-04/07/2025_03:58:25$
04/07/2025 -> #0-fazendapombo_2-451-40-354-349-15/06/2025_22:10:19$
04/07/2025 -> #0-fazendapombo_2-351-40-202-93-13.50-04/07/2025_03:58:25$
04/07/2025 -> #0-fazendapombo_2-351-40-202-91-13.44-04/07/2025_04:03:25$
04/07/2025 -> #0-fazendapombo_2-351-40-202-91-13.44-04/07/2025_04:03:25$
04/07/2025 -> #0-fazendapombo_2-351-40-202-91-13.44-04/07/2025_04:03:25$
04/07/2025 -> #0-fazendapombo_2-451-40-354-349-15/06/2025_22:10:19$
04/07/2025 -> #0-fazendapombo_2-351-40-202-91-13.44-04/07/2025_04:03:25$
04/07/2025 -> #0-fazendapombo_2-351-40-202-88-14.06-04/07/2025_04:08:25$
04/07/2025 -> #0-fazendapombo_2-351-40-202-88-14.06-04/07/2025_04:08:25$
04/07/2025 -> #0-fazendapombo_2-351-40-202-88-14.06-04/07/2025_04:08:25$
04/07/2025 -> #0-fazendapombo_2-451-40-354-349-15/06/2025_22:10:19$
04/07/2025 -> #0-fazendapombo_2-351-40-202-88-14.06-04/07/2025_04:08:25$
04/07/2025 -> #0-fazendapombo_2-351-40-202-86-13.37-04/07/2025_04:13:25$
04/07/2025 -> #0-fazendapombo_2-351-40-202-86-13.37-04/07/2025_04:13:25$
04/07/2025 -> #0-fazendapombo_2-351-40-202-86-13.37-04/07/2025_04:13:25$
04/07/2025 -> #0-fazendapombo_2-451-40-354-349-15/06/2025_22:10:19$
04/07/2025 -> #0-fazendapombo_2-351-40-202-86-13.37-04/07/2025_04:13:25$
04/07/2025 -> #0-fazendapombo_2-351-40-202-85-13.37-04/07/2025_04:17:26$
04/07/2025 -> #0-fazendapombo_2-351-40-202-85-13.37-04/07/2025_04:17:26$
04/07/2025 -> #0-fazendapombo_2-351-40-202-85-13.37-04/07/2025_04:17:26$
04/07/2025 -> #0-fazendapombo_2-451-40-354-349-15/06/2025_22:10:19$
04/07/2025 -> #0-fazendapombo_2-351-40-202-85-13.37-04/07/2025_04:17:26$
04/07/2025 -> #0-fazendapombo_2-351-40-202-83-13.37-04/07/2025_04:23:25$
04/07/2025 -> #0-fazendapombo_2-351-40-202-83-13.37-04/07/2025_04:23:25$
04/07/2025 -> #0-fazendapombo_2-351-40-202-83-13.37-04/07/2025_04:23:25$
04/07/2025 -> #0-fazendapombo_2-451-40-354-349-15/06/2025_22:10:19$
04/07/2025 -> #0-fazendapombo_2-351-40-202-83-13.37-04/07/2025_04:23:25$
04/07/2025 -> #0-fazendapombo_2-351-40-202-80-13.81-04/07/2025_04:28:25$
04/07/2025 -> #0-fazendapombo_2-351-40-202-80-13.81-04/07/2025_04:28:25$
04/07/2025 -> #0-fazendapombo_2-351-40-202-80-13.81-04/07/2025_04:28:25$
04/07/2025 -> #0-fazendapombo_2-451-40-354-349-15/06/2025_22:10:19$
04/07/2025 -> #0-fazendapombo_2-351-40-202-80-13.81-04/07/2025_04:28:25$
04/07/2025 -> #0-fazendapombo_2-351-40-202-78-13.50-04/07/2025_04:33:25$
04/07/2025 -> #0-fazendapombo_2-351-40-202-78-13.50-04/07/2025_04:33:25$
04/07/2025 -> #0-fazendapombo_2-351-40-202-78-13.50-04/07/2025_04:33:25$
04/07/2025 -> #0-fazendapombo_2-451-40-354-349-15/06/2025_22:10:19$
04/07/2025 -> #0-fazendapombo_2-351-40-202-78-13.50-04/07/2025_04:33:25$
04/07/2025 -> #0-fazendapombo_2-351-40-202-76-13.37-04/07/2025_04:37:26$
04/07/2025 -> #0-fazendapombo_2-351-40-202-76-13.37-04/07/2025_04:37:26$
04/07/2025 -> #0-fazendapombo_2-351-40-202-76-13.37-04/07/2025_04:37:26$
04/07/2025 -> #0-fazendapombo_2-451-40-354-349-15/06/2025_22:10:19$
04/07/2025 -> #0-fazendapombo_2-351-40-202-76-13.37-04/07/2025_04:37:26$
04/07/2025 -> #0-fazendapombo_2-351-40-202-74-13.44-04/07/2025_04:43:25$
04/07/2025 -> #0-fazendapombo_2-351-40-202-74-13.44-04/07/2025_04:43:25$
04/07/2025 -> #0-fazendapombo_2-351-40-202-74-13.44-04/07/2025_04:43:25$
04/07/2025 -> #0-fazendapombo_2-451-40-354-349-15/06/2025_22:10:19$
04/07/2025 -> #0-fazendapombo_2-351-40-202-74-13.44-04/07/2025_04:43:25$
04/07/2025 -> #0-fazendapombo_2-351-40-202-72-13.44-04/07/2025_04:47:26$
04/07/2025 -> #0-fazendapombo_2-351-40-202-72-13.44-04/07/2025_04:47:26$
04/07/2025 -> #0-fazendapombo_2-351-40-202-72-13.44-04/07/2025_04:47:26$
04/07/2025 -> #0-fazendapombo_2-451-40-354-349-15/06/2025_22:10:19$
04/07/2025 -> #0-fazendapombo_2-351-40-202-72-13.44-04/07/2025_04:47:26$
04/07/2025 -> #0-fazendapombo_2-351-40-202-70-13.37-04/07/2025_04:53:25$
04/07/2025 -> #0-fazendapombo_2-351-40-202-70-13.37-04/07/2025_04:53:25$
04/07/2025 -> #0-fazendapombo_2-351-40-202-70-13.37-04/07/2025_04:53:25$
04/07/2025 -> #0-fazendapombo_2-451-40-354-349-15/06/2025_22:10:19$
04/07/2025 -> #0-fazendapombo_2-351-40-202-70-13.37-04/07/2025_04:53:25$
04/07/2025 -> #0-fazendapombo_2-351-40-202-68-13.44-04/07/2025_04:57:26$
04/07/2025 -> #0-fazendapombo_2-351-40-202-68-13.44-04/07/2025_04:57:26$
04/07/2025 -> #0-fazendapombo_2-351-40-202-68-13.44-04/07/2025_04:57:26$
04/07/2025 -> #0-fazendapombo_2-451-40-354-349-15/06/2025_22:10:19$
04/07/2025 -> #0-fazendapombo_2-351-40-202-68-13.44-04/07/2025_04:57:26$
04/07/2025 -> #0-fazendapombo_2-351-40-202-64-13.56-04/07/2025_05:07:26$
04/07/2025 -> #0-fazendapombo_2-351-40-202-64-13.56-04/07/2025_05:07:26$
04/07/2025 -> #0-fazendapombo_2-351-40-202-64-13.56-04/07/2025_05:07:26$
04/07/2025 -> #0-fazendapombo_2-451-40-354-349-15/06/2025_22:10:19$
04/07/2025 -> #0-fazendapombo_2-351-40-202-64-13.56-04/07/2025_05:07:26$
04/07/2025 -> #0-fazendapombo_2-351-40-202-62-13.50-04/07/2025_05:13:25$
04/07/2025 -> #0-fazendapombo_2-351-40-202-62-13.50-04/07/2025_05:13:25$
04/07/2025 -> #0-fazendapombo_2-351-40-202-62-13.50-04/07/2025_05:13:25$
04/07/2025 -> #0-fazendapombo_2-451-40-354-349-15/06/2025_22:10:19$
04/07/2025 -> #0-fazendapombo_2-351-40-202-62-13.50-04/07/2025_05:13:25$
04/07/2025 -> #0-fazendapombo_2-351-40-202-55-14.06-04/07/2025_05:33:25$
04/07/2025 -> #0-fazendapombo_2-351-40-202-55-14.06-04/07/2025_05:33:25$
04/07/2025 -> #0-fazendapombo_2-351-40-202-55-14.06-04/07/2025_05:33:25$
04/07/2025 -> #0-fazendapombo_2-451-40-354-349-15/06/2025_22:10:19$
04/07/2025 -> #0-fazendapombo_2-351-40-202-55-14.06-04/07/2025_05:33:25$
04/07/2025 -> #0-fazendapombo_2-351-40-202-54-13.50-04/07/2025_05:38:25$
04/07/2025 -> #0-fazendapombo_2-351-40-202-54-13.50-04/07/2025_05:38:25$
04/07/2025 -> #0-fazendapombo_2-351-40-202-54-13.50-04/07/2025_05:38:25$
04/07/2025 -> #0-fazendapombo_2-451-40-354-349-15/06/2025_22:10:19$
04/07/2025 -> #0-fazendapombo_2-351-40-202-54-13.50-04/07/2025_05:38:25$
04/07/2025 -> #0-fazendapombo_2-351-40-202-53-13.94-04/07/2025_05:43:25$
04/07/2025 -> #0-fazendapombo_2-351-40-202-53-13.94-04/07/2025_05:43:25$
04/07/2025 -> #0-fazendapombo_2-351-40-202-53-13.94-04/07/2025_05:43:25$
04/07/2025 -> #0-fazendapombo_2-451-40-354-349-15/06/2025_22:10:19$
04/07/2025 -> #0-fazendapombo_2-351-40-202-53-13.94-04/07/2025_05:43:25$
04/07/2025 -> #0-fazendapombo_2-351-40-202-51-13.75-04/07/2025_05:48:25$
04/07/2025 -> #0-fazendapombo_2-351-40-202-51-13.75-04/07/2025_05:48:25$
04/07/2025 -> #0-fazendapombo_2-351-40-202-51-13.75-04/07/2025_05:48:25$
04/07/2025 -> #0-fazendapombo_2-451-40-354-349-15/06/2025_22:10:19$
04/07/2025 -> #0-fazendapombo_2-351-40-202-51-13.75-04/07/2025_05:48:25$
04/07/2025 -> #0-fazendapombo_2-351-40-202-44-13.44-04/07/2025_06:07:26$
04/07/2025 -> #0-fazendapombo_2-351-40-202-44-13.44-04/07/2025_06:07:26$
04/07/2025 -> #0-fazendapombo_2-351-40-202-44-13.44-04/07/2025_06:07:26$
04/07/2025 -> #0-fazendapombo_2-451-40-354-349-15/06/2025_22:10:19$
04/07/2025 -> #0-fazendapombo_2-351-40-202-44-13.44-04/07/2025_06:07:26$
04/07/2025 -> #0-fazendapombo_2-351-40-202-42-13.56-04/07/2025_06:13:25$
04/07/2025 -> #0-fazendapombo_2-351-40-202-42-13.56-04/07/2025_06:13:25$
04/07/2025 -> #0-fazendapombo_2-351-40-202-42-13.56-04/07/2025_06:13:25$
04/07/2025 -> #0-fazendapombo_2-451-40-354-349-15/06/2025_22:10:19$
04/07/2025 -> #0-fazendapombo_2-351-40-202-42-13.56-04/07/2025_06:13:25$
04/07/2025 -> #0-fazendapombo_2-351-40-202-38-13.44-04/07/2025_06:23:25$
04/07/2025 -> #0-fazendapombo_2-351-40-202-38-13.44-04/07/2025_06:23:25$
04/07/2025 -> #0-fazendapombo_2-351-40-202-38-13.44-04/07/2025_06:23:25$
04/07/2025 -> #0-fazendapombo_2-451-40-354-349-15/06/2025_22:10:19$
04/07/2025 -> #0-fazendapombo_2-351-40-202-38-13.44-04/07/2025_06:23:25$
04/07/2025 -> #0-fazendapombo_2-351-40-202-36-13.56-04/07/2025_06:28:25$
04/07/2025 -> #0-fazendapombo_2-351-40-202-36-13.56-04/07/2025_06:28:25$
04/07/2025 -> #0-fazendapombo_2-351-40-202-36-13.56-04/07/2025_06:28:25$
04/07/2025 -> #0-fazendapombo_2-451-40-354-349-15/06/2025_22:10:19$
04/07/2025 -> #0-fazendapombo_2-351-40-202-36-13.56-04/07/2025_06:28:25$
04/07/2025 -> #0-fazendapombo_2-351-40-202-34-13.56-04/07/2025_06:33:25$
04/07/2025 -> #0-fazendapombo_2-351-40-202-34-13.56-04/07/2025_06:33:25$
04/07/2025 -> #0-fazendapombo_2-351-40-202-34-13.56-04/07/2025_06:33:25$
04/07/2025 -> #0-fazendapombo_2-451-40-354-349-15/06/2025_22:10:19$
04/07/2025 -> #0-fazendapombo_2-351-40-202-34-13.56-04/07/2025_06:33:25$
04/07/2025 -> #0-fazendapombo_2-351-40-202-32-13.56-04/07/2025_06:38:25$
04/07/2025 -> #0-fazendapombo_2-351-40-202-32-13.56-04/07/2025_06:38:25$
04/07/2025 -> #0-fazendapombo_2-351-40-202-32-13.56-04/07/2025_06:38:25$
04/07/2025 -> #0-fazendapombo_2-451-40-354-349-15/06/2025_22:10:19$
04/07/2025 -> #0-fazendapombo_2-351-40-202-32-13.56-04/07/2025_06:38:25$
04/07/2025 -> #0-fazendapombo_2-351-40-202-30-14.00-04/07/2025_06:43:25$
04/07/2025 -> #0-fazendapombo_2-351-40-202-30-14.00-04/07/2025_06:43:25$
04/07/2025 -> #0-fazendapombo_2-351-40-202-30-14.00-04/07/2025_06:43:25$
04/07/2025 -> #0-fazendapombo_2-451-40-354-349-15/06/2025_22:10:19$
04/07/2025 -> #0-fazendapombo_2-351-40-202-30-14.00-04/07/2025_06:43:25$
04/07/2025 -> #0-fazendapombo_2-351-40-202-27-13.87-04/07/2025_06:53:25$
04/07/2025 -> #0-fazendapombo_2-351-40-202-27-13.87-04/07/2025_06:53:25$
04/07/2025 -> #0-fazendapombo_2-351-40-202-27-13.87-04/07/2025_06:53:25$
04/07/2025 -> #0-fazendapombo_2-451-40-354-349-15/06/2025_22:10:19$
04/07/2025 -> #0-fazendapombo_2-351-40-202-27-13.87-04/07/2025_06:53:25$
04/07/2025 -> #0-fazendapombo_2-351-40-202-26-13.56-04/07/2025_06:58:25$
04/07/2025 -> #0-fazendapombo_2-351-40-202-26-13.56-04/07/2025_06:58:25$
04/07/2025 -> #0-fazendapombo_2-351-40-202-26-13.56-04/07/2025_06:58:25$
04/07/2025 -> #0-fazendapombo_2-451-40-354-349-15/06/2025_22:10:19$
04/07/2025 -> #0-fazendapombo_2-351-40-202-26-13.56-04/07/2025_06:58:25$
04/07/2025 -> #0-fazendapombo_2-351-40-202-25-13.69-04/07/2025_07:03:25$
04/07/2025 -> #0-fazendapombo_2-351-40-202-25-13.69-04/07/2025_07:03:25$
04/07/2025 -> #0-fazendapombo_2-351-40-202-25-13.69-04/07/2025_07:03:25$
04/07/2025 -> #0-fazendapombo_2-451-40-354-349-15/06/2025_22:10:19$
04/07/2025 -> #0-fazendapombo_2-351-40-202-25-13.69-04/07/2025_07:03:25$
04/07/2025 -> #0-fazendapombo_2-351-40-202-23-13.69-04/07/2025_07:08:25$
04/07/2025 -> #0-fazendapombo_2-351-40-202-23-13.69-04/07/2025_07:08:25$
04/07/2025 -> #0-fazendapombo_2-351-40-202-23-13.69-04/07/2025_07:08:25$
04/07/2025 -> #0-fazendapombo_2-451-40-354-349-15/06/2025_22:10:19$
04/07/2025 -> #0-fazendapombo_2-351-40-202-23-13.69-04/07/2025_07:08:25$
04/07/2025 -> #0-fazendapombo_2-351-40-202-22-13.62-04/07/2025_07:13:25$
04/07/2025 -> #0-fazendapombo_2-351-40-202-22-13.62-04/07/2025_07:13:25$
04/07/2025 -> #0-fazendapombo_2-351-40-202-22-13.62-04/07/2025_07:13:25$
04/07/2025 -> #0-fazendapombo_2-451-40-354-349-15/06/2025_22:10:19$
04/07/2025 -> #0-fazendapombo_2-351-40-202-22-13.62-04/07/2025_07:13:25$
04/07/2025 -> #0-fazendapombo_2-351-40-202-20-13.44-04/07/2025_07:18:25$
04/07/2025 -> #0-fazendapombo_2-351-40-202-20-13.44-04/07/2025_07:18:25$
04/07/2025 -> #0-fazendapombo_2-351-40-202-20-13.44-04/07/2025_07:18:25$
04/07/2025 -> #0-fazendapombo_2-451-40-354-349-15/06/2025_22:10:19$
04/07/2025 -> #0-fazendapombo_2-351-40-202-20-13.44-04/07/2025_07:18:25$
04/07/2025 -> #0-fazendapombo_2-351-40-202-18-13.50-04/07/2025_07:23:25$
04/07/2025 -> #0-fazendapombo_2-351-40-202-18-13.50-04/07/2025_07:23:25$
04/07/2025 -> #0-fazendapombo_2-351-40-202-18-13.50-04/07/2025_07:23:25$
04/07/2025 -> #0-fazendapombo_2-451-40-354-349-15/06/2025_22:10:19$
04/07/2025 -> #0-fazendapombo_2-351-40-202-18-13.50-04/07/2025_07:23:25$
04/07/2025 -> #0-fazendapombo_2-351-40-202-16-13.56-04/07/2025_07:27:26$
04/07/2025 -> #0-fazendapombo_2-351-40-202-16-13.56-04/07/2025_07:27:26$
04/07/2025 -> #0-fazendapombo_2-351-40-202-16-13.56-04/07/2025_07:27:26$
04/07/2025 -> #0-fazendapombo_2-451-40-354-349-15/06/2025_22:10:19$
04/07/2025 -> #0-fazendapombo_2-351-40-202-16-13.56-04/07/2025_07:27:26$
04/07/2025 -> #0-fazendapombo_2-351-40-202-14-13.56-04/07/2025_07:33:25$
04/07/2025 -> #0-fazendapombo_2-351-40-202-14-13.56-04/07/2025_07:33:25$
04/07/2025 -> #0-fazendapombo_2-351-40-202-14-13.56-04/07/2025_07:33:25$
04/07/2025 -> #0-fazendapombo_2-451-40-354-349-15/06/2025_22:10:19$
04/07/2025 -> #0-fazendapombo_2-351-40-202-14-13.56-04/07/2025_07:33:25$
04/07/2025 -> #0-fazendapombo_2-351-40-202-13-13.94-04/07/2025_07:38:25$
04/07/2025 -> #0-fazendapombo_2-351-40-202-13-13.94-04/07/2025_07:38:25$
04/07/2025 -> #0-fazendapombo_2-351-40-202-13-13.94-04/07/2025_07:38:25$
04/07/2025 -> #0-fazendapombo_2-451-40-354-349-15/06/2025_22:10:19$
04/07/2025 -> #0-fazendapombo_2-351-40-202-13-13.94-04/07/2025_07:38:25$
04/07/2025 -> #0-fazendapombo_2-351-40-202-11-13.37-04/07/2025_07:43:25$
04/07/2025 -> #0-fazendapombo_2-351-40-202-11-13.37-04/07/2025_07:43:25$
04/07/2025 -> #0-fazendapombo_2-351-40-202-11-13.37-04/07/2025_07:43:25$
04/07/2025 -> #0-fazendapombo_2-451-40-354-349-15/06/2025_22:10:19$
04/07/2025 -> #0-fazendapombo_2-351-40-202-11-13.37-04/07/2025_07:43:25$
04/07/2025 -> #0-fazendapombo_2-351-40-202-9-13.37-04/07/2025_07:47:26$
04/07/2025 -> #0-fazendapombo_2-351-40-202-9-13.37-04/07/2025_07:47:26$
04/07/2025 -> #0-fazendapombo_2-351-40-202-9-13.37-04/07/2025_07:47:26$
04/07/2025 -> #0-fazendapombo_2-451-40-354-349-15/06/2025_22:10:19$
04/07/2025 -> #0-fazendapombo_2-351-40-202-9-13.37-04/07/2025_07:47:26$
04/07/2025 -> #0-fazendapombo_2-351-40-202-7-13.31-04/07/2025_07:53:25$
04/07/2025 -> #0-fazendapombo_2-351-40-202-7-13.31-04/07/2025_07:53:25$
04/07/2025 -> #0-fazendapombo_2-351-40-202-7-13.31-04/07/2025_07:53:25$
04/07/2025 -> #0-fazendapombo_2-451-40-354-349-15/06/2025_22:10:19$
04/07/2025 -> #0-fazendapombo_2-351-40-202-7-13.31-04/07/2025_07:53:25$
04/07/2025 -> #0-fazendapombo_2-351-40-202-5-13.25-04/07/2025_07:58:25$
04/07/2025 -> #0-fazendapombo_2-351-40-202-5-13.25-04/07/2025_07:58:25$
04/07/2025 -> #0-fazendapombo_2-351-40-202-5-13.25-04/07/2025_07:58:25$
04/07/2025 -> #0-fazendapombo_2-451-40-354-349-15/06/2025_22:10:19$
04/07/2025 -> #0-fazendapombo_2-351-40-202-5-13.25-04/07/2025_07:58:25$
04/07/2025 -> #0-fazendapombo_2-351-40-202-3-13.31-04/07/2025_08:03:25$
04/07/2025 -> #0-fazendapombo_2-351-40-202-3-13.31-04/07/2025_08:03:25$
04/07/2025 -> #0-fazendapombo_2-351-40-202-3-13.31-04/07/2025_08:03:25$
04/07/2025 -> #0-fazendapombo_2-451-40-354-349-15/06/2025_22:10:19$
04/07/2025 -> #0-fazendapombo_2-351-40-202-3-13.31-04/07/2025_08:03:25$
04/07/2025 -> #0-fazendapombo_2-351-40-202-1-13.31-04/07/2025_08:07:26$
04/07/2025 -> #0-fazendapombo_2-351-40-202-1-13.31-04/07/2025_08:07:26$
04/07/2025 -> #0-fazendapombo_2-351-40-202-1-13.31-04/07/2025_08:07:26$
04/07/2025 -> #0-fazendapombo_2-451-40-354-349-15/06/2025_22:10:19$
04/07/2025 -> #0-fazendapombo_2-351-40-202-1-13.31-04/07/2025_08:07:26$
04/07/2025 -> #0-fazendapombo_2-351-40-202-359-13.25-04/07/2025_08:13:25$
04/07/2025 -> #0-fazendapombo_2-351-40-202-359-13.25-04/07/2025_08:13:25$
04/07/2025 -> #0-fazendapombo_2-351-40-202-359-13.25-04/07/2025_08:13:25$
04/07/2025 -> #0-fazendapombo_2-451-40-354-349-15/06/2025_22:10:19$
04/07/2025 -> #0-fazendapombo_2-351-40-202-359-13.25-04/07/2025_08:13:25$
04/07/2025 -> #0-fazendapombo_2-351-40-202-358-13.25-04/07/2025_08:18:25$
04/07/2025 -> #0-fazendapombo_2-351-40-202-358-13.25-04/07/2025_08:18:25$
04/07/2025 -> #0-fazendapombo_2-351-40-202-358-13.25-04/07/2025_08:18:25$
04/07/2025 -> #0-fazendapombo_2-451-40-354-349-15/06/2025_22:10:19$
04/07/2025 -> #0-fazendapombo_2-351-40-202-358-13.25-04/07/2025_08:18:25$
