# Pacotes #0-fazendapombo_2 da data: 2025-06-29
# Total de pacotes: 175
#==================================================

29/06/2025 -> #0-fazendapombo_2-451-30-9-348-0.00-29/06/2025_17:54:44$
29/06/2025 -> #0-fazendapombo_2-451-30-9-348-0.00-29/06/2025_17:54:44$
29/06/2025 -> #0-fazendapombo_2-451-30-9-348-0.00-29/06/2025_17:54:44$
29/06/2025 -> #0-fazendapombo_2-451-40-354-349-15/06/2025_22:10:19$
29/06/2025 -> #0-fazendapombo_2-451-30-9-348-0.00-29/06/2025_17:54:44$
29/06/2025 -> #0-fazendapombo_2-451-30-9-349-0.00-29/06/2025_17:59:44$
29/06/2025 -> #0-fazendapombo_2-451-30-9-349-0.00-29/06/2025_17:59:44$
29/06/2025 -> #0-fazendapombo_2-451-30-9-349-0.00-29/06/2025_17:59:44$
29/06/2025 -> #0-fazendapombo_2-451-40-354-349-15/06/2025_22:10:19$
29/06/2025 -> #0-fazendapombo_2-451-30-9-349-0.00-29/06/2025_17:59:44$
29/06/2025 -> #0-fazendapombo_2-451-30-9-350-13.31-29/06/2025_18:04:44$
29/06/2025 -> #0-fazendapombo_2-451-30-9-350-13.31-29/06/2025_18:04:44$
29/06/2025 -> #0-fazendapombo_2-451-30-9-350-13.31-29/06/2025_18:04:44$
29/06/2025 -> #0-fazendapombo_2-451-40-354-349-15/06/2025_22:10:19$
29/06/2025 -> #0-fazendapombo_2-451-30-9-350-13.31-29/06/2025_18:04:44$
29/06/2025 -> #0-fazendapombo_2-451-30-9-351-13.25-29/06/2025_18:14:44$
29/06/2025 -> #0-fazendapombo_2-451-30-9-351-13.25-29/06/2025_18:14:44$
29/06/2025 -> #0-fazendapombo_2-451-30-9-351-13.25-29/06/2025_18:14:44$
29/06/2025 -> #0-fazendapombo_2-451-40-354-349-15/06/2025_22:10:19$
29/06/2025 -> #0-fazendapombo_2-451-30-9-351-13.25-29/06/2025_18:14:44$
29/06/2025 -> #0-fazendapombo_2-451-30-9-352-9.25-29/06/2025_18:18:45$
29/06/2025 -> #0-fazendapombo_2-451-30-9-352-9.25-29/06/2025_18:18:45$
29/06/2025 -> #0-fazendapombo_2-451-30-9-352-9.25-29/06/2025_18:18:45$
29/06/2025 -> #0-fazendapombo_2-451-40-354-349-15/06/2025_22:10:19$
29/06/2025 -> #0-fazendapombo_2-451-30-9-352-9.25-29/06/2025_18:18:45$
29/06/2025 -> #0-fazendapombo_2-451-100-9-352-11.56-29/06/2025_18:21:42$
29/06/2025 -> #0-fazendapombo_2-451-100-9-352-11.56-29/06/2025_18:21:42$
29/06/2025 -> #0-fazendapombo_2-451-100-9-352-11.56-29/06/2025_18:21:42$
29/06/2025 -> #0-fazendapombo_2-451-40-354-349-15/06/2025_22:10:19$
29/06/2025 -> #0-fazendapombo_2-451-100-9-352-11.56-29/06/2025_18:21:42$
29/06/2025 -> #0-fazendapombo_2-451-30-9-353-13.25-29/06/2025_18:24:44$
29/06/2025 -> #0-fazendapombo_2-451-30-9-353-13.25-29/06/2025_18:24:44$
29/06/2025 -> #0-fazendapombo_2-451-30-9-353-13.25-29/06/2025_18:24:44$
29/06/2025 -> #0-fazendapombo_2-451-40-354-349-15/06/2025_22:10:19$
29/06/2025 -> #0-fazendapombo_2-451-30-9-353-13.25-29/06/2025_18:24:44$
29/06/2025 -> #0-fazendapombo_2-451-30-9-354-13.50-29/06/2025_18:29:44$
29/06/2025 -> #0-fazendapombo_2-451-30-9-354-13.50-29/06/2025_18:29:44$
29/06/2025 -> #0-fazendapombo_2-451-30-9-354-13.50-29/06/2025_18:29:44$
29/06/2025 -> #0-fazendapombo_2-451-40-354-349-15/06/2025_22:10:19$
29/06/2025 -> #0-fazendapombo_2-451-30-9-354-13.50-29/06/2025_18:29:44$
29/06/2025 -> #0-fazendapombo_2-451-30-9-355-13.56-29/06/2025_18:34:44$
29/06/2025 -> #0-fazendapombo_2-451-30-9-355-13.56-29/06/2025_18:34:44$
29/06/2025 -> #0-fazendapombo_2-451-30-9-355-13.56-29/06/2025_18:34:44$
29/06/2025 -> #0-fazendapombo_2-451-40-354-349-15/06/2025_22:10:19$
29/06/2025 -> #0-fazendapombo_2-451-30-9-355-13.56-29/06/2025_18:34:44$
29/06/2025 -> #0-fazendapombo_2-451-30-9-356-12.31-29/06/2025_18:39:44$
29/06/2025 -> #0-fazendapombo_2-451-30-9-356-12.31-29/06/2025_18:39:44$
29/06/2025 -> #0-fazendapombo_2-451-30-9-356-12.31-29/06/2025_18:39:44$
29/06/2025 -> #0-fazendapombo_2-451-40-354-349-15/06/2025_22:10:19$
29/06/2025 -> #0-fazendapombo_2-451-30-9-356-12.31-29/06/2025_18:39:44$
29/06/2025 -> #0-fazendapombo_2-451-30-9-357-7.50-29/06/2025_18:44:46$
29/06/2025 -> #0-fazendapombo_2-451-30-9-357-7.50-29/06/2025_18:44:46$
29/06/2025 -> #0-fazendapombo_2-451-30-9-357-7.50-29/06/2025_18:44:46$
29/06/2025 -> #0-fazendapombo_2-451-40-354-349-15/06/2025_22:10:19$
29/06/2025 -> #0-fazendapombo_2-451-30-9-357-7.50-29/06/2025_18:44:46$
29/06/2025 -> #0-fazendapombo_2-451-30-9-359-12.00-29/06/2025_18:48:45$
29/06/2025 -> #0-fazendapombo_2-451-30-9-359-12.00-29/06/2025_18:48:45$
29/06/2025 -> #0-fazendapombo_2-451-30-9-359-12.00-29/06/2025_18:48:45$
29/06/2025 -> #0-fazendapombo_2-451-40-354-349-15/06/2025_22:10:19$
29/06/2025 -> #0-fazendapombo_2-451-30-9-359-12.00-29/06/2025_18:48:45$
29/06/2025 -> #0-fazendapombo_2-451-30-9-0-12.19-29/06/2025_18:53:45$
29/06/2025 -> #0-fazendapombo_2-451-30-9-0-12.19-29/06/2025_18:53:45$
29/06/2025 -> #0-fazendapombo_2-451-30-9-0-12.19-29/06/2025_18:53:45$
29/06/2025 -> #0-fazendapombo_2-451-40-354-349-15/06/2025_22:10:19$
29/06/2025 -> #0-fazendapombo_2-451-30-9-0-12.19-29/06/2025_18:53:45$
29/06/2025 -> #0-fazendapombo_2-451-100-9-1-12.44-29/06/2025_18:58:42$
29/06/2025 -> #0-fazendapombo_2-451-100-9-1-12.44-29/06/2025_18:58:42$
29/06/2025 -> #0-fazendapombo_2-451-100-9-1-12.44-29/06/2025_18:58:42$
29/06/2025 -> #0-fazendapombo_2-451-40-354-349-15/06/2025_22:10:19$
29/06/2025 -> #0-fazendapombo_2-451-100-9-1-12.44-29/06/2025_18:58:42$
29/06/2025 -> #0-fazendapombo_2-451-100-9-2-11.62-29/06/2025_18:59:44$
29/06/2025 -> #0-fazendapombo_2-451-100-9-2-11.62-29/06/2025_18:59:44$
29/06/2025 -> #0-fazendapombo_2-451-100-9-2-11.62-29/06/2025_18:59:44$
29/06/2025 -> #0-fazendapombo_2-451-40-354-349-15/06/2025_22:10:19$
29/06/2025 -> #0-fazendapombo_2-451-100-9-2-11.62-29/06/2025_18:59:44$
29/06/2025 -> #0-fazendapombo_2-451-30-9-2-10.06-29/06/2025_19:00:42$
29/06/2025 -> #0-fazendapombo_2-451-30-9-2-10.06-29/06/2025_19:00:42$
29/06/2025 -> #0-fazendapombo_2-451-30-9-2-10.06-29/06/2025_19:00:42$
29/06/2025 -> #0-fazendapombo_2-451-40-354-349-15/06/2025_22:10:19$
29/06/2025 -> #0-fazendapombo_2-451-30-9-2-10.06-29/06/2025_19:00:42$
29/06/2025 -> #0-fazendapombo_2-451-30-9-3-8.81-29/06/2025_19:04:44$
29/06/2025 -> #0-fazendapombo_2-451-30-9-3-8.81-29/06/2025_19:04:44$
29/06/2025 -> #0-fazendapombo_2-451-30-9-3-8.81-29/06/2025_19:04:44$
29/06/2025 -> #0-fazendapombo_2-451-40-354-349-15/06/2025_22:10:19$
29/06/2025 -> #0-fazendapombo_2-451-30-9-3-8.81-29/06/2025_19:04:44$
29/06/2025 -> #0-fazendapombo_2-451-30-9-4-13.31-29/06/2025_19:08:45$
29/06/2025 -> #0-fazendapombo_2-451-30-9-4-13.31-29/06/2025_19:08:45$
29/06/2025 -> #0-fazendapombo_2-451-30-9-4-13.31-29/06/2025_19:08:45$
29/06/2025 -> #0-fazendapombo_2-451-40-354-349-15/06/2025_22:10:19$
29/06/2025 -> #0-fazendapombo_2-451-30-9-4-13.31-29/06/2025_19:08:45$
29/06/2025 -> #0-fazendapombo_2-451-30-9-5-13.00-29/06/2025_19:14:44$
29/06/2025 -> #0-fazendapombo_2-451-30-9-5-13.00-29/06/2025_19:14:44$
29/06/2025 -> #0-fazendapombo_2-451-30-9-5-13.00-29/06/2025_19:14:44$
29/06/2025 -> #0-fazendapombo_2-451-40-354-349-15/06/2025_22:10:19$
29/06/2025 -> #0-fazendapombo_2-451-30-9-5-13.00-29/06/2025_19:14:44$
29/06/2025 -> #0-fazendapombo_2-451-30-9-7-12.94-29/06/2025_19:19:44$
29/06/2025 -> #0-fazendapombo_2-451-30-9-7-12.94-29/06/2025_19:19:44$
29/06/2025 -> #0-fazendapombo_2-451-30-9-7-12.94-29/06/2025_19:19:44$
29/06/2025 -> #0-fazendapombo_2-451-40-354-349-15/06/2025_22:10:19$
29/06/2025 -> #0-fazendapombo_2-451-30-9-7-12.94-29/06/2025_19:19:44$
29/06/2025 -> #0-fazendapombo_2-451-30-9-11-13.31-29/06/2025_19:34:44$
29/06/2025 -> #0-fazendapombo_2-451-30-9-11-13.31-29/06/2025_19:34:44$
29/06/2025 -> #0-fazendapombo_2-451-30-9-11-13.31-29/06/2025_19:34:44$
29/06/2025 -> #0-fazendapombo_2-451-40-354-349-15/06/2025_22:10:19$
29/06/2025 -> #0-fazendapombo_2-451-30-9-11-13.31-29/06/2025_19:34:44$
29/06/2025 -> #0-fazendapombo_2-451-30-9-14-13.56-29/06/2025_19:44:44$
29/06/2025 -> #0-fazendapombo_2-451-30-9-14-13.56-29/06/2025_19:44:44$
29/06/2025 -> #0-fazendapombo_2-451-30-9-14-13.56-29/06/2025_19:44:44$
29/06/2025 -> #0-fazendapombo_2-451-40-354-349-15/06/2025_22:10:19$
29/06/2025 -> #0-fazendapombo_2-451-30-9-14-13.56-29/06/2025_19:44:44$
29/06/2025 -> #0-fazendapombo_2-451-30-9-15-13.50-29/06/2025_19:49:44$
29/06/2025 -> #0-fazendapombo_2-451-30-9-15-13.50-29/06/2025_19:49:44$
29/06/2025 -> #0-fazendapombo_2-451-30-9-15-13.50-29/06/2025_19:49:44$
29/06/2025 -> #0-fazendapombo_2-451-40-354-349-15/06/2025_22:10:19$
29/06/2025 -> #0-fazendapombo_2-451-30-9-15-13.50-29/06/2025_19:49:44$
29/06/2025 -> #0-fazendapombo_2-451-30-9-16-13.44-29/06/2025_19:54:44$
29/06/2025 -> #0-fazendapombo_2-451-30-9-16-13.44-29/06/2025_19:54:44$
29/06/2025 -> #0-fazendapombo_2-451-30-9-16-13.44-29/06/2025_19:54:44$
29/06/2025 -> #0-fazendapombo_2-451-40-354-349-15/06/2025_22:10:19$
29/06/2025 -> #0-fazendapombo_2-451-30-9-16-13.44-29/06/2025_19:54:44$
29/06/2025 -> #0-fazendapombo_2-451-30-9-18-13.44-29/06/2025_19:59:44$
29/06/2025 -> #0-fazendapombo_2-451-30-9-18-13.44-29/06/2025_19:59:44$
29/06/2025 -> #0-fazendapombo_2-451-30-9-18-13.44-29/06/2025_19:59:44$
29/06/2025 -> #0-fazendapombo_2-451-40-354-349-15/06/2025_22:10:19$
29/06/2025 -> #0-fazendapombo_2-451-30-9-18-13.44-29/06/2025_19:59:44$
29/06/2025 -> #0-fazendapombo_2-451-30-9-19-13.62-29/06/2025_20:04:44$
29/06/2025 -> #0-fazendapombo_2-451-30-9-19-13.62-29/06/2025_20:04:44$
29/06/2025 -> #0-fazendapombo_2-451-30-9-19-13.62-29/06/2025_20:04:44$
29/06/2025 -> #0-fazendapombo_2-451-40-354-349-15/06/2025_22:10:19$
29/06/2025 -> #0-fazendapombo_2-451-30-9-19-13.62-29/06/2025_20:04:44$
29/06/2025 -> #0-fazendapombo_2-451-30-9-20-13.37-29/06/2025_20:08:45$
29/06/2025 -> #0-fazendapombo_2-451-30-9-20-13.37-29/06/2025_20:08:45$
29/06/2025 -> #0-fazendapombo_2-451-30-9-20-13.37-29/06/2025_20:08:45$
29/06/2025 -> #0-fazendapombo_2-451-40-354-349-15/06/2025_22:10:19$
29/06/2025 -> #0-fazendapombo_2-451-30-9-20-13.37-29/06/2025_20:08:45$
29/06/2025 -> #0-fazendapombo_2-451-30-9-22-13.31-29/06/2025_20:14:44$
29/06/2025 -> #0-fazendapombo_2-451-30-9-22-13.31-29/06/2025_20:14:44$
29/06/2025 -> #0-fazendapombo_2-451-30-9-22-13.31-29/06/2025_20:14:44$
29/06/2025 -> #0-fazendapombo_2-451-40-354-349-15/06/2025_22:10:19$
29/06/2025 -> #0-fazendapombo_2-451-30-9-22-13.31-29/06/2025_20:14:44$
29/06/2025 -> #0-fazendapombo_2-451-30-9-24-13.31-29/06/2025_20:24:44$
29/06/2025 -> #0-fazendapombo_2-451-30-9-24-13.31-29/06/2025_20:24:44$
29/06/2025 -> #0-fazendapombo_2-451-30-9-24-13.31-29/06/2025_20:24:44$
29/06/2025 -> #0-fazendapombo_2-451-40-354-349-15/06/2025_22:10:19$
29/06/2025 -> #0-fazendapombo_2-451-30-9-24-13.31-29/06/2025_20:24:44$
29/06/2025 -> #0-fazendapombo_2-451-30-9-26-13.31-29/06/2025_20:29:44$
29/06/2025 -> #0-fazendapombo_2-451-30-9-26-13.31-29/06/2025_20:29:44$
29/06/2025 -> #0-fazendapombo_2-451-30-9-26-13.31-29/06/2025_20:29:44$
29/06/2025 -> #0-fazendapombo_2-451-40-354-349-15/06/2025_22:10:19$
29/06/2025 -> #0-fazendapombo_2-451-30-9-26-13.31-29/06/2025_20:29:44$
29/06/2025 -> #0-fazendapombo_2-451-30-9-27-13.50-29/06/2025_20:34:44$
29/06/2025 -> #0-fazendapombo_2-451-30-9-27-13.50-29/06/2025_20:34:44$
29/06/2025 -> #0-fazendapombo_2-451-30-9-27-13.50-29/06/2025_20:34:44$
29/06/2025 -> #0-fazendapombo_2-451-40-354-349-15/06/2025_22:10:19$
29/06/2025 -> #0-fazendapombo_2-451-30-9-27-13.50-29/06/2025_20:34:44$
29/06/2025 -> #0-fazendapombo_2-451-30-9-28-13.31-29/06/2025_20:39:44$
29/06/2025 -> #0-fazendapombo_2-451-30-9-28-13.31-29/06/2025_20:39:44$
29/06/2025 -> #0-fazendapombo_2-451-30-9-28-13.31-29/06/2025_20:39:44$
29/06/2025 -> #0-fazendapombo_2-451-40-354-349-15/06/2025_22:10:19$
29/06/2025 -> #0-fazendapombo_2-451-30-9-28-13.31-29/06/2025_20:39:44$
29/06/2025 -> #0-fazendapombo_2-451-30-9-29-0.00-29/06/2025_20:44:44$
29/06/2025 -> #0-fazendapombo_2-451-30-9-29-0.00-29/06/2025_20:44:44$
29/06/2025 -> #0-fazendapombo_2-451-30-9-29-0.00-29/06/2025_20:44:44$
29/06/2025 -> #0-fazendapombo_2-451-40-354-349-15/06/2025_22:10:19$
29/06/2025 -> #0-fazendapombo_2-451-30-9-29-0.00-29/06/2025_20:44:44$
29/06/2025 -> #0-fazendapombo_2-451-30-9-30-0.00-29/06/2025_20:49:44$
29/06/2025 -> #0-fazendapombo_2-451-30-9-30-0.00-29/06/2025_20:49:44$
29/06/2025 -> #0-fazendapombo_2-451-30-9-30-0.00-29/06/2025_20:49:44$
29/06/2025 -> #0-fazendapombo_2-451-40-354-349-15/06/2025_22:10:19$
29/06/2025 -> #0-fazendapombo_2-451-30-9-30-0.00-29/06/2025_20:49:44$
29/06/2025 -> #0-fazendapombo_2-451-30-9-33-13.37-29/06/2025_20:59:44$
29/06/2025 -> #0-fazendapombo_2-451-30-9-33-13.37-29/06/2025_20:59:44$
29/06/2025 -> #0-fazendapombo_2-451-30-9-33-13.37-29/06/2025_20:59:44$
29/06/2025 -> #0-fazendapombo_2-451-40-354-349-15/06/2025_22:10:19$
29/06/2025 -> #0-fazendapombo_2-451-30-9-33-13.37-29/06/2025_20:59:44$
