# Pacotes #0-fazendapombo_2 da data: 2025-07-09
# Total de pacotes: 725
#==================================================

09/07/2025 -> #0-fazendapombo_2-451-40-357-349-13.81-08/07/2025_21:06:07$
09/07/2025 -> #0-fazendapombo_2-451-40-357-349-13.81-08/07/2025_21:06:07$
09/07/2025 -> #0-fazendapombo_2-451-40-357-349-13.81-08/07/2025_21:06:07$
09/07/2025 -> #0-fazendapombo_2-451-40-354-349-15/06/2025_22:10:19$
09/07/2025 -> #0-fazendapombo_2-451-40-357-349-13.81-08/07/2025_21:06:07$
09/07/2025 -> #0-fazendapombo_2-451-40-357-350-13.56-08/07/2025_21:13:45$
09/07/2025 -> #0-fazendapombo_2-451-40-357-350-13.56-08/07/2025_21:13:45$
09/07/2025 -> #0-fazendapombo_2-451-40-357-350-13.56-08/07/2025_21:13:45$
09/07/2025 -> #0-fazendapombo_2-451-40-354-349-15/06/2025_22:10:19$
09/07/2025 -> #0-fazendapombo_2-451-40-357-350-13.56-08/07/2025_21:13:45$
09/07/2025 -> #0-fazendapombo_2-451-40-357-350-13.44-08/07/2025_21:18:45$
09/07/2025 -> #0-fazendapombo_2-451-40-357-350-13.44-08/07/2025_21:18:45$
09/07/2025 -> #0-fazendapombo_2-451-40-357-350-13.44-08/07/2025_21:18:45$
09/07/2025 -> #0-fazendapombo_2-451-40-354-349-15/06/2025_22:10:19$
09/07/2025 -> #0-fazendapombo_2-451-40-357-350-13.44-08/07/2025_21:18:45$
09/07/2025 -> #0-fazendapombo_2-451-40-357-351-13.44-08/07/2025_21:23:45$
09/07/2025 -> #0-fazendapombo_2-451-40-357-351-13.44-08/07/2025_21:23:45$
09/07/2025 -> #0-fazendapombo_2-451-40-357-351-13.44-08/07/2025_21:23:45$
09/07/2025 -> #0-fazendapombo_2-451-40-354-349-15/06/2025_22:10:19$
09/07/2025 -> #0-fazendapombo_2-451-40-357-351-13.44-08/07/2025_21:23:45$
09/07/2025 -> #0-fazendapombo_2-451-40-357-352-13.56-08/07/2025_21:27:46$
09/07/2025 -> #0-fazendapombo_2-451-40-357-352-13.56-08/07/2025_21:27:46$
09/07/2025 -> #0-fazendapombo_2-451-40-357-352-13.56-08/07/2025_21:27:46$
09/07/2025 -> #0-fazendapombo_2-451-40-354-349-15/06/2025_22:10:19$
09/07/2025 -> #0-fazendapombo_2-451-40-357-352-13.56-08/07/2025_21:27:46$
09/07/2025 -> #0-fazendapombo_2-451-40-357-353-13.37-08/07/2025_21:33:45$
09/07/2025 -> #0-fazendapombo_2-451-40-357-353-13.37-08/07/2025_21:33:45$
09/07/2025 -> #0-fazendapombo_2-451-40-357-353-13.37-08/07/2025_21:33:45$
09/07/2025 -> #0-fazendapombo_2-451-40-354-349-15/06/2025_22:10:19$
09/07/2025 -> #0-fazendapombo_2-451-40-357-353-13.37-08/07/2025_21:33:45$
09/07/2025 -> #0-fazendapombo_2-451-40-357-353-13.44-08/07/2025_21:37:46$
09/07/2025 -> #0-fazendapombo_2-451-40-357-353-13.44-08/07/2025_21:37:46$
09/07/2025 -> #0-fazendapombo_2-451-40-357-353-13.44-08/07/2025_21:37:46$
09/07/2025 -> #0-fazendapombo_2-451-40-354-349-15/06/2025_22:10:19$
09/07/2025 -> #0-fazendapombo_2-451-40-357-353-13.44-08/07/2025_21:37:46$
09/07/2025 -> #0-fazendapombo_2-451-40-357-354-13.44-08/07/2025_21:42:46$
09/07/2025 -> #0-fazendapombo_2-451-40-357-354-13.44-08/07/2025_21:42:46$
09/07/2025 -> #0-fazendapombo_2-451-40-357-354-13.44-08/07/2025_21:42:46$
09/07/2025 -> #0-fazendapombo_2-451-40-354-349-15/06/2025_22:10:19$
09/07/2025 -> #0-fazendapombo_2-451-40-357-354-13.44-08/07/2025_21:42:46$
09/07/2025 -> #0-fazendapombo_2-451-40-357-355-13.44-08/07/2025_21:47:46$
09/07/2025 -> #0-fazendapombo_2-451-40-357-355-13.44-08/07/2025_21:47:46$
09/07/2025 -> #0-fazendapombo_2-451-40-357-355-13.44-08/07/2025_21:47:46$
09/07/2025 -> #0-fazendapombo_2-451-40-354-349-15/06/2025_22:10:19$
09/07/2025 -> #0-fazendapombo_2-451-40-357-355-13.44-08/07/2025_21:47:46$
09/07/2025 -> #0-fazendapombo_2-451-40-357-355-13.31-08/07/2025_21:53:45$
09/07/2025 -> #0-fazendapombo_2-451-40-357-355-13.31-08/07/2025_21:53:45$
09/07/2025 -> #0-fazendapombo_2-451-40-357-355-13.31-08/07/2025_21:53:45$
09/07/2025 -> #0-fazendapombo_2-451-40-354-349-15/06/2025_22:10:19$
09/07/2025 -> #0-fazendapombo_2-451-40-357-355-13.31-08/07/2025_21:53:45$
09/07/2025 -> #0-fazendapombo_2-451-40-357-356-13.50-08/07/2025_21:58:45$
09/07/2025 -> #0-fazendapombo_2-451-40-357-356-13.50-08/07/2025_21:58:45$
09/07/2025 -> #0-fazendapombo_2-451-40-357-356-13.50-08/07/2025_21:58:45$
09/07/2025 -> #0-fazendapombo_2-451-40-354-349-15/06/2025_22:10:19$
09/07/2025 -> #0-fazendapombo_2-451-40-357-356-13.50-08/07/2025_21:58:45$
09/07/2025 -> #0-fazendapombo_2-451-100-357-356-13.44-08/07/2025_22:01:09$
09/07/2025 -> #0-fazendapombo_2-451-100-357-356-13.44-08/07/2025_22:01:09$
09/07/2025 -> #0-fazendapombo_2-451-100-357-356-13.44-08/07/2025_22:01:09$
09/07/2025 -> #0-fazendapombo_2-451-40-354-349-15/06/2025_22:10:19$
09/07/2025 -> #0-fazendapombo_2-451-100-357-356-13.44-08/07/2025_22:01:09$
09/07/2025 -> #0-fazendapombo_2-451-40-357-357-13.37-08/07/2025_22:03:08$
09/07/2025 -> #0-fazendapombo_2-451-40-357-357-13.37-08/07/2025_22:03:08$
09/07/2025 -> #0-fazendapombo_2-451-40-357-357-13.37-08/07/2025_22:03:08$
09/07/2025 -> #0-fazendapombo_2-451-40-354-349-15/06/2025_22:10:19$
09/07/2025 -> #0-fazendapombo_2-451-40-357-357-13.37-08/07/2025_22:03:08$
09/07/2025 -> #0-fazendapombo_2-451-40-357-357-13.50-08/07/2025_22:03:45$
09/07/2025 -> #0-fazendapombo_2-451-40-357-357-13.50-08/07/2025_22:03:45$
09/07/2025 -> #0-fazendapombo_2-451-40-357-357-13.50-08/07/2025_22:03:45$
09/07/2025 -> #0-fazendapombo_2-451-40-354-349-15/06/2025_22:10:19$
09/07/2025 -> #0-fazendapombo_2-451-40-357-357-13.50-08/07/2025_22:03:45$
09/07/2025 -> #0-fazendapombo_2-451-40-357-358-13.31-08/07/2025_22:08:45$
09/07/2025 -> #0-fazendapombo_2-451-40-357-358-13.31-08/07/2025_22:08:45$
09/07/2025 -> #0-fazendapombo_2-451-40-357-358-13.31-08/07/2025_22:08:45$
09/07/2025 -> #0-fazendapombo_2-451-40-354-349-15/06/2025_22:10:19$
09/07/2025 -> #0-fazendapombo_2-451-40-357-358-13.31-08/07/2025_22:08:45$
09/07/2025 -> #0-fazendapombo_2-451-40-357-359-13.44-08/07/2025_22:12:46$
09/07/2025 -> #0-fazendapombo_2-451-40-357-359-13.44-08/07/2025_22:12:46$
09/07/2025 -> #0-fazendapombo_2-451-40-357-359-13.44-08/07/2025_22:12:46$
09/07/2025 -> #0-fazendapombo_2-451-40-354-349-15/06/2025_22:10:19$
09/07/2025 -> #0-fazendapombo_2-451-40-357-359-13.44-08/07/2025_22:12:46$
09/07/2025 -> #0-fazendapombo_2-451-40-357-1-13.44-08/07/2025_22:17:46$
09/07/2025 -> #0-fazendapombo_2-451-40-357-1-13.44-08/07/2025_22:17:46$
09/07/2025 -> #0-fazendapombo_2-451-40-357-1-13.44-08/07/2025_22:17:46$
09/07/2025 -> #0-fazendapombo_2-451-40-354-349-15/06/2025_22:10:19$
09/07/2025 -> #0-fazendapombo_2-451-40-357-1-13.44-08/07/2025_22:17:46$
09/07/2025 -> #0-fazendapombo_2-451-40-357-2-13.56-08/07/2025_22:23:45$
09/07/2025 -> #0-fazendapombo_2-451-40-357-2-13.56-08/07/2025_22:23:45$
09/07/2025 -> #0-fazendapombo_2-451-40-357-2-13.56-08/07/2025_22:23:45$
09/07/2025 -> #0-fazendapombo_2-451-40-354-349-15/06/2025_22:10:19$
09/07/2025 -> #0-fazendapombo_2-451-40-357-2-13.56-08/07/2025_22:23:45$
09/07/2025 -> #0-fazendapombo_2-451-40-357-4-13.37-08/07/2025_22:28:45$
09/07/2025 -> #0-fazendapombo_2-451-40-357-4-13.37-08/07/2025_22:28:45$
09/07/2025 -> #0-fazendapombo_2-451-40-357-4-13.37-08/07/2025_22:28:45$
09/07/2025 -> #0-fazendapombo_2-451-40-354-349-15/06/2025_22:10:19$
09/07/2025 -> #0-fazendapombo_2-451-40-357-4-13.37-08/07/2025_22:28:45$
09/07/2025 -> #0-fazendapombo_2-451-40-357-6-13.56-08/07/2025_22:33:45$
09/07/2025 -> #0-fazendapombo_2-451-40-357-6-13.56-08/07/2025_22:33:45$
09/07/2025 -> #0-fazendapombo_2-451-40-357-6-13.56-08/07/2025_22:33:45$
09/07/2025 -> #0-fazendapombo_2-451-40-354-349-15/06/2025_22:10:19$
09/07/2025 -> #0-fazendapombo_2-451-40-357-6-13.56-08/07/2025_22:33:45$
09/07/2025 -> #0-fazendapombo_2-451-40-357-7-13.50-08/07/2025_22:38:45$
09/07/2025 -> #0-fazendapombo_2-451-40-357-7-13.50-08/07/2025_22:38:45$
09/07/2025 -> #0-fazendapombo_2-451-40-357-7-13.50-08/07/2025_22:38:45$
09/07/2025 -> #0-fazendapombo_2-451-40-354-349-15/06/2025_22:10:19$
09/07/2025 -> #0-fazendapombo_2-451-40-357-7-13.50-08/07/2025_22:38:45$
09/07/2025 -> #0-fazendapombo_2-451-40-357-9-13.44-08/07/2025_22:43:45$
09/07/2025 -> #0-fazendapombo_2-451-40-357-9-13.44-08/07/2025_22:43:45$
09/07/2025 -> #0-fazendapombo_2-451-40-357-9-13.44-08/07/2025_22:43:45$
09/07/2025 -> #0-fazendapombo_2-451-40-354-349-15/06/2025_22:10:19$
09/07/2025 -> #0-fazendapombo_2-451-40-357-9-13.44-08/07/2025_22:43:45$
09/07/2025 -> #0-fazendapombo_2-451-40-357-10-13.50-08/07/2025_22:47:46$
09/07/2025 -> #0-fazendapombo_2-451-40-357-10-13.50-08/07/2025_22:47:46$
09/07/2025 -> #0-fazendapombo_2-451-40-357-10-13.50-08/07/2025_22:47:46$
09/07/2025 -> #0-fazendapombo_2-451-40-354-349-15/06/2025_22:10:19$
09/07/2025 -> #0-fazendapombo_2-451-40-357-10-13.50-08/07/2025_22:47:46$
09/07/2025 -> #0-fazendapombo_2-451-40-357-13-13.44-08/07/2025_22:53:45$
09/07/2025 -> #0-fazendapombo_2-451-40-357-13-13.44-08/07/2025_22:53:45$
09/07/2025 -> #0-fazendapombo_2-451-40-357-13-13.44-08/07/2025_22:53:45$
09/07/2025 -> #0-fazendapombo_2-451-40-354-349-15/06/2025_22:10:19$
09/07/2025 -> #0-fazendapombo_2-451-40-357-13-13.44-08/07/2025_22:53:45$
09/07/2025 -> #0-fazendapombo_2-451-40-357-14-13.37-08/07/2025_22:57:46$
09/07/2025 -> #0-fazendapombo_2-451-40-357-14-13.37-08/07/2025_22:57:46$
09/07/2025 -> #0-fazendapombo_2-451-40-357-14-13.37-08/07/2025_22:57:46$
09/07/2025 -> #0-fazendapombo_2-451-40-354-349-15/06/2025_22:10:19$
09/07/2025 -> #0-fazendapombo_2-451-40-357-14-13.37-08/07/2025_22:57:46$
09/07/2025 -> #0-fazendapombo_2-451-40-357-17-13.37-08/07/2025_23:03:45$
09/07/2025 -> #0-fazendapombo_2-451-40-357-17-13.37-08/07/2025_23:03:45$
09/07/2025 -> #0-fazendapombo_2-451-40-357-17-13.37-08/07/2025_23:03:45$
09/07/2025 -> #0-fazendapombo_2-451-40-354-349-15/06/2025_22:10:19$
09/07/2025 -> #0-fazendapombo_2-451-40-357-17-13.37-08/07/2025_23:03:45$
09/07/2025 -> #0-fazendapombo_2-451-40-357-18-14.19-08/07/2025_23:08:45$
09/07/2025 -> #0-fazendapombo_2-451-40-357-18-14.19-08/07/2025_23:08:45$
09/07/2025 -> #0-fazendapombo_2-451-40-357-18-14.19-08/07/2025_23:08:45$
09/07/2025 -> #0-fazendapombo_2-451-40-354-349-15/06/2025_22:10:19$
09/07/2025 -> #0-fazendapombo_2-451-40-357-18-14.19-08/07/2025_23:08:45$
09/07/2025 -> #0-fazendapombo_2-451-40-357-20-13.37-08/07/2025_23:13:45$
09/07/2025 -> #0-fazendapombo_2-451-40-357-20-13.37-08/07/2025_23:13:45$
09/07/2025 -> #0-fazendapombo_2-451-40-357-20-13.37-08/07/2025_23:13:45$
09/07/2025 -> #0-fazendapombo_2-451-40-354-349-15/06/2025_22:10:19$
09/07/2025 -> #0-fazendapombo_2-451-40-357-20-13.37-08/07/2025_23:13:45$
09/07/2025 -> #0-fazendapombo_2-451-40-357-22-13.44-08/07/2025_23:17:46$
09/07/2025 -> #0-fazendapombo_2-451-40-357-22-13.44-08/07/2025_23:17:46$
09/07/2025 -> #0-fazendapombo_2-451-40-357-22-13.44-08/07/2025_23:17:46$
09/07/2025 -> #0-fazendapombo_2-451-40-354-349-15/06/2025_22:10:19$
09/07/2025 -> #0-fazendapombo_2-451-40-357-22-13.44-08/07/2025_23:17:46$
09/07/2025 -> #0-fazendapombo_2-451-100-357-22-13.44-08/07/2025_23:19:12$
09/07/2025 -> #0-fazendapombo_2-451-100-357-22-13.44-08/07/2025_23:19:12$
09/07/2025 -> #0-fazendapombo_2-451-100-357-22-13.44-08/07/2025_23:19:12$
09/07/2025 -> #0-fazendapombo_2-451-40-354-349-15/06/2025_22:10:19$
09/07/2025 -> #0-fazendapombo_2-451-100-357-22-13.44-08/07/2025_23:19:12$
09/07/2025 -> #0-fazendapombo_2-451-40-357-23-13.37-08/07/2025_23:21:11$
09/07/2025 -> #0-fazendapombo_2-451-40-357-23-13.37-08/07/2025_23:21:11$
09/07/2025 -> #0-fazendapombo_2-451-40-357-23-13.37-08/07/2025_23:21:11$
09/07/2025 -> #0-fazendapombo_2-451-40-354-349-15/06/2025_22:10:19$
09/07/2025 -> #0-fazendapombo_2-451-40-357-23-13.37-08/07/2025_23:21:11$
09/07/2025 -> #0-fazendapombo_2-451-40-357-24-13.44-08/07/2025_23:23:45$
09/07/2025 -> #0-fazendapombo_2-451-40-357-24-13.44-08/07/2025_23:23:45$
09/07/2025 -> #0-fazendapombo_2-451-40-357-24-13.44-08/07/2025_23:23:45$
09/07/2025 -> #0-fazendapombo_2-451-40-354-349-15/06/2025_22:10:19$
09/07/2025 -> #0-fazendapombo_2-451-40-357-24-13.44-08/07/2025_23:23:45$
09/07/2025 -> #0-fazendapombo_2-451-40-357-26-13.44-08/07/2025_23:28:45$
09/07/2025 -> #0-fazendapombo_2-451-40-357-26-13.44-08/07/2025_23:28:45$
09/07/2025 -> #0-fazendapombo_2-451-40-357-26-13.44-08/07/2025_23:28:45$
09/07/2025 -> #0-fazendapombo_2-451-40-354-349-15/06/2025_22:10:19$
09/07/2025 -> #0-fazendapombo_2-451-40-357-26-13.44-08/07/2025_23:28:45$
09/07/2025 -> #0-fazendapombo_2-451-40-357-31-13.37-08/07/2025_23:38:45$
09/07/2025 -> #0-fazendapombo_2-451-40-357-31-13.37-08/07/2025_23:38:45$
09/07/2025 -> #0-fazendapombo_2-451-40-357-31-13.37-08/07/2025_23:38:45$
09/07/2025 -> #0-fazendapombo_2-451-40-354-349-15/06/2025_22:10:19$
09/07/2025 -> #0-fazendapombo_2-451-40-357-31-13.37-08/07/2025_23:38:45$
09/07/2025 -> #0-fazendapombo_2-451-100-357-33-13.44-08/07/2025_23:42:11$
09/07/2025 -> #0-fazendapombo_2-451-100-357-33-13.44-08/07/2025_23:42:11$
09/07/2025 -> #0-fazendapombo_2-451-100-357-33-13.44-08/07/2025_23:42:11$
09/07/2025 -> #0-fazendapombo_2-451-40-354-349-15/06/2025_22:10:19$
09/07/2025 -> #0-fazendapombo_2-451-100-357-33-13.44-08/07/2025_23:42:11$
09/07/2025 -> #0-fazendapombo_2-451-100-357-34-13.37-08/07/2025_23:43:45$
09/07/2025 -> #0-fazendapombo_2-451-100-357-34-13.37-08/07/2025_23:43:45$
09/07/2025 -> #0-fazendapombo_2-451-100-357-34-13.37-08/07/2025_23:43:45$
09/07/2025 -> #0-fazendapombo_2-451-40-354-349-15/06/2025_22:10:19$
09/07/2025 -> #0-fazendapombo_2-451-100-357-34-13.37-08/07/2025_23:43:45$
09/07/2025 -> #0-fazendapombo_2-451-40-357-34-13.44-08/07/2025_23:44:11$
09/07/2025 -> #0-fazendapombo_2-451-40-357-34-13.44-08/07/2025_23:44:11$
09/07/2025 -> #0-fazendapombo_2-451-40-357-34-13.44-08/07/2025_23:44:11$
09/07/2025 -> #0-fazendapombo_2-451-40-354-349-15/06/2025_22:10:19$
09/07/2025 -> #0-fazendapombo_2-451-40-357-34-13.44-08/07/2025_23:44:11$
09/07/2025 -> #0-fazendapombo_2-451-40-357-37-14.00-08/07/2025_23:48:45$
09/07/2025 -> #0-fazendapombo_2-451-40-357-37-14.00-08/07/2025_23:48:45$
09/07/2025 -> #0-fazendapombo_2-451-40-357-37-14.00-08/07/2025_23:48:45$
09/07/2025 -> #0-fazendapombo_2-451-40-354-349-15/06/2025_22:10:19$
09/07/2025 -> #0-fazendapombo_2-451-40-357-37-14.00-08/07/2025_23:48:45$
09/07/2025 -> #0-fazendapombo_2-451-40-357-39-13.81-08/07/2025_23:53:45$
09/07/2025 -> #0-fazendapombo_2-451-40-357-39-13.81-08/07/2025_23:53:45$
09/07/2025 -> #0-fazendapombo_2-451-40-357-39-13.81-08/07/2025_23:53:45$
09/07/2025 -> #0-fazendapombo_2-451-40-354-349-15/06/2025_22:10:19$
09/07/2025 -> #0-fazendapombo_2-451-40-357-39-13.81-08/07/2025_23:53:45$
09/07/2025 -> #0-fazendapombo_2-451-40-357-44-13.87-09/07/2025_00:03:45$
09/07/2025 -> #0-fazendapombo_2-451-40-357-44-13.87-09/07/2025_00:03:45$
09/07/2025 -> #0-fazendapombo_2-451-40-357-44-13.87-09/07/2025_00:03:45$
09/07/2025 -> #0-fazendapombo_2-451-40-354-349-15/06/2025_22:10:19$
09/07/2025 -> #0-fazendapombo_2-451-40-357-44-13.87-09/07/2025_00:03:45$
09/07/2025 -> #0-fazendapombo_2-451-40-357-46-13.44-09/07/2025_00:08:45$
09/07/2025 -> #0-fazendapombo_2-451-40-357-46-13.44-09/07/2025_00:08:45$
09/07/2025 -> #0-fazendapombo_2-451-40-357-46-13.44-09/07/2025_00:08:45$
09/07/2025 -> #0-fazendapombo_2-451-40-354-349-15/06/2025_22:10:19$
09/07/2025 -> #0-fazendapombo_2-451-40-357-46-13.44-09/07/2025_00:08:45$
09/07/2025 -> #0-fazendapombo_2-451-40-357-48-13.44-09/07/2025_00:13:45$
09/07/2025 -> #0-fazendapombo_2-451-40-357-48-13.44-09/07/2025_00:13:45$
09/07/2025 -> #0-fazendapombo_2-451-40-357-48-13.44-09/07/2025_00:13:45$
09/07/2025 -> #0-fazendapombo_2-451-40-354-349-15/06/2025_22:10:19$
09/07/2025 -> #0-fazendapombo_2-451-40-357-48-13.44-09/07/2025_00:13:45$
09/07/2025 -> #0-fazendapombo_2-451-40-357-50-13.37-09/07/2025_00:18:45$
09/07/2025 -> #0-fazendapombo_2-451-40-357-50-13.37-09/07/2025_00:18:45$
09/07/2025 -> #0-fazendapombo_2-451-40-357-50-13.37-09/07/2025_00:18:45$
09/07/2025 -> #0-fazendapombo_2-451-40-354-349-15/06/2025_22:10:19$
09/07/2025 -> #0-fazendapombo_2-451-40-357-50-13.37-09/07/2025_00:18:45$
09/07/2025 -> #0-fazendapombo_2-451-100-357-52-13.37-09/07/2025_00:23:12$
09/07/2025 -> #0-fazendapombo_2-451-100-357-52-13.37-09/07/2025_00:23:12$
09/07/2025 -> #0-fazendapombo_2-451-100-357-52-13.37-09/07/2025_00:23:12$
09/07/2025 -> #0-fazendapombo_2-451-40-354-349-15/06/2025_22:10:19$
09/07/2025 -> #0-fazendapombo_2-451-100-357-52-13.37-09/07/2025_00:23:12$
09/07/2025 -> #0-fazendapombo_2-451-100-357-52-13.37-09/07/2025_00:23:45$
09/07/2025 -> #0-fazendapombo_2-451-100-357-52-13.37-09/07/2025_00:23:45$
09/07/2025 -> #0-fazendapombo_2-451-100-357-52-13.37-09/07/2025_00:23:45$
09/07/2025 -> #0-fazendapombo_2-451-40-354-349-15/06/2025_22:10:19$
09/07/2025 -> #0-fazendapombo_2-451-100-357-52-13.37-09/07/2025_00:23:45$
09/07/2025 -> #0-fazendapombo_2-451-40-357-52-13.37-09/07/2025_00:24:13$
09/07/2025 -> #0-fazendapombo_2-451-40-357-52-13.37-09/07/2025_00:24:13$
09/07/2025 -> #0-fazendapombo_2-451-40-357-52-13.37-09/07/2025_00:24:13$
09/07/2025 -> #0-fazendapombo_2-451-40-354-349-15/06/2025_22:10:19$
09/07/2025 -> #0-fazendapombo_2-451-40-357-52-13.37-09/07/2025_00:24:13$
09/07/2025 -> #0-fazendapombo_2-451-40-357-56-13.31-09/07/2025_00:33:45$
09/07/2025 -> #0-fazendapombo_2-451-40-357-56-13.31-09/07/2025_00:33:45$
09/07/2025 -> #0-fazendapombo_2-451-40-357-56-13.31-09/07/2025_00:33:45$
09/07/2025 -> #0-fazendapombo_2-451-40-354-349-15/06/2025_22:10:19$
09/07/2025 -> #0-fazendapombo_2-451-40-357-56-13.31-09/07/2025_00:33:45$
09/07/2025 -> #0-fazendapombo_2-451-40-357-58-13.44-09/07/2025_00:38:45$
09/07/2025 -> #0-fazendapombo_2-451-40-357-58-13.44-09/07/2025_00:38:45$
09/07/2025 -> #0-fazendapombo_2-451-40-357-58-13.44-09/07/2025_00:38:45$
09/07/2025 -> #0-fazendapombo_2-451-40-354-349-15/06/2025_22:10:19$
09/07/2025 -> #0-fazendapombo_2-451-40-357-58-13.44-09/07/2025_00:38:45$
09/07/2025 -> #0-fazendapombo_2-451-40-357-59-13.31-09/07/2025_00:42:45$
09/07/2025 -> #0-fazendapombo_2-451-40-357-59-13.31-09/07/2025_00:42:45$
09/07/2025 -> #0-fazendapombo_2-451-40-357-59-13.31-09/07/2025_00:42:45$
09/07/2025 -> #0-fazendapombo_2-451-40-354-349-15/06/2025_22:10:19$
09/07/2025 -> #0-fazendapombo_2-451-40-357-59-13.31-09/07/2025_00:42:45$
09/07/2025 -> #0-fazendapombo_2-451-100-357-62-13.31-09/07/2025_00:52:13$
09/07/2025 -> #0-fazendapombo_2-451-100-357-62-13.31-09/07/2025_00:52:13$
09/07/2025 -> #0-fazendapombo_2-451-100-357-62-13.31-09/07/2025_00:52:13$
09/07/2025 -> #0-fazendapombo_2-451-40-354-349-15/06/2025_22:10:19$
09/07/2025 -> #0-fazendapombo_2-451-100-357-62-13.31-09/07/2025_00:52:13$
09/07/2025 -> #0-fazendapombo_2-451-40-357-63-13.44-09/07/2025_00:54:22$
09/07/2025 -> #0-fazendapombo_2-451-40-357-63-13.44-09/07/2025_00:54:22$
09/07/2025 -> #0-fazendapombo_2-451-40-357-63-13.44-09/07/2025_00:54:22$
09/07/2025 -> #0-fazendapombo_2-451-40-354-349-15/06/2025_22:10:19$
09/07/2025 -> #0-fazendapombo_2-451-40-357-63-13.44-09/07/2025_00:54:22$
09/07/2025 -> #0-fazendapombo_2-451-40-357-65-13.31-09/07/2025_00:58:45$
09/07/2025 -> #0-fazendapombo_2-451-40-357-65-13.31-09/07/2025_00:58:45$
09/07/2025 -> #0-fazendapombo_2-451-40-357-65-13.31-09/07/2025_00:58:45$
09/07/2025 -> #0-fazendapombo_2-451-40-354-349-15/06/2025_22:10:19$
09/07/2025 -> #0-fazendapombo_2-451-40-357-65-13.31-09/07/2025_00:58:45$
09/07/2025 -> #0-fazendapombo_2-451-40-357-66-13.37-09/07/2025_01:03:45$
09/07/2025 -> #0-fazendapombo_2-451-40-357-66-13.37-09/07/2025_01:03:45$
09/07/2025 -> #0-fazendapombo_2-451-40-357-66-13.37-09/07/2025_01:03:45$
09/07/2025 -> #0-fazendapombo_2-451-40-354-349-15/06/2025_22:10:19$
09/07/2025 -> #0-fazendapombo_2-451-40-357-66-13.37-09/07/2025_01:03:45$
09/07/2025 -> #0-fazendapombo_2-451-40-357-68-13.31-09/07/2025_01:08:45$
09/07/2025 -> #0-fazendapombo_2-451-40-357-68-13.31-09/07/2025_01:08:45$
09/07/2025 -> #0-fazendapombo_2-451-40-357-68-13.31-09/07/2025_01:08:45$
09/07/2025 -> #0-fazendapombo_2-451-40-354-349-15/06/2025_22:10:19$
09/07/2025 -> #0-fazendapombo_2-451-40-357-68-13.31-09/07/2025_01:08:45$
09/07/2025 -> #0-fazendapombo_2-451-40-357-71-13.62-09/07/2025_01:13:45$
09/07/2025 -> #0-fazendapombo_2-451-40-357-71-13.62-09/07/2025_01:13:45$
09/07/2025 -> #0-fazendapombo_2-451-40-357-71-13.62-09/07/2025_01:13:45$
09/07/2025 -> #0-fazendapombo_2-451-40-354-349-15/06/2025_22:10:19$
09/07/2025 -> #0-fazendapombo_2-451-40-357-71-13.62-09/07/2025_01:13:45$
09/07/2025 -> #0-fazendapombo_2-451-40-357-73-13.37-09/07/2025_01:17:46$
09/07/2025 -> #0-fazendapombo_2-451-40-357-73-13.37-09/07/2025_01:17:46$
09/07/2025 -> #0-fazendapombo_2-451-40-357-73-13.37-09/07/2025_01:17:46$
09/07/2025 -> #0-fazendapombo_2-451-40-354-349-15/06/2025_22:10:19$
09/07/2025 -> #0-fazendapombo_2-451-40-357-73-13.37-09/07/2025_01:17:46$
09/07/2025 -> #0-fazendapombo_2-451-40-357-77-13.37-09/07/2025_01:28:45$
09/07/2025 -> #0-fazendapombo_2-451-40-357-77-13.37-09/07/2025_01:28:45$
09/07/2025 -> #0-fazendapombo_2-451-40-357-77-13.37-09/07/2025_01:28:45$
09/07/2025 -> #0-fazendapombo_2-451-40-354-349-15/06/2025_22:10:19$
09/07/2025 -> #0-fazendapombo_2-451-40-357-77-13.37-09/07/2025_01:28:45$
09/07/2025 -> #0-fazendapombo_2-451-40-357-81-13.50-09/07/2025_01:38:45$
09/07/2025 -> #0-fazendapombo_2-451-40-357-81-13.50-09/07/2025_01:38:45$
09/07/2025 -> #0-fazendapombo_2-451-40-357-81-13.50-09/07/2025_01:38:45$
09/07/2025 -> #0-fazendapombo_2-451-40-354-349-15/06/2025_22:10:19$
09/07/2025 -> #0-fazendapombo_2-451-40-357-81-13.50-09/07/2025_01:38:45$
09/07/2025 -> #0-fazendapombo_2-451-40-357-85-13.31-09/07/2025_01:48:45$
09/07/2025 -> #0-fazendapombo_2-451-40-357-85-13.31-09/07/2025_01:48:45$
09/07/2025 -> #0-fazendapombo_2-451-40-357-85-13.31-09/07/2025_01:48:45$
09/07/2025 -> #0-fazendapombo_2-451-40-354-349-15/06/2025_22:10:19$
09/07/2025 -> #0-fazendapombo_2-451-40-357-85-13.31-09/07/2025_01:48:45$
09/07/2025 -> #0-fazendapombo_2-451-40-357-86-13.44-09/07/2025_01:52:46$
09/07/2025 -> #0-fazendapombo_2-451-40-357-86-13.44-09/07/2025_01:52:46$
09/07/2025 -> #0-fazendapombo_2-451-40-357-86-13.44-09/07/2025_01:52:46$
09/07/2025 -> #0-fazendapombo_2-451-40-354-349-15/06/2025_22:10:19$
09/07/2025 -> #0-fazendapombo_2-451-40-357-86-13.44-09/07/2025_01:52:46$
09/07/2025 -> #0-fazendapombo_2-451-40-357-88-13.37-09/07/2025_01:57:46$
09/07/2025 -> #0-fazendapombo_2-451-40-357-88-13.37-09/07/2025_01:57:46$
09/07/2025 -> #0-fazendapombo_2-451-40-357-88-13.37-09/07/2025_01:57:46$
09/07/2025 -> #0-fazendapombo_2-451-40-354-349-15/06/2025_22:10:19$
09/07/2025 -> #0-fazendapombo_2-451-40-357-88-13.37-09/07/2025_01:57:46$
09/07/2025 -> #0-fazendapombo_2-451-40-357-90-13.44-09/07/2025_02:03:45$
09/07/2025 -> #0-fazendapombo_2-451-40-357-90-13.44-09/07/2025_02:03:45$
09/07/2025 -> #0-fazendapombo_2-451-40-357-90-13.44-09/07/2025_02:03:45$
09/07/2025 -> #0-fazendapombo_2-451-40-354-349-15/06/2025_22:10:19$
09/07/2025 -> #0-fazendapombo_2-451-40-357-90-13.44-09/07/2025_02:03:45$
09/07/2025 -> #0-fazendapombo_2-451-40-357-94-13.50-09/07/2025_02:13:45$
09/07/2025 -> #0-fazendapombo_2-451-40-357-94-13.50-09/07/2025_02:13:45$
09/07/2025 -> #0-fazendapombo_2-451-40-357-94-13.50-09/07/2025_02:13:45$
09/07/2025 -> #0-fazendapombo_2-451-40-354-349-15/06/2025_22:10:19$
09/07/2025 -> #0-fazendapombo_2-451-40-357-94-13.50-09/07/2025_02:13:45$
09/07/2025 -> #0-fazendapombo_2-451-40-357-97-13.62-09/07/2025_02:22:46$
09/07/2025 -> #0-fazendapombo_2-451-40-357-97-13.62-09/07/2025_02:22:46$
09/07/2025 -> #0-fazendapombo_2-451-40-357-97-13.62-09/07/2025_02:22:46$
09/07/2025 -> #0-fazendapombo_2-451-40-354-349-15/06/2025_22:10:19$
09/07/2025 -> #0-fazendapombo_2-451-40-357-97-13.62-09/07/2025_02:22:46$
09/07/2025 -> #0-fazendapombo_2-451-40-357-99-13.31-09/07/2025_02:28:45$
09/07/2025 -> #0-fazendapombo_2-451-40-357-99-13.31-09/07/2025_02:28:45$
09/07/2025 -> #0-fazendapombo_2-451-40-357-99-13.31-09/07/2025_02:28:45$
09/07/2025 -> #0-fazendapombo_2-451-40-354-349-15/06/2025_22:10:19$
09/07/2025 -> #0-fazendapombo_2-451-40-357-99-13.31-09/07/2025_02:28:45$
09/07/2025 -> #0-fazendapombo_2-451-40-357-101-13.44-09/07/2025_02:32:46$
09/07/2025 -> #0-fazendapombo_2-451-40-357-101-13.44-09/07/2025_02:32:46$
09/07/2025 -> #0-fazendapombo_2-451-40-357-101-13.44-09/07/2025_02:32:46$
09/07/2025 -> #0-fazendapombo_2-451-40-354-349-15/06/2025_22:10:19$
09/07/2025 -> #0-fazendapombo_2-451-40-357-101-13.44-09/07/2025_02:32:46$
09/07/2025 -> #0-fazendapombo_2-451-40-357-102-13.87-09/07/2025_02:37:46$
09/07/2025 -> #0-fazendapombo_2-451-40-357-102-13.87-09/07/2025_02:37:46$
09/07/2025 -> #0-fazendapombo_2-451-40-357-102-13.87-09/07/2025_02:37:46$
09/07/2025 -> #0-fazendapombo_2-451-40-354-349-15/06/2025_22:10:19$
09/07/2025 -> #0-fazendapombo_2-451-40-357-102-13.87-09/07/2025_02:37:46$
09/07/2025 -> #0-fazendapombo_2-451-40-357-104-13.31-09/07/2025_02:42:46$
09/07/2025 -> #0-fazendapombo_2-451-40-357-104-13.31-09/07/2025_02:42:46$
09/07/2025 -> #0-fazendapombo_2-451-40-357-104-13.31-09/07/2025_02:42:46$
09/07/2025 -> #0-fazendapombo_2-451-40-354-349-15/06/2025_22:10:19$
09/07/2025 -> #0-fazendapombo_2-451-40-357-104-13.31-09/07/2025_02:42:46$
09/07/2025 -> #0-fazendapombo_2-451-40-357-106-13.56-09/07/2025_02:48:45$
09/07/2025 -> #0-fazendapombo_2-451-40-357-106-13.56-09/07/2025_02:48:45$
09/07/2025 -> #0-fazendapombo_2-451-40-357-106-13.56-09/07/2025_02:48:45$
09/07/2025 -> #0-fazendapombo_2-451-40-354-349-15/06/2025_22:10:19$
09/07/2025 -> #0-fazendapombo_2-451-40-357-106-13.56-09/07/2025_02:48:45$
09/07/2025 -> #0-fazendapombo_2-451-40-357-108-13.75-09/07/2025_02:52:46$
09/07/2025 -> #0-fazendapombo_2-451-40-357-108-13.75-09/07/2025_02:52:46$
09/07/2025 -> #0-fazendapombo_2-451-40-357-108-13.75-09/07/2025_02:52:46$
09/07/2025 -> #0-fazendapombo_2-451-40-354-349-15/06/2025_22:10:19$
09/07/2025 -> #0-fazendapombo_2-451-40-357-108-13.75-09/07/2025_02:52:46$
09/07/2025 -> #0-fazendapombo_2-451-40-357-110-13.81-09/07/2025_02:58:45$
09/07/2025 -> #0-fazendapombo_2-451-40-357-110-13.81-09/07/2025_02:58:45$
09/07/2025 -> #0-fazendapombo_2-451-40-357-110-13.81-09/07/2025_02:58:45$
09/07/2025 -> #0-fazendapombo_2-451-40-354-349-15/06/2025_22:10:19$
09/07/2025 -> #0-fazendapombo_2-451-40-357-110-13.81-09/07/2025_02:58:45$
09/07/2025 -> #0-fazendapombo_2-451-40-357-112-13.44-09/07/2025_03:03:47$
09/07/2025 -> #0-fazendapombo_2-451-40-357-112-13.44-09/07/2025_03:03:47$
09/07/2025 -> #0-fazendapombo_2-451-40-357-112-13.44-09/07/2025_03:03:47$
09/07/2025 -> #0-fazendapombo_2-451-40-354-349-15/06/2025_22:10:19$
09/07/2025 -> #0-fazendapombo_2-451-40-357-112-13.44-09/07/2025_03:03:47$
09/07/2025 -> #0-fazendapombo_2-451-40-357-114-13.31-09/07/2025_03:08:45$
09/07/2025 -> #0-fazendapombo_2-451-40-357-114-13.31-09/07/2025_03:08:45$
09/07/2025 -> #0-fazendapombo_2-451-40-357-114-13.31-09/07/2025_03:08:45$
09/07/2025 -> #0-fazendapombo_2-451-40-354-349-15/06/2025_22:10:19$
09/07/2025 -> #0-fazendapombo_2-451-40-357-114-13.31-09/07/2025_03:08:45$
09/07/2025 -> #0-fazendapombo_2-451-40-357-115-13.31-09/07/2025_03:12:46$
09/07/2025 -> #0-fazendapombo_2-451-40-357-115-13.31-09/07/2025_03:12:46$
09/07/2025 -> #0-fazendapombo_2-451-40-357-115-13.31-09/07/2025_03:12:46$
09/07/2025 -> #0-fazendapombo_2-451-40-354-349-15/06/2025_22:10:19$
09/07/2025 -> #0-fazendapombo_2-451-40-357-115-13.31-09/07/2025_03:12:46$
09/07/2025 -> #0-fazendapombo_2-451-40-357-117-13.50-09/07/2025_03:17:46$
09/07/2025 -> #0-fazendapombo_2-451-40-357-117-13.50-09/07/2025_03:17:46$
09/07/2025 -> #0-fazendapombo_2-451-40-357-117-13.50-09/07/2025_03:17:46$
09/07/2025 -> #0-fazendapombo_2-451-40-354-349-15/06/2025_22:10:19$
09/07/2025 -> #0-fazendapombo_2-451-40-357-117-13.50-09/07/2025_03:17:46$
09/07/2025 -> #0-fazendapombo_2-451-40-357-121-13.56-09/07/2025_03:28:45$
09/07/2025 -> #0-fazendapombo_2-451-40-357-121-13.56-09/07/2025_03:28:45$
09/07/2025 -> #0-fazendapombo_2-451-40-357-121-13.56-09/07/2025_03:28:45$
09/07/2025 -> #0-fazendapombo_2-451-40-354-349-15/06/2025_22:10:19$
09/07/2025 -> #0-fazendapombo_2-451-40-357-121-13.56-09/07/2025_03:28:45$
09/07/2025 -> #0-fazendapombo_2-451-40-357-122-13.31-09/07/2025_03:32:46$
09/07/2025 -> #0-fazendapombo_2-451-40-357-122-13.31-09/07/2025_03:32:46$
09/07/2025 -> #0-fazendapombo_2-451-40-357-122-13.31-09/07/2025_03:32:46$
09/07/2025 -> #0-fazendapombo_2-451-40-354-349-15/06/2025_22:10:19$
09/07/2025 -> #0-fazendapombo_2-451-40-357-122-13.31-09/07/2025_03:32:46$
09/07/2025 -> #0-fazendapombo_2-451-40-357-124-13.31-09/07/2025_03:38:45$
09/07/2025 -> #0-fazendapombo_2-451-40-357-124-13.31-09/07/2025_03:38:45$
09/07/2025 -> #0-fazendapombo_2-451-40-357-124-13.31-09/07/2025_03:38:45$
09/07/2025 -> #0-fazendapombo_2-451-40-354-349-15/06/2025_22:10:19$
09/07/2025 -> #0-fazendapombo_2-451-40-357-124-13.31-09/07/2025_03:38:45$
09/07/2025 -> #0-fazendapombo_2-451-100-357-124-13.31-09/07/2025_03:39:16$
09/07/2025 -> #0-fazendapombo_2-451-100-357-124-13.31-09/07/2025_03:39:16$
09/07/2025 -> #0-fazendapombo_2-451-100-357-124-13.31-09/07/2025_03:39:16$
09/07/2025 -> #0-fazendapombo_2-451-40-354-349-15/06/2025_22:10:19$
09/07/2025 -> #0-fazendapombo_2-451-100-357-124-13.31-09/07/2025_03:39:16$
09/07/2025 -> #0-fazendapombo_2-451-40-357-125-13.75-09/07/2025_03:42:16$
09/07/2025 -> #0-fazendapombo_2-451-40-357-125-13.75-09/07/2025_03:42:16$
09/07/2025 -> #0-fazendapombo_2-451-40-357-125-13.75-09/07/2025_03:42:16$
09/07/2025 -> #0-fazendapombo_2-451-40-354-349-15/06/2025_22:10:19$
09/07/2025 -> #0-fazendapombo_2-451-40-357-125-13.75-09/07/2025_03:42:16$
09/07/2025 -> #0-fazendapombo_2-451-40-357-126-13.37-09/07/2025_03:42:46$
09/07/2025 -> #0-fazendapombo_2-451-40-357-126-13.37-09/07/2025_03:42:46$
09/07/2025 -> #0-fazendapombo_2-451-40-357-126-13.37-09/07/2025_03:42:46$
09/07/2025 -> #0-fazendapombo_2-451-40-354-349-15/06/2025_22:10:19$
09/07/2025 -> #0-fazendapombo_2-451-40-357-126-13.37-09/07/2025_03:42:46$
09/07/2025 -> #0-fazendapombo_2-451-40-357-128-13.56-09/07/2025_03:47:46$
09/07/2025 -> #0-fazendapombo_2-451-40-357-128-13.56-09/07/2025_03:47:46$
09/07/2025 -> #0-fazendapombo_2-451-40-357-128-13.56-09/07/2025_03:47:46$
09/07/2025 -> #0-fazendapombo_2-451-40-354-349-15/06/2025_22:10:19$
09/07/2025 -> #0-fazendapombo_2-451-40-357-128-13.56-09/07/2025_03:47:46$
09/07/2025 -> #0-fazendapombo_2-451-40-357-134-13.31-09/07/2025_03:58:45$
09/07/2025 -> #0-fazendapombo_2-451-40-357-134-13.31-09/07/2025_03:58:45$
09/07/2025 -> #0-fazendapombo_2-451-40-357-134-13.31-09/07/2025_03:58:45$
09/07/2025 -> #0-fazendapombo_2-451-40-354-349-15/06/2025_22:10:19$
09/07/2025 -> #0-fazendapombo_2-451-40-357-134-13.31-09/07/2025_03:58:45$
09/07/2025 -> #0-fazendapombo_2-451-40-357-137-13.37-09/07/2025_04:03:45$
09/07/2025 -> #0-fazendapombo_2-451-40-357-137-13.37-09/07/2025_04:03:45$
09/07/2025 -> #0-fazendapombo_2-451-40-357-137-13.37-09/07/2025_04:03:45$
09/07/2025 -> #0-fazendapombo_2-451-40-354-349-15/06/2025_22:10:19$
09/07/2025 -> #0-fazendapombo_2-451-40-357-137-13.37-09/07/2025_04:03:45$
09/07/2025 -> #0-fazendapombo_2-451-40-357-139-13.37-09/07/2025_04:08:45$
09/07/2025 -> #0-fazendapombo_2-451-40-357-139-13.37-09/07/2025_04:08:45$
09/07/2025 -> #0-fazendapombo_2-451-40-357-139-13.37-09/07/2025_04:08:45$
09/07/2025 -> #0-fazendapombo_2-451-40-354-349-15/06/2025_22:10:19$
09/07/2025 -> #0-fazendapombo_2-451-40-357-139-13.37-09/07/2025_04:08:45$
09/07/2025 -> #0-fazendapombo_2-451-40-357-140-13.81-09/07/2025_04:12:46$
09/07/2025 -> #0-fazendapombo_2-451-40-357-140-13.81-09/07/2025_04:12:46$
09/07/2025 -> #0-fazendapombo_2-451-40-357-140-13.81-09/07/2025_04:12:46$
09/07/2025 -> #0-fazendapombo_2-451-40-354-349-15/06/2025_22:10:19$
09/07/2025 -> #0-fazendapombo_2-451-40-357-140-13.81-09/07/2025_04:12:46$
09/07/2025 -> #0-fazendapombo_2-451-40-357-142-13.94-09/07/2025_04:18:45$
09/07/2025 -> #0-fazendapombo_2-451-40-357-142-13.94-09/07/2025_04:18:45$
09/07/2025 -> #0-fazendapombo_2-451-40-357-142-13.94-09/07/2025_04:18:45$
09/07/2025 -> #0-fazendapombo_2-451-40-354-349-15/06/2025_22:10:19$
09/07/2025 -> #0-fazendapombo_2-451-40-357-142-13.94-09/07/2025_04:18:45$
09/07/2025 -> #0-fazendapombo_2-451-40-357-144-13.50-09/07/2025_04:22:46$
09/07/2025 -> #0-fazendapombo_2-451-40-357-144-13.50-09/07/2025_04:22:46$
09/07/2025 -> #0-fazendapombo_2-451-40-357-144-13.50-09/07/2025_04:22:46$
09/07/2025 -> #0-fazendapombo_2-451-40-354-349-15/06/2025_22:10:19$
09/07/2025 -> #0-fazendapombo_2-451-40-357-144-13.50-09/07/2025_04:22:46$
09/07/2025 -> #0-fazendapombo_2-451-40-357-147-13.81-09/07/2025_04:32:46$
09/07/2025 -> #0-fazendapombo_2-451-40-357-147-13.81-09/07/2025_04:32:46$
09/07/2025 -> #0-fazendapombo_2-451-40-357-147-13.81-09/07/2025_04:32:46$
09/07/2025 -> #0-fazendapombo_2-451-40-354-349-15/06/2025_22:10:19$
09/07/2025 -> #0-fazendapombo_2-451-40-357-147-13.81-09/07/2025_04:32:46$
09/07/2025 -> #0-fazendapombo_2-451-40-357-148-13.81-09/07/2025_04:37:46$
09/07/2025 -> #0-fazendapombo_2-451-40-357-148-13.81-09/07/2025_04:37:46$
09/07/2025 -> #0-fazendapombo_2-451-40-357-148-13.81-09/07/2025_04:37:46$
09/07/2025 -> #0-fazendapombo_2-451-40-354-349-15/06/2025_22:10:19$
09/07/2025 -> #0-fazendapombo_2-451-40-357-148-13.81-09/07/2025_04:37:46$
09/07/2025 -> #0-fazendapombo_2-451-40-357-150-13.75-09/07/2025_04:42:46$
09/07/2025 -> #0-fazendapombo_2-451-40-357-150-13.75-09/07/2025_04:42:46$
09/07/2025 -> #0-fazendapombo_2-451-40-357-150-13.75-09/07/2025_04:42:46$
09/07/2025 -> #0-fazendapombo_2-451-40-354-349-15/06/2025_22:10:19$
09/07/2025 -> #0-fazendapombo_2-451-40-357-150-13.75-09/07/2025_04:42:46$
09/07/2025 -> #0-fazendapombo_2-451-40-357-151-13.44-09/07/2025_04:47:46$
09/07/2025 -> #0-fazendapombo_2-451-40-357-151-13.44-09/07/2025_04:47:46$
09/07/2025 -> #0-fazendapombo_2-451-40-357-151-13.44-09/07/2025_04:47:46$
09/07/2025 -> #0-fazendapombo_2-451-40-354-349-15/06/2025_22:10:19$
09/07/2025 -> #0-fazendapombo_2-451-40-357-151-13.44-09/07/2025_04:47:46$
09/07/2025 -> #0-fazendapombo_2-451-40-357-153-13.50-09/07/2025_04:52:46$
09/07/2025 -> #0-fazendapombo_2-451-40-357-153-13.50-09/07/2025_04:52:46$
09/07/2025 -> #0-fazendapombo_2-451-40-357-153-13.50-09/07/2025_04:52:46$
09/07/2025 -> #0-fazendapombo_2-451-40-354-349-15/06/2025_22:10:19$
09/07/2025 -> #0-fazendapombo_2-451-40-357-153-13.50-09/07/2025_04:52:46$
09/07/2025 -> #0-fazendapombo_2-451-40-357-154-13.50-09/07/2025_04:57:46$
09/07/2025 -> #0-fazendapombo_2-451-40-357-154-13.50-09/07/2025_04:57:46$
09/07/2025 -> #0-fazendapombo_2-451-40-357-154-13.50-09/07/2025_04:57:46$
09/07/2025 -> #0-fazendapombo_2-451-40-354-349-15/06/2025_22:10:19$
09/07/2025 -> #0-fazendapombo_2-451-40-357-154-13.50-09/07/2025_04:57:46$
09/07/2025 -> #0-fazendapombo_2-451-40-357-158-13.62-09/07/2025_05:07:46$
09/07/2025 -> #0-fazendapombo_2-451-40-357-158-13.62-09/07/2025_05:07:46$
09/07/2025 -> #0-fazendapombo_2-451-40-357-158-13.62-09/07/2025_05:07:46$
09/07/2025 -> #0-fazendapombo_2-451-40-354-349-15/06/2025_22:10:19$
09/07/2025 -> #0-fazendapombo_2-451-40-357-158-13.62-09/07/2025_05:07:46$
09/07/2025 -> #0-fazendapombo_2-451-40-357-159-13.56-09/07/2025_05:12:46$
09/07/2025 -> #0-fazendapombo_2-451-40-357-159-13.56-09/07/2025_05:12:46$
09/07/2025 -> #0-fazendapombo_2-451-40-357-159-13.56-09/07/2025_05:12:46$
09/07/2025 -> #0-fazendapombo_2-451-40-354-349-15/06/2025_22:10:19$
09/07/2025 -> #0-fazendapombo_2-451-40-357-159-13.56-09/07/2025_05:12:46$
09/07/2025 -> #0-fazendapombo_2-451-40-357-163-13.56-09/07/2025_05:22:46$
09/07/2025 -> #0-fazendapombo_2-451-40-357-163-13.56-09/07/2025_05:22:46$
09/07/2025 -> #0-fazendapombo_2-451-40-357-163-13.56-09/07/2025_05:22:46$
09/07/2025 -> #0-fazendapombo_2-451-40-354-349-15/06/2025_22:10:19$
09/07/2025 -> #0-fazendapombo_2-451-40-357-163-13.56-09/07/2025_05:22:46$
09/07/2025 -> #0-fazendapombo_2-451-40-357-165-13.50-09/07/2025_05:27:46$
09/07/2025 -> #0-fazendapombo_2-451-40-357-165-13.50-09/07/2025_05:27:46$
09/07/2025 -> #0-fazendapombo_2-451-40-357-165-13.50-09/07/2025_05:27:46$
09/07/2025 -> #0-fazendapombo_2-451-40-354-349-15/06/2025_22:10:19$
09/07/2025 -> #0-fazendapombo_2-451-40-357-165-13.50-09/07/2025_05:27:46$
09/07/2025 -> #0-fazendapombo_2-451-40-357-167-13.37-09/07/2025_05:32:46$
09/07/2025 -> #0-fazendapombo_2-451-40-357-167-13.37-09/07/2025_05:32:46$
09/07/2025 -> #0-fazendapombo_2-451-40-357-167-13.37-09/07/2025_05:32:46$
09/07/2025 -> #0-fazendapombo_2-451-40-354-349-15/06/2025_22:10:19$
09/07/2025 -> #0-fazendapombo_2-451-40-357-167-13.37-09/07/2025_05:32:46$
09/07/2025 -> #0-fazendapombo_2-451-40-357-168-13.37-09/07/2025_05:37:46$
09/07/2025 -> #0-fazendapombo_2-451-40-357-168-13.37-09/07/2025_05:37:46$
09/07/2025 -> #0-fazendapombo_2-451-40-357-168-13.37-09/07/2025_05:37:46$
09/07/2025 -> #0-fazendapombo_2-451-40-354-349-15/06/2025_22:10:19$
09/07/2025 -> #0-fazendapombo_2-451-40-357-168-13.37-09/07/2025_05:37:46$
09/07/2025 -> #0-fazendapombo_2-451-40-357-172-13.50-09/07/2025_05:47:46$
09/07/2025 -> #0-fazendapombo_2-451-40-357-172-13.50-09/07/2025_05:47:46$
09/07/2025 -> #0-fazendapombo_2-451-40-357-172-13.50-09/07/2025_05:47:46$
09/07/2025 -> #0-fazendapombo_2-451-40-354-349-15/06/2025_22:10:19$
09/07/2025 -> #0-fazendapombo_2-451-40-357-172-13.50-09/07/2025_05:47:46$
09/07/2025 -> #0-fazendapombo_2-451-40-357-174-13.56-09/07/2025_05:52:46$
09/07/2025 -> #0-fazendapombo_2-451-40-357-174-13.56-09/07/2025_05:52:46$
09/07/2025 -> #0-fazendapombo_2-451-40-357-174-13.56-09/07/2025_05:52:46$
09/07/2025 -> #0-fazendapombo_2-451-40-354-349-15/06/2025_22:10:19$
09/07/2025 -> #0-fazendapombo_2-451-40-357-174-13.56-09/07/2025_05:52:46$
09/07/2025 -> #0-fazendapombo_2-451-40-357-176-13.50-09/07/2025_05:57:46$
09/07/2025 -> #0-fazendapombo_2-451-40-357-176-13.50-09/07/2025_05:57:46$
09/07/2025 -> #0-fazendapombo_2-451-40-357-176-13.50-09/07/2025_05:57:46$
09/07/2025 -> #0-fazendapombo_2-451-40-354-349-15/06/2025_22:10:19$
09/07/2025 -> #0-fazendapombo_2-451-40-357-176-13.50-09/07/2025_05:57:46$
09/07/2025 -> #0-fazendapombo_2-451-40-357-179-13.56-09/07/2025_06:08:45$
09/07/2025 -> #0-fazendapombo_2-451-40-357-179-13.56-09/07/2025_06:08:45$
09/07/2025 -> #0-fazendapombo_2-451-40-357-179-13.56-09/07/2025_06:08:45$
09/07/2025 -> #0-fazendapombo_2-451-40-354-349-15/06/2025_22:10:19$
09/07/2025 -> #0-fazendapombo_2-451-40-357-179-13.56-09/07/2025_06:08:45$
09/07/2025 -> #0-fazendapombo_2-451-40-357-181-13.44-09/07/2025_06:12:46$
09/07/2025 -> #0-fazendapombo_2-451-40-357-181-13.44-09/07/2025_06:12:46$
09/07/2025 -> #0-fazendapombo_2-451-40-357-181-13.44-09/07/2025_06:12:46$
09/07/2025 -> #0-fazendapombo_2-451-40-354-349-15/06/2025_22:10:19$
09/07/2025 -> #0-fazendapombo_2-451-40-357-181-13.44-09/07/2025_06:12:46$
09/07/2025 -> #0-fazendapombo_2-451-40-357-182-13.31-09/07/2025_06:17:46$
09/07/2025 -> #0-fazendapombo_2-451-40-357-182-13.31-09/07/2025_06:17:46$
09/07/2025 -> #0-fazendapombo_2-451-40-357-182-13.31-09/07/2025_06:17:46$
09/07/2025 -> #0-fazendapombo_2-451-40-354-349-15/06/2025_22:10:19$
09/07/2025 -> #0-fazendapombo_2-451-40-357-182-13.31-09/07/2025_06:17:46$
09/07/2025 -> #0-fazendapombo_2-451-40-357-186-13.37-09/07/2025_06:27:46$
09/07/2025 -> #0-fazendapombo_2-451-40-357-186-13.37-09/07/2025_06:27:46$
09/07/2025 -> #0-fazendapombo_2-451-40-357-186-13.37-09/07/2025_06:27:46$
09/07/2025 -> #0-fazendapombo_2-451-40-354-349-15/06/2025_22:10:19$
09/07/2025 -> #0-fazendapombo_2-451-40-357-186-13.37-09/07/2025_06:27:46$
09/07/2025 -> #0-fazendapombo_2-451-40-357-188-13.44-09/07/2025_06:32:48$
09/07/2025 -> #0-fazendapombo_2-451-40-357-188-13.44-09/07/2025_06:32:48$
09/07/2025 -> #0-fazendapombo_2-451-40-357-188-13.44-09/07/2025_06:32:48$
09/07/2025 -> #0-fazendapombo_2-451-40-354-349-15/06/2025_22:10:19$
09/07/2025 -> #0-fazendapombo_2-451-40-357-188-13.44-09/07/2025_06:32:48$
09/07/2025 -> #0-fazendapombo_2-451-40-357-189-13.37-09/07/2025_06:37:46$
09/07/2025 -> #0-fazendapombo_2-451-40-357-189-13.37-09/07/2025_06:37:46$
09/07/2025 -> #0-fazendapombo_2-451-40-357-189-13.37-09/07/2025_06:37:46$
09/07/2025 -> #0-fazendapombo_2-451-40-354-349-15/06/2025_22:10:19$
09/07/2025 -> #0-fazendapombo_2-451-40-357-189-13.37-09/07/2025_06:37:46$
09/07/2025 -> #0-fazendapombo_2-451-40-655-193-13.37-09/07/2025_06:52:20$
09/07/2025 -> #0-fazendapombo_2-451-40-655-193-13.37-09/07/2025_06:52:20$
09/07/2025 -> #0-fazendapombo_2-451-40-655-193-13.37-09/07/2025_06:52:20$
09/07/2025 -> #0-fazendapombo_2-451-40-354-349-15/06/2025_22:10:19$
09/07/2025 -> #0-fazendapombo_2-451-40-655-193-13.37-09/07/2025_06:52:20$
09/07/2025 -> #0-fazendapombo_2-451-40-655-194-13.44-09/07/2025_06:55:03$
09/07/2025 -> #0-fazendapombo_2-451-40-655-194-13.44-09/07/2025_06:55:03$
09/07/2025 -> #0-fazendapombo_2-451-40-655-194-13.44-09/07/2025_06:55:03$
09/07/2025 -> #0-fazendapombo_2-451-40-354-349-15/06/2025_22:10:19$
09/07/2025 -> #0-fazendapombo_2-451-40-655-194-13.44-09/07/2025_06:55:03$
09/07/2025 -> #0-fazendapombo_2-451-40-655-196-13.50-09/07/2025_06:59:04$
09/07/2025 -> #0-fazendapombo_2-451-40-655-196-13.50-09/07/2025_06:59:04$
09/07/2025 -> #0-fazendapombo_2-451-40-655-196-13.50-09/07/2025_06:59:04$
09/07/2025 -> #0-fazendapombo_2-451-40-354-349-15/06/2025_22:10:19$
09/07/2025 -> #0-fazendapombo_2-451-40-655-196-13.50-09/07/2025_06:59:04$
09/07/2025 -> #0-fazendapombo_2-451-40-655-198-13.56-09/07/2025_07:05:03$
09/07/2025 -> #0-fazendapombo_2-451-40-655-198-13.56-09/07/2025_07:05:03$
09/07/2025 -> #0-fazendapombo_2-451-40-655-198-13.56-09/07/2025_07:05:03$
09/07/2025 -> #0-fazendapombo_2-451-40-354-349-15/06/2025_22:10:19$
09/07/2025 -> #0-fazendapombo_2-451-40-655-198-13.56-09/07/2025_07:05:03$
09/07/2025 -> #0-fazendapombo_2-451-40-655-200-13.62-09/07/2025_07:10:03$
09/07/2025 -> #0-fazendapombo_2-451-40-655-200-13.62-09/07/2025_07:10:03$
09/07/2025 -> #0-fazendapombo_2-451-40-655-200-13.62-09/07/2025_07:10:03$
09/07/2025 -> #0-fazendapombo_2-451-40-354-349-15/06/2025_22:10:19$
09/07/2025 -> #0-fazendapombo_2-451-40-655-200-13.62-09/07/2025_07:10:03$
09/07/2025 -> #0-fazendapombo_2-451-40-655-202-13.56-09/07/2025_07:15:03$
09/07/2025 -> #0-fazendapombo_2-451-40-655-202-13.56-09/07/2025_07:15:03$
09/07/2025 -> #0-fazendapombo_2-451-40-655-202-13.56-09/07/2025_07:15:03$
09/07/2025 -> #0-fazendapombo_2-451-40-354-349-15/06/2025_22:10:19$
09/07/2025 -> #0-fazendapombo_2-451-40-655-202-13.56-09/07/2025_07:15:03$
09/07/2025 -> #0-fazendapombo_2-451-40-655-204-13.44-09/07/2025_07:20:03$
09/07/2025 -> #0-fazendapombo_2-451-40-655-204-13.44-09/07/2025_07:20:03$
09/07/2025 -> #0-fazendapombo_2-451-40-655-204-13.44-09/07/2025_07:20:03$
09/07/2025 -> #0-fazendapombo_2-451-40-354-349-15/06/2025_22:10:19$
09/07/2025 -> #0-fazendapombo_2-451-40-655-204-13.44-09/07/2025_07:20:03$
09/07/2025 -> #0-fazendapombo_2-451-40-655-206-13.81-09/07/2025_07:25:03$
09/07/2025 -> #0-fazendapombo_2-451-40-655-206-13.81-09/07/2025_07:25:03$
09/07/2025 -> #0-fazendapombo_2-451-40-655-206-13.81-09/07/2025_07:25:03$
09/07/2025 -> #0-fazendapombo_2-451-40-354-349-15/06/2025_22:10:19$
09/07/2025 -> #0-fazendapombo_2-451-40-655-206-13.81-09/07/2025_07:25:03$
09/07/2025 -> #0-fazendapombo_2-451-40-655-208-13.62-09/07/2025_07:29:04$
09/07/2025 -> #0-fazendapombo_2-451-40-655-208-13.62-09/07/2025_07:29:04$
09/07/2025 -> #0-fazendapombo_2-451-40-655-208-13.62-09/07/2025_07:29:04$
09/07/2025 -> #0-fazendapombo_2-451-40-354-349-15/06/2025_22:10:19$
09/07/2025 -> #0-fazendapombo_2-451-40-655-208-13.62-09/07/2025_07:29:04$
09/07/2025 -> #0-fazendapombo_2-451-40-655-210-13.75-09/07/2025_07:35:03$
09/07/2025 -> #0-fazendapombo_2-451-40-655-210-13.75-09/07/2025_07:35:03$
09/07/2025 -> #0-fazendapombo_2-451-40-655-210-13.75-09/07/2025_07:35:03$
09/07/2025 -> #0-fazendapombo_2-451-40-354-349-15/06/2025_22:10:19$
09/07/2025 -> #0-fazendapombo_2-451-40-655-210-13.75-09/07/2025_07:35:03$
09/07/2025 -> #0-fazendapombo_2-451-40-655-213-13.81-09/07/2025_07:40:03$
09/07/2025 -> #0-fazendapombo_2-451-40-655-213-13.81-09/07/2025_07:40:03$
09/07/2025 -> #0-fazendapombo_2-451-40-655-213-13.81-09/07/2025_07:40:03$
09/07/2025 -> #0-fazendapombo_2-451-40-354-349-15/06/2025_22:10:19$
09/07/2025 -> #0-fazendapombo_2-451-40-655-213-13.81-09/07/2025_07:40:03$
09/07/2025 -> #0-fazendapombo_2-451-40-655-214-13.81-09/07/2025_07:45:03$
09/07/2025 -> #0-fazendapombo_2-451-40-655-214-13.81-09/07/2025_07:45:03$
09/07/2025 -> #0-fazendapombo_2-451-40-655-214-13.81-09/07/2025_07:45:03$
09/07/2025 -> #0-fazendapombo_2-451-40-354-349-15/06/2025_22:10:19$
09/07/2025 -> #0-fazendapombo_2-451-40-655-214-13.81-09/07/2025_07:45:03$
09/07/2025 -> #0-fazendapombo_2-461-40-655-215-21.00-09/07/2025_07:48:42$
09/07/2025 -> #0-fazendapombo_2-461-40-655-215-21.00-09/07/2025_07:48:42$
09/07/2025 -> #0-fazendapombo_2-461-40-655-215-21.00-09/07/2025_07:48:42$
09/07/2025 -> #0-fazendapombo_2-451-40-354-349-15/06/2025_22:10:19$
09/07/2025 -> #0-fazendapombo_2-461-40-655-215-21.00-09/07/2025_07:48:42$
09/07/2025 -> #0-fazendapombo_2-451-40-655-215-18.69-09/07/2025_07:48:42$
09/07/2025 -> #0-fazendapombo_2-451-40-655-215-18.69-09/07/2025_07:48:42$
09/07/2025 -> #0-fazendapombo_2-451-40-655-215-18.69-09/07/2025_07:48:42$
09/07/2025 -> #0-fazendapombo_2-451-40-354-349-15/06/2025_22:10:19$
09/07/2025 -> #0-fazendapombo_2-451-40-655-215-18.69-09/07/2025_07:48:42$
09/07/2025 -> #0-fazendapombo_2-461-40-655-215-20.87-09/07/2025_07:48:43$
09/07/2025 -> #0-fazendapombo_2-461-40-655-215-20.87-09/07/2025_07:48:43$
09/07/2025 -> #0-fazendapombo_2-461-40-655-215-20.87-09/07/2025_07:48:43$
09/07/2025 -> #0-fazendapombo_2-451-40-354-349-15/06/2025_22:10:19$
09/07/2025 -> #0-fazendapombo_2-461-40-655-215-20.87-09/07/2025_07:48:43$
09/07/2025 -> #0-fazendapombo_2-461-40-655-216-19.56-09/07/2025_07:51:00$
09/07/2025 -> #0-fazendapombo_2-461-40-655-216-19.56-09/07/2025_07:51:00$
09/07/2025 -> #0-fazendapombo_2-461-40-655-216-19.56-09/07/2025_07:51:00$
09/07/2025 -> #0-fazendapombo_2-451-40-354-349-15/06/2025_22:10:19$
09/07/2025 -> #0-fazendapombo_2-461-40-655-216-19.56-09/07/2025_07:51:00$
09/07/2025 -> #0-fazendapombo_2-461-40-655-216-21.44-09/07/2025_07:51:52$
09/07/2025 -> #0-fazendapombo_2-461-40-655-216-21.44-09/07/2025_07:51:52$
09/07/2025 -> #0-fazendapombo_2-461-40-655-216-21.44-09/07/2025_07:51:52$
09/07/2025 -> #0-fazendapombo_2-451-40-354-349-15/06/2025_22:10:19$
09/07/2025 -> #0-fazendapombo_2-461-40-655-216-21.44-09/07/2025_07:51:52$
09/07/2025 -> #0-fazendapombo_2-451-40-655-216-18.19-09/07/2025_07:51:52$
09/07/2025 -> #0-fazendapombo_2-451-40-655-216-18.19-09/07/2025_07:51:52$
09/07/2025 -> #0-fazendapombo_2-451-40-655-216-18.19-09/07/2025_07:51:52$
09/07/2025 -> #0-fazendapombo_2-451-40-354-349-15/06/2025_22:10:19$
09/07/2025 -> #0-fazendapombo_2-451-40-655-216-18.19-09/07/2025_07:51:52$
09/07/2025 -> #0-fazendapombo_2-461-40-655-216-20.62-09/07/2025_07:51:52$
09/07/2025 -> #0-fazendapombo_2-461-40-655-216-20.62-09/07/2025_07:51:52$
09/07/2025 -> #0-fazendapombo_2-461-40-655-216-20.62-09/07/2025_07:51:52$
09/07/2025 -> #0-fazendapombo_2-451-40-354-349-15/06/2025_22:10:19$
09/07/2025 -> #0-fazendapombo_2-461-40-655-216-20.62-09/07/2025_07:51:52$
09/07/2025 -> #0-fazendapombo_2-451-40-655-216-15.19-09/07/2025_07:52:29$
09/07/2025 -> #0-fazendapombo_2-451-40-655-216-15.19-09/07/2025_07:52:29$
09/07/2025 -> #0-fazendapombo_2-451-40-655-216-15.19-09/07/2025_07:52:29$
09/07/2025 -> #0-fazendapombo_2-451-40-354-349-15/06/2025_22:10:19$
09/07/2025 -> #0-fazendapombo_2-451-40-655-216-15.19-09/07/2025_07:52:29$
09/07/2025 -> #0-fazendapombo_2-461-40-655-216-21.00-09/07/2025_07:52:31$
09/07/2025 -> #0-fazendapombo_2-461-40-655-216-21.00-09/07/2025_07:52:31$
09/07/2025 -> #0-fazendapombo_2-461-40-655-216-21.00-09/07/2025_07:52:31$
09/07/2025 -> #0-fazendapombo_2-451-40-354-349-15/06/2025_22:10:19$
09/07/2025 -> #0-fazendapombo_2-461-40-655-216-21.00-09/07/2025_07:52:31$
09/07/2025 -> #0-fazendapombo_2-451-40-655-217-12.94-09/07/2025_07:54:03$
09/07/2025 -> #0-fazendapombo_2-451-40-655-217-12.94-09/07/2025_07:54:03$
09/07/2025 -> #0-fazendapombo_2-451-40-655-217-12.94-09/07/2025_07:54:03$
09/07/2025 -> #0-fazendapombo_2-451-40-354-349-15/06/2025_22:10:19$
09/07/2025 -> #0-fazendapombo_2-451-40-655-217-12.94-09/07/2025_07:54:03$
09/07/2025 -> #0-fazendapombo_2-461-40-655-219-19.06-09/07/2025_08:00:02$
09/07/2025 -> #0-fazendapombo_2-461-40-655-219-19.06-09/07/2025_08:00:02$
09/07/2025 -> #0-fazendapombo_2-461-40-655-219-19.06-09/07/2025_08:00:02$
09/07/2025 -> #0-fazendapombo_2-451-40-354-349-15/06/2025_22:10:19$
09/07/2025 -> #0-fazendapombo_2-461-40-655-219-19.06-09/07/2025_08:00:02$
09/07/2025 -> #0-fazendapombo_2-451-40-655-219-15.81-09/07/2025_08:00:02$
09/07/2025 -> #0-fazendapombo_2-451-40-655-219-15.81-09/07/2025_08:00:02$
09/07/2025 -> #0-fazendapombo_2-451-40-655-219-15.81-09/07/2025_08:00:02$
09/07/2025 -> #0-fazendapombo_2-451-40-354-349-15/06/2025_22:10:19$
09/07/2025 -> #0-fazendapombo_2-451-40-655-219-15.81-09/07/2025_08:00:02$
09/07/2025 -> #0-fazendapombo_2-451-40-655-219-19.31-09/07/2025_07:59:06$
09/07/2025 -> #0-fazendapombo_2-451-40-655-219-19.31-09/07/2025_07:59:06$
09/07/2025 -> #0-fazendapombo_2-451-40-655-219-19.31-09/07/2025_07:59:06$
09/07/2025 -> #0-fazendapombo_2-451-40-354-349-15/06/2025_22:10:19$
09/07/2025 -> #0-fazendapombo_2-451-40-655-219-19.31-09/07/2025_07:59:06$
09/07/2025 -> #0-fazendapombo_2-461-40-655-219-21.12-09/07/2025_07:59:11$
09/07/2025 -> #0-fazendapombo_2-461-40-655-219-21.12-09/07/2025_07:59:11$
09/07/2025 -> #0-fazendapombo_2-461-40-655-219-21.12-09/07/2025_07:59:11$
09/07/2025 -> #0-fazendapombo_2-451-40-354-349-15/06/2025_22:10:19$
09/07/2025 -> #0-fazendapombo_2-461-40-655-219-21.12-09/07/2025_07:59:11$
09/07/2025 -> #0-fazendapombo_2-461-40-655-219-20.19-09/07/2025_08:01:00$
09/07/2025 -> #0-fazendapombo_2-461-40-655-219-20.19-09/07/2025_08:01:00$
09/07/2025 -> #0-fazendapombo_2-461-40-655-219-20.19-09/07/2025_08:01:00$
09/07/2025 -> #0-fazendapombo_2-451-40-354-349-15/06/2025_22:10:19$
09/07/2025 -> #0-fazendapombo_2-461-40-655-219-20.19-09/07/2025_08:01:00$
09/07/2025 -> #0-fazendapombo_2-451-40-655-219-18.87-09/07/2025_08:01:00$
09/07/2025 -> #0-fazendapombo_2-451-40-655-219-18.87-09/07/2025_08:01:00$
09/07/2025 -> #0-fazendapombo_2-451-40-655-219-18.87-09/07/2025_08:01:00$
09/07/2025 -> #0-fazendapombo_2-451-40-354-349-15/06/2025_22:10:19$
09/07/2025 -> #0-fazendapombo_2-451-40-655-219-18.87-09/07/2025_08:01:00$
09/07/2025 -> #0-fazendapombo_2-461-40-655-220-18.87-09/07/2025_08:01:24$
09/07/2025 -> #0-fazendapombo_2-461-40-655-220-18.87-09/07/2025_08:01:24$
09/07/2025 -> #0-fazendapombo_2-461-40-655-220-18.87-09/07/2025_08:01:24$
09/07/2025 -> #0-fazendapombo_2-451-40-354-349-15/06/2025_22:10:19$
09/07/2025 -> #0-fazendapombo_2-461-40-655-220-18.87-09/07/2025_08:01:24$
09/07/2025 -> #0-fazendapombo_2-451-40-655-220-16.81-09/07/2025_08:01:24$
09/07/2025 -> #0-fazendapombo_2-451-40-655-220-16.81-09/07/2025_08:01:24$
09/07/2025 -> #0-fazendapombo_2-451-40-655-220-16.81-09/07/2025_08:01:24$
09/07/2025 -> #0-fazendapombo_2-451-40-354-349-15/06/2025_22:10:19$
09/07/2025 -> #0-fazendapombo_2-451-40-655-220-16.81-09/07/2025_08:01:24$
09/07/2025 -> #0-fazendapombo_2-451-40-655-221-13.37-09/07/2025_08:05:03$
09/07/2025 -> #0-fazendapombo_2-451-40-655-221-13.37-09/07/2025_08:05:03$
09/07/2025 -> #0-fazendapombo_2-451-40-655-221-13.37-09/07/2025_08:05:03$
09/07/2025 -> #0-fazendapombo_2-451-40-354-349-15/06/2025_22:10:19$
09/07/2025 -> #0-fazendapombo_2-451-40-655-221-13.37-09/07/2025_08:05:03$
09/07/2025 -> #0-fazendapombo_2-451-40-655-223-13.69-09/07/2025_08:09:04$
09/07/2025 -> #0-fazendapombo_2-451-40-655-223-13.69-09/07/2025_08:09:04$
09/07/2025 -> #0-fazendapombo_2-451-40-655-223-13.69-09/07/2025_08:09:04$
09/07/2025 -> #0-fazendapombo_2-451-40-354-349-15/06/2025_22:10:19$
09/07/2025 -> #0-fazendapombo_2-451-40-655-223-13.69-09/07/2025_08:09:04$
09/07/2025 -> #0-fazendapombo_2-451-40-655-226-13.31-09/07/2025_08:14:04$
09/07/2025 -> #0-fazendapombo_2-451-40-655-226-13.31-09/07/2025_08:14:04$
09/07/2025 -> #0-fazendapombo_2-451-40-655-226-13.31-09/07/2025_08:14:04$
09/07/2025 -> #0-fazendapombo_2-451-40-354-349-15/06/2025_22:10:19$
09/07/2025 -> #0-fazendapombo_2-451-40-655-226-13.31-09/07/2025_08:14:04$
09/07/2025 -> #0-fazendapombo_2-451-655-655-231-20.12-09/07/2025_08:27:36$
09/07/2025 -> #0-fazendapombo_2-451-655-655-231-20.12-09/07/2025_08:27:36$
09/07/2025 -> #0-fazendapombo_2-451-655-655-231-20.12-09/07/2025_08:27:36$
09/07/2025 -> #0-fazendapombo_2-451-40-354-349-15/06/2025_22:10:19$
09/07/2025 -> #0-fazendapombo_2-451-655-655-231-20.12-09/07/2025_08:27:36$
09/07/2025 -> #0-fazendapombo_2-461-655-655-231-20.31-09/07/2025_08:27:37$
09/07/2025 -> #0-fazendapombo_2-461-655-655-231-20.31-09/07/2025_08:27:37$
09/07/2025 -> #0-fazendapombo_2-461-655-655-231-20.31-09/07/2025_08:27:37$
09/07/2025 -> #0-fazendapombo_2-451-40-354-349-15/06/2025_22:10:19$
09/07/2025 -> #0-fazendapombo_2-461-655-655-231-20.31-09/07/2025_08:27:37$
09/07/2025 -> #0-fazendapombo_2-451-655-655-231-17.00-09/07/2025_08:27:37$
09/07/2025 -> #0-fazendapombo_2-451-655-655-231-17.00-09/07/2025_08:27:37$
09/07/2025 -> #0-fazendapombo_2-451-655-655-231-17.00-09/07/2025_08:27:37$
09/07/2025 -> #0-fazendapombo_2-451-40-354-349-15/06/2025_22:10:19$
09/07/2025 -> #0-fazendapombo_2-451-655-655-231-17.00-09/07/2025_08:27:37$
