# Pacotes #0-fazendapombo_2 da data: 2025-06-30
# Total de pacotes: 515
#==================================================

30/06/2025 -> #0-fazendapombo_2-451-30-9-34-13.31-29/06/2025_21:04:44$
30/06/2025 -> #0-fazendapombo_2-451-30-9-34-13.31-29/06/2025_21:04:44$
30/06/2025 -> #0-fazendapombo_2-451-30-9-34-13.31-29/06/2025_21:04:44$
30/06/2025 -> #0-fazendapombo_2-451-40-354-349-15/06/2025_22:10:19$
30/06/2025 -> #0-fazendapombo_2-451-30-9-34-13.31-29/06/2025_21:04:44$
30/06/2025 -> #0-fazendapombo_2-451-30-9-36-12.44-29/06/2025_21:09:44$
30/06/2025 -> #0-fazendapombo_2-451-30-9-36-12.44-29/06/2025_21:09:44$
30/06/2025 -> #0-fazendapombo_2-451-30-9-36-12.44-29/06/2025_21:09:44$
30/06/2025 -> #0-fazendapombo_2-451-40-354-349-15/06/2025_22:10:19$
30/06/2025 -> #0-fazendapombo_2-451-30-9-36-12.44-29/06/2025_21:09:44$
30/06/2025 -> #0-fazendapombo_2-451-30-36-40-11.62-29/06/2025_21:27:23$
30/06/2025 -> #0-fazendapombo_2-451-30-36-40-11.62-29/06/2025_21:27:23$
30/06/2025 -> #0-fazendapombo_2-451-30-36-40-11.62-29/06/2025_21:27:23$
30/06/2025 -> #0-fazendapombo_2-451-40-354-349-15/06/2025_22:10:19$
30/06/2025 -> #0-fazendapombo_2-451-30-36-40-11.62-29/06/2025_21:27:23$
30/06/2025 -> #0-fazendapombo_2-451-30-36-41-13.00-29/06/2025_21:29:25$
30/06/2025 -> #0-fazendapombo_2-451-30-36-41-13.00-29/06/2025_21:29:25$
30/06/2025 -> #0-fazendapombo_2-451-30-36-41-13.00-29/06/2025_21:29:25$
30/06/2025 -> #0-fazendapombo_2-451-40-354-349-15/06/2025_22:10:19$
30/06/2025 -> #0-fazendapombo_2-451-30-36-41-13.00-29/06/2025_21:29:25$
30/06/2025 -> #0-fazendapombo_2-451-30-36-42-13.06-29/06/2025_21:34:25$
30/06/2025 -> #0-fazendapombo_2-451-30-36-42-13.06-29/06/2025_21:34:25$
30/06/2025 -> #0-fazendapombo_2-451-30-36-42-13.06-29/06/2025_21:34:25$
30/06/2025 -> #0-fazendapombo_2-451-40-354-349-15/06/2025_22:10:19$
30/06/2025 -> #0-fazendapombo_2-451-30-36-42-13.06-29/06/2025_21:34:25$
30/06/2025 -> #0-fazendapombo_2-451-30-36-43-12.69-29/06/2025_21:39:25$
30/06/2025 -> #0-fazendapombo_2-451-30-36-43-12.69-29/06/2025_21:39:25$
30/06/2025 -> #0-fazendapombo_2-451-30-36-43-12.69-29/06/2025_21:39:25$
30/06/2025 -> #0-fazendapombo_2-451-40-354-349-15/06/2025_22:10:19$
30/06/2025 -> #0-fazendapombo_2-451-30-36-43-12.69-29/06/2025_21:39:25$
30/06/2025 -> #0-fazendapombo_2-451-30-36-43-13.06-29/06/2025_21:44:25$
30/06/2025 -> #0-fazendapombo_2-451-30-36-43-13.06-29/06/2025_21:44:25$
30/06/2025 -> #0-fazendapombo_2-451-30-36-43-13.06-29/06/2025_21:44:25$
30/06/2025 -> #0-fazendapombo_2-451-40-354-349-15/06/2025_22:10:19$
30/06/2025 -> #0-fazendapombo_2-451-30-36-43-13.06-29/06/2025_21:44:25$
30/06/2025 -> #0-fazendapombo_2-451-30-36-44-12.75-29/06/2025_21:49:25$
30/06/2025 -> #0-fazendapombo_2-451-30-36-44-12.75-29/06/2025_21:49:25$
30/06/2025 -> #0-fazendapombo_2-451-30-36-44-12.75-29/06/2025_21:49:25$
30/06/2025 -> #0-fazendapombo_2-451-40-354-349-15/06/2025_22:10:19$
30/06/2025 -> #0-fazendapombo_2-451-30-36-44-12.75-29/06/2025_21:49:25$
30/06/2025 -> #0-fazendapombo_2-451-30-36-45-10.81-29/06/2025_21:53:26$
30/06/2025 -> #0-fazendapombo_2-451-30-36-45-10.81-29/06/2025_21:53:26$
30/06/2025 -> #0-fazendapombo_2-451-30-36-45-10.81-29/06/2025_21:53:26$
30/06/2025 -> #0-fazendapombo_2-451-40-354-349-15/06/2025_22:10:19$
30/06/2025 -> #0-fazendapombo_2-451-30-36-45-10.81-29/06/2025_21:53:26$
30/06/2025 -> #0-fazendapombo_2-451-30-36-48-13.06-29/06/2025_22:04:25$
30/06/2025 -> #0-fazendapombo_2-451-30-36-48-13.06-29/06/2025_22:04:25$
30/06/2025 -> #0-fazendapombo_2-451-30-36-48-13.06-29/06/2025_22:04:25$
30/06/2025 -> #0-fazendapombo_2-451-40-354-349-15/06/2025_22:10:19$
30/06/2025 -> #0-fazendapombo_2-451-30-36-48-13.06-29/06/2025_22:04:25$
30/06/2025 -> #0-fazendapombo_2-451-30-36-49-13.12-29/06/2025_22:09:25$
30/06/2025 -> #0-fazendapombo_2-451-30-36-49-13.12-29/06/2025_22:09:25$
30/06/2025 -> #0-fazendapombo_2-451-30-36-49-13.12-29/06/2025_22:09:25$
30/06/2025 -> #0-fazendapombo_2-451-40-354-349-15/06/2025_22:10:19$
30/06/2025 -> #0-fazendapombo_2-451-30-36-49-13.12-29/06/2025_22:09:25$
30/06/2025 -> #0-fazendapombo_2-451-30-36-52-12.87-29/06/2025_22:18:25$
30/06/2025 -> #0-fazendapombo_2-451-30-36-52-12.87-29/06/2025_22:18:25$
30/06/2025 -> #0-fazendapombo_2-451-30-36-52-12.87-29/06/2025_22:18:25$
30/06/2025 -> #0-fazendapombo_2-451-40-354-349-15/06/2025_22:10:19$
30/06/2025 -> #0-fazendapombo_2-451-30-36-52-12.87-29/06/2025_22:18:25$
30/06/2025 -> #0-fazendapombo_2-451-30-36-55-11.62-29/06/2025_22:29:25$
30/06/2025 -> #0-fazendapombo_2-451-30-36-55-11.62-29/06/2025_22:29:25$
30/06/2025 -> #0-fazendapombo_2-451-30-36-55-11.62-29/06/2025_22:29:25$
30/06/2025 -> #0-fazendapombo_2-451-40-354-349-15/06/2025_22:10:19$
30/06/2025 -> #0-fazendapombo_2-451-30-36-55-11.62-29/06/2025_22:29:25$
30/06/2025 -> #0-fazendapombo_2-451-30-36-56-12.62-29/06/2025_22:34:25$
30/06/2025 -> #0-fazendapombo_2-451-30-36-56-12.62-29/06/2025_22:34:25$
30/06/2025 -> #0-fazendapombo_2-451-30-36-56-12.62-29/06/2025_22:34:25$
30/06/2025 -> #0-fazendapombo_2-451-40-354-349-15/06/2025_22:10:19$
30/06/2025 -> #0-fazendapombo_2-451-30-36-56-12.62-29/06/2025_22:34:25$
30/06/2025 -> #0-fazendapombo_2-451-30-36-57-12.19-29/06/2025_22:39:25$
30/06/2025 -> #0-fazendapombo_2-451-30-36-57-12.19-29/06/2025_22:39:25$
30/06/2025 -> #0-fazendapombo_2-451-30-36-57-12.19-29/06/2025_22:39:25$
30/06/2025 -> #0-fazendapombo_2-451-40-354-349-15/06/2025_22:10:19$
30/06/2025 -> #0-fazendapombo_2-451-30-36-57-12.19-29/06/2025_22:39:25$
30/06/2025 -> #0-fazendapombo_2-451-30-36-59-13.00-29/06/2025_22:44:25$
30/06/2025 -> #0-fazendapombo_2-451-30-36-59-13.00-29/06/2025_22:44:25$
30/06/2025 -> #0-fazendapombo_2-451-30-36-59-13.00-29/06/2025_22:44:25$
30/06/2025 -> #0-fazendapombo_2-451-40-354-349-15/06/2025_22:10:19$
30/06/2025 -> #0-fazendapombo_2-451-30-36-59-13.00-29/06/2025_22:44:25$
30/06/2025 -> #0-fazendapombo_2-451-30-36-60-12.50-29/06/2025_22:49:25$
30/06/2025 -> #0-fazendapombo_2-451-30-36-60-12.50-29/06/2025_22:49:25$
30/06/2025 -> #0-fazendapombo_2-451-30-36-60-12.50-29/06/2025_22:49:25$
30/06/2025 -> #0-fazendapombo_2-451-40-354-349-15/06/2025_22:10:19$
30/06/2025 -> #0-fazendapombo_2-451-30-36-60-12.50-29/06/2025_22:49:25$
30/06/2025 -> #0-fazendapombo_2-451-100-36-61-12.75-29/06/2025_22:52:26$
30/06/2025 -> #0-fazendapombo_2-451-100-36-61-12.75-29/06/2025_22:52:26$
30/06/2025 -> #0-fazendapombo_2-451-100-36-61-12.75-29/06/2025_22:52:26$
30/06/2025 -> #0-fazendapombo_2-451-40-354-349-15/06/2025_22:10:19$
30/06/2025 -> #0-fazendapombo_2-451-100-36-61-12.75-29/06/2025_22:52:26$
30/06/2025 -> #0-fazendapombo_2-451-100-36-61-13.06-29/06/2025_22:54:25$
30/06/2025 -> #0-fazendapombo_2-451-100-36-61-13.06-29/06/2025_22:54:25$
30/06/2025 -> #0-fazendapombo_2-451-100-36-61-13.06-29/06/2025_22:54:25$
30/06/2025 -> #0-fazendapombo_2-451-40-354-349-15/06/2025_22:10:19$
30/06/2025 -> #0-fazendapombo_2-451-100-36-61-13.06-29/06/2025_22:54:25$
30/06/2025 -> #0-fazendapombo_2-451-30-36-61-12.81-29/06/2025_22:54:25$
30/06/2025 -> #0-fazendapombo_2-451-30-36-61-12.81-29/06/2025_22:54:25$
30/06/2025 -> #0-fazendapombo_2-451-30-36-61-12.81-29/06/2025_22:54:25$
30/06/2025 -> #0-fazendapombo_2-451-40-354-349-15/06/2025_22:10:19$
30/06/2025 -> #0-fazendapombo_2-451-30-36-61-12.81-29/06/2025_22:54:25$
30/06/2025 -> #0-fazendapombo_2-451-30-36-63-12.94-29/06/2025_22:59:25$
30/06/2025 -> #0-fazendapombo_2-451-30-36-63-12.94-29/06/2025_22:59:25$
30/06/2025 -> #0-fazendapombo_2-451-30-36-63-12.94-29/06/2025_22:59:25$
30/06/2025 -> #0-fazendapombo_2-451-40-354-349-15/06/2025_22:10:19$
30/06/2025 -> #0-fazendapombo_2-451-30-36-63-12.94-29/06/2025_22:59:25$
30/06/2025 -> #0-fazendapombo_2-451-30-36-64-1.00-29/06/2025_23:04:25$
30/06/2025 -> #0-fazendapombo_2-451-30-36-64-1.00-29/06/2025_23:04:25$
30/06/2025 -> #0-fazendapombo_2-451-30-36-64-1.00-29/06/2025_23:04:25$
30/06/2025 -> #0-fazendapombo_2-451-40-354-349-15/06/2025_22:10:19$
30/06/2025 -> #0-fazendapombo_2-451-30-36-64-1.00-29/06/2025_23:04:25$
30/06/2025 -> #0-fazendapombo_2-451-30-36-65-13.31-29/06/2025_23:09:25$
30/06/2025 -> #0-fazendapombo_2-451-30-36-65-13.31-29/06/2025_23:09:25$
30/06/2025 -> #0-fazendapombo_2-451-30-36-65-13.31-29/06/2025_23:09:25$
30/06/2025 -> #0-fazendapombo_2-451-40-354-349-15/06/2025_22:10:19$
30/06/2025 -> #0-fazendapombo_2-451-30-36-65-13.31-29/06/2025_23:09:25$
30/06/2025 -> #0-fazendapombo_2-451-30-36-66-13.31-29/06/2025_23:14:25$
30/06/2025 -> #0-fazendapombo_2-451-30-36-66-13.31-29/06/2025_23:14:25$
30/06/2025 -> #0-fazendapombo_2-451-30-36-66-13.31-29/06/2025_23:14:25$
30/06/2025 -> #0-fazendapombo_2-451-40-354-349-15/06/2025_22:10:19$
30/06/2025 -> #0-fazendapombo_2-451-30-36-66-13.31-29/06/2025_23:14:25$
30/06/2025 -> #0-fazendapombo_2-451-30-36-67-13.37-29/06/2025_23:18:26$
30/06/2025 -> #0-fazendapombo_2-451-30-36-67-13.37-29/06/2025_23:18:26$
30/06/2025 -> #0-fazendapombo_2-451-30-36-67-13.37-29/06/2025_23:18:26$
30/06/2025 -> #0-fazendapombo_2-451-40-354-349-15/06/2025_22:10:19$
30/06/2025 -> #0-fazendapombo_2-451-30-36-67-13.37-29/06/2025_23:18:26$
30/06/2025 -> #0-fazendapombo_2-451-30-36-68-13.81-29/06/2025_23:23:26$
30/06/2025 -> #0-fazendapombo_2-451-30-36-68-13.81-29/06/2025_23:23:26$
30/06/2025 -> #0-fazendapombo_2-451-30-36-68-13.81-29/06/2025_23:23:26$
30/06/2025 -> #0-fazendapombo_2-451-40-354-349-15/06/2025_22:10:19$
30/06/2025 -> #0-fazendapombo_2-451-30-36-68-13.81-29/06/2025_23:23:26$
30/06/2025 -> #0-fazendapombo_2-451-30-36-70-13.31-29/06/2025_23:28:26$
30/06/2025 -> #0-fazendapombo_2-451-30-36-70-13.31-29/06/2025_23:28:26$
30/06/2025 -> #0-fazendapombo_2-451-30-36-70-13.31-29/06/2025_23:28:26$
30/06/2025 -> #0-fazendapombo_2-451-40-354-349-15/06/2025_22:10:19$
30/06/2025 -> #0-fazendapombo_2-451-30-36-70-13.31-29/06/2025_23:28:26$
30/06/2025 -> #0-fazendapombo_2-451-30-36-75-13.06-29/06/2025_23:48:26$
30/06/2025 -> #0-fazendapombo_2-451-30-36-75-13.06-29/06/2025_23:48:26$
30/06/2025 -> #0-fazendapombo_2-451-30-36-75-13.06-29/06/2025_23:48:26$
30/06/2025 -> #0-fazendapombo_2-451-40-354-349-15/06/2025_22:10:19$
30/06/2025 -> #0-fazendapombo_2-451-30-36-75-13.06-29/06/2025_23:48:26$
30/06/2025 -> #0-fazendapombo_2-451-30-36-76-13.31-29/06/2025_23:53:26$
30/06/2025 -> #0-fazendapombo_2-451-30-36-76-13.31-29/06/2025_23:53:26$
30/06/2025 -> #0-fazendapombo_2-451-30-36-76-13.31-29/06/2025_23:53:26$
30/06/2025 -> #0-fazendapombo_2-451-40-354-349-15/06/2025_22:10:19$
30/06/2025 -> #0-fazendapombo_2-451-30-36-76-13.31-29/06/2025_23:53:26$
30/06/2025 -> #0-fazendapombo_2-451-30-36-78-13.31-29/06/2025_23:59:25$
30/06/2025 -> #0-fazendapombo_2-451-30-36-78-13.31-29/06/2025_23:59:25$
30/06/2025 -> #0-fazendapombo_2-451-30-36-78-13.31-29/06/2025_23:59:25$
30/06/2025 -> #0-fazendapombo_2-451-40-354-349-15/06/2025_22:10:19$
30/06/2025 -> #0-fazendapombo_2-451-30-36-78-13.31-29/06/2025_23:59:25$
30/06/2025 -> #0-fazendapombo_2-451-30-36-80-13.31-30/06/2025_00:03:26$
30/06/2025 -> #0-fazendapombo_2-451-30-36-80-13.31-30/06/2025_00:03:26$
30/06/2025 -> #0-fazendapombo_2-451-30-36-80-13.31-30/06/2025_00:03:26$
30/06/2025 -> #0-fazendapombo_2-451-40-354-349-15/06/2025_22:10:19$
30/06/2025 -> #0-fazendapombo_2-451-30-36-80-13.31-30/06/2025_00:03:26$
30/06/2025 -> #0-fazendapombo_2-451-30-36-81-13.19-30/06/2025_00:08:26$
30/06/2025 -> #0-fazendapombo_2-451-30-36-81-13.19-30/06/2025_00:08:26$
30/06/2025 -> #0-fazendapombo_2-451-30-36-81-13.19-30/06/2025_00:08:26$
30/06/2025 -> #0-fazendapombo_2-451-40-354-349-15/06/2025_22:10:19$
30/06/2025 -> #0-fazendapombo_2-451-30-36-81-13.19-30/06/2025_00:08:26$
30/06/2025 -> #0-fazendapombo_2-451-30-36-83-13.12-30/06/2025_00:14:25$
30/06/2025 -> #0-fazendapombo_2-451-30-36-83-13.12-30/06/2025_00:14:25$
30/06/2025 -> #0-fazendapombo_2-451-30-36-83-13.12-30/06/2025_00:14:25$
30/06/2025 -> #0-fazendapombo_2-451-40-354-349-15/06/2025_22:10:19$
30/06/2025 -> #0-fazendapombo_2-451-30-36-83-13.12-30/06/2025_00:14:25$
30/06/2025 -> #0-fazendapombo_2-451-30-36-85-13.31-30/06/2025_00:18:26$
30/06/2025 -> #0-fazendapombo_2-451-30-36-85-13.31-30/06/2025_00:18:26$
30/06/2025 -> #0-fazendapombo_2-451-30-36-85-13.31-30/06/2025_00:18:26$
30/06/2025 -> #0-fazendapombo_2-451-40-354-349-15/06/2025_22:10:19$
30/06/2025 -> #0-fazendapombo_2-451-30-36-85-13.31-30/06/2025_00:18:26$
30/06/2025 -> #0-fazendapombo_2-451-30-36-88-13.50-30/06/2025_00:28:26$
30/06/2025 -> #0-fazendapombo_2-451-30-36-88-13.50-30/06/2025_00:28:26$
30/06/2025 -> #0-fazendapombo_2-451-30-36-88-13.50-30/06/2025_00:28:26$
30/06/2025 -> #0-fazendapombo_2-451-40-354-349-15/06/2025_22:10:19$
30/06/2025 -> #0-fazendapombo_2-451-30-36-88-13.50-30/06/2025_00:28:26$
30/06/2025 -> #0-fazendapombo_2-451-30-36-89-13.81-30/06/2025_00:33:26$
30/06/2025 -> #0-fazendapombo_2-451-30-36-89-13.81-30/06/2025_00:33:26$
30/06/2025 -> #0-fazendapombo_2-451-30-36-89-13.81-30/06/2025_00:33:26$
30/06/2025 -> #0-fazendapombo_2-451-40-354-349-15/06/2025_22:10:19$
30/06/2025 -> #0-fazendapombo_2-451-30-36-89-13.81-30/06/2025_00:33:26$
30/06/2025 -> #0-fazendapombo_2-451-30-36-91-13.31-30/06/2025_00:39:25$
30/06/2025 -> #0-fazendapombo_2-451-30-36-91-13.31-30/06/2025_00:39:25$
30/06/2025 -> #0-fazendapombo_2-451-30-36-91-13.31-30/06/2025_00:39:25$
30/06/2025 -> #0-fazendapombo_2-451-40-354-349-15/06/2025_22:10:19$
30/06/2025 -> #0-fazendapombo_2-451-30-36-91-13.31-30/06/2025_00:39:25$
30/06/2025 -> #0-fazendapombo_2-451-30-36-93-13.31-30/06/2025_00:44:25$
30/06/2025 -> #0-fazendapombo_2-451-30-36-93-13.31-30/06/2025_00:44:25$
30/06/2025 -> #0-fazendapombo_2-451-30-36-93-13.31-30/06/2025_00:44:25$
30/06/2025 -> #0-fazendapombo_2-451-40-354-349-15/06/2025_22:10:19$
30/06/2025 -> #0-fazendapombo_2-451-30-36-93-13.31-30/06/2025_00:44:25$
30/06/2025 -> #0-fazendapombo_2-451-30-36-94-13.31-30/06/2025_00:48:26$
30/06/2025 -> #0-fazendapombo_2-451-30-36-94-13.31-30/06/2025_00:48:26$
30/06/2025 -> #0-fazendapombo_2-451-30-36-94-13.31-30/06/2025_00:48:26$
30/06/2025 -> #0-fazendapombo_2-451-40-354-349-15/06/2025_22:10:19$
30/06/2025 -> #0-fazendapombo_2-451-30-36-94-13.31-30/06/2025_00:48:26$
30/06/2025 -> #0-fazendapombo_2-451-30-36-95-13.37-30/06/2025_00:53:26$
30/06/2025 -> #0-fazendapombo_2-451-30-36-95-13.37-30/06/2025_00:53:26$
30/06/2025 -> #0-fazendapombo_2-451-30-36-95-13.37-30/06/2025_00:53:26$
30/06/2025 -> #0-fazendapombo_2-451-40-354-349-15/06/2025_22:10:19$
30/06/2025 -> #0-fazendapombo_2-451-30-36-95-13.37-30/06/2025_00:53:26$
30/06/2025 -> #0-fazendapombo_2-451-30-36-97-13.31-30/06/2025_00:58:26$
30/06/2025 -> #0-fazendapombo_2-451-30-36-97-13.31-30/06/2025_00:58:26$
30/06/2025 -> #0-fazendapombo_2-451-30-36-97-13.31-30/06/2025_00:58:26$
30/06/2025 -> #0-fazendapombo_2-451-40-354-349-15/06/2025_22:10:19$
30/06/2025 -> #0-fazendapombo_2-451-30-36-97-13.31-30/06/2025_00:58:26$
30/06/2025 -> #0-fazendapombo_2-451-30-36-99-13.31-30/06/2025_01:04:25$
30/06/2025 -> #0-fazendapombo_2-451-30-36-99-13.31-30/06/2025_01:04:25$
30/06/2025 -> #0-fazendapombo_2-451-30-36-99-13.31-30/06/2025_01:04:25$
30/06/2025 -> #0-fazendapombo_2-451-40-354-349-15/06/2025_22:10:19$
30/06/2025 -> #0-fazendapombo_2-451-30-36-99-13.31-30/06/2025_01:04:25$
30/06/2025 -> #0-fazendapombo_2-451-30-36-100-13.31-30/06/2025_01:08:26$
30/06/2025 -> #0-fazendapombo_2-451-30-36-100-13.31-30/06/2025_01:08:26$
30/06/2025 -> #0-fazendapombo_2-451-30-36-100-13.31-30/06/2025_01:08:26$
30/06/2025 -> #0-fazendapombo_2-451-40-354-349-15/06/2025_22:10:19$
30/06/2025 -> #0-fazendapombo_2-451-30-36-100-13.31-30/06/2025_01:08:26$
30/06/2025 -> #0-fazendapombo_2-451-30-36-101-13.44-30/06/2025_01:13:26$
30/06/2025 -> #0-fazendapombo_2-451-30-36-101-13.44-30/06/2025_01:13:26$
30/06/2025 -> #0-fazendapombo_2-451-30-36-101-13.44-30/06/2025_01:13:26$
30/06/2025 -> #0-fazendapombo_2-451-40-354-349-15/06/2025_22:10:19$
30/06/2025 -> #0-fazendapombo_2-451-30-36-101-13.44-30/06/2025_01:13:26$
30/06/2025 -> #0-fazendapombo_2-451-30-36-103-13.31-30/06/2025_01:18:26$
30/06/2025 -> #0-fazendapombo_2-451-30-36-103-13.31-30/06/2025_01:18:26$
30/06/2025 -> #0-fazendapombo_2-451-30-36-103-13.31-30/06/2025_01:18:26$
30/06/2025 -> #0-fazendapombo_2-451-40-354-349-15/06/2025_22:10:19$
30/06/2025 -> #0-fazendapombo_2-451-30-36-103-13.31-30/06/2025_01:18:26$
30/06/2025 -> #0-fazendapombo_2-451-30-36-104-13.31-30/06/2025_01:23:26$
30/06/2025 -> #0-fazendapombo_2-451-30-36-104-13.31-30/06/2025_01:23:26$
30/06/2025 -> #0-fazendapombo_2-451-30-36-104-13.31-30/06/2025_01:23:26$
30/06/2025 -> #0-fazendapombo_2-451-40-354-349-15/06/2025_22:10:19$
30/06/2025 -> #0-fazendapombo_2-451-30-36-104-13.31-30/06/2025_01:23:26$
30/06/2025 -> #0-fazendapombo_2-451-30-36-106-13.31-30/06/2025_01:28:26$
30/06/2025 -> #0-fazendapombo_2-451-30-36-106-13.31-30/06/2025_01:28:26$
30/06/2025 -> #0-fazendapombo_2-451-30-36-106-13.31-30/06/2025_01:28:26$
30/06/2025 -> #0-fazendapombo_2-451-40-354-349-15/06/2025_22:10:19$
30/06/2025 -> #0-fazendapombo_2-451-30-36-106-13.31-30/06/2025_01:28:26$
30/06/2025 -> #0-fazendapombo_2-451-30-36-108-13.37-30/06/2025_01:33:28$
30/06/2025 -> #0-fazendapombo_2-451-30-36-108-13.37-30/06/2025_01:33:28$
30/06/2025 -> #0-fazendapombo_2-451-30-36-108-13.37-30/06/2025_01:33:28$
30/06/2025 -> #0-fazendapombo_2-451-40-354-349-15/06/2025_22:10:19$
30/06/2025 -> #0-fazendapombo_2-451-30-36-108-13.37-30/06/2025_01:33:28$
30/06/2025 -> #0-fazendapombo_2-451-30-36-109-13.31-30/06/2025_01:38:26$
30/06/2025 -> #0-fazendapombo_2-451-30-36-109-13.31-30/06/2025_01:38:26$
30/06/2025 -> #0-fazendapombo_2-451-30-36-109-13.31-30/06/2025_01:38:26$
30/06/2025 -> #0-fazendapombo_2-451-40-354-349-15/06/2025_22:10:19$
30/06/2025 -> #0-fazendapombo_2-451-30-36-109-13.31-30/06/2025_01:38:26$
30/06/2025 -> #0-fazendapombo_2-451-30-36-111-13.31-30/06/2025_01:44:25$
30/06/2025 -> #0-fazendapombo_2-451-30-36-111-13.31-30/06/2025_01:44:25$
30/06/2025 -> #0-fazendapombo_2-451-30-36-111-13.31-30/06/2025_01:44:25$
30/06/2025 -> #0-fazendapombo_2-451-40-354-349-15/06/2025_22:10:19$
30/06/2025 -> #0-fazendapombo_2-451-30-36-111-13.31-30/06/2025_01:44:25$
30/06/2025 -> #0-fazendapombo_2-451-30-36-112-12.69-30/06/2025_01:48:26$
30/06/2025 -> #0-fazendapombo_2-451-30-36-112-12.69-30/06/2025_01:48:26$
30/06/2025 -> #0-fazendapombo_2-451-30-36-112-12.69-30/06/2025_01:48:26$
30/06/2025 -> #0-fazendapombo_2-451-40-354-349-15/06/2025_22:10:19$
30/06/2025 -> #0-fazendapombo_2-451-30-36-112-12.69-30/06/2025_01:48:26$
30/06/2025 -> #0-fazendapombo_2-451-30-36-114-13.31-30/06/2025_01:54:25$
30/06/2025 -> #0-fazendapombo_2-451-30-36-114-13.31-30/06/2025_01:54:25$
30/06/2025 -> #0-fazendapombo_2-451-30-36-114-13.31-30/06/2025_01:54:25$
30/06/2025 -> #0-fazendapombo_2-451-40-354-349-15/06/2025_22:10:19$
30/06/2025 -> #0-fazendapombo_2-451-30-36-114-13.31-30/06/2025_01:54:25$
30/06/2025 -> #0-fazendapombo_2-451-30-36-115-12.25-30/06/2025_01:58:26$
30/06/2025 -> #0-fazendapombo_2-451-30-36-115-12.25-30/06/2025_01:58:26$
30/06/2025 -> #0-fazendapombo_2-451-30-36-115-12.25-30/06/2025_01:58:26$
30/06/2025 -> #0-fazendapombo_2-451-40-354-349-15/06/2025_22:10:19$
30/06/2025 -> #0-fazendapombo_2-451-30-36-115-12.25-30/06/2025_01:58:26$
30/06/2025 -> #0-fazendapombo_2-451-30-36-116-12.31-30/06/2025_02:03:26$
30/06/2025 -> #0-fazendapombo_2-451-30-36-116-12.31-30/06/2025_02:03:26$
30/06/2025 -> #0-fazendapombo_2-451-30-36-116-12.31-30/06/2025_02:03:26$
30/06/2025 -> #0-fazendapombo_2-451-40-354-349-15/06/2025_22:10:19$
30/06/2025 -> #0-fazendapombo_2-451-30-36-116-12.31-30/06/2025_02:03:26$
30/06/2025 -> #0-fazendapombo_2-451-30-36-118-11.81-30/06/2025_02:08:26$
30/06/2025 -> #0-fazendapombo_2-451-30-36-118-11.81-30/06/2025_02:08:26$
30/06/2025 -> #0-fazendapombo_2-451-30-36-118-11.81-30/06/2025_02:08:26$
30/06/2025 -> #0-fazendapombo_2-451-40-354-349-15/06/2025_22:10:19$
30/06/2025 -> #0-fazendapombo_2-451-30-36-118-11.81-30/06/2025_02:08:26$
30/06/2025 -> #0-fazendapombo_2-451-30-36-120-13.25-30/06/2025_02:18:26$
30/06/2025 -> #0-fazendapombo_2-451-30-36-120-13.25-30/06/2025_02:18:26$
30/06/2025 -> #0-fazendapombo_2-451-30-36-120-13.25-30/06/2025_02:18:26$
30/06/2025 -> #0-fazendapombo_2-451-40-354-349-15/06/2025_22:10:19$
30/06/2025 -> #0-fazendapombo_2-451-30-36-120-13.25-30/06/2025_02:18:26$
30/06/2025 -> #0-fazendapombo_2-451-30-36-121-12.31-30/06/2025_02:23:26$
30/06/2025 -> #0-fazendapombo_2-451-30-36-121-12.31-30/06/2025_02:23:26$
30/06/2025 -> #0-fazendapombo_2-451-30-36-121-12.31-30/06/2025_02:23:26$
30/06/2025 -> #0-fazendapombo_2-451-40-354-349-15/06/2025_22:10:19$
30/06/2025 -> #0-fazendapombo_2-451-30-36-121-12.31-30/06/2025_02:23:26$
30/06/2025 -> #0-fazendapombo_2-451-30-36-123-13.12-30/06/2025_02:28:26$
30/06/2025 -> #0-fazendapombo_2-451-30-36-123-13.12-30/06/2025_02:28:26$
30/06/2025 -> #0-fazendapombo_2-451-30-36-123-13.12-30/06/2025_02:28:26$
30/06/2025 -> #0-fazendapombo_2-451-40-354-349-15/06/2025_22:10:19$
30/06/2025 -> #0-fazendapombo_2-451-30-36-123-13.12-30/06/2025_02:28:26$
30/06/2025 -> #0-fazendapombo_2-451-30-36-124-13.19-30/06/2025_02:33:26$
30/06/2025 -> #0-fazendapombo_2-451-30-36-124-13.19-30/06/2025_02:33:26$
30/06/2025 -> #0-fazendapombo_2-451-30-36-124-13.19-30/06/2025_02:33:26$
30/06/2025 -> #0-fazendapombo_2-451-40-354-349-15/06/2025_22:10:19$
30/06/2025 -> #0-fazendapombo_2-451-30-36-124-13.19-30/06/2025_02:33:26$
30/06/2025 -> #0-fazendapombo_2-451-30-36-126-13.31-30/06/2025_02:38:26$
30/06/2025 -> #0-fazendapombo_2-451-30-36-126-13.31-30/06/2025_02:38:26$
30/06/2025 -> #0-fazendapombo_2-451-30-36-126-13.31-30/06/2025_02:38:26$
30/06/2025 -> #0-fazendapombo_2-451-40-354-349-15/06/2025_22:10:19$
30/06/2025 -> #0-fazendapombo_2-451-30-36-126-13.31-30/06/2025_02:38:26$
30/06/2025 -> #0-fazendapombo_2-451-30-36-127-12.87-30/06/2025_02:43:26$
30/06/2025 -> #0-fazendapombo_2-451-30-36-127-12.87-30/06/2025_02:43:26$
30/06/2025 -> #0-fazendapombo_2-451-30-36-127-12.87-30/06/2025_02:43:26$
30/06/2025 -> #0-fazendapombo_2-451-40-354-349-15/06/2025_22:10:19$
30/06/2025 -> #0-fazendapombo_2-451-30-36-127-12.87-30/06/2025_02:43:26$
30/06/2025 -> #0-fazendapombo_2-451-30-36-128-12.31-30/06/2025_02:48:26$
30/06/2025 -> #0-fazendapombo_2-451-30-36-128-12.31-30/06/2025_02:48:26$
30/06/2025 -> #0-fazendapombo_2-451-30-36-128-12.31-30/06/2025_02:48:26$
30/06/2025 -> #0-fazendapombo_2-451-40-354-349-15/06/2025_22:10:19$
30/06/2025 -> #0-fazendapombo_2-451-30-36-128-12.31-30/06/2025_02:48:26$
30/06/2025 -> #0-fazendapombo_2-451-30-36-131-13.06-30/06/2025_02:59:25$
30/06/2025 -> #0-fazendapombo_2-451-30-36-131-13.06-30/06/2025_02:59:25$
30/06/2025 -> #0-fazendapombo_2-451-30-36-131-13.06-30/06/2025_02:59:25$
30/06/2025 -> #0-fazendapombo_2-451-40-354-349-15/06/2025_22:10:19$
30/06/2025 -> #0-fazendapombo_2-451-30-36-131-13.06-30/06/2025_02:59:25$
30/06/2025 -> #0-fazendapombo_2-451-30-36-132-13.00-30/06/2025_03:03:26$
30/06/2025 -> #0-fazendapombo_2-451-30-36-132-13.00-30/06/2025_03:03:26$
30/06/2025 -> #0-fazendapombo_2-451-30-36-132-13.00-30/06/2025_03:03:26$
30/06/2025 -> #0-fazendapombo_2-451-40-354-349-15/06/2025_22:10:19$
30/06/2025 -> #0-fazendapombo_2-451-30-36-132-13.00-30/06/2025_03:03:26$
30/06/2025 -> #0-fazendapombo_2-451-30-36-134-13.31-30/06/2025_03:08:26$
30/06/2025 -> #0-fazendapombo_2-451-30-36-134-13.31-30/06/2025_03:08:26$
30/06/2025 -> #0-fazendapombo_2-451-30-36-134-13.31-30/06/2025_03:08:26$
30/06/2025 -> #0-fazendapombo_2-451-40-354-349-15/06/2025_22:10:19$
30/06/2025 -> #0-fazendapombo_2-451-30-36-134-13.31-30/06/2025_03:08:26$
30/06/2025 -> #0-fazendapombo_2-451-30-36-136-12.81-30/06/2025_03:14:25$
30/06/2025 -> #0-fazendapombo_2-451-30-36-136-12.81-30/06/2025_03:14:25$
30/06/2025 -> #0-fazendapombo_2-451-30-36-136-12.81-30/06/2025_03:14:25$
30/06/2025 -> #0-fazendapombo_2-451-40-354-349-15/06/2025_22:10:19$
30/06/2025 -> #0-fazendapombo_2-451-30-36-136-12.81-30/06/2025_03:14:25$
30/06/2025 -> #0-fazendapombo_2-451-30-36-139-13.31-30/06/2025_03:24:25$
30/06/2025 -> #0-fazendapombo_2-451-30-36-139-13.31-30/06/2025_03:24:25$
30/06/2025 -> #0-fazendapombo_2-451-30-36-139-13.31-30/06/2025_03:24:25$
30/06/2025 -> #0-fazendapombo_2-451-40-354-349-15/06/2025_22:10:19$
30/06/2025 -> #0-fazendapombo_2-451-30-36-139-13.31-30/06/2025_03:24:25$
30/06/2025 -> #0-fazendapombo_2-451-30-36-140-12.56-30/06/2025_03:28:26$
30/06/2025 -> #0-fazendapombo_2-451-30-36-140-12.56-30/06/2025_03:28:26$
30/06/2025 -> #0-fazendapombo_2-451-30-36-140-12.56-30/06/2025_03:28:26$
30/06/2025 -> #0-fazendapombo_2-451-40-354-349-15/06/2025_22:10:19$
30/06/2025 -> #0-fazendapombo_2-451-30-36-140-12.56-30/06/2025_03:28:26$
30/06/2025 -> #0-fazendapombo_2-451-30-36-142-13.56-30/06/2025_03:34:25$
30/06/2025 -> #0-fazendapombo_2-451-30-36-142-13.56-30/06/2025_03:34:25$
30/06/2025 -> #0-fazendapombo_2-451-30-36-142-13.56-30/06/2025_03:34:25$
30/06/2025 -> #0-fazendapombo_2-451-40-354-349-15/06/2025_22:10:19$
30/06/2025 -> #0-fazendapombo_2-451-30-36-142-13.56-30/06/2025_03:34:25$
30/06/2025 -> #0-fazendapombo_2-451-30-36-143-13.62-30/06/2025_03:38:26$
30/06/2025 -> #0-fazendapombo_2-451-30-36-143-13.62-30/06/2025_03:38:26$
30/06/2025 -> #0-fazendapombo_2-451-30-36-143-13.62-30/06/2025_03:38:26$
30/06/2025 -> #0-fazendapombo_2-451-40-354-349-15/06/2025_22:10:19$
30/06/2025 -> #0-fazendapombo_2-451-30-36-143-13.62-30/06/2025_03:38:26$
30/06/2025 -> #0-fazendapombo_2-451-30-36-144-13.31-30/06/2025_03:43:26$
30/06/2025 -> #0-fazendapombo_2-451-30-36-144-13.31-30/06/2025_03:43:26$
30/06/2025 -> #0-fazendapombo_2-451-30-36-144-13.31-30/06/2025_03:43:26$
30/06/2025 -> #0-fazendapombo_2-451-40-354-349-15/06/2025_22:10:19$
30/06/2025 -> #0-fazendapombo_2-451-30-36-144-13.31-30/06/2025_03:43:26$
30/06/2025 -> #0-fazendapombo_2-451-100-36-145-13.37-30/06/2025_03:47:30$
30/06/2025 -> #0-fazendapombo_2-451-100-36-145-13.37-30/06/2025_03:47:30$
30/06/2025 -> #0-fazendapombo_2-451-100-36-145-13.37-30/06/2025_03:47:30$
30/06/2025 -> #0-fazendapombo_2-451-40-354-349-15/06/2025_22:10:19$
30/06/2025 -> #0-fazendapombo_2-451-100-36-145-13.37-30/06/2025_03:47:30$
30/06/2025 -> #0-fazendapombo_2-451-100-36-146-13.31-30/06/2025_03:49:25$
30/06/2025 -> #0-fazendapombo_2-451-100-36-146-13.31-30/06/2025_03:49:25$
30/06/2025 -> #0-fazendapombo_2-451-100-36-146-13.31-30/06/2025_03:49:25$
30/06/2025 -> #0-fazendapombo_2-451-40-354-349-15/06/2025_22:10:19$
30/06/2025 -> #0-fazendapombo_2-451-100-36-146-13.31-30/06/2025_03:49:25$
30/06/2025 -> #0-fazendapombo_2-451-30-36-146-13.31-30/06/2025_03:49:30$
30/06/2025 -> #0-fazendapombo_2-451-30-36-146-13.31-30/06/2025_03:49:30$
30/06/2025 -> #0-fazendapombo_2-451-30-36-146-13.31-30/06/2025_03:49:30$
30/06/2025 -> #0-fazendapombo_2-451-40-354-349-15/06/2025_22:10:19$
30/06/2025 -> #0-fazendapombo_2-451-30-36-146-13.31-30/06/2025_03:49:30$
30/06/2025 -> #0-fazendapombo_2-451-30-36-147-13.31-30/06/2025_03:54:25$
30/06/2025 -> #0-fazendapombo_2-451-30-36-147-13.31-30/06/2025_03:54:25$
30/06/2025 -> #0-fazendapombo_2-451-30-36-147-13.31-30/06/2025_03:54:25$
30/06/2025 -> #0-fazendapombo_2-451-40-354-349-15/06/2025_22:10:19$
30/06/2025 -> #0-fazendapombo_2-451-30-36-147-13.31-30/06/2025_03:54:25$
30/06/2025 -> #0-fazendapombo_2-451-30-36-148-13.31-30/06/2025_03:58:26$
30/06/2025 -> #0-fazendapombo_2-451-30-36-148-13.31-30/06/2025_03:58:26$
30/06/2025 -> #0-fazendapombo_2-451-30-36-148-13.31-30/06/2025_03:58:26$
30/06/2025 -> #0-fazendapombo_2-451-40-354-349-15/06/2025_22:10:19$
30/06/2025 -> #0-fazendapombo_2-451-30-36-148-13.31-30/06/2025_03:58:26$
30/06/2025 -> #0-fazendapombo_2-451-30-36-150-12.81-30/06/2025_04:04:25$
30/06/2025 -> #0-fazendapombo_2-451-30-36-150-12.81-30/06/2025_04:04:25$
30/06/2025 -> #0-fazendapombo_2-451-30-36-150-12.81-30/06/2025_04:04:25$
30/06/2025 -> #0-fazendapombo_2-451-40-354-349-15/06/2025_22:10:19$
30/06/2025 -> #0-fazendapombo_2-451-30-36-150-12.81-30/06/2025_04:04:25$
30/06/2025 -> #0-fazendapombo_2-451-30-36-151-13.06-30/06/2025_04:09:25$
30/06/2025 -> #0-fazendapombo_2-451-30-36-151-13.06-30/06/2025_04:09:25$
30/06/2025 -> #0-fazendapombo_2-451-30-36-151-13.06-30/06/2025_04:09:25$
30/06/2025 -> #0-fazendapombo_2-451-40-354-349-15/06/2025_22:10:19$
30/06/2025 -> #0-fazendapombo_2-451-30-36-151-13.06-30/06/2025_04:09:25$
30/06/2025 -> #0-fazendapombo_2-451-30-36-152-12.56-30/06/2025_04:13:26$
30/06/2025 -> #0-fazendapombo_2-451-30-36-152-12.56-30/06/2025_04:13:26$
30/06/2025 -> #0-fazendapombo_2-451-30-36-152-12.56-30/06/2025_04:13:26$
30/06/2025 -> #0-fazendapombo_2-451-40-354-349-15/06/2025_22:10:19$
30/06/2025 -> #0-fazendapombo_2-451-30-36-152-12.56-30/06/2025_04:13:26$
30/06/2025 -> #0-fazendapombo_2-451-30-36-154-12.56-30/06/2025_04:18:26$
30/06/2025 -> #0-fazendapombo_2-451-30-36-154-12.56-30/06/2025_04:18:26$
30/06/2025 -> #0-fazendapombo_2-451-30-36-154-12.56-30/06/2025_04:18:26$
30/06/2025 -> #0-fazendapombo_2-451-40-354-349-15/06/2025_22:10:19$
30/06/2025 -> #0-fazendapombo_2-451-30-36-154-12.56-30/06/2025_04:18:26$
30/06/2025 -> #0-fazendapombo_2-451-30-36-155-12.69-30/06/2025_04:24:25$
30/06/2025 -> #0-fazendapombo_2-451-30-36-155-12.69-30/06/2025_04:24:25$
30/06/2025 -> #0-fazendapombo_2-451-30-36-155-12.69-30/06/2025_04:24:25$
30/06/2025 -> #0-fazendapombo_2-451-40-354-349-15/06/2025_22:10:19$
30/06/2025 -> #0-fazendapombo_2-451-30-36-155-12.69-30/06/2025_04:24:25$
30/06/2025 -> #0-fazendapombo_2-451-30-36-156-13.25-30/06/2025_04:28:26$
30/06/2025 -> #0-fazendapombo_2-451-30-36-156-13.25-30/06/2025_04:28:26$
30/06/2025 -> #0-fazendapombo_2-451-30-36-156-13.25-30/06/2025_04:28:26$
30/06/2025 -> #0-fazendapombo_2-451-40-354-349-15/06/2025_22:10:19$
30/06/2025 -> #0-fazendapombo_2-451-30-36-156-13.25-30/06/2025_04:28:26$
30/06/2025 -> #0-fazendapombo_2-451-30-36-158-13.19-30/06/2025_04:33:26$
30/06/2025 -> #0-fazendapombo_2-451-30-36-158-13.19-30/06/2025_04:33:26$
30/06/2025 -> #0-fazendapombo_2-451-30-36-158-13.19-30/06/2025_04:33:26$
30/06/2025 -> #0-fazendapombo_2-451-40-354-349-15/06/2025_22:10:19$
30/06/2025 -> #0-fazendapombo_2-451-30-36-158-13.19-30/06/2025_04:33:26$
30/06/2025 -> #0-fazendapombo_2-451-30-36-159-13.25-30/06/2025_04:38:26$
30/06/2025 -> #0-fazendapombo_2-451-30-36-159-13.25-30/06/2025_04:38:26$
30/06/2025 -> #0-fazendapombo_2-451-30-36-159-13.25-30/06/2025_04:38:26$
30/06/2025 -> #0-fazendapombo_2-451-40-354-349-15/06/2025_22:10:19$
30/06/2025 -> #0-fazendapombo_2-451-30-36-159-13.25-30/06/2025_04:38:26$
30/06/2025 -> #0-fazendapombo_2-451-30-36-160-13.37-30/06/2025_04:43:26$
30/06/2025 -> #0-fazendapombo_2-451-30-36-160-13.37-30/06/2025_04:43:26$
30/06/2025 -> #0-fazendapombo_2-451-30-36-160-13.37-30/06/2025_04:43:26$
30/06/2025 -> #0-fazendapombo_2-451-40-354-349-15/06/2025_22:10:19$
30/06/2025 -> #0-fazendapombo_2-451-30-36-160-13.37-30/06/2025_04:43:26$
30/06/2025 -> #0-fazendapombo_2-451-30-36-161-13.31-30/06/2025_04:48:26$
30/06/2025 -> #0-fazendapombo_2-451-30-36-161-13.31-30/06/2025_04:48:26$
30/06/2025 -> #0-fazendapombo_2-451-30-36-161-13.31-30/06/2025_04:48:26$
30/06/2025 -> #0-fazendapombo_2-451-40-354-349-15/06/2025_22:10:19$
30/06/2025 -> #0-fazendapombo_2-451-30-36-161-13.31-30/06/2025_04:48:26$
30/06/2025 -> #0-fazendapombo_2-451-30-36-163-13.31-30/06/2025_04:53:26$
30/06/2025 -> #0-fazendapombo_2-451-30-36-163-13.31-30/06/2025_04:53:26$
30/06/2025 -> #0-fazendapombo_2-451-30-36-163-13.31-30/06/2025_04:53:26$
30/06/2025 -> #0-fazendapombo_2-451-40-354-349-15/06/2025_22:10:19$
30/06/2025 -> #0-fazendapombo_2-451-30-36-163-13.31-30/06/2025_04:53:26$
30/06/2025 -> #0-fazendapombo_2-451-30-36-164-13.44-30/06/2025_04:58:26$
30/06/2025 -> #0-fazendapombo_2-451-30-36-164-13.44-30/06/2025_04:58:26$
30/06/2025 -> #0-fazendapombo_2-451-30-36-164-13.44-30/06/2025_04:58:26$
30/06/2025 -> #0-fazendapombo_2-451-40-354-349-15/06/2025_22:10:19$
30/06/2025 -> #0-fazendapombo_2-451-30-36-164-13.44-30/06/2025_04:58:26$
30/06/2025 -> #0-fazendapombo_2-451-30-36-166-13.25-30/06/2025_05:03:28$
30/06/2025 -> #0-fazendapombo_2-451-30-36-166-13.25-30/06/2025_05:03:28$
30/06/2025 -> #0-fazendapombo_2-451-30-36-166-13.25-30/06/2025_05:03:28$
30/06/2025 -> #0-fazendapombo_2-451-40-354-349-15/06/2025_22:10:19$
30/06/2025 -> #0-fazendapombo_2-451-30-36-166-13.25-30/06/2025_05:03:28$
30/06/2025 -> #0-fazendapombo_2-451-30-36-167-13.00-30/06/2025_05:08:26$
30/06/2025 -> #0-fazendapombo_2-451-30-36-167-13.00-30/06/2025_05:08:26$
30/06/2025 -> #0-fazendapombo_2-451-30-36-167-13.00-30/06/2025_05:08:26$
30/06/2025 -> #0-fazendapombo_2-451-40-354-349-15/06/2025_22:10:19$
30/06/2025 -> #0-fazendapombo_2-451-30-36-167-13.00-30/06/2025_05:08:26$
30/06/2025 -> #0-fazendapombo_2-451-30-36-170-13.56-30/06/2025_05:18:26$
30/06/2025 -> #0-fazendapombo_2-451-30-36-170-13.56-30/06/2025_05:18:26$
30/06/2025 -> #0-fazendapombo_2-451-30-36-170-13.56-30/06/2025_05:18:26$
30/06/2025 -> #0-fazendapombo_2-451-40-354-349-15/06/2025_22:10:19$
30/06/2025 -> #0-fazendapombo_2-451-30-36-170-13.56-30/06/2025_05:18:26$
30/06/2025 -> #0-fazendapombo_2-451-30-36-171-13.37-30/06/2025_05:23:26$
30/06/2025 -> #0-fazendapombo_2-451-30-36-171-13.37-30/06/2025_05:23:26$
30/06/2025 -> #0-fazendapombo_2-451-30-36-171-13.37-30/06/2025_05:23:26$
30/06/2025 -> #0-fazendapombo_2-451-40-354-349-15/06/2025_22:10:19$
30/06/2025 -> #0-fazendapombo_2-451-30-36-171-13.37-30/06/2025_05:23:26$
30/06/2025 -> #0-fazendapombo_2-451-30-36-172-12.75-30/06/2025_05:28:26$
30/06/2025 -> #0-fazendapombo_2-451-30-36-172-12.75-30/06/2025_05:28:26$
30/06/2025 -> #0-fazendapombo_2-451-30-36-172-12.75-30/06/2025_05:28:26$
30/06/2025 -> #0-fazendapombo_2-451-40-354-349-15/06/2025_22:10:19$
30/06/2025 -> #0-fazendapombo_2-451-30-36-172-12.75-30/06/2025_05:28:26$
30/06/2025 -> #0-fazendapombo_2-451-30-36-174-13.25-30/06/2025_05:33:26$
30/06/2025 -> #0-fazendapombo_2-451-30-36-174-13.25-30/06/2025_05:33:26$
30/06/2025 -> #0-fazendapombo_2-451-30-36-174-13.25-30/06/2025_05:33:26$
30/06/2025 -> #0-fazendapombo_2-451-40-354-349-15/06/2025_22:10:19$
30/06/2025 -> #0-fazendapombo_2-451-30-36-174-13.25-30/06/2025_05:33:26$
30/06/2025 -> #0-fazendapombo_2-451-30-36-175-10.19-30/06/2025_05:38:26$
30/06/2025 -> #0-fazendapombo_2-451-30-36-175-10.19-30/06/2025_05:38:26$
30/06/2025 -> #0-fazendapombo_2-451-30-36-175-10.19-30/06/2025_05:38:26$
30/06/2025 -> #0-fazendapombo_2-451-40-354-349-15/06/2025_22:10:19$
30/06/2025 -> #0-fazendapombo_2-451-30-36-175-10.19-30/06/2025_05:38:26$
30/06/2025 -> #0-fazendapombo_2-451-30-36-176-0.00-30/06/2025_05:43:26$
30/06/2025 -> #0-fazendapombo_2-451-30-36-176-0.00-30/06/2025_05:43:26$
30/06/2025 -> #0-fazendapombo_2-451-30-36-176-0.00-30/06/2025_05:43:26$
30/06/2025 -> #0-fazendapombo_2-451-40-354-349-15/06/2025_22:10:19$
30/06/2025 -> #0-fazendapombo_2-451-30-36-176-0.00-30/06/2025_05:43:26$
30/06/2025 -> #0-fazendapombo_2-451-30-36-177-12.87-30/06/2025_05:48:51$
30/06/2025 -> #0-fazendapombo_2-451-30-36-177-12.87-30/06/2025_05:48:51$
30/06/2025 -> #0-fazendapombo_2-451-30-36-177-12.87-30/06/2025_05:48:51$
30/06/2025 -> #0-fazendapombo_2-451-40-354-349-15/06/2025_22:10:19$
30/06/2025 -> #0-fazendapombo_2-451-30-36-177-12.87-30/06/2025_05:48:51$
30/06/2025 -> #0-fazendapombo_2-451-30-36-177-13.31-30/06/2025_05:53:26$
30/06/2025 -> #0-fazendapombo_2-451-30-36-177-13.31-30/06/2025_05:53:26$
30/06/2025 -> #0-fazendapombo_2-451-30-36-177-13.31-30/06/2025_05:53:26$
30/06/2025 -> #0-fazendapombo_2-451-40-354-349-15/06/2025_22:10:19$
30/06/2025 -> #0-fazendapombo_2-451-30-36-177-13.31-30/06/2025_05:53:26$
30/06/2025 -> #0-fazendapombo_2-451-30-36-178-12.44-30/06/2025_05:58:26$
30/06/2025 -> #0-fazendapombo_2-451-30-36-178-12.44-30/06/2025_05:58:26$
30/06/2025 -> #0-fazendapombo_2-451-30-36-178-12.44-30/06/2025_05:58:26$
30/06/2025 -> #0-fazendapombo_2-451-40-354-349-15/06/2025_22:10:19$
30/06/2025 -> #0-fazendapombo_2-451-30-36-178-12.44-30/06/2025_05:58:26$
30/06/2025 -> #0-fazendapombo_2-451-30-36-179-13.25-30/06/2025_06:03:26$
30/06/2025 -> #0-fazendapombo_2-451-30-36-179-13.25-30/06/2025_06:03:26$
30/06/2025 -> #0-fazendapombo_2-451-30-36-179-13.25-30/06/2025_06:03:26$
30/06/2025 -> #0-fazendapombo_2-451-40-354-349-15/06/2025_22:10:19$
30/06/2025 -> #0-fazendapombo_2-451-30-36-179-13.25-30/06/2025_06:03:26$
30/06/2025 -> #0-fazendapombo_2-451-30-36-180-13.19-30/06/2025_06:08:26$
30/06/2025 -> #0-fazendapombo_2-451-30-36-180-13.19-30/06/2025_06:08:26$
30/06/2025 -> #0-fazendapombo_2-451-30-36-180-13.19-30/06/2025_06:08:26$
30/06/2025 -> #0-fazendapombo_2-451-40-354-349-15/06/2025_22:10:19$
30/06/2025 -> #0-fazendapombo_2-451-30-36-180-13.19-30/06/2025_06:08:26$
30/06/2025 -> #0-fazendapombo_2-451-30-36-181-14.06-30/06/2025_06:13:28$
30/06/2025 -> #0-fazendapombo_2-451-30-36-181-14.06-30/06/2025_06:13:28$
30/06/2025 -> #0-fazendapombo_2-451-30-36-181-14.06-30/06/2025_06:13:28$
30/06/2025 -> #0-fazendapombo_2-451-40-354-349-15/06/2025_22:10:19$
30/06/2025 -> #0-fazendapombo_2-451-30-36-181-14.06-30/06/2025_06:13:28$
30/06/2025 -> #0-fazendapombo_2-451-30-36-183-13.31-30/06/2025_06:18:26$
30/06/2025 -> #0-fazendapombo_2-451-30-36-183-13.31-30/06/2025_06:18:26$
30/06/2025 -> #0-fazendapombo_2-451-30-36-183-13.31-30/06/2025_06:18:26$
30/06/2025 -> #0-fazendapombo_2-451-40-354-349-15/06/2025_22:10:19$
30/06/2025 -> #0-fazendapombo_2-451-30-36-183-13.31-30/06/2025_06:18:26$
