# Pacotes #0-fazendapombo_2 da data: 2025-06-11
# Total de pacotes: 160
#==================================================

11/06/2025 -> #0-fazendapombo_2-351-100-230-239-0.00-11/06/2025_16:00:39$
11/06/2025 -> #0-fazendapombo_2-351-100-230-239-0.00-11/06/2025_16:00:39$
11/06/2025 -> #0-fazendapombo_2-351-100-230-239-0.00-11/06/2025_16:00:39$
11/06/2025 -> #0-fazendapombo_2-351-100-357-2-27/05/2025_09:26:24$
11/06/2025 -> #0-fazendapombo_2-351-100-230-239-0.00-11/06/2025_16:00:39$
11/06/2025 -> #0-fazendapombo_2-351-100-230-239-0.00-11/06/2025_16:03:30$
11/06/2025 -> #0-fazendapombo_2-351-100-230-239-0.00-11/06/2025_16:03:30$
11/06/2025 -> #0-fazendapombo_2-351-100-230-239-0.00-11/06/2025_16:03:30$
11/06/2025 -> #0-fazendapombo_2-351-100-357-2-27/05/2025_09:26:24$
11/06/2025 -> #0-fazendapombo_2-351-100-230-239-0.00-11/06/2025_16:03:30$
11/06/2025 -> #0-fazendapombo_2-351-100-230-238-0.00-11/06/2025_16:09:29$
11/06/2025 -> #0-fazendapombo_2-351-100-230-238-0.00-11/06/2025_16:09:29$
11/06/2025 -> #0-fazendapombo_2-351-100-230-238-0.00-11/06/2025_16:09:29$
11/06/2025 -> #0-fazendapombo_2-351-100-357-2-27/05/2025_09:26:24$
11/06/2025 -> #0-fazendapombo_2-351-100-230-238-0.00-11/06/2025_16:09:29$
11/06/2025 -> #0-fazendapombo_2-351-100-230-236-0.00-11/06/2025_16:13:30$
11/06/2025 -> #0-fazendapombo_2-351-100-230-236-0.00-11/06/2025_16:13:30$
11/06/2025 -> #0-fazendapombo_2-351-100-230-236-0.00-11/06/2025_16:13:30$
11/06/2025 -> #0-fazendapombo_2-351-100-357-2-27/05/2025_09:26:24$
11/06/2025 -> #0-fazendapombo_2-351-100-230-236-0.00-11/06/2025_16:13:30$
11/06/2025 -> #0-fazendapombo_2-351-100-230-235-0.00-11/06/2025_16:18:30$
11/06/2025 -> #0-fazendapombo_2-351-100-230-235-0.00-11/06/2025_16:18:30$
11/06/2025 -> #0-fazendapombo_2-351-100-230-235-0.00-11/06/2025_16:18:30$
11/06/2025 -> #0-fazendapombo_2-351-100-357-2-27/05/2025_09:26:24$
11/06/2025 -> #0-fazendapombo_2-351-100-230-235-0.00-11/06/2025_16:18:30$
11/06/2025 -> #0-fazendapombo_2-351-100-230-233-0.00-11/06/2025_16:24:29$
11/06/2025 -> #0-fazendapombo_2-351-100-230-233-0.00-11/06/2025_16:24:29$
11/06/2025 -> #0-fazendapombo_2-351-100-230-233-0.00-11/06/2025_16:24:29$
11/06/2025 -> #0-fazendapombo_2-351-100-357-2-27/05/2025_09:26:24$
11/06/2025 -> #0-fazendapombo_2-351-100-230-233-0.00-11/06/2025_16:24:29$
11/06/2025 -> #0-fazendapombo_2-351-100-230-233-0.00-11/06/2025_16:29:29$
11/06/2025 -> #0-fazendapombo_2-351-100-230-233-0.00-11/06/2025_16:29:29$
11/06/2025 -> #0-fazendapombo_2-351-100-230-233-0.00-11/06/2025_16:29:29$
11/06/2025 -> #0-fazendapombo_2-351-100-357-2-27/05/2025_09:26:24$
11/06/2025 -> #0-fazendapombo_2-351-100-230-233-0.00-11/06/2025_16:29:29$
11/06/2025 -> #0-fazendapombo_2-451-100-230-233-0.00-11/06/2025_16:30:27$
11/06/2025 -> #0-fazendapombo_2-451-100-230-233-0.00-11/06/2025_16:30:27$
11/06/2025 -> #0-fazendapombo_2-451-100-230-233-0.00-11/06/2025_16:30:27$
11/06/2025 -> #0-fazendapombo_2-351-100-357-2-27/05/2025_09:26:24$
11/06/2025 -> #0-fazendapombo_2-451-100-230-233-0.00-11/06/2025_16:30:27$
11/06/2025 -> #0-fazendapombo_2-451-22-230-232-0.00-11/06/2025_16:34:22$
11/06/2025 -> #0-fazendapombo_2-451-22-230-232-0.00-11/06/2025_16:34:22$
11/06/2025 -> #0-fazendapombo_2-451-22-230-232-0.00-11/06/2025_16:34:22$
11/06/2025 -> #0-fazendapombo_2-351-100-357-2-27/05/2025_09:26:24$
11/06/2025 -> #0-fazendapombo_2-451-22-230-232-0.00-11/06/2025_16:34:22$
11/06/2025 -> #0-fazendapombo_2-451-22-230-232-0.00-11/06/2025_16:34:29$
11/06/2025 -> #0-fazendapombo_2-451-22-230-232-0.00-11/06/2025_16:34:29$
11/06/2025 -> #0-fazendapombo_2-451-22-230-232-0.00-11/06/2025_16:34:29$
11/06/2025 -> #0-fazendapombo_2-351-100-357-2-27/05/2025_09:26:24$
11/06/2025 -> #0-fazendapombo_2-451-22-230-232-0.00-11/06/2025_16:34:29$
11/06/2025 -> #0-fazendapombo_2-451-22-230-231-0.00-11/06/2025_16:39:29$
11/06/2025 -> #0-fazendapombo_2-451-22-230-231-0.00-11/06/2025_16:39:29$
11/06/2025 -> #0-fazendapombo_2-451-22-230-231-0.00-11/06/2025_16:39:29$
11/06/2025 -> #0-fazendapombo_2-351-100-357-2-27/05/2025_09:26:24$
11/06/2025 -> #0-fazendapombo_2-451-22-230-231-0.00-11/06/2025_16:39:29$
11/06/2025 -> #0-fazendapombo_2-451-22-230-230-0.00-11/06/2025_16:43:30$
11/06/2025 -> #0-fazendapombo_2-451-22-230-230-0.00-11/06/2025_16:43:30$
11/06/2025 -> #0-fazendapombo_2-451-22-230-230-0.00-11/06/2025_16:43:30$
11/06/2025 -> #0-fazendapombo_2-351-100-357-2-27/05/2025_09:26:24$
11/06/2025 -> #0-fazendapombo_2-451-22-230-230-0.00-11/06/2025_16:43:30$
11/06/2025 -> #0-fazendapombo_2-451-22-230-228-0.00-11/06/2025_16:48:30$
11/06/2025 -> #0-fazendapombo_2-451-22-230-228-0.00-11/06/2025_16:48:30$
11/06/2025 -> #0-fazendapombo_2-451-22-230-228-0.00-11/06/2025_16:48:30$
11/06/2025 -> #0-fazendapombo_2-351-100-357-2-27/05/2025_09:26:24$
11/06/2025 -> #0-fazendapombo_2-451-22-230-228-0.00-11/06/2025_16:48:30$
11/06/2025 -> #0-fazendapombo_2-451-22-230-225-0.00-11/06/2025_16:54:29$
11/06/2025 -> #0-fazendapombo_2-451-22-230-225-0.00-11/06/2025_16:54:29$
11/06/2025 -> #0-fazendapombo_2-451-22-230-225-0.00-11/06/2025_16:54:29$
11/06/2025 -> #0-fazendapombo_2-351-100-357-2-27/05/2025_09:26:24$
11/06/2025 -> #0-fazendapombo_2-451-22-230-225-0.00-11/06/2025_16:54:29$
11/06/2025 -> #0-fazendapombo_2-451-22-230-223-0.00-11/06/2025_16:59:29$
11/06/2025 -> #0-fazendapombo_2-451-22-230-223-0.00-11/06/2025_16:59:29$
11/06/2025 -> #0-fazendapombo_2-451-22-230-223-0.00-11/06/2025_16:59:29$
11/06/2025 -> #0-fazendapombo_2-351-100-357-2-27/05/2025_09:26:24$
11/06/2025 -> #0-fazendapombo_2-451-22-230-223-0.00-11/06/2025_16:59:29$
11/06/2025 -> #0-fazendapombo_2-451-22-230-221-0.00-11/06/2025_17:04:29$
11/06/2025 -> #0-fazendapombo_2-451-22-230-221-0.00-11/06/2025_17:04:29$
11/06/2025 -> #0-fazendapombo_2-451-22-230-221-0.00-11/06/2025_17:04:29$
11/06/2025 -> #0-fazendapombo_2-351-100-357-2-27/05/2025_09:26:24$
11/06/2025 -> #0-fazendapombo_2-451-22-230-221-0.00-11/06/2025_17:04:29$
11/06/2025 -> #0-fazendapombo_2-451-22-230-220-0.00-11/06/2025_17:08:30$
11/06/2025 -> #0-fazendapombo_2-451-22-230-220-0.00-11/06/2025_17:08:30$
11/06/2025 -> #0-fazendapombo_2-451-22-230-220-0.00-11/06/2025_17:08:30$
11/06/2025 -> #0-fazendapombo_2-351-100-357-2-27/05/2025_09:26:24$
11/06/2025 -> #0-fazendapombo_2-451-22-230-220-0.00-11/06/2025_17:08:30$
11/06/2025 -> #0-fazendapombo_2-451-22-230-221-0.00-11/06/2025_17:14:29$
11/06/2025 -> #0-fazendapombo_2-451-22-230-221-0.00-11/06/2025_17:14:29$
11/06/2025 -> #0-fazendapombo_2-451-22-230-221-0.00-11/06/2025_17:14:29$
11/06/2025 -> #0-fazendapombo_2-351-100-357-2-27/05/2025_09:26:24$
11/06/2025 -> #0-fazendapombo_2-451-22-230-221-0.00-11/06/2025_17:14:29$
11/06/2025 -> #0-fazendapombo_2-451-22-230-222-0.00-11/06/2025_17:24:29$
11/06/2025 -> #0-fazendapombo_2-451-22-230-222-0.00-11/06/2025_17:24:29$
11/06/2025 -> #0-fazendapombo_2-451-22-230-222-0.00-11/06/2025_17:24:29$
11/06/2025 -> #0-fazendapombo_2-351-100-357-2-27/05/2025_09:26:24$
11/06/2025 -> #0-fazendapombo_2-451-22-230-222-0.00-11/06/2025_17:24:29$
11/06/2025 -> #0-fazendapombo_2-451-22-230-223-0.00-11/06/2025_17:29:29$
11/06/2025 -> #0-fazendapombo_2-451-22-230-223-0.00-11/06/2025_17:29:29$
11/06/2025 -> #0-fazendapombo_2-451-22-230-223-0.00-11/06/2025_17:29:29$
11/06/2025 -> #0-fazendapombo_2-351-100-357-2-27/05/2025_09:26:24$
11/06/2025 -> #0-fazendapombo_2-451-22-230-223-0.00-11/06/2025_17:29:29$
11/06/2025 -> #0-fazendapombo_2-451-22-230-223-0.00-11/06/2025_17:34:29$
11/06/2025 -> #0-fazendapombo_2-451-22-230-223-0.00-11/06/2025_17:34:29$
11/06/2025 -> #0-fazendapombo_2-451-22-230-223-0.00-11/06/2025_17:34:29$
11/06/2025 -> #0-fazendapombo_2-351-100-357-2-27/05/2025_09:26:24$
11/06/2025 -> #0-fazendapombo_2-451-22-230-223-0.00-11/06/2025_17:34:29$
11/06/2025 -> #0-fazendapombo_2-451-22-230-224-0.00-11/06/2025_17:38:30$
11/06/2025 -> #0-fazendapombo_2-451-22-230-224-0.00-11/06/2025_17:38:30$
11/06/2025 -> #0-fazendapombo_2-451-22-230-224-0.00-11/06/2025_17:38:30$
11/06/2025 -> #0-fazendapombo_2-351-100-357-2-27/05/2025_09:26:24$
11/06/2025 -> #0-fazendapombo_2-451-22-230-224-0.00-11/06/2025_17:38:30$
11/06/2025 -> #0-fazendapombo_2-451-22-230-225-0.00-11/06/2025_17:44:29$
11/06/2025 -> #0-fazendapombo_2-451-22-230-225-0.00-11/06/2025_17:44:29$
11/06/2025 -> #0-fazendapombo_2-451-22-230-225-0.00-11/06/2025_17:44:29$
11/06/2025 -> #0-fazendapombo_2-351-100-357-2-27/05/2025_09:26:24$
11/06/2025 -> #0-fazendapombo_2-451-22-230-225-0.00-11/06/2025_17:44:29$
11/06/2025 -> #0-fazendapombo_2-451-22-230-226-0.00-11/06/2025_17:49:29$
11/06/2025 -> #0-fazendapombo_2-451-22-230-226-0.00-11/06/2025_17:49:29$
11/06/2025 -> #0-fazendapombo_2-451-22-230-226-0.00-11/06/2025_17:49:29$
11/06/2025 -> #0-fazendapombo_2-351-100-357-2-27/05/2025_09:26:24$
11/06/2025 -> #0-fazendapombo_2-451-22-230-226-0.00-11/06/2025_17:49:29$
11/06/2025 -> #0-fazendapombo_2-451-22-230-227-0.00-11/06/2025_17:54:29$
11/06/2025 -> #0-fazendapombo_2-451-22-230-227-0.00-11/06/2025_17:54:29$
11/06/2025 -> #0-fazendapombo_2-451-22-230-227-0.00-11/06/2025_17:54:29$
11/06/2025 -> #0-fazendapombo_2-351-100-357-2-27/05/2025_09:26:24$
11/06/2025 -> #0-fazendapombo_2-451-22-230-227-0.00-11/06/2025_17:54:29$
11/06/2025 -> #0-fazendapombo_2-451-22-230-228-0.00-11/06/2025_17:59:29$
11/06/2025 -> #0-fazendapombo_2-451-22-230-228-0.00-11/06/2025_17:59:29$
11/06/2025 -> #0-fazendapombo_2-451-22-230-228-0.00-11/06/2025_17:59:29$
11/06/2025 -> #0-fazendapombo_2-351-100-357-2-27/05/2025_09:26:24$
11/06/2025 -> #0-fazendapombo_2-451-22-230-228-0.00-11/06/2025_17:59:29$
11/06/2025 -> #0-fazendapombo_2-451-22-230-228-0.00-11/06/2025_18:03:30$
11/06/2025 -> #0-fazendapombo_2-451-22-230-228-0.00-11/06/2025_18:03:30$
11/06/2025 -> #0-fazendapombo_2-451-22-230-228-0.00-11/06/2025_18:03:30$
11/06/2025 -> #0-fazendapombo_2-351-100-357-2-27/05/2025_09:26:24$
11/06/2025 -> #0-fazendapombo_2-451-22-230-228-0.00-11/06/2025_18:03:30$
11/06/2025 -> #0-fazendapombo_2-451-22-230-231-0.00-11/06/2025_18:14:29$
11/06/2025 -> #0-fazendapombo_2-451-22-230-231-0.00-11/06/2025_18:14:29$
11/06/2025 -> #0-fazendapombo_2-451-22-230-231-0.00-11/06/2025_18:14:29$
11/06/2025 -> #0-fazendapombo_2-351-100-357-2-27/05/2025_09:26:24$
11/06/2025 -> #0-fazendapombo_2-451-22-230-231-0.00-11/06/2025_18:14:29$
11/06/2025 -> #0-fazendapombo_2-451-22-230-232-0.00-11/06/2025_18:19:29$
11/06/2025 -> #0-fazendapombo_2-451-22-230-232-0.00-11/06/2025_18:19:29$
11/06/2025 -> #0-fazendapombo_2-451-22-230-232-0.00-11/06/2025_18:19:29$
11/06/2025 -> #0-fazendapombo_2-351-100-357-2-27/05/2025_09:26:24$
11/06/2025 -> #0-fazendapombo_2-451-22-230-232-0.00-11/06/2025_18:19:29$
11/06/2025 -> #0-fazendapombo_2-451-22-230-234-0.00-11/06/2025_18:28:30$
11/06/2025 -> #0-fazendapombo_2-451-22-230-234-0.00-11/06/2025_18:28:30$
11/06/2025 -> #0-fazendapombo_2-451-22-230-234-0.00-11/06/2025_18:28:30$
11/06/2025 -> #0-fazendapombo_2-351-100-357-2-27/05/2025_09:26:24$
11/06/2025 -> #0-fazendapombo_2-451-22-230-234-0.00-11/06/2025_18:28:30$
11/06/2025 -> #0-fazendapombo_2-451-22-230-235-0.00-11/06/2025_18:37:30$
11/06/2025 -> #0-fazendapombo_2-451-22-230-235-0.00-11/06/2025_18:37:30$
11/06/2025 -> #0-fazendapombo_2-451-22-230-235-0.00-11/06/2025_18:37:30$
11/06/2025 -> #0-fazendapombo_2-351-100-357-2-27/05/2025_09:26:24$
11/06/2025 -> #0-fazendapombo_2-451-22-230-235-0.00-11/06/2025_18:37:30$
11/06/2025 -> #0-fazendapombo_2-451-22-230-236-0.00-11/06/2025_18:44:29$
11/06/2025 -> #0-fazendapombo_2-451-22-230-236-0.00-11/06/2025_18:44:29$
11/06/2025 -> #0-fazendapombo_2-451-22-230-236-0.00-11/06/2025_18:44:29$
11/06/2025 -> #0-fazendapombo_2-351-100-357-2-27/05/2025_09:26:24$
11/06/2025 -> #0-fazendapombo_2-451-22-230-236-0.00-11/06/2025_18:44:29$
