# Pacotes #0-fazendapombo_2 da data: 2025-06-12
# Total de pacotes: 855
#==================================================

12/06/2025 -> #0-fazendapombo_2-351-32-237-655-0.00-11/06/2025_23:12:30$
12/06/2025 -> #0-fazendapombo_2-351-32-237-655-0.00-11/06/2025_23:12:30$
12/06/2025 -> #0-fazendapombo_2-351-32-237-655-0.00-11/06/2025_23:12:30$
12/06/2025 -> #0-fazendapombo_2-351-100-357-2-27/05/2025_09:26:24$
12/06/2025 -> #0-fazendapombo_2-351-32-237-655-0.00-11/06/2025_23:12:30$
12/06/2025 -> #0-fazendapombo_2-351-32-237-239-0.00-11/06/2025_23:15:19$
12/06/2025 -> #0-fazendapombo_2-351-32-237-239-0.00-11/06/2025_23:15:19$
12/06/2025 -> #0-fazendapombo_2-351-32-237-239-0.00-11/06/2025_23:15:19$
12/06/2025 -> #0-fazendapombo_2-351-100-357-2-27/05/2025_09:26:24$
12/06/2025 -> #0-fazendapombo_2-351-32-237-239-0.00-11/06/2025_23:15:19$
12/06/2025 -> #0-fazendapombo_2-351-0-655-238-0.00-11/06/2025_23:26:11$
12/06/2025 -> #0-fazendapombo_2-351-0-655-238-0.00-11/06/2025_23:26:11$
12/06/2025 -> #0-fazendapombo_2-351-0-655-238-0.00-11/06/2025_23:26:11$
12/06/2025 -> #0-fazendapombo_2-351-100-357-2-27/05/2025_09:26:24$
12/06/2025 -> #0-fazendapombo_2-351-0-655-238-0.00-11/06/2025_23:26:11$
12/06/2025 -> #0-fazendapombo_2-351-0-655-237-0.00-11/06/2025_23:29:06$
12/06/2025 -> #0-fazendapombo_2-351-0-655-237-0.00-11/06/2025_23:29:06$
12/06/2025 -> #0-fazendapombo_2-351-0-655-237-0.00-11/06/2025_23:29:06$
12/06/2025 -> #0-fazendapombo_2-351-100-357-2-27/05/2025_09:26:24$
12/06/2025 -> #0-fazendapombo_2-351-0-655-237-0.00-11/06/2025_23:29:06$
12/06/2025 -> #0-fazendapombo_2-351-32-655-237-0.00-11/06/2025_23:29:11$
12/06/2025 -> #0-fazendapombo_2-351-32-655-237-0.00-11/06/2025_23:29:11$
12/06/2025 -> #0-fazendapombo_2-351-32-655-237-0.00-11/06/2025_23:29:11$
12/06/2025 -> #0-fazendapombo_2-351-100-357-2-27/05/2025_09:26:24$
12/06/2025 -> #0-fazendapombo_2-351-32-655-237-0.00-11/06/2025_23:29:11$
12/06/2025 -> #0-fazendapombo_2-351-32-655-236-0.00-11/06/2025_23:34:04$
12/06/2025 -> #0-fazendapombo_2-351-32-655-236-0.00-11/06/2025_23:34:04$
12/06/2025 -> #0-fazendapombo_2-351-32-655-236-0.00-11/06/2025_23:34:04$
12/06/2025 -> #0-fazendapombo_2-351-100-357-2-27/05/2025_09:26:24$
12/06/2025 -> #0-fazendapombo_2-351-32-655-236-0.00-11/06/2025_23:34:04$
12/06/2025 -> #0-fazendapombo_2-351-32-655-235-0.00-11/06/2025_23:39:06$
12/06/2025 -> #0-fazendapombo_2-351-32-655-235-0.00-11/06/2025_23:39:06$
12/06/2025 -> #0-fazendapombo_2-351-32-655-235-0.00-11/06/2025_23:39:06$
12/06/2025 -> #0-fazendapombo_2-351-100-357-2-27/05/2025_09:26:24$
12/06/2025 -> #0-fazendapombo_2-351-32-655-235-0.00-11/06/2025_23:39:06$
12/06/2025 -> #0-fazendapombo_2-351-32-655-234-0.00-11/06/2025_23:45:03$
12/06/2025 -> #0-fazendapombo_2-351-32-655-234-0.00-11/06/2025_23:45:03$
12/06/2025 -> #0-fazendapombo_2-351-32-655-234-0.00-11/06/2025_23:45:03$
12/06/2025 -> #0-fazendapombo_2-351-100-357-2-27/05/2025_09:26:24$
12/06/2025 -> #0-fazendapombo_2-351-32-655-234-0.00-11/06/2025_23:45:03$
12/06/2025 -> #0-fazendapombo_2-351-32-655-233-0.00-11/06/2025_23:50:03$
12/06/2025 -> #0-fazendapombo_2-351-32-655-233-0.00-11/06/2025_23:50:03$
12/06/2025 -> #0-fazendapombo_2-351-32-655-233-0.00-11/06/2025_23:50:03$
12/06/2025 -> #0-fazendapombo_2-351-100-357-2-27/05/2025_09:26:24$
12/06/2025 -> #0-fazendapombo_2-351-32-655-233-0.00-11/06/2025_23:50:03$
12/06/2025 -> #0-fazendapombo_2-351-32-655-231-0.00-11/06/2025_23:54:04$
12/06/2025 -> #0-fazendapombo_2-351-32-655-231-0.00-11/06/2025_23:54:04$
12/06/2025 -> #0-fazendapombo_2-351-32-655-231-0.00-11/06/2025_23:54:04$
12/06/2025 -> #0-fazendapombo_2-351-100-357-2-27/05/2025_09:26:24$
12/06/2025 -> #0-fazendapombo_2-351-32-655-231-0.00-11/06/2025_23:54:04$
12/06/2025 -> #0-fazendapombo_2-351-32-655-229-0.00-12/06/2025_00:04:04$
12/06/2025 -> #0-fazendapombo_2-351-32-655-229-0.00-12/06/2025_00:04:04$
12/06/2025 -> #0-fazendapombo_2-351-32-655-229-0.00-12/06/2025_00:04:04$
12/06/2025 -> #0-fazendapombo_2-351-100-357-2-27/05/2025_09:26:24$
12/06/2025 -> #0-fazendapombo_2-351-32-655-229-0.00-12/06/2025_00:04:04$
12/06/2025 -> #0-fazendapombo_2-351-32-655-226-0.00-12/06/2025_00:14:04$
12/06/2025 -> #0-fazendapombo_2-351-32-655-226-0.00-12/06/2025_00:14:04$
12/06/2025 -> #0-fazendapombo_2-351-32-655-226-0.00-12/06/2025_00:14:04$
12/06/2025 -> #0-fazendapombo_2-351-100-357-2-27/05/2025_09:26:24$
12/06/2025 -> #0-fazendapombo_2-351-32-655-226-0.00-12/06/2025_00:14:04$
12/06/2025 -> #0-fazendapombo_2-351-32-655-224-0.00-12/06/2025_00:19:04$
12/06/2025 -> #0-fazendapombo_2-351-32-655-224-0.00-12/06/2025_00:19:04$
12/06/2025 -> #0-fazendapombo_2-351-32-655-224-0.00-12/06/2025_00:19:04$
12/06/2025 -> #0-fazendapombo_2-351-100-357-2-27/05/2025_09:26:24$
12/06/2025 -> #0-fazendapombo_2-351-32-655-224-0.00-12/06/2025_00:19:04$
12/06/2025 -> #0-fazendapombo_2-351-32-655-223-0.00-12/06/2025_00:24:04$
12/06/2025 -> #0-fazendapombo_2-351-32-655-223-0.00-12/06/2025_00:24:04$
12/06/2025 -> #0-fazendapombo_2-351-32-655-223-0.00-12/06/2025_00:24:04$
12/06/2025 -> #0-fazendapombo_2-351-100-357-2-27/05/2025_09:26:24$
12/06/2025 -> #0-fazendapombo_2-351-32-655-223-0.00-12/06/2025_00:24:04$
12/06/2025 -> #0-fazendapombo_2-351-32-655-223-0.00-12/06/2025_00:29:04$
12/06/2025 -> #0-fazendapombo_2-351-32-655-223-0.00-12/06/2025_00:29:04$
12/06/2025 -> #0-fazendapombo_2-351-32-655-223-0.00-12/06/2025_00:29:04$
12/06/2025 -> #0-fazendapombo_2-351-100-357-2-27/05/2025_09:26:24$
12/06/2025 -> #0-fazendapombo_2-351-32-655-223-0.00-12/06/2025_00:29:04$
12/06/2025 -> #0-fazendapombo_2-351-32-655-221-0.00-12/06/2025_00:35:03$
12/06/2025 -> #0-fazendapombo_2-351-32-655-221-0.00-12/06/2025_00:35:03$
12/06/2025 -> #0-fazendapombo_2-351-32-655-221-0.00-12/06/2025_00:35:03$
12/06/2025 -> #0-fazendapombo_2-351-100-357-2-27/05/2025_09:26:24$
12/06/2025 -> #0-fazendapombo_2-351-32-655-221-0.00-12/06/2025_00:35:03$
12/06/2025 -> #0-fazendapombo_2-351-32-655-220-0.00-12/06/2025_00:40:03$
12/06/2025 -> #0-fazendapombo_2-351-32-655-220-0.00-12/06/2025_00:40:03$
12/06/2025 -> #0-fazendapombo_2-351-32-655-220-0.00-12/06/2025_00:40:03$
12/06/2025 -> #0-fazendapombo_2-351-100-357-2-27/05/2025_09:26:24$
12/06/2025 -> #0-fazendapombo_2-351-32-655-220-0.00-12/06/2025_00:40:03$
12/06/2025 -> #0-fazendapombo_2-351-32-655-220-0.00-12/06/2025_00:44:04$
12/06/2025 -> #0-fazendapombo_2-351-32-655-220-0.00-12/06/2025_00:44:04$
12/06/2025 -> #0-fazendapombo_2-351-32-655-220-0.00-12/06/2025_00:44:04$
12/06/2025 -> #0-fazendapombo_2-351-100-357-2-27/05/2025_09:26:24$
12/06/2025 -> #0-fazendapombo_2-351-32-655-220-0.00-12/06/2025_00:44:04$
12/06/2025 -> #0-fazendapombo_2-351-32-655-218-0.00-12/06/2025_00:50:03$
12/06/2025 -> #0-fazendapombo_2-351-32-655-218-0.00-12/06/2025_00:50:03$
12/06/2025 -> #0-fazendapombo_2-351-32-655-218-0.00-12/06/2025_00:50:03$
12/06/2025 -> #0-fazendapombo_2-351-100-357-2-27/05/2025_09:26:24$
12/06/2025 -> #0-fazendapombo_2-351-32-655-218-0.00-12/06/2025_00:50:03$
12/06/2025 -> #0-fazendapombo_2-351-32-655-216-0.00-12/06/2025_00:59:04$
12/06/2025 -> #0-fazendapombo_2-351-32-655-216-0.00-12/06/2025_00:59:04$
12/06/2025 -> #0-fazendapombo_2-351-32-655-216-0.00-12/06/2025_00:59:04$
12/06/2025 -> #0-fazendapombo_2-351-100-357-2-27/05/2025_09:26:24$
12/06/2025 -> #0-fazendapombo_2-351-32-655-216-0.00-12/06/2025_00:59:04$
12/06/2025 -> #0-fazendapombo_2-351-32-655-214-0.00-12/06/2025_01:05:03$
12/06/2025 -> #0-fazendapombo_2-351-32-655-214-0.00-12/06/2025_01:05:03$
12/06/2025 -> #0-fazendapombo_2-351-32-655-214-0.00-12/06/2025_01:05:03$
12/06/2025 -> #0-fazendapombo_2-351-100-357-2-27/05/2025_09:26:24$
12/06/2025 -> #0-fazendapombo_2-351-32-655-214-0.00-12/06/2025_01:05:03$
12/06/2025 -> #0-fazendapombo_2-351-32-655-213-0.00-12/06/2025_01:10:03$
12/06/2025 -> #0-fazendapombo_2-351-32-655-213-0.00-12/06/2025_01:10:03$
12/06/2025 -> #0-fazendapombo_2-351-32-655-213-0.00-12/06/2025_01:10:03$
12/06/2025 -> #0-fazendapombo_2-351-100-357-2-27/05/2025_09:26:24$
12/06/2025 -> #0-fazendapombo_2-351-32-655-213-0.00-12/06/2025_01:10:03$
12/06/2025 -> #0-fazendapombo_2-351-32-655-211-0.00-12/06/2025_01:15:03$
12/06/2025 -> #0-fazendapombo_2-351-32-655-211-0.00-12/06/2025_01:15:03$
12/06/2025 -> #0-fazendapombo_2-351-32-655-211-0.00-12/06/2025_01:15:03$
12/06/2025 -> #0-fazendapombo_2-351-100-357-2-27/05/2025_09:26:24$
12/06/2025 -> #0-fazendapombo_2-351-32-655-211-0.00-12/06/2025_01:15:03$
12/06/2025 -> #0-fazendapombo_2-351-32-655-210-0.00-12/06/2025_01:20:03$
12/06/2025 -> #0-fazendapombo_2-351-32-655-210-0.00-12/06/2025_01:20:03$
12/06/2025 -> #0-fazendapombo_2-351-32-655-210-0.00-12/06/2025_01:20:03$
12/06/2025 -> #0-fazendapombo_2-351-100-357-2-27/05/2025_09:26:24$
12/06/2025 -> #0-fazendapombo_2-351-32-655-210-0.00-12/06/2025_01:20:03$
12/06/2025 -> #0-fazendapombo_2-351-32-655-208-0.00-12/06/2025_01:29:04$
12/06/2025 -> #0-fazendapombo_2-351-32-655-208-0.00-12/06/2025_01:29:04$
12/06/2025 -> #0-fazendapombo_2-351-32-655-208-0.00-12/06/2025_01:29:04$
12/06/2025 -> #0-fazendapombo_2-351-100-357-2-27/05/2025_09:26:24$
12/06/2025 -> #0-fazendapombo_2-351-32-655-208-0.00-12/06/2025_01:29:04$
12/06/2025 -> #0-fazendapombo_2-351-32-655-207-0.00-12/06/2025_01:34:04$
12/06/2025 -> #0-fazendapombo_2-351-32-655-207-0.00-12/06/2025_01:34:04$
12/06/2025 -> #0-fazendapombo_2-351-32-655-207-0.00-12/06/2025_01:34:04$
12/06/2025 -> #0-fazendapombo_2-351-100-357-2-27/05/2025_09:26:24$
12/06/2025 -> #0-fazendapombo_2-351-32-655-207-0.00-12/06/2025_01:34:04$
12/06/2025 -> #0-fazendapombo_2-351-32-655-205-0.00-12/06/2025_01:39:04$
12/06/2025 -> #0-fazendapombo_2-351-32-655-205-0.00-12/06/2025_01:39:04$
12/06/2025 -> #0-fazendapombo_2-351-32-655-205-0.00-12/06/2025_01:39:04$
12/06/2025 -> #0-fazendapombo_2-351-100-357-2-27/05/2025_09:26:24$
12/06/2025 -> #0-fazendapombo_2-351-32-655-205-0.00-12/06/2025_01:39:04$
12/06/2025 -> #0-fazendapombo_2-351-32-655-204-0.00-12/06/2025_01:44:04$
12/06/2025 -> #0-fazendapombo_2-351-32-655-204-0.00-12/06/2025_01:44:04$
12/06/2025 -> #0-fazendapombo_2-351-32-655-204-0.00-12/06/2025_01:44:04$
12/06/2025 -> #0-fazendapombo_2-351-100-357-2-27/05/2025_09:26:24$
12/06/2025 -> #0-fazendapombo_2-351-32-655-204-0.00-12/06/2025_01:44:04$
12/06/2025 -> #0-fazendapombo_2-351-32-655-203-0.00-12/06/2025_01:49:04$
12/06/2025 -> #0-fazendapombo_2-351-32-655-203-0.00-12/06/2025_01:49:04$
12/06/2025 -> #0-fazendapombo_2-351-32-655-203-0.00-12/06/2025_01:49:04$
12/06/2025 -> #0-fazendapombo_2-351-100-357-2-27/05/2025_09:26:24$
12/06/2025 -> #0-fazendapombo_2-351-32-655-203-0.00-12/06/2025_01:49:04$
12/06/2025 -> #0-fazendapombo_2-351-32-655-201-0.00-12/06/2025_01:55:03$
12/06/2025 -> #0-fazendapombo_2-351-32-655-201-0.00-12/06/2025_01:55:03$
12/06/2025 -> #0-fazendapombo_2-351-32-655-201-0.00-12/06/2025_01:55:03$
12/06/2025 -> #0-fazendapombo_2-351-100-357-2-27/05/2025_09:26:24$
12/06/2025 -> #0-fazendapombo_2-351-32-655-201-0.00-12/06/2025_01:55:03$
12/06/2025 -> #0-fazendapombo_2-351-32-655-200-0.00-12/06/2025_01:59:06$
12/06/2025 -> #0-fazendapombo_2-351-32-655-200-0.00-12/06/2025_01:59:06$
12/06/2025 -> #0-fazendapombo_2-351-32-655-200-0.00-12/06/2025_01:59:06$
12/06/2025 -> #0-fazendapombo_2-351-100-357-2-27/05/2025_09:26:24$
12/06/2025 -> #0-fazendapombo_2-351-32-655-200-0.00-12/06/2025_01:59:06$
12/06/2025 -> #0-fazendapombo_2-351-32-655-198-0.00-12/06/2025_02:04:05$
12/06/2025 -> #0-fazendapombo_2-351-32-655-198-0.00-12/06/2025_02:04:05$
12/06/2025 -> #0-fazendapombo_2-351-32-655-198-0.00-12/06/2025_02:04:05$
12/06/2025 -> #0-fazendapombo_2-351-100-357-2-27/05/2025_09:26:24$
12/06/2025 -> #0-fazendapombo_2-351-32-655-198-0.00-12/06/2025_02:04:05$
12/06/2025 -> #0-fazendapombo_2-351-32-655-196-0.00-12/06/2025_02:09:04$
12/06/2025 -> #0-fazendapombo_2-351-32-655-196-0.00-12/06/2025_02:09:04$
12/06/2025 -> #0-fazendapombo_2-351-32-655-196-0.00-12/06/2025_02:09:04$
12/06/2025 -> #0-fazendapombo_2-351-100-357-2-27/05/2025_09:26:24$
12/06/2025 -> #0-fazendapombo_2-351-32-655-196-0.00-12/06/2025_02:09:04$
12/06/2025 -> #0-fazendapombo_2-351-100-655-195-0.00-12/06/2025_02:14:04$
12/06/2025 -> #0-fazendapombo_2-351-100-655-195-0.00-12/06/2025_02:14:04$
12/06/2025 -> #0-fazendapombo_2-351-100-655-195-0.00-12/06/2025_02:14:04$
12/06/2025 -> #0-fazendapombo_2-351-100-357-2-27/05/2025_09:26:24$
12/06/2025 -> #0-fazendapombo_2-351-100-655-195-0.00-12/06/2025_02:14:04$
12/06/2025 -> #0-fazendapombo_2-351-32-655-193-0.00-12/06/2025_02:19:04$
12/06/2025 -> #0-fazendapombo_2-351-32-655-193-0.00-12/06/2025_02:19:04$
12/06/2025 -> #0-fazendapombo_2-351-32-655-193-0.00-12/06/2025_02:19:04$
12/06/2025 -> #0-fazendapombo_2-351-100-357-2-27/05/2025_09:26:24$
12/06/2025 -> #0-fazendapombo_2-351-32-655-193-0.00-12/06/2025_02:19:04$
12/06/2025 -> #0-fazendapombo_2-351-32-655-191-0.00-12/06/2025_02:24:04$
12/06/2025 -> #0-fazendapombo_2-351-32-655-191-0.00-12/06/2025_02:24:04$
12/06/2025 -> #0-fazendapombo_2-351-32-655-191-0.00-12/06/2025_02:24:04$
12/06/2025 -> #0-fazendapombo_2-351-100-357-2-27/05/2025_09:26:24$
12/06/2025 -> #0-fazendapombo_2-351-32-655-191-0.00-12/06/2025_02:24:04$
12/06/2025 -> #0-fazendapombo_2-351-32-655-190-0.00-12/06/2025_02:30:03$
12/06/2025 -> #0-fazendapombo_2-351-32-655-190-0.00-12/06/2025_02:30:03$
12/06/2025 -> #0-fazendapombo_2-351-32-655-190-0.00-12/06/2025_02:30:03$
12/06/2025 -> #0-fazendapombo_2-351-100-357-2-27/05/2025_09:26:24$
12/06/2025 -> #0-fazendapombo_2-351-32-655-190-0.00-12/06/2025_02:30:03$
12/06/2025 -> #0-fazendapombo_2-351-32-655-189-0.00-12/06/2025_02:34:04$
12/06/2025 -> #0-fazendapombo_2-351-32-655-189-0.00-12/06/2025_02:34:04$
12/06/2025 -> #0-fazendapombo_2-351-32-655-189-0.00-12/06/2025_02:34:04$
12/06/2025 -> #0-fazendapombo_2-351-100-357-2-27/05/2025_09:26:24$
12/06/2025 -> #0-fazendapombo_2-351-32-655-189-0.00-12/06/2025_02:34:04$
12/06/2025 -> #0-fazendapombo_2-351-32-655-187-0.00-12/06/2025_02:40:03$
12/06/2025 -> #0-fazendapombo_2-351-32-655-187-0.00-12/06/2025_02:40:03$
12/06/2025 -> #0-fazendapombo_2-351-32-655-187-0.00-12/06/2025_02:40:03$
12/06/2025 -> #0-fazendapombo_2-351-100-357-2-27/05/2025_09:26:24$
12/06/2025 -> #0-fazendapombo_2-351-32-655-187-0.00-12/06/2025_02:40:03$
12/06/2025 -> #0-fazendapombo_2-351-32-655-186-0.00-12/06/2025_02:44:04$
12/06/2025 -> #0-fazendapombo_2-351-32-655-186-0.00-12/06/2025_02:44:04$
12/06/2025 -> #0-fazendapombo_2-351-32-655-186-0.00-12/06/2025_02:44:04$
12/06/2025 -> #0-fazendapombo_2-351-100-357-2-27/05/2025_09:26:24$
12/06/2025 -> #0-fazendapombo_2-351-32-655-186-0.00-12/06/2025_02:44:04$
12/06/2025 -> #0-fazendapombo_2-351-32-655-184-0.00-12/06/2025_02:50:03$
12/06/2025 -> #0-fazendapombo_2-351-32-655-184-0.00-12/06/2025_02:50:03$
12/06/2025 -> #0-fazendapombo_2-351-32-655-184-0.00-12/06/2025_02:50:03$
12/06/2025 -> #0-fazendapombo_2-351-100-357-2-27/05/2025_09:26:24$
12/06/2025 -> #0-fazendapombo_2-351-32-655-184-0.00-12/06/2025_02:50:03$
12/06/2025 -> #0-fazendapombo_2-351-32-655-183-0.00-12/06/2025_02:55:03$
12/06/2025 -> #0-fazendapombo_2-351-32-655-183-0.00-12/06/2025_02:55:03$
12/06/2025 -> #0-fazendapombo_2-351-32-655-183-0.00-12/06/2025_02:55:03$
12/06/2025 -> #0-fazendapombo_2-351-100-357-2-27/05/2025_09:26:24$
12/06/2025 -> #0-fazendapombo_2-351-32-655-183-0.00-12/06/2025_02:55:03$
12/06/2025 -> #0-fazendapombo_2-351-32-655-182-0.00-12/06/2025_02:59:04$
12/06/2025 -> #0-fazendapombo_2-351-32-655-182-0.00-12/06/2025_02:59:04$
12/06/2025 -> #0-fazendapombo_2-351-32-655-182-0.00-12/06/2025_02:59:04$
12/06/2025 -> #0-fazendapombo_2-351-100-357-2-27/05/2025_09:26:24$
12/06/2025 -> #0-fazendapombo_2-351-32-655-182-0.00-12/06/2025_02:59:04$
12/06/2025 -> #0-fazendapombo_2-351-32-655-179-0.00-12/06/2025_03:09:04$
12/06/2025 -> #0-fazendapombo_2-351-32-655-179-0.00-12/06/2025_03:09:04$
12/06/2025 -> #0-fazendapombo_2-351-32-655-179-0.00-12/06/2025_03:09:04$
12/06/2025 -> #0-fazendapombo_2-351-100-357-2-27/05/2025_09:26:24$
12/06/2025 -> #0-fazendapombo_2-351-32-655-179-0.00-12/06/2025_03:09:04$
12/06/2025 -> #0-fazendapombo_2-351-32-655-178-0.00-12/06/2025_03:14:04$
12/06/2025 -> #0-fazendapombo_2-351-32-655-178-0.00-12/06/2025_03:14:04$
12/06/2025 -> #0-fazendapombo_2-351-32-655-178-0.00-12/06/2025_03:14:04$
12/06/2025 -> #0-fazendapombo_2-351-100-357-2-27/05/2025_09:26:24$
12/06/2025 -> #0-fazendapombo_2-351-32-655-178-0.00-12/06/2025_03:14:04$
12/06/2025 -> #0-fazendapombo_2-351-32-655-177-0.00-12/06/2025_03:19:04$
12/06/2025 -> #0-fazendapombo_2-351-32-655-177-0.00-12/06/2025_03:19:04$
12/06/2025 -> #0-fazendapombo_2-351-32-655-177-0.00-12/06/2025_03:19:04$
12/06/2025 -> #0-fazendapombo_2-351-100-357-2-27/05/2025_09:26:24$
12/06/2025 -> #0-fazendapombo_2-351-32-655-177-0.00-12/06/2025_03:19:04$
12/06/2025 -> #0-fazendapombo_2-351-32-655-175-0.00-12/06/2025_03:24:04$
12/06/2025 -> #0-fazendapombo_2-351-32-655-175-0.00-12/06/2025_03:24:04$
12/06/2025 -> #0-fazendapombo_2-351-32-655-175-0.00-12/06/2025_03:24:04$
12/06/2025 -> #0-fazendapombo_2-351-100-357-2-27/05/2025_09:26:24$
12/06/2025 -> #0-fazendapombo_2-351-32-655-175-0.00-12/06/2025_03:24:04$
12/06/2025 -> #0-fazendapombo_2-351-32-655-174-0.00-12/06/2025_03:29:04$
12/06/2025 -> #0-fazendapombo_2-351-32-655-174-0.00-12/06/2025_03:29:04$
12/06/2025 -> #0-fazendapombo_2-351-32-655-174-0.00-12/06/2025_03:29:04$
12/06/2025 -> #0-fazendapombo_2-351-100-357-2-27/05/2025_09:26:24$
12/06/2025 -> #0-fazendapombo_2-351-32-655-174-0.00-12/06/2025_03:29:04$
12/06/2025 -> #0-fazendapombo_2-351-32-655-172-0.00-12/06/2025_03:34:04$
12/06/2025 -> #0-fazendapombo_2-351-32-655-172-0.00-12/06/2025_03:34:04$
12/06/2025 -> #0-fazendapombo_2-351-32-655-172-0.00-12/06/2025_03:34:04$
12/06/2025 -> #0-fazendapombo_2-351-100-357-2-27/05/2025_09:26:24$
12/06/2025 -> #0-fazendapombo_2-351-32-655-172-0.00-12/06/2025_03:34:04$
12/06/2025 -> #0-fazendapombo_2-351-32-655-171-0.00-12/06/2025_03:39:04$
12/06/2025 -> #0-fazendapombo_2-351-32-655-171-0.00-12/06/2025_03:39:04$
12/06/2025 -> #0-fazendapombo_2-351-32-655-171-0.00-12/06/2025_03:39:04$
12/06/2025 -> #0-fazendapombo_2-351-100-357-2-27/05/2025_09:26:24$
12/06/2025 -> #0-fazendapombo_2-351-32-655-171-0.00-12/06/2025_03:39:04$
12/06/2025 -> #0-fazendapombo_2-351-32-655-170-0.00-12/06/2025_03:44:04$
12/06/2025 -> #0-fazendapombo_2-351-32-655-170-0.00-12/06/2025_03:44:04$
12/06/2025 -> #0-fazendapombo_2-351-32-655-170-0.00-12/06/2025_03:44:04$
12/06/2025 -> #0-fazendapombo_2-351-100-357-2-27/05/2025_09:26:24$
12/06/2025 -> #0-fazendapombo_2-351-32-655-170-0.00-12/06/2025_03:44:04$
12/06/2025 -> #0-fazendapombo_2-351-32-655-169-0.00-12/06/2025_03:49:04$
12/06/2025 -> #0-fazendapombo_2-351-32-655-169-0.00-12/06/2025_03:49:04$
12/06/2025 -> #0-fazendapombo_2-351-32-655-169-0.00-12/06/2025_03:49:04$
12/06/2025 -> #0-fazendapombo_2-351-100-357-2-27/05/2025_09:26:24$
12/06/2025 -> #0-fazendapombo_2-351-32-655-169-0.00-12/06/2025_03:49:04$
12/06/2025 -> #0-fazendapombo_2-351-32-655-168-0.00-12/06/2025_03:54:04$
12/06/2025 -> #0-fazendapombo_2-351-32-655-168-0.00-12/06/2025_03:54:04$
12/06/2025 -> #0-fazendapombo_2-351-32-655-168-0.00-12/06/2025_03:54:04$
12/06/2025 -> #0-fazendapombo_2-351-100-357-2-27/05/2025_09:26:24$
12/06/2025 -> #0-fazendapombo_2-351-32-655-168-0.00-12/06/2025_03:54:04$
12/06/2025 -> #0-fazendapombo_2-351-32-655-167-0.00-12/06/2025_03:59:04$
12/06/2025 -> #0-fazendapombo_2-351-32-655-167-0.00-12/06/2025_03:59:04$
12/06/2025 -> #0-fazendapombo_2-351-32-655-167-0.00-12/06/2025_03:59:04$
12/06/2025 -> #0-fazendapombo_2-351-100-357-2-27/05/2025_09:26:24$
12/06/2025 -> #0-fazendapombo_2-351-32-655-167-0.00-12/06/2025_03:59:04$
12/06/2025 -> #0-fazendapombo_2-351-32-655-165-0.00-12/06/2025_04:06:15$
12/06/2025 -> #0-fazendapombo_2-351-32-655-165-0.00-12/06/2025_04:06:15$
12/06/2025 -> #0-fazendapombo_2-351-32-655-165-0.00-12/06/2025_04:06:15$
12/06/2025 -> #0-fazendapombo_2-351-100-357-2-27/05/2025_09:26:24$
12/06/2025 -> #0-fazendapombo_2-351-32-655-165-0.00-12/06/2025_04:06:15$
12/06/2025 -> #0-fazendapombo_2-351-32-655-164-0.00-12/06/2025_04:10:03$
12/06/2025 -> #0-fazendapombo_2-351-32-655-164-0.00-12/06/2025_04:10:03$
12/06/2025 -> #0-fazendapombo_2-351-32-655-164-0.00-12/06/2025_04:10:03$
12/06/2025 -> #0-fazendapombo_2-351-100-357-2-27/05/2025_09:26:24$
12/06/2025 -> #0-fazendapombo_2-351-32-655-164-0.00-12/06/2025_04:10:03$
12/06/2025 -> #0-fazendapombo_2-351-32-655-163-0.00-12/06/2025_04:14:04$
12/06/2025 -> #0-fazendapombo_2-351-32-655-163-0.00-12/06/2025_04:14:04$
12/06/2025 -> #0-fazendapombo_2-351-32-655-163-0.00-12/06/2025_04:14:04$
12/06/2025 -> #0-fazendapombo_2-351-100-357-2-27/05/2025_09:26:24$
12/06/2025 -> #0-fazendapombo_2-351-32-655-163-0.00-12/06/2025_04:14:04$
12/06/2025 -> #0-fazendapombo_2-351-32-655-162-0.00-12/06/2025_04:19:04$
12/06/2025 -> #0-fazendapombo_2-351-32-655-162-0.00-12/06/2025_04:19:04$
12/06/2025 -> #0-fazendapombo_2-351-32-655-162-0.00-12/06/2025_04:19:04$
12/06/2025 -> #0-fazendapombo_2-351-100-357-2-27/05/2025_09:26:24$
12/06/2025 -> #0-fazendapombo_2-351-32-655-162-0.00-12/06/2025_04:19:04$
12/06/2025 -> #0-fazendapombo_2-351-32-655-161-0.00-12/06/2025_04:24:04$
12/06/2025 -> #0-fazendapombo_2-351-32-655-161-0.00-12/06/2025_04:24:04$
12/06/2025 -> #0-fazendapombo_2-351-32-655-161-0.00-12/06/2025_04:24:04$
12/06/2025 -> #0-fazendapombo_2-351-100-357-2-27/05/2025_09:26:24$
12/06/2025 -> #0-fazendapombo_2-351-32-655-161-0.00-12/06/2025_04:24:04$
12/06/2025 -> #0-fazendapombo_2-351-32-655-156-0.00-12/06/2025_04:39:04$
12/06/2025 -> #0-fazendapombo_2-351-32-655-156-0.00-12/06/2025_04:39:04$
12/06/2025 -> #0-fazendapombo_2-351-32-655-156-0.00-12/06/2025_04:39:04$
12/06/2025 -> #0-fazendapombo_2-351-100-357-2-27/05/2025_09:26:24$
12/06/2025 -> #0-fazendapombo_2-351-32-655-156-0.00-12/06/2025_04:39:04$
12/06/2025 -> #0-fazendapombo_2-351-32-655-155-0.00-12/06/2025_04:45:03$
12/06/2025 -> #0-fazendapombo_2-351-32-655-155-0.00-12/06/2025_04:45:03$
12/06/2025 -> #0-fazendapombo_2-351-32-655-155-0.00-12/06/2025_04:45:03$
12/06/2025 -> #0-fazendapombo_2-351-100-357-2-27/05/2025_09:26:24$
12/06/2025 -> #0-fazendapombo_2-351-32-655-155-0.00-12/06/2025_04:45:03$
12/06/2025 -> #0-fazendapombo_2-351-32-655-154-0.00-12/06/2025_04:49:04$
12/06/2025 -> #0-fazendapombo_2-351-32-655-154-0.00-12/06/2025_04:49:04$
12/06/2025 -> #0-fazendapombo_2-351-32-655-154-0.00-12/06/2025_04:49:04$
12/06/2025 -> #0-fazendapombo_2-351-100-357-2-27/05/2025_09:26:24$
12/06/2025 -> #0-fazendapombo_2-351-32-655-154-0.00-12/06/2025_04:49:04$
12/06/2025 -> #0-fazendapombo_2-351-32-655-152-0.00-12/06/2025_04:54:04$
12/06/2025 -> #0-fazendapombo_2-351-32-655-152-0.00-12/06/2025_04:54:04$
12/06/2025 -> #0-fazendapombo_2-351-32-655-152-0.00-12/06/2025_04:54:04$
12/06/2025 -> #0-fazendapombo_2-351-100-357-2-27/05/2025_09:26:24$
12/06/2025 -> #0-fazendapombo_2-351-32-655-152-0.00-12/06/2025_04:54:04$
12/06/2025 -> #0-fazendapombo_2-351-32-655-151-0.00-12/06/2025_04:59:04$
12/06/2025 -> #0-fazendapombo_2-351-32-655-151-0.00-12/06/2025_04:59:04$
12/06/2025 -> #0-fazendapombo_2-351-32-655-151-0.00-12/06/2025_04:59:04$
12/06/2025 -> #0-fazendapombo_2-351-100-357-2-27/05/2025_09:26:24$
12/06/2025 -> #0-fazendapombo_2-351-32-655-151-0.00-12/06/2025_04:59:04$
12/06/2025 -> #0-fazendapombo_2-351-32-655-150-0.00-12/06/2025_05:04:04$
12/06/2025 -> #0-fazendapombo_2-351-32-655-150-0.00-12/06/2025_05:04:04$
12/06/2025 -> #0-fazendapombo_2-351-32-655-150-0.00-12/06/2025_05:04:04$
12/06/2025 -> #0-fazendapombo_2-351-100-357-2-27/05/2025_09:26:24$
12/06/2025 -> #0-fazendapombo_2-351-32-655-150-0.00-12/06/2025_05:04:04$
12/06/2025 -> #0-fazendapombo_2-351-32-655-149-0.00-12/06/2025_05:09:04$
12/06/2025 -> #0-fazendapombo_2-351-32-655-149-0.00-12/06/2025_05:09:04$
12/06/2025 -> #0-fazendapombo_2-351-32-655-149-0.00-12/06/2025_05:09:04$
12/06/2025 -> #0-fazendapombo_2-351-100-357-2-27/05/2025_09:26:24$
12/06/2025 -> #0-fazendapombo_2-351-32-655-149-0.00-12/06/2025_05:09:04$
12/06/2025 -> #0-fazendapombo_2-351-32-655-146-0.00-12/06/2025_05:19:04$
12/06/2025 -> #0-fazendapombo_2-351-32-655-146-0.00-12/06/2025_05:19:04$
12/06/2025 -> #0-fazendapombo_2-351-32-655-146-0.00-12/06/2025_05:19:04$
12/06/2025 -> #0-fazendapombo_2-351-100-357-2-27/05/2025_09:26:24$
12/06/2025 -> #0-fazendapombo_2-351-32-655-146-0.00-12/06/2025_05:19:04$
12/06/2025 -> #0-fazendapombo_2-351-32-655-145-0.00-12/06/2025_05:24:04$
12/06/2025 -> #0-fazendapombo_2-351-32-655-145-0.00-12/06/2025_05:24:04$
12/06/2025 -> #0-fazendapombo_2-351-32-655-145-0.00-12/06/2025_05:24:04$
12/06/2025 -> #0-fazendapombo_2-351-100-357-2-27/05/2025_09:26:24$
12/06/2025 -> #0-fazendapombo_2-351-32-655-145-0.00-12/06/2025_05:24:04$
12/06/2025 -> #0-fazendapombo_2-351-32-655-143-0.00-12/06/2025_05:29:04$
12/06/2025 -> #0-fazendapombo_2-351-32-655-143-0.00-12/06/2025_05:29:04$
12/06/2025 -> #0-fazendapombo_2-351-32-655-143-0.00-12/06/2025_05:29:04$
12/06/2025 -> #0-fazendapombo_2-351-100-357-2-27/05/2025_09:26:24$
12/06/2025 -> #0-fazendapombo_2-351-32-655-143-0.00-12/06/2025_05:29:04$
12/06/2025 -> #0-fazendapombo_2-351-32-655-142-0.00-12/06/2025_05:34:04$
12/06/2025 -> #0-fazendapombo_2-351-32-655-142-0.00-12/06/2025_05:34:04$
12/06/2025 -> #0-fazendapombo_2-351-32-655-142-0.00-12/06/2025_05:34:04$
12/06/2025 -> #0-fazendapombo_2-351-100-357-2-27/05/2025_09:26:24$
12/06/2025 -> #0-fazendapombo_2-351-32-655-142-0.00-12/06/2025_05:34:04$
12/06/2025 -> #0-fazendapombo_2-351-32-655-140-0.00-12/06/2025_05:42:28$
12/06/2025 -> #0-fazendapombo_2-351-32-655-140-0.00-12/06/2025_05:42:28$
12/06/2025 -> #0-fazendapombo_2-351-32-655-140-0.00-12/06/2025_05:42:28$
12/06/2025 -> #0-fazendapombo_2-351-100-357-2-27/05/2025_09:26:24$
12/06/2025 -> #0-fazendapombo_2-351-32-655-140-0.00-12/06/2025_05:42:28$
12/06/2025 -> #0-fazendapombo_2-351-32-655-138-0.00-12/06/2025_05:49:04$
12/06/2025 -> #0-fazendapombo_2-351-32-655-138-0.00-12/06/2025_05:49:04$
12/06/2025 -> #0-fazendapombo_2-351-32-655-138-0.00-12/06/2025_05:49:04$
12/06/2025 -> #0-fazendapombo_2-351-100-357-2-27/05/2025_09:26:24$
12/06/2025 -> #0-fazendapombo_2-351-32-655-138-0.00-12/06/2025_05:49:04$
12/06/2025 -> #0-fazendapombo_2-351-100-655-135-0.00-12/06/2025_05:58:18$
12/06/2025 -> #0-fazendapombo_2-351-100-655-135-0.00-12/06/2025_05:58:18$
12/06/2025 -> #0-fazendapombo_2-351-100-655-135-0.00-12/06/2025_05:58:18$
12/06/2025 -> #0-fazendapombo_2-351-100-357-2-27/05/2025_09:26:24$
12/06/2025 -> #0-fazendapombo_2-351-100-655-135-0.00-12/06/2025_05:58:18$
12/06/2025 -> #0-fazendapombo_2-351-100-655-135-0.00-12/06/2025_05:59:04$
12/06/2025 -> #0-fazendapombo_2-351-100-655-135-0.00-12/06/2025_05:59:04$
12/06/2025 -> #0-fazendapombo_2-351-100-655-135-0.00-12/06/2025_05:59:04$
12/06/2025 -> #0-fazendapombo_2-351-100-357-2-27/05/2025_09:26:24$
12/06/2025 -> #0-fazendapombo_2-351-100-655-135-0.00-12/06/2025_05:59:04$
12/06/2025 -> #0-fazendapombo_2-351-32-655-135-0.00-12/06/2025_06:00:17$
12/06/2025 -> #0-fazendapombo_2-351-32-655-135-0.00-12/06/2025_06:00:17$
12/06/2025 -> #0-fazendapombo_2-351-32-655-135-0.00-12/06/2025_06:00:17$
12/06/2025 -> #0-fazendapombo_2-351-100-357-2-27/05/2025_09:26:24$
12/06/2025 -> #0-fazendapombo_2-351-32-655-135-0.00-12/06/2025_06:00:17$
12/06/2025 -> #0-fazendapombo_2-351-32-655-133-0.00-12/06/2025_06:04:04$
12/06/2025 -> #0-fazendapombo_2-351-32-655-133-0.00-12/06/2025_06:04:04$
12/06/2025 -> #0-fazendapombo_2-351-32-655-133-0.00-12/06/2025_06:04:04$
12/06/2025 -> #0-fazendapombo_2-351-100-357-2-27/05/2025_09:26:24$
12/06/2025 -> #0-fazendapombo_2-351-32-655-133-0.00-12/06/2025_06:04:04$
12/06/2025 -> #0-fazendapombo_2-351-32-655-132-0.00-12/06/2025_06:09:04$
12/06/2025 -> #0-fazendapombo_2-351-32-655-132-0.00-12/06/2025_06:09:04$
12/06/2025 -> #0-fazendapombo_2-351-32-655-132-0.00-12/06/2025_06:09:04$
12/06/2025 -> #0-fazendapombo_2-351-100-357-2-27/05/2025_09:26:24$
12/06/2025 -> #0-fazendapombo_2-351-32-655-132-0.00-12/06/2025_06:09:04$
12/06/2025 -> #0-fazendapombo_2-351-32-655-130-0.00-12/06/2025_06:14:04$
12/06/2025 -> #0-fazendapombo_2-351-32-655-130-0.00-12/06/2025_06:14:04$
12/06/2025 -> #0-fazendapombo_2-351-32-655-130-0.00-12/06/2025_06:14:04$
12/06/2025 -> #0-fazendapombo_2-351-100-357-2-27/05/2025_09:26:24$
12/06/2025 -> #0-fazendapombo_2-351-32-655-130-0.00-12/06/2025_06:14:04$
12/06/2025 -> #0-fazendapombo_2-351-32-655-129-0.00-12/06/2025_06:19:04$
12/06/2025 -> #0-fazendapombo_2-351-32-655-129-0.00-12/06/2025_06:19:04$
12/06/2025 -> #0-fazendapombo_2-351-32-655-129-0.00-12/06/2025_06:19:04$
12/06/2025 -> #0-fazendapombo_2-351-100-357-2-27/05/2025_09:26:24$
12/06/2025 -> #0-fazendapombo_2-351-32-655-129-0.00-12/06/2025_06:19:04$
12/06/2025 -> #0-fazendapombo_2-351-32-655-127-0.00-12/06/2025_06:24:04$
12/06/2025 -> #0-fazendapombo_2-351-32-655-127-0.00-12/06/2025_06:24:04$
12/06/2025 -> #0-fazendapombo_2-351-32-655-127-0.00-12/06/2025_06:24:04$
12/06/2025 -> #0-fazendapombo_2-351-100-357-2-27/05/2025_09:26:24$
12/06/2025 -> #0-fazendapombo_2-351-32-655-127-0.00-12/06/2025_06:24:04$
12/06/2025 -> #0-fazendapombo_2-351-32-655-126-0.00-12/06/2025_06:29:04$
12/06/2025 -> #0-fazendapombo_2-351-32-655-126-0.00-12/06/2025_06:29:04$
12/06/2025 -> #0-fazendapombo_2-351-32-655-126-0.00-12/06/2025_06:29:04$
12/06/2025 -> #0-fazendapombo_2-351-100-357-2-27/05/2025_09:26:24$
12/06/2025 -> #0-fazendapombo_2-351-32-655-126-0.00-12/06/2025_06:29:04$
12/06/2025 -> #0-fazendapombo_2-351-100-655-126-0.00-12/06/2025_06:30:18$
12/06/2025 -> #0-fazendapombo_2-351-100-655-126-0.00-12/06/2025_06:30:18$
12/06/2025 -> #0-fazendapombo_2-351-100-655-126-0.00-12/06/2025_06:30:18$
12/06/2025 -> #0-fazendapombo_2-351-100-357-2-27/05/2025_09:26:24$
12/06/2025 -> #0-fazendapombo_2-351-100-655-126-0.00-12/06/2025_06:30:18$
12/06/2025 -> #0-fazendapombo_2-351-32-655-125-0.00-12/06/2025_06:32:18$
12/06/2025 -> #0-fazendapombo_2-351-32-655-125-0.00-12/06/2025_06:32:18$
12/06/2025 -> #0-fazendapombo_2-351-32-655-125-0.00-12/06/2025_06:32:18$
12/06/2025 -> #0-fazendapombo_2-351-100-357-2-27/05/2025_09:26:24$
12/06/2025 -> #0-fazendapombo_2-351-32-655-125-0.00-12/06/2025_06:32:18$
12/06/2025 -> #0-fazendapombo_2-351-32-655-125-0.00-12/06/2025_06:34:04$
12/06/2025 -> #0-fazendapombo_2-351-32-655-125-0.00-12/06/2025_06:34:04$
12/06/2025 -> #0-fazendapombo_2-351-32-655-125-0.00-12/06/2025_06:34:04$
12/06/2025 -> #0-fazendapombo_2-351-100-357-2-27/05/2025_09:26:24$
12/06/2025 -> #0-fazendapombo_2-351-32-655-125-0.00-12/06/2025_06:34:04$
12/06/2025 -> #0-fazendapombo_2-351-32-655-123-0.00-12/06/2025_06:39:04$
12/06/2025 -> #0-fazendapombo_2-351-32-655-123-0.00-12/06/2025_06:39:04$
12/06/2025 -> #0-fazendapombo_2-351-32-655-123-0.00-12/06/2025_06:39:04$
12/06/2025 -> #0-fazendapombo_2-351-100-357-2-27/05/2025_09:26:24$
12/06/2025 -> #0-fazendapombo_2-351-32-655-123-0.00-12/06/2025_06:39:04$
12/06/2025 -> #0-fazendapombo_2-351-32-655-122-0.00-12/06/2025_06:44:04$
12/06/2025 -> #0-fazendapombo_2-351-32-655-122-0.00-12/06/2025_06:44:04$
12/06/2025 -> #0-fazendapombo_2-351-32-655-122-0.00-12/06/2025_06:44:04$
12/06/2025 -> #0-fazendapombo_2-351-100-357-2-27/05/2025_09:26:24$
12/06/2025 -> #0-fazendapombo_2-351-32-655-122-0.00-12/06/2025_06:44:04$
12/06/2025 -> #0-fazendapombo_2-351-32-655-121-0.00-12/06/2025_06:49:04$
12/06/2025 -> #0-fazendapombo_2-351-32-655-121-0.00-12/06/2025_06:49:04$
12/06/2025 -> #0-fazendapombo_2-351-32-655-121-0.00-12/06/2025_06:49:04$
12/06/2025 -> #0-fazendapombo_2-351-100-357-2-27/05/2025_09:26:24$
12/06/2025 -> #0-fazendapombo_2-351-32-655-121-0.00-12/06/2025_06:49:04$
12/06/2025 -> #0-fazendapombo_2-351-32-655-120-0.00-12/06/2025_06:54:03$
12/06/2025 -> #0-fazendapombo_2-351-32-655-120-0.00-12/06/2025_06:54:03$
12/06/2025 -> #0-fazendapombo_2-351-32-655-120-0.00-12/06/2025_06:54:03$
12/06/2025 -> #0-fazendapombo_2-351-100-357-2-27/05/2025_09:26:24$
12/06/2025 -> #0-fazendapombo_2-351-32-655-120-0.00-12/06/2025_06:54:03$
12/06/2025 -> #0-fazendapombo_2-351-100-655-120-0.00-12/06/2025_06:55:19$
12/06/2025 -> #0-fazendapombo_2-351-100-655-120-0.00-12/06/2025_06:55:19$
12/06/2025 -> #0-fazendapombo_2-351-100-655-120-0.00-12/06/2025_06:55:19$
12/06/2025 -> #0-fazendapombo_2-351-100-357-2-27/05/2025_09:26:24$
12/06/2025 -> #0-fazendapombo_2-351-100-655-120-0.00-12/06/2025_06:55:19$
12/06/2025 -> #0-fazendapombo_2-351-32-655-120-0.00-12/06/2025_06:57:19$
12/06/2025 -> #0-fazendapombo_2-351-32-655-120-0.00-12/06/2025_06:57:19$
12/06/2025 -> #0-fazendapombo_2-351-32-655-120-0.00-12/06/2025_06:57:19$
12/06/2025 -> #0-fazendapombo_2-351-100-357-2-27/05/2025_09:26:24$
12/06/2025 -> #0-fazendapombo_2-351-32-655-120-0.00-12/06/2025_06:57:19$
12/06/2025 -> #0-fazendapombo_2-351-32-655-119-0.00-12/06/2025_06:59:04$
12/06/2025 -> #0-fazendapombo_2-351-32-655-119-0.00-12/06/2025_06:59:04$
12/06/2025 -> #0-fazendapombo_2-351-32-655-119-0.00-12/06/2025_06:59:04$
12/06/2025 -> #0-fazendapombo_2-351-100-357-2-27/05/2025_09:26:24$
12/06/2025 -> #0-fazendapombo_2-351-32-655-119-0.00-12/06/2025_06:59:04$
12/06/2025 -> #0-fazendapombo_2-351-32-655-118-0.00-12/06/2025_07:04:04$
12/06/2025 -> #0-fazendapombo_2-351-32-655-118-0.00-12/06/2025_07:04:04$
12/06/2025 -> #0-fazendapombo_2-351-32-655-118-0.00-12/06/2025_07:04:04$
12/06/2025 -> #0-fazendapombo_2-351-100-357-2-27/05/2025_09:26:24$
12/06/2025 -> #0-fazendapombo_2-351-32-655-118-0.00-12/06/2025_07:04:04$
12/06/2025 -> #0-fazendapombo_2-351-32-655-116-0.00-12/06/2025_07:09:04$
12/06/2025 -> #0-fazendapombo_2-351-32-655-116-0.00-12/06/2025_07:09:04$
12/06/2025 -> #0-fazendapombo_2-351-32-655-116-0.00-12/06/2025_07:09:04$
12/06/2025 -> #0-fazendapombo_2-351-100-357-2-27/05/2025_09:26:24$
12/06/2025 -> #0-fazendapombo_2-351-32-655-116-0.00-12/06/2025_07:09:04$
12/06/2025 -> #0-fazendapombo_2-351-32-655-114-0.00-12/06/2025_07:14:04$
12/06/2025 -> #0-fazendapombo_2-351-32-655-114-0.00-12/06/2025_07:14:04$
12/06/2025 -> #0-fazendapombo_2-351-32-655-114-0.00-12/06/2025_07:14:04$
12/06/2025 -> #0-fazendapombo_2-351-100-357-2-27/05/2025_09:26:24$
12/06/2025 -> #0-fazendapombo_2-351-32-655-114-0.00-12/06/2025_07:14:04$
12/06/2025 -> #0-fazendapombo_2-351-32-655-111-0.00-12/06/2025_07:24:04$
12/06/2025 -> #0-fazendapombo_2-351-32-655-111-0.00-12/06/2025_07:24:04$
12/06/2025 -> #0-fazendapombo_2-351-32-655-111-0.00-12/06/2025_07:24:04$
12/06/2025 -> #0-fazendapombo_2-351-100-357-2-27/05/2025_09:26:24$
12/06/2025 -> #0-fazendapombo_2-351-32-655-111-0.00-12/06/2025_07:24:04$
12/06/2025 -> #0-fazendapombo_2-351-32-655-109-0.00-12/06/2025_07:29:06$
12/06/2025 -> #0-fazendapombo_2-351-32-655-109-0.00-12/06/2025_07:29:06$
12/06/2025 -> #0-fazendapombo_2-351-32-655-109-0.00-12/06/2025_07:29:06$
12/06/2025 -> #0-fazendapombo_2-351-100-357-2-27/05/2025_09:26:24$
12/06/2025 -> #0-fazendapombo_2-351-32-655-109-0.00-12/06/2025_07:29:06$
12/06/2025 -> #0-fazendapombo_2-351-32-655-107-0.00-12/06/2025_07:34:04$
12/06/2025 -> #0-fazendapombo_2-351-32-655-107-0.00-12/06/2025_07:34:04$
12/06/2025 -> #0-fazendapombo_2-351-32-655-107-0.00-12/06/2025_07:34:04$
12/06/2025 -> #0-fazendapombo_2-351-100-357-2-27/05/2025_09:26:24$
12/06/2025 -> #0-fazendapombo_2-351-32-655-107-0.00-12/06/2025_07:34:04$
12/06/2025 -> #0-fazendapombo_2-351-32-655-103-0.00-12/06/2025_07:44:04$
12/06/2025 -> #0-fazendapombo_2-351-32-655-103-0.00-12/06/2025_07:44:04$
12/06/2025 -> #0-fazendapombo_2-351-32-655-103-0.00-12/06/2025_07:44:04$
12/06/2025 -> #0-fazendapombo_2-351-100-357-2-27/05/2025_09:26:24$
12/06/2025 -> #0-fazendapombo_2-351-32-655-103-0.00-12/06/2025_07:44:04$
12/06/2025 -> #0-fazendapombo_2-351-32-655-101-0.00-12/06/2025_07:49:04$
12/06/2025 -> #0-fazendapombo_2-351-32-655-101-0.00-12/06/2025_07:49:04$
12/06/2025 -> #0-fazendapombo_2-351-32-655-101-0.00-12/06/2025_07:49:04$
12/06/2025 -> #0-fazendapombo_2-351-100-357-2-27/05/2025_09:26:24$
12/06/2025 -> #0-fazendapombo_2-351-32-655-101-0.00-12/06/2025_07:49:04$
12/06/2025 -> #0-fazendapombo_2-351-32-655-100-0.00-12/06/2025_07:54:04$
12/06/2025 -> #0-fazendapombo_2-351-32-655-100-0.00-12/06/2025_07:54:04$
12/06/2025 -> #0-fazendapombo_2-351-32-655-100-0.00-12/06/2025_07:54:04$
12/06/2025 -> #0-fazendapombo_2-351-100-357-2-27/05/2025_09:26:24$
12/06/2025 -> #0-fazendapombo_2-351-32-655-100-0.00-12/06/2025_07:54:04$
12/06/2025 -> #0-fazendapombo_2-351-32-655-99-0.00-12/06/2025_07:59:04$
12/06/2025 -> #0-fazendapombo_2-351-32-655-99-0.00-12/06/2025_07:59:04$
12/06/2025 -> #0-fazendapombo_2-351-32-655-99-0.00-12/06/2025_07:59:04$
12/06/2025 -> #0-fazendapombo_2-351-100-357-2-27/05/2025_09:26:24$
12/06/2025 -> #0-fazendapombo_2-351-32-655-99-0.00-12/06/2025_07:59:04$
12/06/2025 -> #0-fazendapombo_2-351-32-655-97-0.00-12/06/2025_08:04:04$
12/06/2025 -> #0-fazendapombo_2-351-32-655-97-0.00-12/06/2025_08:04:04$
12/06/2025 -> #0-fazendapombo_2-351-32-655-97-0.00-12/06/2025_08:04:04$
12/06/2025 -> #0-fazendapombo_2-351-100-357-2-27/05/2025_09:26:24$
12/06/2025 -> #0-fazendapombo_2-351-32-655-97-0.00-12/06/2025_08:04:04$
12/06/2025 -> #0-fazendapombo_2-351-32-655-95-0.00-12/06/2025_08:09:04$
12/06/2025 -> #0-fazendapombo_2-351-32-655-95-0.00-12/06/2025_08:09:04$
12/06/2025 -> #0-fazendapombo_2-351-32-655-95-0.00-12/06/2025_08:09:04$
12/06/2025 -> #0-fazendapombo_2-351-100-357-2-27/05/2025_09:26:24$
12/06/2025 -> #0-fazendapombo_2-351-32-655-95-0.00-12/06/2025_08:09:04$
12/06/2025 -> #0-fazendapombo_2-351-32-655-93-0.00-12/06/2025_08:14:04$
12/06/2025 -> #0-fazendapombo_2-351-32-655-93-0.00-12/06/2025_08:14:04$
12/06/2025 -> #0-fazendapombo_2-351-32-655-93-0.00-12/06/2025_08:14:04$
12/06/2025 -> #0-fazendapombo_2-351-100-357-2-27/05/2025_09:26:24$
12/06/2025 -> #0-fazendapombo_2-351-32-655-93-0.00-12/06/2025_08:14:04$
12/06/2025 -> #0-fazendapombo_2-351-32-655-91-0.00-12/06/2025_08:19:04$
12/06/2025 -> #0-fazendapombo_2-351-32-655-91-0.00-12/06/2025_08:19:04$
12/06/2025 -> #0-fazendapombo_2-351-32-655-91-0.00-12/06/2025_08:19:04$
12/06/2025 -> #0-fazendapombo_2-351-100-357-2-27/05/2025_09:26:24$
12/06/2025 -> #0-fazendapombo_2-351-32-655-91-0.00-12/06/2025_08:19:04$
12/06/2025 -> #0-fazendapombo_2-351-32-655-89-0.00-12/06/2025_08:24:06$
12/06/2025 -> #0-fazendapombo_2-351-32-655-89-0.00-12/06/2025_08:24:06$
12/06/2025 -> #0-fazendapombo_2-351-32-655-89-0.00-12/06/2025_08:24:06$
12/06/2025 -> #0-fazendapombo_2-351-100-357-2-27/05/2025_09:26:24$
12/06/2025 -> #0-fazendapombo_2-351-32-655-89-0.00-12/06/2025_08:24:06$
12/06/2025 -> #0-fazendapombo_2-351-32-655-88-0.00-12/06/2025_08:29:04$
12/06/2025 -> #0-fazendapombo_2-351-32-655-88-0.00-12/06/2025_08:29:04$
12/06/2025 -> #0-fazendapombo_2-351-32-655-88-0.00-12/06/2025_08:29:04$
12/06/2025 -> #0-fazendapombo_2-351-100-357-2-27/05/2025_09:26:24$
12/06/2025 -> #0-fazendapombo_2-351-32-655-88-0.00-12/06/2025_08:29:04$
12/06/2025 -> #0-fazendapombo_2-351-32-655-86-0.00-12/06/2025_08:34:04$
12/06/2025 -> #0-fazendapombo_2-351-32-655-86-0.00-12/06/2025_08:34:04$
12/06/2025 -> #0-fazendapombo_2-351-32-655-86-0.00-12/06/2025_08:34:04$
12/06/2025 -> #0-fazendapombo_2-351-100-357-2-27/05/2025_09:26:24$
12/06/2025 -> #0-fazendapombo_2-351-32-655-86-0.00-12/06/2025_08:34:04$
12/06/2025 -> #0-fazendapombo_2-351-32-655-85-0.00-12/06/2025_08:39:04$
12/06/2025 -> #0-fazendapombo_2-351-32-655-85-0.00-12/06/2025_08:39:04$
12/06/2025 -> #0-fazendapombo_2-351-32-655-85-0.00-12/06/2025_08:39:04$
12/06/2025 -> #0-fazendapombo_2-351-100-357-2-27/05/2025_09:26:24$
12/06/2025 -> #0-fazendapombo_2-351-32-655-85-0.00-12/06/2025_08:39:04$
12/06/2025 -> #0-fazendapombo_2-351-32-655-80-0.00-12/06/2025_08:54:04$
12/06/2025 -> #0-fazendapombo_2-351-32-655-80-0.00-12/06/2025_08:54:04$
12/06/2025 -> #0-fazendapombo_2-351-32-655-80-0.00-12/06/2025_08:54:04$
12/06/2025 -> #0-fazendapombo_2-351-100-357-2-27/05/2025_09:26:24$
12/06/2025 -> #0-fazendapombo_2-351-32-655-80-0.00-12/06/2025_08:54:04$
12/06/2025 -> #0-fazendapombo_2-351-32-655-78-0.00-12/06/2025_08:59:04$
12/06/2025 -> #0-fazendapombo_2-351-32-655-78-0.00-12/06/2025_08:59:04$
12/06/2025 -> #0-fazendapombo_2-351-32-655-78-0.00-12/06/2025_08:59:04$
12/06/2025 -> #0-fazendapombo_2-351-100-357-2-27/05/2025_09:26:24$
12/06/2025 -> #0-fazendapombo_2-351-32-655-78-0.00-12/06/2025_08:59:04$
12/06/2025 -> #0-fazendapombo_2-351-32-655-77-0.00-12/06/2025_09:04:04$
12/06/2025 -> #0-fazendapombo_2-351-32-655-77-0.00-12/06/2025_09:04:04$
12/06/2025 -> #0-fazendapombo_2-351-32-655-77-0.00-12/06/2025_09:04:04$
12/06/2025 -> #0-fazendapombo_2-351-100-357-2-27/05/2025_09:26:24$
12/06/2025 -> #0-fazendapombo_2-351-32-655-77-0.00-12/06/2025_09:04:04$
12/06/2025 -> #0-fazendapombo_2-351-32-655-75-0.00-12/06/2025_09:09:04$
12/06/2025 -> #0-fazendapombo_2-351-32-655-75-0.00-12/06/2025_09:09:04$
12/06/2025 -> #0-fazendapombo_2-351-32-655-75-0.00-12/06/2025_09:09:04$
12/06/2025 -> #0-fazendapombo_2-351-100-357-2-27/05/2025_09:26:24$
12/06/2025 -> #0-fazendapombo_2-351-32-655-75-0.00-12/06/2025_09:09:04$
12/06/2025 -> #0-fazendapombo_2-351-32-655-73-0.00-12/06/2025_09:14:04$
12/06/2025 -> #0-fazendapombo_2-351-32-655-73-0.00-12/06/2025_09:14:04$
12/06/2025 -> #0-fazendapombo_2-351-32-655-73-0.00-12/06/2025_09:14:04$
12/06/2025 -> #0-fazendapombo_2-351-100-357-2-27/05/2025_09:26:24$
12/06/2025 -> #0-fazendapombo_2-351-32-655-73-0.00-12/06/2025_09:14:04$
12/06/2025 -> #0-fazendapombo_2-351-32-655-70-0.00-12/06/2025_09:24:04$
12/06/2025 -> #0-fazendapombo_2-351-32-655-70-0.00-12/06/2025_09:24:04$
12/06/2025 -> #0-fazendapombo_2-351-32-655-70-0.00-12/06/2025_09:24:04$
12/06/2025 -> #0-fazendapombo_2-351-100-357-2-27/05/2025_09:26:24$
12/06/2025 -> #0-fazendapombo_2-351-32-655-70-0.00-12/06/2025_09:24:04$
12/06/2025 -> #0-fazendapombo_2-351-32-655-68-0.00-12/06/2025_09:29:04$
12/06/2025 -> #0-fazendapombo_2-351-32-655-68-0.00-12/06/2025_09:29:04$
12/06/2025 -> #0-fazendapombo_2-351-32-655-68-0.00-12/06/2025_09:29:04$
12/06/2025 -> #0-fazendapombo_2-351-100-357-2-27/05/2025_09:26:24$
12/06/2025 -> #0-fazendapombo_2-351-32-655-68-0.00-12/06/2025_09:29:04$
12/06/2025 -> #0-fazendapombo_2-351-32-655-67-0.00-12/06/2025_09:34:04$
12/06/2025 -> #0-fazendapombo_2-351-32-655-67-0.00-12/06/2025_09:34:04$
12/06/2025 -> #0-fazendapombo_2-351-32-655-67-0.00-12/06/2025_09:34:04$
12/06/2025 -> #0-fazendapombo_2-351-100-357-2-27/05/2025_09:26:24$
12/06/2025 -> #0-fazendapombo_2-351-32-655-67-0.00-12/06/2025_09:34:04$
12/06/2025 -> #0-fazendapombo_2-351-32-655-65-0.00-12/06/2025_09:39:04$
12/06/2025 -> #0-fazendapombo_2-351-32-655-65-0.00-12/06/2025_09:39:04$
12/06/2025 -> #0-fazendapombo_2-351-32-655-65-0.00-12/06/2025_09:39:04$
12/06/2025 -> #0-fazendapombo_2-351-100-357-2-27/05/2025_09:26:24$
12/06/2025 -> #0-fazendapombo_2-351-32-655-65-0.00-12/06/2025_09:39:04$
12/06/2025 -> #0-fazendapombo_2-351-32-655-64-0.00-12/06/2025_09:44:04$
12/06/2025 -> #0-fazendapombo_2-351-32-655-64-0.00-12/06/2025_09:44:04$
12/06/2025 -> #0-fazendapombo_2-351-32-655-64-0.00-12/06/2025_09:44:04$
12/06/2025 -> #0-fazendapombo_2-351-100-357-2-27/05/2025_09:26:24$
12/06/2025 -> #0-fazendapombo_2-351-32-655-64-0.00-12/06/2025_09:44:04$
12/06/2025 -> #0-fazendapombo_2-351-32-655-62-0.00-12/06/2025_09:49:04$
12/06/2025 -> #0-fazendapombo_2-351-32-655-62-0.00-12/06/2025_09:49:04$
12/06/2025 -> #0-fazendapombo_2-351-32-655-62-0.00-12/06/2025_09:49:04$
12/06/2025 -> #0-fazendapombo_2-351-100-357-2-27/05/2025_09:26:24$
12/06/2025 -> #0-fazendapombo_2-351-32-655-62-0.00-12/06/2025_09:49:04$
12/06/2025 -> #0-fazendapombo_2-351-32-655-61-0.00-12/06/2025_09:54:04$
12/06/2025 -> #0-fazendapombo_2-351-32-655-61-0.00-12/06/2025_09:54:04$
12/06/2025 -> #0-fazendapombo_2-351-32-655-61-0.00-12/06/2025_09:54:04$
12/06/2025 -> #0-fazendapombo_2-351-100-357-2-27/05/2025_09:26:24$
12/06/2025 -> #0-fazendapombo_2-351-32-655-61-0.00-12/06/2025_09:54:04$
12/06/2025 -> #0-fazendapombo_2-351-32-655-59-0.00-12/06/2025_09:59:04$
12/06/2025 -> #0-fazendapombo_2-351-32-655-59-0.00-12/06/2025_09:59:04$
12/06/2025 -> #0-fazendapombo_2-351-32-655-59-0.00-12/06/2025_09:59:04$
12/06/2025 -> #0-fazendapombo_2-351-100-357-2-27/05/2025_09:26:24$
12/06/2025 -> #0-fazendapombo_2-351-32-655-59-0.00-12/06/2025_09:59:04$
12/06/2025 -> #0-fazendapombo_2-351-32-655-58-0.00-12/06/2025_10:04:04$
12/06/2025 -> #0-fazendapombo_2-351-32-655-58-0.00-12/06/2025_10:04:04$
12/06/2025 -> #0-fazendapombo_2-351-32-655-58-0.00-12/06/2025_10:04:04$
12/06/2025 -> #0-fazendapombo_2-351-100-357-2-27/05/2025_09:26:24$
12/06/2025 -> #0-fazendapombo_2-351-32-655-58-0.00-12/06/2025_10:04:04$
12/06/2025 -> #0-fazendapombo_2-351-100-655-57-0.00-12/06/2025_10:07:23$
12/06/2025 -> #0-fazendapombo_2-351-100-655-57-0.00-12/06/2025_10:07:23$
12/06/2025 -> #0-fazendapombo_2-351-100-655-57-0.00-12/06/2025_10:07:23$
12/06/2025 -> #0-fazendapombo_2-351-100-357-2-27/05/2025_09:26:24$
12/06/2025 -> #0-fazendapombo_2-351-100-655-57-0.00-12/06/2025_10:07:23$
12/06/2025 -> #0-fazendapombo_2-351-100-655-56-0.00-12/06/2025_10:09:04$
12/06/2025 -> #0-fazendapombo_2-351-100-655-56-0.00-12/06/2025_10:09:04$
12/06/2025 -> #0-fazendapombo_2-351-100-655-56-0.00-12/06/2025_10:09:04$
12/06/2025 -> #0-fazendapombo_2-351-100-357-2-27/05/2025_09:26:24$
12/06/2025 -> #0-fazendapombo_2-351-100-655-56-0.00-12/06/2025_10:09:04$
12/06/2025 -> #0-fazendapombo_2-351-32-655-56-0.00-12/06/2025_10:09:23$
12/06/2025 -> #0-fazendapombo_2-351-32-655-56-0.00-12/06/2025_10:09:23$
12/06/2025 -> #0-fazendapombo_2-351-32-655-56-0.00-12/06/2025_10:09:23$
12/06/2025 -> #0-fazendapombo_2-351-100-357-2-27/05/2025_09:26:24$
12/06/2025 -> #0-fazendapombo_2-351-32-655-56-0.00-12/06/2025_10:09:23$
12/06/2025 -> #0-fazendapombo_2-351-32-655-55-0.00-12/06/2025_10:14:04$
12/06/2025 -> #0-fazendapombo_2-351-32-655-55-0.00-12/06/2025_10:14:04$
12/06/2025 -> #0-fazendapombo_2-351-32-655-55-0.00-12/06/2025_10:14:04$
12/06/2025 -> #0-fazendapombo_2-351-100-357-2-27/05/2025_09:26:24$
12/06/2025 -> #0-fazendapombo_2-351-32-655-55-0.00-12/06/2025_10:14:04$
12/06/2025 -> #0-fazendapombo_2-351-32-655-54-0.00-12/06/2025_10:19:04$
12/06/2025 -> #0-fazendapombo_2-351-32-655-54-0.00-12/06/2025_10:19:04$
12/06/2025 -> #0-fazendapombo_2-351-32-655-54-0.00-12/06/2025_10:19:04$
12/06/2025 -> #0-fazendapombo_2-351-100-357-2-27/05/2025_09:26:24$
12/06/2025 -> #0-fazendapombo_2-351-32-655-54-0.00-12/06/2025_10:19:04$
12/06/2025 -> #0-fazendapombo_2-351-32-655-52-0.00-12/06/2025_10:24:06$
12/06/2025 -> #0-fazendapombo_2-351-32-655-52-0.00-12/06/2025_10:24:06$
12/06/2025 -> #0-fazendapombo_2-351-32-655-52-0.00-12/06/2025_10:24:06$
12/06/2025 -> #0-fazendapombo_2-351-100-357-2-27/05/2025_09:26:24$
12/06/2025 -> #0-fazendapombo_2-351-32-655-52-0.00-12/06/2025_10:24:06$
12/06/2025 -> #0-fazendapombo_2-351-32-655-51-0.00-12/06/2025_10:29:04$
12/06/2025 -> #0-fazendapombo_2-351-32-655-51-0.00-12/06/2025_10:29:04$
12/06/2025 -> #0-fazendapombo_2-351-32-655-51-0.00-12/06/2025_10:29:04$
12/06/2025 -> #0-fazendapombo_2-351-100-357-2-27/05/2025_09:26:24$
12/06/2025 -> #0-fazendapombo_2-351-32-655-51-0.00-12/06/2025_10:29:04$
12/06/2025 -> #0-fazendapombo_2-351-32-655-48-0.00-12/06/2025_10:39:04$
12/06/2025 -> #0-fazendapombo_2-351-32-655-48-0.00-12/06/2025_10:39:04$
12/06/2025 -> #0-fazendapombo_2-351-32-655-48-0.00-12/06/2025_10:39:04$
12/06/2025 -> #0-fazendapombo_2-351-100-357-2-27/05/2025_09:26:24$
12/06/2025 -> #0-fazendapombo_2-351-32-655-48-0.00-12/06/2025_10:39:04$
12/06/2025 -> #0-fazendapombo_2-351-32-655-46-0.00-12/06/2025_10:44:04$
12/06/2025 -> #0-fazendapombo_2-351-32-655-46-0.00-12/06/2025_10:44:04$
12/06/2025 -> #0-fazendapombo_2-351-32-655-46-0.00-12/06/2025_10:44:04$
12/06/2025 -> #0-fazendapombo_2-351-100-357-2-27/05/2025_09:26:24$
12/06/2025 -> #0-fazendapombo_2-351-32-655-46-0.00-12/06/2025_10:44:04$
12/06/2025 -> #0-fazendapombo_2-351-32-655-44-0.00-12/06/2025_10:49:04$
12/06/2025 -> #0-fazendapombo_2-351-32-655-44-0.00-12/06/2025_10:49:04$
12/06/2025 -> #0-fazendapombo_2-351-32-655-44-0.00-12/06/2025_10:49:04$
12/06/2025 -> #0-fazendapombo_2-351-100-357-2-27/05/2025_09:26:24$
12/06/2025 -> #0-fazendapombo_2-351-32-655-44-0.00-12/06/2025_10:49:04$
12/06/2025 -> #0-fazendapombo_2-351-32-655-42-0.00-12/06/2025_10:54:04$
12/06/2025 -> #0-fazendapombo_2-351-32-655-42-0.00-12/06/2025_10:54:04$
12/06/2025 -> #0-fazendapombo_2-351-32-655-42-0.00-12/06/2025_10:54:04$
12/06/2025 -> #0-fazendapombo_2-351-100-357-2-27/05/2025_09:26:24$
12/06/2025 -> #0-fazendapombo_2-351-32-655-42-0.00-12/06/2025_10:54:04$
12/06/2025 -> #0-fazendapombo_2-351-32-655-41-0.00-12/06/2025_10:59:04$
12/06/2025 -> #0-fazendapombo_2-351-32-655-41-0.00-12/06/2025_10:59:04$
12/06/2025 -> #0-fazendapombo_2-351-32-655-41-0.00-12/06/2025_10:59:04$
12/06/2025 -> #0-fazendapombo_2-351-100-357-2-27/05/2025_09:26:24$
12/06/2025 -> #0-fazendapombo_2-351-32-655-41-0.00-12/06/2025_10:59:04$
12/06/2025 -> #0-fazendapombo_2-351-100-655-41-0.00-12/06/2025_10:59:25$
12/06/2025 -> #0-fazendapombo_2-351-100-655-41-0.00-12/06/2025_10:59:25$
12/06/2025 -> #0-fazendapombo_2-351-100-655-41-0.00-12/06/2025_10:59:25$
12/06/2025 -> #0-fazendapombo_2-351-100-357-2-27/05/2025_09:26:24$
12/06/2025 -> #0-fazendapombo_2-351-100-655-41-0.00-12/06/2025_10:59:25$
12/06/2025 -> #0-fazendapombo_2-351-32-655-40-0.00-12/06/2025_11:01:24$
12/06/2025 -> #0-fazendapombo_2-351-32-655-40-0.00-12/06/2025_11:01:24$
12/06/2025 -> #0-fazendapombo_2-351-32-655-40-0.00-12/06/2025_11:01:24$
12/06/2025 -> #0-fazendapombo_2-351-100-357-2-27/05/2025_09:26:24$
12/06/2025 -> #0-fazendapombo_2-351-32-655-40-0.00-12/06/2025_11:01:24$
12/06/2025 -> #0-fazendapombo_2-351-32-655-39-0.00-12/06/2025_11:04:04$
12/06/2025 -> #0-fazendapombo_2-351-32-655-39-0.00-12/06/2025_11:04:04$
12/06/2025 -> #0-fazendapombo_2-351-32-655-39-0.00-12/06/2025_11:04:04$
12/06/2025 -> #0-fazendapombo_2-351-100-357-2-27/05/2025_09:26:24$
12/06/2025 -> #0-fazendapombo_2-351-32-655-39-0.00-12/06/2025_11:04:04$
12/06/2025 -> #0-fazendapombo_2-351-32-655-38-0.00-12/06/2025_11:09:04$
12/06/2025 -> #0-fazendapombo_2-351-32-655-38-0.00-12/06/2025_11:09:04$
12/06/2025 -> #0-fazendapombo_2-351-32-655-38-0.00-12/06/2025_11:09:04$
12/06/2025 -> #0-fazendapombo_2-351-100-357-2-27/05/2025_09:26:24$
12/06/2025 -> #0-fazendapombo_2-351-32-655-38-0.00-12/06/2025_11:09:04$
12/06/2025 -> #0-fazendapombo_2-351-32-655-37-0.00-12/06/2025_11:14:04$
12/06/2025 -> #0-fazendapombo_2-351-32-655-37-0.00-12/06/2025_11:14:04$
12/06/2025 -> #0-fazendapombo_2-351-32-655-37-0.00-12/06/2025_11:14:04$
12/06/2025 -> #0-fazendapombo_2-351-100-357-2-27/05/2025_09:26:24$
12/06/2025 -> #0-fazendapombo_2-351-32-655-37-0.00-12/06/2025_11:14:04$
12/06/2025 -> #0-fazendapombo_2-351-32-655-36-0.00-12/06/2025_11:19:04$
12/06/2025 -> #0-fazendapombo_2-351-32-655-36-0.00-12/06/2025_11:19:04$
12/06/2025 -> #0-fazendapombo_2-351-32-655-36-0.00-12/06/2025_11:19:04$
12/06/2025 -> #0-fazendapombo_2-351-100-357-2-27/05/2025_09:26:24$
12/06/2025 -> #0-fazendapombo_2-351-32-655-36-0.00-12/06/2025_11:19:04$
12/06/2025 -> #0-fazendapombo_2-351-32-655-34-0.00-12/06/2025_11:24:04$
12/06/2025 -> #0-fazendapombo_2-351-32-655-34-0.00-12/06/2025_11:24:04$
12/06/2025 -> #0-fazendapombo_2-351-32-655-34-0.00-12/06/2025_11:24:04$
12/06/2025 -> #0-fazendapombo_2-351-100-357-2-27/05/2025_09:26:24$
12/06/2025 -> #0-fazendapombo_2-351-32-655-34-0.00-12/06/2025_11:24:04$
12/06/2025 -> #0-fazendapombo_2-351-32-655-33-0.00-12/06/2025_11:29:04$
12/06/2025 -> #0-fazendapombo_2-351-32-655-33-0.00-12/06/2025_11:29:04$
12/06/2025 -> #0-fazendapombo_2-351-32-655-33-0.00-12/06/2025_11:29:04$
12/06/2025 -> #0-fazendapombo_2-351-100-357-2-27/05/2025_09:26:24$
12/06/2025 -> #0-fazendapombo_2-351-32-655-33-0.00-12/06/2025_11:29:04$
12/06/2025 -> #0-fazendapombo_2-351-100-655-32-0.00-12/06/2025_11:31:25$
12/06/2025 -> #0-fazendapombo_2-351-100-655-32-0.00-12/06/2025_11:31:25$
12/06/2025 -> #0-fazendapombo_2-351-100-655-32-0.00-12/06/2025_11:31:25$
12/06/2025 -> #0-fazendapombo_2-351-100-357-2-27/05/2025_09:26:24$
12/06/2025 -> #0-fazendapombo_2-351-100-655-32-0.00-12/06/2025_11:31:25$
12/06/2025 -> #0-fazendapombo_2-351-32-655-32-0.00-12/06/2025_11:33:25$
12/06/2025 -> #0-fazendapombo_2-351-32-655-32-0.00-12/06/2025_11:33:25$
12/06/2025 -> #0-fazendapombo_2-351-32-655-32-0.00-12/06/2025_11:33:25$
12/06/2025 -> #0-fazendapombo_2-351-100-357-2-27/05/2025_09:26:24$
12/06/2025 -> #0-fazendapombo_2-351-32-655-32-0.00-12/06/2025_11:33:25$
12/06/2025 -> #0-fazendapombo_2-351-32-655-31-0.00-12/06/2025_11:34:04$
12/06/2025 -> #0-fazendapombo_2-351-32-655-31-0.00-12/06/2025_11:34:04$
12/06/2025 -> #0-fazendapombo_2-351-32-655-31-0.00-12/06/2025_11:34:04$
12/06/2025 -> #0-fazendapombo_2-351-100-357-2-27/05/2025_09:26:24$
12/06/2025 -> #0-fazendapombo_2-351-32-655-31-0.00-12/06/2025_11:34:04$
12/06/2025 -> #0-fazendapombo_2-351-32-655-29-0.00-12/06/2025_11:39:04$
12/06/2025 -> #0-fazendapombo_2-351-32-655-29-0.00-12/06/2025_11:39:04$
12/06/2025 -> #0-fazendapombo_2-351-32-655-29-0.00-12/06/2025_11:39:04$
12/06/2025 -> #0-fazendapombo_2-351-100-357-2-27/05/2025_09:26:24$
12/06/2025 -> #0-fazendapombo_2-351-32-655-29-0.00-12/06/2025_11:39:04$
12/06/2025 -> #0-fazendapombo_2-351-32-655-28-0.00-12/06/2025_11:44:04$
12/06/2025 -> #0-fazendapombo_2-351-32-655-28-0.00-12/06/2025_11:44:04$
12/06/2025 -> #0-fazendapombo_2-351-32-655-28-0.00-12/06/2025_11:44:04$
12/06/2025 -> #0-fazendapombo_2-351-100-357-2-27/05/2025_09:26:24$
12/06/2025 -> #0-fazendapombo_2-351-32-655-28-0.00-12/06/2025_11:44:04$
12/06/2025 -> #0-fazendapombo_2-351-32-655-26-0.00-12/06/2025_11:49:04$
12/06/2025 -> #0-fazendapombo_2-351-32-655-26-0.00-12/06/2025_11:49:04$
12/06/2025 -> #0-fazendapombo_2-351-32-655-26-0.00-12/06/2025_11:49:04$
12/06/2025 -> #0-fazendapombo_2-351-100-357-2-27/05/2025_09:26:24$
12/06/2025 -> #0-fazendapombo_2-351-32-655-26-0.00-12/06/2025_11:49:04$
12/06/2025 -> #0-fazendapombo_2-351-32-655-25-0.00-12/06/2025_11:54:04$
12/06/2025 -> #0-fazendapombo_2-351-32-655-25-0.00-12/06/2025_11:54:04$
12/06/2025 -> #0-fazendapombo_2-351-32-655-25-0.00-12/06/2025_11:54:04$
12/06/2025 -> #0-fazendapombo_2-351-100-357-2-27/05/2025_09:26:24$
12/06/2025 -> #0-fazendapombo_2-351-32-655-25-0.00-12/06/2025_11:54:04$
12/06/2025 -> #0-fazendapombo_2-351-100-655-24-0.00-12/06/2025_11:57:25$
12/06/2025 -> #0-fazendapombo_2-351-100-655-24-0.00-12/06/2025_11:57:25$
12/06/2025 -> #0-fazendapombo_2-351-100-655-24-0.00-12/06/2025_11:57:25$
12/06/2025 -> #0-fazendapombo_2-351-100-357-2-27/05/2025_09:26:24$
12/06/2025 -> #0-fazendapombo_2-351-100-655-24-0.00-12/06/2025_11:57:25$
12/06/2025 -> #0-fazendapombo_2-351-100-655-24-0.00-12/06/2025_11:59:04$
12/06/2025 -> #0-fazendapombo_2-351-100-655-24-0.00-12/06/2025_11:59:04$
12/06/2025 -> #0-fazendapombo_2-351-100-655-24-0.00-12/06/2025_11:59:04$
12/06/2025 -> #0-fazendapombo_2-351-100-357-2-27/05/2025_09:26:24$
12/06/2025 -> #0-fazendapombo_2-351-100-655-24-0.00-12/06/2025_11:59:04$
12/06/2025 -> #0-fazendapombo_2-351-32-655-24-0.00-12/06/2025_11:59:25$
12/06/2025 -> #0-fazendapombo_2-351-32-655-24-0.00-12/06/2025_11:59:25$
12/06/2025 -> #0-fazendapombo_2-351-32-655-24-0.00-12/06/2025_11:59:25$
12/06/2025 -> #0-fazendapombo_2-351-100-357-2-27/05/2025_09:26:24$
12/06/2025 -> #0-fazendapombo_2-351-32-655-24-0.00-12/06/2025_11:59:25$
12/06/2025 -> #0-fazendapombo_2-351-32-655-22-0.00-12/06/2025_12:04:04$
12/06/2025 -> #0-fazendapombo_2-351-32-655-22-0.00-12/06/2025_12:04:04$
12/06/2025 -> #0-fazendapombo_2-351-32-655-22-0.00-12/06/2025_12:04:04$
12/06/2025 -> #0-fazendapombo_2-351-100-357-2-27/05/2025_09:26:24$
12/06/2025 -> #0-fazendapombo_2-351-32-655-22-0.00-12/06/2025_12:04:04$
12/06/2025 -> #0-fazendapombo_2-351-32-655-20-0.00-12/06/2025_12:14:04$
12/06/2025 -> #0-fazendapombo_2-351-32-655-20-0.00-12/06/2025_12:14:04$
12/06/2025 -> #0-fazendapombo_2-351-32-655-20-0.00-12/06/2025_12:14:04$
12/06/2025 -> #0-fazendapombo_2-351-100-357-2-27/05/2025_09:26:24$
12/06/2025 -> #0-fazendapombo_2-351-32-655-20-0.00-12/06/2025_12:14:04$
12/06/2025 -> #0-fazendapombo_2-351-32-655-19-0.00-12/06/2025_12:19:04$
12/06/2025 -> #0-fazendapombo_2-351-32-655-19-0.00-12/06/2025_12:19:04$
12/06/2025 -> #0-fazendapombo_2-351-32-655-19-0.00-12/06/2025_12:19:04$
12/06/2025 -> #0-fazendapombo_2-351-100-357-2-27/05/2025_09:26:24$
12/06/2025 -> #0-fazendapombo_2-351-32-655-19-0.00-12/06/2025_12:19:04$
12/06/2025 -> #0-fazendapombo_2-351-32-655-18-0.00-12/06/2025_12:24:04$
12/06/2025 -> #0-fazendapombo_2-351-32-655-18-0.00-12/06/2025_12:24:04$
12/06/2025 -> #0-fazendapombo_2-351-32-655-18-0.00-12/06/2025_12:24:04$
12/06/2025 -> #0-fazendapombo_2-351-100-357-2-27/05/2025_09:26:24$
12/06/2025 -> #0-fazendapombo_2-351-32-655-18-0.00-12/06/2025_12:24:04$
12/06/2025 -> #0-fazendapombo_2-351-32-655-16-0.00-12/06/2025_12:29:04$
12/06/2025 -> #0-fazendapombo_2-351-32-655-16-0.00-12/06/2025_12:29:04$
12/06/2025 -> #0-fazendapombo_2-351-32-655-16-0.00-12/06/2025_12:29:04$
12/06/2025 -> #0-fazendapombo_2-351-100-357-2-27/05/2025_09:26:24$
12/06/2025 -> #0-fazendapombo_2-351-32-655-16-0.00-12/06/2025_12:29:04$
12/06/2025 -> #0-fazendapombo_2-351-32-655-15-0.00-12/06/2025_12:34:06$
12/06/2025 -> #0-fazendapombo_2-351-32-655-15-0.00-12/06/2025_12:34:06$
12/06/2025 -> #0-fazendapombo_2-351-32-655-15-0.00-12/06/2025_12:34:06$
12/06/2025 -> #0-fazendapombo_2-351-100-357-2-27/05/2025_09:26:24$
12/06/2025 -> #0-fazendapombo_2-351-32-655-15-0.00-12/06/2025_12:34:06$
12/06/2025 -> #0-fazendapombo_2-351-100-655-15-0.00-12/06/2025_12:35:26$
12/06/2025 -> #0-fazendapombo_2-351-100-655-15-0.00-12/06/2025_12:35:26$
12/06/2025 -> #0-fazendapombo_2-351-100-655-15-0.00-12/06/2025_12:35:26$
12/06/2025 -> #0-fazendapombo_2-351-100-357-2-27/05/2025_09:26:24$
12/06/2025 -> #0-fazendapombo_2-351-100-655-15-0.00-12/06/2025_12:35:26$
12/06/2025 -> #0-fazendapombo_2-351-32-655-12-0.00-12/06/2025_12:44:04$
12/06/2025 -> #0-fazendapombo_2-351-32-655-12-0.00-12/06/2025_12:44:04$
12/06/2025 -> #0-fazendapombo_2-351-32-655-12-0.00-12/06/2025_12:44:04$
12/06/2025 -> #0-fazendapombo_2-351-100-357-2-27/05/2025_09:26:24$
12/06/2025 -> #0-fazendapombo_2-351-32-655-12-0.00-12/06/2025_12:44:04$
12/06/2025 -> #0-fazendapombo_2-351-32-655-10-0.00-12/06/2025_12:49:04$
12/06/2025 -> #0-fazendapombo_2-351-32-655-10-0.00-12/06/2025_12:49:04$
12/06/2025 -> #0-fazendapombo_2-351-32-655-10-0.00-12/06/2025_12:49:04$
12/06/2025 -> #0-fazendapombo_2-351-100-357-2-27/05/2025_09:26:24$
12/06/2025 -> #0-fazendapombo_2-351-32-655-10-0.00-12/06/2025_12:49:04$
12/06/2025 -> #0-fazendapombo_2-351-32-655-8-0.00-12/06/2025_12:54:04$
12/06/2025 -> #0-fazendapombo_2-351-32-655-8-0.00-12/06/2025_12:54:04$
12/06/2025 -> #0-fazendapombo_2-351-32-655-8-0.00-12/06/2025_12:54:04$
12/06/2025 -> #0-fazendapombo_2-351-100-357-2-27/05/2025_09:26:24$
12/06/2025 -> #0-fazendapombo_2-351-32-655-8-0.00-12/06/2025_12:54:04$
12/06/2025 -> #0-fazendapombo_2-351-32-655-7-0.00-12/06/2025_12:59:04$
12/06/2025 -> #0-fazendapombo_2-351-32-655-7-0.00-12/06/2025_12:59:04$
12/06/2025 -> #0-fazendapombo_2-351-32-655-7-0.00-12/06/2025_12:59:04$
12/06/2025 -> #0-fazendapombo_2-351-100-357-2-27/05/2025_09:26:24$
12/06/2025 -> #0-fazendapombo_2-351-32-655-7-0.00-12/06/2025_12:59:04$
12/06/2025 -> #0-fazendapombo_2-351-32-655-6-0.00-12/06/2025_13:04:04$
12/06/2025 -> #0-fazendapombo_2-351-32-655-6-0.00-12/06/2025_13:04:04$
12/06/2025 -> #0-fazendapombo_2-351-32-655-6-0.00-12/06/2025_13:04:04$
12/06/2025 -> #0-fazendapombo_2-351-100-357-2-27/05/2025_09:26:24$
12/06/2025 -> #0-fazendapombo_2-351-32-655-6-0.00-12/06/2025_13:04:04$
12/06/2025 -> #0-fazendapombo_2-351-32-655-4-0.00-12/06/2025_13:09:04$
12/06/2025 -> #0-fazendapombo_2-351-32-655-4-0.00-12/06/2025_13:09:04$
12/06/2025 -> #0-fazendapombo_2-351-32-655-4-0.00-12/06/2025_13:09:04$
12/06/2025 -> #0-fazendapombo_2-351-100-357-2-27/05/2025_09:26:24$
12/06/2025 -> #0-fazendapombo_2-351-32-655-4-0.00-12/06/2025_13:09:04$
12/06/2025 -> #0-fazendapombo_2-351-32-655-1-0.00-12/06/2025_13:19:04$
12/06/2025 -> #0-fazendapombo_2-351-32-655-1-0.00-12/06/2025_13:19:04$
12/06/2025 -> #0-fazendapombo_2-351-32-655-1-0.00-12/06/2025_13:19:04$
12/06/2025 -> #0-fazendapombo_2-351-100-357-2-27/05/2025_09:26:24$
12/06/2025 -> #0-fazendapombo_2-351-32-655-1-0.00-12/06/2025_13:19:04$
12/06/2025 -> #0-fazendapombo_2-351-32-655-0-0.00-12/06/2025_13:24:04$
12/06/2025 -> #0-fazendapombo_2-351-32-655-0-0.00-12/06/2025_13:24:04$
12/06/2025 -> #0-fazendapombo_2-351-32-655-0-0.00-12/06/2025_13:24:04$
12/06/2025 -> #0-fazendapombo_2-351-100-357-2-27/05/2025_09:26:24$
12/06/2025 -> #0-fazendapombo_2-351-32-655-0-0.00-12/06/2025_13:24:04$
12/06/2025 -> #0-fazendapombo_2-351-32-655-359-0.00-12/06/2025_13:29:04$
12/06/2025 -> #0-fazendapombo_2-351-32-655-359-0.00-12/06/2025_13:29:04$
12/06/2025 -> #0-fazendapombo_2-351-32-655-359-0.00-12/06/2025_13:29:04$
12/06/2025 -> #0-fazendapombo_2-351-100-357-2-27/05/2025_09:26:24$
12/06/2025 -> #0-fazendapombo_2-351-32-655-359-0.00-12/06/2025_13:29:04$
12/06/2025 -> #0-fazendapombo_2-351-32-655-357-0.00-12/06/2025_13:34:04$
12/06/2025 -> #0-fazendapombo_2-351-32-655-357-0.00-12/06/2025_13:34:04$
12/06/2025 -> #0-fazendapombo_2-351-32-655-357-0.00-12/06/2025_13:34:04$
12/06/2025 -> #0-fazendapombo_2-351-100-357-2-27/05/2025_09:26:24$
12/06/2025 -> #0-fazendapombo_2-351-32-655-357-0.00-12/06/2025_13:34:04$
12/06/2025 -> #0-fazendapombo_2-351-32-655-356-0.00-12/06/2025_13:39:04$
12/06/2025 -> #0-fazendapombo_2-351-32-655-356-0.00-12/06/2025_13:39:04$
12/06/2025 -> #0-fazendapombo_2-351-32-655-356-0.00-12/06/2025_13:39:04$
12/06/2025 -> #0-fazendapombo_2-351-100-357-2-27/05/2025_09:26:24$
12/06/2025 -> #0-fazendapombo_2-351-32-655-356-0.00-12/06/2025_13:39:04$
