26/06/2025 21:24:18 [info] [NestFactory] Starting Nest application... {"service":"monitoring-icrop"}
26/06/2025 21:24:18 [info] [InstanceLoader] PrismaModule dependencies initialized {"service":"monitoring-icrop"}
26/06/2025 21:24:18 [info] [InstanceLoader] LoggerModule dependencies initialized {"service":"monitoring-icrop"}
26/06/2025 21:24:18 [info] [InstanceLoader] ConfigHostModule dependencies initialized {"service":"monitoring-icrop"}
26/06/2025 21:24:18 [info] [InstanceLoader] CycleProccessorModule dependencies initialized {"service":"monitoring-icrop"}
26/06/2025 21:24:18 [info] [InstanceLoader] DiscoveryModule dependencies initialized {"service":"monitoring-icrop"}
26/06/2025 21:24:18 [info] [InstanceLoader] ConfigModule dependencies initialized {"service":"monitoring-icrop"}
26/06/2025 21:24:18 [info] [InstanceLoader] ScheduleModule dependencies initialized {"service":"monitoring-icrop"}
26/06/2025 21:24:18 [info] [InstanceLoader] StateProccessorModule dependencies initialized {"service":"monitoring-icrop"}
26/06/2025 21:24:18 [info] [InstanceLoader] AwsIotModule dependencies initialized {"service":"monitoring-icrop"}
26/06/2025 21:24:18 [info] [InstanceLoader] LogIcropTempModule dependencies initialized {"service":"monitoring-icrop"}
26/06/2025 21:24:18 [info] [InstanceLoader] AppModule dependencies initialized {"service":"monitoring-icrop"}
26/06/2025 21:24:18 [info] [InstanceLoader] NotificationsModule dependencies initialized {"service":"monitoring-icrop"}
26/06/2025 21:24:18 [info] [Bootstrap] Application is starting {"service":"monitoring-icrop"}
26/06/2025 21:24:18 [info] [Bootstrap] Checking .env file at: /app/.env {"service":"monitoring-icrop"}
26/06/2025 21:24:18 [error] [Bootstrap] ❌ .env file not found! {"service":"monitoring-icrop","trace":null}
26/06/2025 21:24:18 [info] [Bootstrap] ENV AWS_IOT_CLIENT_ID: MonitorDev23 {"service":"monitoring-icrop"}
26/06/2025 21:24:18 [info] [Bootstrap] ENV AWS_IOT_HOST: a19mijesri84u2-ats.iot.us-east-1.amazonaws.com {"service":"monitoring-icrop"}
26/06/2025 21:24:18 [info] [Bootstrap] ENV DATABASE_URL: postgres://postgres:Rafa0322@146.235.33.175:5432/soildb?sslmode=disable {"service":"monitoring-icrop"}
26/06/2025 21:24:18 [info] [Bootstrap] Getting ICROP topics from environment... {"service":"monitoring-icrop"}
26/06/2025 21:24:18 [info] [Bootstrap] Found 7 ICROP environment variables: ICROP_INIT, ICROP_ERROR, ICROP_NETWORK, ICROP_CONFIG, ICROP_PRESSURE, ICROP_CLOUD, CLOUD_V2 {"service":"monitoring-icrop"}
26/06/2025 21:24:18 [info] [Bootstrap]   ICROP_INIT = icrop-cloud2 {"service":"monitoring-icrop"}
26/06/2025 21:24:18 [info] [Bootstrap]   ICROP_ERROR = icrop-error {"service":"monitoring-icrop"}
26/06/2025 21:24:18 [info] [Bootstrap]   ICROP_NETWORK = icrop-network {"service":"monitoring-icrop"}
26/06/2025 21:24:18 [info] [Bootstrap]   ICROP_CONFIG = icrop-config {"service":"monitoring-icrop"}
26/06/2025 21:24:18 [info] [Bootstrap]   ICROP_PRESSURE = icrop-pressure {"service":"monitoring-icrop"}
26/06/2025 21:24:18 [info] [Bootstrap]   ICROP_CLOUD = icrop-cloud {"service":"monitoring-icrop"}
26/06/2025 21:24:18 [info] [Bootstrap]   CLOUD_V2 = cloudv2-dev {"service":"monitoring-icrop"}
26/06/2025 21:24:18 [info] [Bootstrap] Found 7 ICROP topics {"service":"monitoring-icrop"}
26/06/2025 21:24:18 [info] [Bootstrap] Connecting to AWS IoT... {"service":"monitoring-icrop"}
26/06/2025 21:24:18 [info] [OneSignalService] OneSignal service initialized {"service":"monitoring-icrop"}
26/06/2025 21:24:18 [info] [AwsIotService] Connecting to AWS IoT with client ID: MonitorDev23 {"service":"monitoring-icrop"}
26/06/2025 21:24:18 [info] [AwsIotService] Host: a19mijesri84u2-ats.iot.us-east-1.amazonaws.com {"service":"monitoring-icrop"}
26/06/2025 21:24:18 [info] [AwsIotService] Resolved key path: /app/certs/private.pem.key {"service":"monitoring-icrop"}
26/06/2025 21:24:18 [info] [AwsIotService] Resolved certificate path: /app/certs/device.pem.crt {"service":"monitoring-icrop"}
26/06/2025 21:24:18 [info] [AwsIotService] Resolved CA path: /app/certs/amazon_ca.pem {"service":"monitoring-icrop"}
26/06/2025 21:24:18 [info] [AwsIotService] All certificate files verified {"service":"monitoring-icrop"}
26/06/2025 21:24:18 [info] [AwsIotService] Initializing global message handler {"service":"monitoring-icrop"}
26/06/2025 21:24:18 [info] [OneSignalService] OneSignal service initialized {"service":"monitoring-icrop"}
26/06/2025 21:24:18 [info] [OneSignalService] OneSignal service initialized {"service":"monitoring-icrop"}
26/06/2025 21:24:18 [info] [BacktriggerService] BacktriggerService initialized {"service":"monitoring-icrop"}
26/06/2025 21:24:18 [info] [OneSignalService] OneSignal service initialized {"service":"monitoring-icrop"}
26/06/2025 21:24:18 [info] [BacktriggerService] BacktriggerService initialized {"service":"monitoring-icrop"}
26/06/2025 21:24:18 [info] [OneSignalService] OneSignal service initialized {"service":"monitoring-icrop"}
26/06/2025 21:24:19 [info] [AwsIotService] ✅ Successfully connected to AWS IoT {"service":"monitoring-icrop"}
26/06/2025 21:24:19 [info] [Bootstrap] AWS IoT connection status: Connected {"service":"monitoring-icrop"}
26/06/2025 21:24:19 [info] [AwsIotService] Registering message callback {"service":"monitoring-icrop"}
26/06/2025 21:24:19 [info] [AwsIotService] Subscribing to topic: icrop-cloud2 {"service":"monitoring-icrop"}
26/06/2025 21:24:19 [info] [Bootstrap] AWS IoT is connected, proceeding with topic subscriptions {"service":"monitoring-icrop"}
26/06/2025 21:24:19 [info] [Bootstrap] Subscribing to icrop-cloud2... {"service":"monitoring-icrop"}
26/06/2025 21:24:19 [info] [AwsIotService] ✅ Successfully subscribed to icrop-cloud2 {"service":"monitoring-icrop"}
26/06/2025 21:24:19 [info] [Bootstrap] Successfully subscribed to icrop-cloud2 {"service":"monitoring-icrop"}
26/06/2025 21:24:19 [info] [AwsIotService] Subscribing to topic: icrop-error {"service":"monitoring-icrop"}
26/06/2025 21:24:19 [info] [Bootstrap] Subscribing to icrop-error... {"service":"monitoring-icrop"}
26/06/2025 21:24:19 [info] [AwsIotService] ✅ Successfully subscribed to icrop-error {"service":"monitoring-icrop"}
26/06/2025 21:24:19 [info] [Bootstrap] Successfully subscribed to icrop-error {"service":"monitoring-icrop"}
26/06/2025 21:24:19 [info] [AwsIotService] Subscribing to topic: icrop-network {"service":"monitoring-icrop"}
26/06/2025 21:24:19 [info] [Bootstrap] Subscribing to icrop-network... {"service":"monitoring-icrop"}
26/06/2025 21:24:19 [info] [AwsIotService] ✅ Successfully subscribed to icrop-network {"service":"monitoring-icrop"}
26/06/2025 21:24:19 [info] [Bootstrap] Successfully subscribed to icrop-network {"service":"monitoring-icrop"}
26/06/2025 21:24:19 [info] [AwsIotService] Subscribing to topic: icrop-config {"service":"monitoring-icrop"}
26/06/2025 21:24:19 [info] [Bootstrap] Subscribing to icrop-config... {"service":"monitoring-icrop"}
26/06/2025 21:24:20 [info] [AwsIotService] ✅ Successfully subscribed to icrop-config {"service":"monitoring-icrop"}
26/06/2025 21:24:20 [info] [Bootstrap] Successfully subscribed to icrop-config {"service":"monitoring-icrop"}
26/06/2025 21:24:20 [info] [AwsIotService] Subscribing to topic: icrop-pressure {"service":"monitoring-icrop"}
26/06/2025 21:24:20 [info] [Bootstrap] Subscribing to icrop-pressure... {"service":"monitoring-icrop"}
26/06/2025 21:24:20 [info] [AwsIotService] ✅ Successfully subscribed to icrop-pressure {"service":"monitoring-icrop"}
26/06/2025 21:24:20 [info] [Bootstrap] Successfully subscribed to icrop-pressure {"service":"monitoring-icrop"}
26/06/2025 21:24:20 [info] [AwsIotService] Subscribing to topic: icrop-cloud {"service":"monitoring-icrop"}
26/06/2025 21:24:20 [info] [Bootstrap] Subscribing to icrop-cloud... {"service":"monitoring-icrop"}
26/06/2025 21:24:20 [info] [AwsIotService] ✅ Successfully subscribed to icrop-cloud {"service":"monitoring-icrop"}
26/06/2025 21:24:20 [info] [Bootstrap] Successfully subscribed to icrop-cloud {"service":"monitoring-icrop"}
26/06/2025 21:24:20 [info] [AwsIotService] Subscribing to topic: cloudv2-dev {"service":"monitoring-icrop"}
26/06/2025 21:24:20 [info] [Bootstrap] Subscribing to cloudv2-dev... {"service":"monitoring-icrop"}
26/06/2025 21:24:20 [info] [AwsIotService] ✅ Successfully subscribed to cloudv2-dev {"service":"monitoring-icrop"}
26/06/2025 21:24:20 [info] [Bootstrap] Successfully subscribed to cloudv2-dev {"service":"monitoring-icrop"}
26/06/2025 21:24:20 [info] [AwsIotService] Initializing AWS IoT service... {"service":"monitoring-icrop"}
26/06/2025 21:24:20 [info] [AwsIotService] 📩 Received message on topic cloudv2-dev: #00-soilteste_1-852-00-251-251-25/07/2024_16:16:56$ {"service":"monitoring-icrop"}
26/06/2025 21:24:20 [info] [AwsIotService] Processing message: #00-soilteste_1-852-00-251-251-25/07/2024_16:16:56$ {"service":"monitoring-icrop"}
26/06/2025 21:24:20 [warn] [AwsIotService] Message format doesn't match expected pattern: #00-soilteste_1-852-00-251-251-25/07/2024_16:16:56$ {"service":"monitoring-icrop"}
26/06/2025 21:24:20 [info] [AwsIotService] Parsed with alternative pattern. Raw parts: {"service":"monitoring-icrop"}
26/06/2025 21:24:20 [info] [AwsIotService] Part 1 (likely IDP): 00 {"service":"monitoring-icrop"}
26/06/2025 21:24:20 [info] [AwsIotService] Part 2 (likely Pivot ID): soilteste_1 {"service":"monitoring-icrop"}
26/06/2025 21:24:20 [info] [AwsIotService] Part 3 (likely DWP): 852 {"service":"monitoring-icrop"}
26/06/2025 21:24:20 [info] [AwsIotService] Part 4 (likely Percent): 00 {"service":"monitoring-icrop"}
26/06/2025 21:24:20 [info] [AwsIotService] Part 5 (likely Angle Start): 251 {"service":"monitoring-icrop"}
26/06/2025 21:24:20 [info] [AwsIotService] Part 6 (likely Angle End): 251 {"service":"monitoring-icrop"}
26/06/2025 21:24:20 [info] [AwsIotService] Part 7 (likely Timestamp): undefined {"service":"monitoring-icrop"}
26/06/2025 21:24:20 [info] [Bootstrap] Currently subscribed to 7 topics: icrop-cloud2, icrop-error, icrop-network, icrop-config, icrop-pressure, icrop-cloud, cloudv2-dev {"service":"monitoring-icrop"}
26/06/2025 21:24:20 [info] [RoutesResolver] AppController {/}: {"service":"monitoring-icrop"}
26/06/2025 21:24:20 [info] [RouterExplorer] Mapped {/, GET} route {"service":"monitoring-icrop"}
26/06/2025 21:24:20 [info] [RouterExplorer] Mapped {/test, GET} route {"service":"monitoring-icrop"}
26/06/2025 21:24:20 [info] [RouterExplorer] Mapped {/logs, GET} route {"service":"monitoring-icrop"}
26/06/2025 21:24:20 [info] [RouterExplorer] Mapped {/logs/topic/:topic, GET} route {"service":"monitoring-icrop"}
26/06/2025 21:24:20 [info] [RouterExplorer] Mapped {/logs/pivot/:pivotId, GET} route {"service":"monitoring-icrop"}
26/06/2025 21:24:20 [info] [RoutesResolver] NotificationsController {/notifications}: {"service":"monitoring-icrop"}
26/06/2025 21:24:20 [info] [RouterExplorer] Mapped {/notifications/:id, GET} route {"service":"monitoring-icrop"}
26/06/2025 21:24:20 [info] [RouterExplorer] Mapped {/notifications/send, POST} route {"service":"monitoring-icrop"}
26/06/2025 21:24:20 [info] [RoutesResolver] LogIcropTempController {/log-icrop-temp}: {"service":"monitoring-icrop"}
26/06/2025 21:24:20 [info] [RouterExplorer] Mapped {/log-icrop-temp, POST} route {"service":"monitoring-icrop"}
26/06/2025 21:24:20 [info] [RouterExplorer] Mapped {/log-icrop-temp, GET} route {"service":"monitoring-icrop"}
26/06/2025 21:24:20 [info] [RouterExplorer] Mapped {/log-icrop-temp/contagem, GET} route {"service":"monitoring-icrop"}
26/06/2025 21:24:20 [info] [RouterExplorer] Mapped {/log-icrop-temp/:id, PATCH} route {"service":"monitoring-icrop"}
26/06/2025 21:24:20 [info] [RouterExplorer] Mapped {/log-icrop-temp/:id, DELETE} route {"service":"monitoring-icrop"}
26/06/2025 21:24:20 [info] [PrismaService] Connecting to database... {"service":"monitoring-icrop"}
26/06/2025 21:24:20 [info] [PrismaService] Connected to database successfully {"service":"monitoring-icrop"}
26/06/2025 21:24:20 [info] [PrismaService] Connecting to database... {"service":"monitoring-icrop"}
26/06/2025 21:24:20 [info]  estados permanecem os mesmos, nada a alterar {"service":"monitoring-icrop"}
26/06/2025 21:24:20 [info] [AWSIoT] Received message on topic cloudv2-dev: {"service":"monitoring-icrop"}
26/06/2025 21:24:20 [info]  New state received: {"idp":"00","pivotId":"soilteste_1","dwp":"852","percent":"00","angleStart":"251","angleEnd":"251"} {"service":"monitoring-icrop"}
26/06/2025 21:24:20 [warn]  {
  "idp": "00",
  "pivotId": "soilteste_1",
  "dwp": "852",
  "percent": "00",
  "angleStart": "251",
  "angleEnd": "251"
} {"service":"monitoring-icrop"}
26/06/2025 21:24:20 [info] [IcropService] Pacote inválido, não será enviado para o icrop {"service":"monitoring-icrop"}
26/06/2025 21:24:20 [info] [AWSIoT] "#00-soilteste_1-852-00-251-251-25/07/2024_16:16:56$" {"service":"monitoring-icrop"}
26/06/2025 21:24:20 [info] [PrismaService] Connected to database successfully {"service":"monitoring-icrop"}
26/06/2025 21:24:20 [info] [NestApplication] Nest application successfully started {"service":"monitoring-icrop"}
26/06/2025 21:24:20 [info] [Bootstrap] Application started on port 3000 {"service":"monitoring-icrop"}
26/06/2025 21:24:20 [info] [Bootstrap] Swagger documentation available at /api {"service":"monitoring-icrop"}
26/06/2025 21:25:00 [warn]  Tentativa de conexão com o backend {"service":"monitoring-icrop"}
26/06/2025 21:25:00 [warn]  {
  "id": "4682d682-e18e-4576-a1af-596836bde011",
  "user_type": "DEALER",
  "username": "soil_rafa",
  "token": "eyJhbGciOiJIUzI1NiIsInR5cCI6IkpXVCJ9.eyJkYXRhIjp7InVzZXJuYW1lIjoic29pbF9yYWZhIiwiaWQiOiI0NjgyZDY4Mi1lMThlLTQ1NzYtYTFhZi01OTY4MzZiZGUwMTEiLCJ1c2VyX3R5cGUiOiJERUFMRVIifSwiaWF0IjoxNzUwOTczMTAwLCJleHAiOjE3NTE1Nzc5MDB9.Tars-Ex9bWEBAvOudTU8Mncb5K3qdPP4U7mcUXGX5Sw"
} {"service":"monitoring-icrop"}
26/06/2025 21:25:00 [info]  Backend respondendo com sucesso, token recebido {"service":"monitoring-icrop"}
26/06/2025 21:25:00 [warn]  Tentativa de conexão com o backend {"service":"monitoring-icrop"}
26/06/2025 21:25:00 [warn]  {
  "id": "4682d682-e18e-4576-a1af-596836bde011",
  "user_type": "DEALER",
  "username": "soil_rafa",
  "token": "eyJhbGciOiJIUzI1NiIsInR5cCI6IkpXVCJ9.eyJkYXRhIjp7InVzZXJuYW1lIjoic29pbF9yYWZhIiwiaWQiOiI0NjgyZDY4Mi1lMThlLTQ1NzYtYTFhZi01OTY4MzZiZGUwMTEiLCJ1c2VyX3R5cGUiOiJERUFMRVIifSwiaWF0IjoxNzUwOTczMTAwLCJleHAiOjE3NTE1Nzc5MDB9.Tars-Ex9bWEBAvOudTU8Mncb5K3qdPP4U7mcUXGX5Sw"
} {"service":"monitoring-icrop"}
26/06/2025 21:25:00 [info]  Backend respondendo com sucesso, token recebido {"service":"monitoring-icrop"}
26/06/2025 21:30:00 [error]  Erro ao conectar no backend {"service":"monitoring-icrop"}
26/06/2025 21:30:00 [error]  Error: AxiosError: Request failed with status code 502 {"service":"monitoring-icrop"}
26/06/2025 21:30:00 [error]  iniciando processo de religar o backend {"service":"monitoring-icrop"}
26/06/2025 21:30:00 [error]  Status: Request failed with status code 502 {"service":"monitoring-icrop"}
26/06/2025 21:30:00 [error]  Erro ao conectar no backend {"service":"monitoring-icrop"}
26/06/2025 21:30:00 [error]  Error: AxiosError: Request failed with status code 502 {"service":"monitoring-icrop"}
26/06/2025 21:30:00 [error]  iniciando processo de religar o backend {"service":"monitoring-icrop"}
26/06/2025 21:30:00 [error]  Status: Request failed with status code 502 {"service":"monitoring-icrop"}
26/06/2025 21:35:00 [warn]  Tentativa de conexão com o backend {"service":"monitoring-icrop"}
26/06/2025 21:35:00 [warn]  {
  "id": "4682d682-e18e-4576-a1af-596836bde011",
  "user_type": "DEALER",
  "username": "soil_rafa",
  "token": "eyJhbGciOiJIUzI1NiIsInR5cCI6IkpXVCJ9.eyJkYXRhIjp7InVzZXJuYW1lIjoic29pbF9yYWZhIiwiaWQiOiI0NjgyZDY4Mi1lMThlLTQ1NzYtYTFhZi01OTY4MzZiZGUwMTEiLCJ1c2VyX3R5cGUiOiJERUFMRVIifSwiaWF0IjoxNzUwOTczNzAwLCJleHAiOjE3NTE1Nzg1MDB9.5XxTBd0z3Xl9LKXa07SAis3tgUH9ZocKVE4T-xuzCIM"
} {"service":"monitoring-icrop"}
26/06/2025 21:35:00 [info]  Backend respondendo com sucesso, token recebido {"service":"monitoring-icrop"}
26/06/2025 21:35:00 [warn]  Tentativa de conexão com o backend {"service":"monitoring-icrop"}
26/06/2025 21:35:00 [warn]  {
  "id": "4682d682-e18e-4576-a1af-596836bde011",
  "user_type": "DEALER",
  "username": "soil_rafa",
  "token": "eyJhbGciOiJIUzI1NiIsInR5cCI6IkpXVCJ9.eyJkYXRhIjp7InVzZXJuYW1lIjoic29pbF9yYWZhIiwiaWQiOiI0NjgyZDY4Mi1lMThlLTQ1NzYtYTFhZi01OTY4MzZiZGUwMTEiLCJ1c2VyX3R5cGUiOiJERUFMRVIifSwiaWF0IjoxNzUwOTczNzAwLCJleHAiOjE3NTE1Nzg1MDB9.5XxTBd0z3Xl9LKXa07SAis3tgUH9ZocKVE4T-xuzCIM"
} {"service":"monitoring-icrop"}
26/06/2025 21:35:00 [info]  Backend respondendo com sucesso, token recebido {"service":"monitoring-icrop"}
26/06/2025 21:40:00 [warn]  Tentativa de conexão com o backend {"service":"monitoring-icrop"}
26/06/2025 21:40:00 [warn]  {
  "id": "4682d682-e18e-4576-a1af-596836bde011",
  "user_type": "DEALER",
  "username": "soil_rafa",
  "token": "eyJhbGciOiJIUzI1NiIsInR5cCI6IkpXVCJ9.eyJkYXRhIjp7InVzZXJuYW1lIjoic29pbF9yYWZhIiwiaWQiOiI0NjgyZDY4Mi1lMThlLTQ1NzYtYTFhZi01OTY4MzZiZGUwMTEiLCJ1c2VyX3R5cGUiOiJERUFMRVIifSwiaWF0IjoxNzUwOTc0MDAwLCJleHAiOjE3NTE1Nzg4MDB9.kjpwi3_qOFywPhkKZLfYQg3ZGEAiJvPQ68lntFVxD4E"
} {"service":"monitoring-icrop"}
26/06/2025 21:40:00 [info]  Backend respondendo com sucesso, token recebido {"service":"monitoring-icrop"}
26/06/2025 21:40:00 [warn]  Tentativa de conexão com o backend {"service":"monitoring-icrop"}
26/06/2025 21:40:00 [warn]  {
  "id": "4682d682-e18e-4576-a1af-596836bde011",
  "user_type": "DEALER",
  "username": "soil_rafa",
  "token": "eyJhbGciOiJIUzI1NiIsInR5cCI6IkpXVCJ9.eyJkYXRhIjp7InVzZXJuYW1lIjoic29pbF9yYWZhIiwiaWQiOiI0NjgyZDY4Mi1lMThlLTQ1NzYtYTFhZi01OTY4MzZiZGUwMTEiLCJ1c2VyX3R5cGUiOiJERUFMRVIifSwiaWF0IjoxNzUwOTc0MDAwLCJleHAiOjE3NTE1Nzg4MDB9.kjpwi3_qOFywPhkKZLfYQg3ZGEAiJvPQ68lntFVxD4E"
} {"service":"monitoring-icrop"}
26/06/2025 21:40:00 [info]  Backend respondendo com sucesso, token recebido {"service":"monitoring-icrop"}
26/06/2025 21:45:00 [warn]  Tentativa de conexão com o backend {"service":"monitoring-icrop"}
26/06/2025 21:45:00 [warn]  {
  "id": "4682d682-e18e-4576-a1af-596836bde011",
  "user_type": "DEALER",
  "username": "soil_rafa",
  "token": "eyJhbGciOiJIUzI1NiIsInR5cCI6IkpXVCJ9.eyJkYXRhIjp7InVzZXJuYW1lIjoic29pbF9yYWZhIiwiaWQiOiI0NjgyZDY4Mi1lMThlLTQ1NzYtYTFhZi01OTY4MzZiZGUwMTEiLCJ1c2VyX3R5cGUiOiJERUFMRVIifSwiaWF0IjoxNzUwOTc0MzAwLCJleHAiOjE3NTE1NzkxMDB9.FX92Ea_6oLeGgjv6enLtB0nnV8mvCZNmnnVQ2OsxZAU"
} {"service":"monitoring-icrop"}
26/06/2025 21:45:00 [info]  Backend respondendo com sucesso, token recebido {"service":"monitoring-icrop"}
26/06/2025 21:45:00 [warn]  Tentativa de conexão com o backend {"service":"monitoring-icrop"}
26/06/2025 21:45:00 [warn]  {
  "id": "4682d682-e18e-4576-a1af-596836bde011",
  "user_type": "DEALER",
  "username": "soil_rafa",
  "token": "eyJhbGciOiJIUzI1NiIsInR5cCI6IkpXVCJ9.eyJkYXRhIjp7InVzZXJuYW1lIjoic29pbF9yYWZhIiwiaWQiOiI0NjgyZDY4Mi1lMThlLTQ1NzYtYTFhZi01OTY4MzZiZGUwMTEiLCJ1c2VyX3R5cGUiOiJERUFMRVIifSwiaWF0IjoxNzUwOTc0MzAwLCJleHAiOjE3NTE1NzkxMDB9.FX92Ea_6oLeGgjv6enLtB0nnV8mvCZNmnnVQ2OsxZAU"
} {"service":"monitoring-icrop"}
26/06/2025 21:45:00 [info]  Backend respondendo com sucesso, token recebido {"service":"monitoring-icrop"}
26/06/2025 21:50:00 [warn]  Tentativa de conexão com o backend {"service":"monitoring-icrop"}
26/06/2025 21:50:00 [warn]  {
  "id": "4682d682-e18e-4576-a1af-596836bde011",
  "user_type": "DEALER",
  "username": "soil_rafa",
  "token": "eyJhbGciOiJIUzI1NiIsInR5cCI6IkpXVCJ9.eyJkYXRhIjp7InVzZXJuYW1lIjoic29pbF9yYWZhIiwiaWQiOiI0NjgyZDY4Mi1lMThlLTQ1NzYtYTFhZi01OTY4MzZiZGUwMTEiLCJ1c2VyX3R5cGUiOiJERUFMRVIifSwiaWF0IjoxNzUwOTc0NjAwLCJleHAiOjE3NTE1Nzk0MDB9.Re14TOJyos8f1w6oDg_YX0VzjAjfub09jM_LyIj_4W4"
} {"service":"monitoring-icrop"}
26/06/2025 21:50:00 [info]  Backend respondendo com sucesso, token recebido {"service":"monitoring-icrop"}
26/06/2025 21:50:00 [warn]  Tentativa de conexão com o backend {"service":"monitoring-icrop"}
26/06/2025 21:50:00 [warn]  {
  "id": "4682d682-e18e-4576-a1af-596836bde011",
  "user_type": "DEALER",
  "username": "soil_rafa",
  "token": "eyJhbGciOiJIUzI1NiIsInR5cCI6IkpXVCJ9.eyJkYXRhIjp7InVzZXJuYW1lIjoic29pbF9yYWZhIiwiaWQiOiI0NjgyZDY4Mi1lMThlLTQ1NzYtYTFhZi01OTY4MzZiZGUwMTEiLCJ1c2VyX3R5cGUiOiJERUFMRVIifSwiaWF0IjoxNzUwOTc0NjAwLCJleHAiOjE3NTE1Nzk0MDB9.Re14TOJyos8f1w6oDg_YX0VzjAjfub09jM_LyIj_4W4"
} {"service":"monitoring-icrop"}
26/06/2025 21:50:00 [info]  Backend respondendo com sucesso, token recebido {"service":"monitoring-icrop"}
26/06/2025 21:55:00 [warn]  Tentativa de conexão com o backend {"service":"monitoring-icrop"}
26/06/2025 21:55:00 [warn]  {
  "id": "4682d682-e18e-4576-a1af-596836bde011",
  "user_type": "DEALER",
  "username": "soil_rafa",
  "token": "eyJhbGciOiJIUzI1NiIsInR5cCI6IkpXVCJ9.eyJkYXRhIjp7InVzZXJuYW1lIjoic29pbF9yYWZhIiwiaWQiOiI0NjgyZDY4Mi1lMThlLTQ1NzYtYTFhZi01OTY4MzZiZGUwMTEiLCJ1c2VyX3R5cGUiOiJERUFMRVIifSwiaWF0IjoxNzUwOTc0OTAwLCJleHAiOjE3NTE1Nzk3MDB9.NW_MtlVW84K4h_mKD7ECyUDk69W1vuQzC52gWclD0Ks"
} {"service":"monitoring-icrop"}
26/06/2025 21:55:00 [info]  Backend respondendo com sucesso, token recebido {"service":"monitoring-icrop"}
26/06/2025 21:55:00 [warn]  Tentativa de conexão com o backend {"service":"monitoring-icrop"}
26/06/2025 21:55:00 [warn]  {
  "id": "4682d682-e18e-4576-a1af-596836bde011",
  "user_type": "DEALER",
  "username": "soil_rafa",
  "token": "eyJhbGciOiJIUzI1NiIsInR5cCI6IkpXVCJ9.eyJkYXRhIjp7InVzZXJuYW1lIjoic29pbF9yYWZhIiwiaWQiOiI0NjgyZDY4Mi1lMThlLTQ1NzYtYTFhZi01OTY4MzZiZGUwMTEiLCJ1c2VyX3R5cGUiOiJERUFMRVIifSwiaWF0IjoxNzUwOTc0OTAwLCJleHAiOjE3NTE1Nzk3MDB9.NW_MtlVW84K4h_mKD7ECyUDk69W1vuQzC52gWclD0Ks"
} {"service":"monitoring-icrop"}
26/06/2025 21:55:00 [info]  Backend respondendo com sucesso, token recebido {"service":"monitoring-icrop"}
26/06/2025 22:00:00 [warn]  Tentativa de conexão com o backend {"service":"monitoring-icrop"}
26/06/2025 22:00:00 [warn]  {
  "id": "4682d682-e18e-4576-a1af-596836bde011",
  "user_type": "DEALER",
  "username": "soil_rafa",
  "token": "eyJhbGciOiJIUzI1NiIsInR5cCI6IkpXVCJ9.eyJkYXRhIjp7InVzZXJuYW1lIjoic29pbF9yYWZhIiwiaWQiOiI0NjgyZDY4Mi1lMThlLTQ1NzYtYTFhZi01OTY4MzZiZGUwMTEiLCJ1c2VyX3R5cGUiOiJERUFMRVIifSwiaWF0IjoxNzUwOTc1MjAwLCJleHAiOjE3NTE1ODAwMDB9.3_c8JaZVKvYeiRB1OtTkZtaPfRYBuHEkM_efA057REI"
} {"service":"monitoring-icrop"}
26/06/2025 22:00:00 [info]  Backend respondendo com sucesso, token recebido {"service":"monitoring-icrop"}
26/06/2025 22:00:00 [warn]  Tentativa de conexão com o backend {"service":"monitoring-icrop"}
26/06/2025 22:00:00 [warn]  {
  "id": "4682d682-e18e-4576-a1af-596836bde011",
  "user_type": "DEALER",
  "username": "soil_rafa",
  "token": "eyJhbGciOiJIUzI1NiIsInR5cCI6IkpXVCJ9.eyJkYXRhIjp7InVzZXJuYW1lIjoic29pbF9yYWZhIiwiaWQiOiI0NjgyZDY4Mi1lMThlLTQ1NzYtYTFhZi01OTY4MzZiZGUwMTEiLCJ1c2VyX3R5cGUiOiJERUFMRVIifSwiaWF0IjoxNzUwOTc1MjAwLCJleHAiOjE3NTE1ODAwMDB9.3_c8JaZVKvYeiRB1OtTkZtaPfRYBuHEkM_efA057REI"
} {"service":"monitoring-icrop"}
26/06/2025 22:00:00 [info]  Backend respondendo com sucesso, token recebido {"service":"monitoring-icrop"}
26/06/2025 22:05:00 [warn]  Tentativa de conexão com o backend {"service":"monitoring-icrop"}
26/06/2025 22:05:00 [warn]  {
  "id": "4682d682-e18e-4576-a1af-596836bde011",
  "user_type": "DEALER",
  "username": "soil_rafa",
  "token": "eyJhbGciOiJIUzI1NiIsInR5cCI6IkpXVCJ9.eyJkYXRhIjp7InVzZXJuYW1lIjoic29pbF9yYWZhIiwiaWQiOiI0NjgyZDY4Mi1lMThlLTQ1NzYtYTFhZi01OTY4MzZiZGUwMTEiLCJ1c2VyX3R5cGUiOiJERUFMRVIifSwiaWF0IjoxNzUwOTc1NTAwLCJleHAiOjE3NTE1ODAzMDB9.f86WvR5G5MJ8JQMOn2R7slkw_b60PW-5ZJ1Wq9AakFA"
} {"service":"monitoring-icrop"}
26/06/2025 22:05:00 [info]  Backend respondendo com sucesso, token recebido {"service":"monitoring-icrop"}
26/06/2025 22:05:00 [warn]  Tentativa de conexão com o backend {"service":"monitoring-icrop"}
26/06/2025 22:05:00 [warn]  {
  "id": "4682d682-e18e-4576-a1af-596836bde011",
  "user_type": "DEALER",
  "username": "soil_rafa",
  "token": "eyJhbGciOiJIUzI1NiIsInR5cCI6IkpXVCJ9.eyJkYXRhIjp7InVzZXJuYW1lIjoic29pbF9yYWZhIiwiaWQiOiI0NjgyZDY4Mi1lMThlLTQ1NzYtYTFhZi01OTY4MzZiZGUwMTEiLCJ1c2VyX3R5cGUiOiJERUFMRVIifSwiaWF0IjoxNzUwOTc1NTAwLCJleHAiOjE3NTE1ODAzMDB9.f86WvR5G5MJ8JQMOn2R7slkw_b60PW-5ZJ1Wq9AakFA"
} {"service":"monitoring-icrop"}
26/06/2025 22:05:00 [info]  Backend respondendo com sucesso, token recebido {"service":"monitoring-icrop"}
26/06/2025 22:10:00 [error]  Erro ao conectar no backend {"service":"monitoring-icrop"}
26/06/2025 22:10:00 [error]  Error: AxiosError: Request failed with status code 502 {"service":"monitoring-icrop"}
26/06/2025 22:10:00 [error]  iniciando processo de religar o backend {"service":"monitoring-icrop"}
26/06/2025 22:10:00 [error]  Status: Request failed with status code 502 {"service":"monitoring-icrop"}
26/06/2025 22:10:00 [error]  Erro ao conectar no backend {"service":"monitoring-icrop"}
26/06/2025 22:10:00 [error]  Error: AxiosError: Request failed with status code 502 {"service":"monitoring-icrop"}
26/06/2025 22:10:00 [error]  iniciando processo de religar o backend {"service":"monitoring-icrop"}
26/06/2025 22:10:00 [error]  Status: Request failed with status code 502 {"service":"monitoring-icrop"}
26/06/2025 22:15:00 [warn]  Tentativa de conexão com o backend {"service":"monitoring-icrop"}
26/06/2025 22:15:00 [warn]  {
  "id": "4682d682-e18e-4576-a1af-596836bde011",
  "user_type": "DEALER",
  "username": "soil_rafa",
  "token": "eyJhbGciOiJIUzI1NiIsInR5cCI6IkpXVCJ9.eyJkYXRhIjp7InVzZXJuYW1lIjoic29pbF9yYWZhIiwiaWQiOiI0NjgyZDY4Mi1lMThlLTQ1NzYtYTFhZi01OTY4MzZiZGUwMTEiLCJ1c2VyX3R5cGUiOiJERUFMRVIifSwiaWF0IjoxNzUwOTc2MTAwLCJleHAiOjE3NTE1ODA5MDB9.cjX_xzgHUJ0R5YJJqoWRDJDR42Txl_DjZ1eGR47Cio8"
} {"service":"monitoring-icrop"}
26/06/2025 22:15:00 [info]  Backend respondendo com sucesso, token recebido {"service":"monitoring-icrop"}
26/06/2025 22:15:00 [warn]  Tentativa de conexão com o backend {"service":"monitoring-icrop"}
26/06/2025 22:15:00 [warn]  {
  "id": "4682d682-e18e-4576-a1af-596836bde011",
  "user_type": "DEALER",
  "username": "soil_rafa",
  "token": "eyJhbGciOiJIUzI1NiIsInR5cCI6IkpXVCJ9.eyJkYXRhIjp7InVzZXJuYW1lIjoic29pbF9yYWZhIiwiaWQiOiI0NjgyZDY4Mi1lMThlLTQ1NzYtYTFhZi01OTY4MzZiZGUwMTEiLCJ1c2VyX3R5cGUiOiJERUFMRVIifSwiaWF0IjoxNzUwOTc2MTAwLCJleHAiOjE3NTE1ODA5MDB9.cjX_xzgHUJ0R5YJJqoWRDJDR42Txl_DjZ1eGR47Cio8"
} {"service":"monitoring-icrop"}
26/06/2025 22:15:00 [info]  Backend respondendo com sucesso, token recebido {"service":"monitoring-icrop"}
26/06/2025 22:20:00 [warn]  Tentativa de conexão com o backend {"service":"monitoring-icrop"}
26/06/2025 22:20:00 [warn]  {
  "id": "4682d682-e18e-4576-a1af-596836bde011",
  "user_type": "DEALER",
  "username": "soil_rafa",
  "token": "eyJhbGciOiJIUzI1NiIsInR5cCI6IkpXVCJ9.eyJkYXRhIjp7InVzZXJuYW1lIjoic29pbF9yYWZhIiwiaWQiOiI0NjgyZDY4Mi1lMThlLTQ1NzYtYTFhZi01OTY4MzZiZGUwMTEiLCJ1c2VyX3R5cGUiOiJERUFMRVIifSwiaWF0IjoxNzUwOTc2NDAwLCJleHAiOjE3NTE1ODEyMDB9.OZ1FcNqrbKitxmaStrg_o33xOLfNXfvzqx5wcJ56gXo"
} {"service":"monitoring-icrop"}
26/06/2025 22:20:00 [info]  Backend respondendo com sucesso, token recebido {"service":"monitoring-icrop"}
26/06/2025 22:20:00 [warn]  Tentativa de conexão com o backend {"service":"monitoring-icrop"}
26/06/2025 22:20:00 [warn]  {
  "id": "4682d682-e18e-4576-a1af-596836bde011",
  "user_type": "DEALER",
  "username": "soil_rafa",
  "token": "eyJhbGciOiJIUzI1NiIsInR5cCI6IkpXVCJ9.eyJkYXRhIjp7InVzZXJuYW1lIjoic29pbF9yYWZhIiwiaWQiOiI0NjgyZDY4Mi1lMThlLTQ1NzYtYTFhZi01OTY4MzZiZGUwMTEiLCJ1c2VyX3R5cGUiOiJERUFMRVIifSwiaWF0IjoxNzUwOTc2NDAwLCJleHAiOjE3NTE1ODEyMDB9.OZ1FcNqrbKitxmaStrg_o33xOLfNXfvzqx5wcJ56gXo"
} {"service":"monitoring-icrop"}
26/06/2025 22:20:00 [info]  Backend respondendo com sucesso, token recebido {"service":"monitoring-icrop"}
26/06/2025 22:25:00 [warn]  Tentativa de conexão com o backend {"service":"monitoring-icrop"}
26/06/2025 22:25:00 [warn]  {
  "id": "4682d682-e18e-4576-a1af-596836bde011",
  "user_type": "DEALER",
  "username": "soil_rafa",
  "token": "eyJhbGciOiJIUzI1NiIsInR5cCI6IkpXVCJ9.eyJkYXRhIjp7InVzZXJuYW1lIjoic29pbF9yYWZhIiwiaWQiOiI0NjgyZDY4Mi1lMThlLTQ1NzYtYTFhZi01OTY4MzZiZGUwMTEiLCJ1c2VyX3R5cGUiOiJERUFMRVIifSwiaWF0IjoxNzUwOTc2NzAwLCJleHAiOjE3NTE1ODE1MDB9.uIp1N0b9yOVvNxL6KyKH3WZNXCSPabhIi55HYgGayNY"
} {"service":"monitoring-icrop"}
26/06/2025 22:25:00 [info]  Backend respondendo com sucesso, token recebido {"service":"monitoring-icrop"}
26/06/2025 22:25:00 [warn]  Tentativa de conexão com o backend {"service":"monitoring-icrop"}
26/06/2025 22:25:00 [warn]  {
  "id": "4682d682-e18e-4576-a1af-596836bde011",
  "user_type": "DEALER",
  "username": "soil_rafa",
  "token": "eyJhbGciOiJIUzI1NiIsInR5cCI6IkpXVCJ9.eyJkYXRhIjp7InVzZXJuYW1lIjoic29pbF9yYWZhIiwiaWQiOiI0NjgyZDY4Mi1lMThlLTQ1NzYtYTFhZi01OTY4MzZiZGUwMTEiLCJ1c2VyX3R5cGUiOiJERUFMRVIifSwiaWF0IjoxNzUwOTc2NzAwLCJleHAiOjE3NTE1ODE1MDB9.uIp1N0b9yOVvNxL6KyKH3WZNXCSPabhIi55HYgGayNY"
} {"service":"monitoring-icrop"}
26/06/2025 22:25:00 [info]  Backend respondendo com sucesso, token recebido {"service":"monitoring-icrop"}
26/06/2025 22:30:00 [error]  Erro ao conectar no backend {"service":"monitoring-icrop"}
26/06/2025 22:30:00 [error]  Error: AxiosError: Request failed with status code 502 {"service":"monitoring-icrop"}
26/06/2025 22:30:00 [error]  iniciando processo de religar o backend {"service":"monitoring-icrop"}
26/06/2025 22:30:00 [error]  Status: Request failed with status code 502 {"service":"monitoring-icrop"}
26/06/2025 22:30:00 [error]  Erro ao conectar no backend {"service":"monitoring-icrop"}
26/06/2025 22:30:00 [error]  Error: AxiosError: Request failed with status code 502 {"service":"monitoring-icrop"}
26/06/2025 22:30:00 [error]  iniciando processo de religar o backend {"service":"monitoring-icrop"}
26/06/2025 22:30:00 [error]  Status: Request failed with status code 502 {"service":"monitoring-icrop"}
26/06/2025 22:35:00 [warn]  Tentativa de conexão com o backend {"service":"monitoring-icrop"}
26/06/2025 22:35:00 [warn]  {
  "id": "4682d682-e18e-4576-a1af-596836bde011",
  "user_type": "DEALER",
  "username": "soil_rafa",
  "token": "eyJhbGciOiJIUzI1NiIsInR5cCI6IkpXVCJ9.eyJkYXRhIjp7InVzZXJuYW1lIjoic29pbF9yYWZhIiwiaWQiOiI0NjgyZDY4Mi1lMThlLTQ1NzYtYTFhZi01OTY4MzZiZGUwMTEiLCJ1c2VyX3R5cGUiOiJERUFMRVIifSwiaWF0IjoxNzUwOTc3MzAwLCJleHAiOjE3NTE1ODIxMDB9.qG_AzJDi7E7VGwbjK6T9N2DCVgyUfB7uMbh5nKOB8_M"
} {"service":"monitoring-icrop"}
26/06/2025 22:35:00 [info]  Backend respondendo com sucesso, token recebido {"service":"monitoring-icrop"}
26/06/2025 22:35:00 [warn]  Tentativa de conexão com o backend {"service":"monitoring-icrop"}
26/06/2025 22:35:00 [warn]  {
  "id": "4682d682-e18e-4576-a1af-596836bde011",
  "user_type": "DEALER",
  "username": "soil_rafa",
  "token": "eyJhbGciOiJIUzI1NiIsInR5cCI6IkpXVCJ9.eyJkYXRhIjp7InVzZXJuYW1lIjoic29pbF9yYWZhIiwiaWQiOiI0NjgyZDY4Mi1lMThlLTQ1NzYtYTFhZi01OTY4MzZiZGUwMTEiLCJ1c2VyX3R5cGUiOiJERUFMRVIifSwiaWF0IjoxNzUwOTc3MzAwLCJleHAiOjE3NTE1ODIxMDB9.qG_AzJDi7E7VGwbjK6T9N2DCVgyUfB7uMbh5nKOB8_M"
} {"service":"monitoring-icrop"}
26/06/2025 22:35:00 [info]  Backend respondendo com sucesso, token recebido {"service":"monitoring-icrop"}
26/06/2025 22:40:00 [warn]  Tentativa de conexão com o backend {"service":"monitoring-icrop"}
26/06/2025 22:40:00 [warn]  {
  "id": "4682d682-e18e-4576-a1af-596836bde011",
  "user_type": "DEALER",
  "username": "soil_rafa",
  "token": "eyJhbGciOiJIUzI1NiIsInR5cCI6IkpXVCJ9.eyJkYXRhIjp7InVzZXJuYW1lIjoic29pbF9yYWZhIiwiaWQiOiI0NjgyZDY4Mi1lMThlLTQ1NzYtYTFhZi01OTY4MzZiZGUwMTEiLCJ1c2VyX3R5cGUiOiJERUFMRVIifSwiaWF0IjoxNzUwOTc3NjAwLCJleHAiOjE3NTE1ODI0MDB9.lFzVVluugaIMS61aO0kC8OHL-yEntKqZeNI_c9zPK-A"
} {"service":"monitoring-icrop"}
26/06/2025 22:40:00 [info]  Backend respondendo com sucesso, token recebido {"service":"monitoring-icrop"}
26/06/2025 22:40:00 [warn]  Tentativa de conexão com o backend {"service":"monitoring-icrop"}
26/06/2025 22:40:00 [warn]  {
  "id": "4682d682-e18e-4576-a1af-596836bde011",
  "user_type": "DEALER",
  "username": "soil_rafa",
  "token": "eyJhbGciOiJIUzI1NiIsInR5cCI6IkpXVCJ9.eyJkYXRhIjp7InVzZXJuYW1lIjoic29pbF9yYWZhIiwiaWQiOiI0NjgyZDY4Mi1lMThlLTQ1NzYtYTFhZi01OTY4MzZiZGUwMTEiLCJ1c2VyX3R5cGUiOiJERUFMRVIifSwiaWF0IjoxNzUwOTc3NjAwLCJleHAiOjE3NTE1ODI0MDB9.lFzVVluugaIMS61aO0kC8OHL-yEntKqZeNI_c9zPK-A"
} {"service":"monitoring-icrop"}
26/06/2025 22:40:00 [info]  Backend respondendo com sucesso, token recebido {"service":"monitoring-icrop"}
26/06/2025 22:45:00 [warn]  Tentativa de conexão com o backend {"service":"monitoring-icrop"}
26/06/2025 22:45:00 [warn]  {
  "id": "4682d682-e18e-4576-a1af-596836bde011",
  "user_type": "DEALER",
  "username": "soil_rafa",
  "token": "eyJhbGciOiJIUzI1NiIsInR5cCI6IkpXVCJ9.eyJkYXRhIjp7InVzZXJuYW1lIjoic29pbF9yYWZhIiwiaWQiOiI0NjgyZDY4Mi1lMThlLTQ1NzYtYTFhZi01OTY4MzZiZGUwMTEiLCJ1c2VyX3R5cGUiOiJERUFMRVIifSwiaWF0IjoxNzUwOTc3OTAwLCJleHAiOjE3NTE1ODI3MDB9.dVO1CKSTTvlu1flYs5Ux-4nu0_6fmviy-GaRmgu_sjs"
} {"service":"monitoring-icrop"}
26/06/2025 22:45:00 [info]  Backend respondendo com sucesso, token recebido {"service":"monitoring-icrop"}
26/06/2025 22:45:00 [warn]  Tentativa de conexão com o backend {"service":"monitoring-icrop"}
26/06/2025 22:45:00 [warn]  {
  "id": "4682d682-e18e-4576-a1af-596836bde011",
  "user_type": "DEALER",
  "username": "soil_rafa",
  "token": "eyJhbGciOiJIUzI1NiIsInR5cCI6IkpXVCJ9.eyJkYXRhIjp7InVzZXJuYW1lIjoic29pbF9yYWZhIiwiaWQiOiI0NjgyZDY4Mi1lMThlLTQ1NzYtYTFhZi01OTY4MzZiZGUwMTEiLCJ1c2VyX3R5cGUiOiJERUFMRVIifSwiaWF0IjoxNzUwOTc3OTAwLCJleHAiOjE3NTE1ODI3MDB9.dVO1CKSTTvlu1flYs5Ux-4nu0_6fmviy-GaRmgu_sjs"
} {"service":"monitoring-icrop"}
26/06/2025 22:45:00 [info]  Backend respondendo com sucesso, token recebido {"service":"monitoring-icrop"}
26/06/2025 22:50:00 [error]  Erro ao conectar no backend {"service":"monitoring-icrop"}
26/06/2025 22:50:00 [error]  Error: AxiosError: Request failed with status code 502 {"service":"monitoring-icrop"}
26/06/2025 22:50:00 [error]  iniciando processo de religar o backend {"service":"monitoring-icrop"}
26/06/2025 22:50:00 [error]  Status: Request failed with status code 502 {"service":"monitoring-icrop"}
26/06/2025 22:50:00 [error]  Erro ao conectar no backend {"service":"monitoring-icrop"}
26/06/2025 22:50:00 [error]  Error: AxiosError: Request failed with status code 502 {"service":"monitoring-icrop"}
26/06/2025 22:50:00 [error]  iniciando processo de religar o backend {"service":"monitoring-icrop"}
26/06/2025 22:50:00 [error]  Status: Request failed with status code 502 {"service":"monitoring-icrop"}
26/06/2025 22:55:00 [warn]  Tentativa de conexão com o backend {"service":"monitoring-icrop"}
26/06/2025 22:55:00 [warn]  {
  "id": "4682d682-e18e-4576-a1af-596836bde011",
  "user_type": "DEALER",
  "username": "soil_rafa",
  "token": "eyJhbGciOiJIUzI1NiIsInR5cCI6IkpXVCJ9.eyJkYXRhIjp7InVzZXJuYW1lIjoic29pbF9yYWZhIiwiaWQiOiI0NjgyZDY4Mi1lMThlLTQ1NzYtYTFhZi01OTY4MzZiZGUwMTEiLCJ1c2VyX3R5cGUiOiJERUFMRVIifSwiaWF0IjoxNzUwOTc4NTAwLCJleHAiOjE3NTE1ODMzMDB9.7sfwr3wgp7pMxwlnQoRrT5r6vnO3Yvmy0_DfiKxihXU"
} {"service":"monitoring-icrop"}
26/06/2025 22:55:00 [info]  Backend respondendo com sucesso, token recebido {"service":"monitoring-icrop"}
26/06/2025 22:55:00 [warn]  Tentativa de conexão com o backend {"service":"monitoring-icrop"}
26/06/2025 22:55:00 [warn]  {
  "id": "4682d682-e18e-4576-a1af-596836bde011",
  "user_type": "DEALER",
  "username": "soil_rafa",
  "token": "eyJhbGciOiJIUzI1NiIsInR5cCI6IkpXVCJ9.eyJkYXRhIjp7InVzZXJuYW1lIjoic29pbF9yYWZhIiwiaWQiOiI0NjgyZDY4Mi1lMThlLTQ1NzYtYTFhZi01OTY4MzZiZGUwMTEiLCJ1c2VyX3R5cGUiOiJERUFMRVIifSwiaWF0IjoxNzUwOTc4NTAwLCJleHAiOjE3NTE1ODMzMDB9.7sfwr3wgp7pMxwlnQoRrT5r6vnO3Yvmy0_DfiKxihXU"
} {"service":"monitoring-icrop"}
26/06/2025 22:55:00 [info]  Backend respondendo com sucesso, token recebido {"service":"monitoring-icrop"}
26/06/2025 23:00:00 [warn]  Tentativa de conexão com o backend {"service":"monitoring-icrop"}
26/06/2025 23:00:00 [warn]  {
  "id": "4682d682-e18e-4576-a1af-596836bde011",
  "user_type": "DEALER",
  "username": "soil_rafa",
  "token": "eyJhbGciOiJIUzI1NiIsInR5cCI6IkpXVCJ9.eyJkYXRhIjp7InVzZXJuYW1lIjoic29pbF9yYWZhIiwiaWQiOiI0NjgyZDY4Mi1lMThlLTQ1NzYtYTFhZi01OTY4MzZiZGUwMTEiLCJ1c2VyX3R5cGUiOiJERUFMRVIifSwiaWF0IjoxNzUwOTc4ODAwLCJleHAiOjE3NTE1ODM2MDB9.BFAQV22cguNcMiLxhmvb8u4lNHwyAjoo6uEqMpPkuxA"
} {"service":"monitoring-icrop"}
26/06/2025 23:00:00 [info]  Backend respondendo com sucesso, token recebido {"service":"monitoring-icrop"}
26/06/2025 23:00:00 [warn]  Tentativa de conexão com o backend {"service":"monitoring-icrop"}
26/06/2025 23:00:00 [warn]  {
  "id": "4682d682-e18e-4576-a1af-596836bde011",
  "user_type": "DEALER",
  "username": "soil_rafa",
  "token": "eyJhbGciOiJIUzI1NiIsInR5cCI6IkpXVCJ9.eyJkYXRhIjp7InVzZXJuYW1lIjoic29pbF9yYWZhIiwiaWQiOiI0NjgyZDY4Mi1lMThlLTQ1NzYtYTFhZi01OTY4MzZiZGUwMTEiLCJ1c2VyX3R5cGUiOiJERUFMRVIifSwiaWF0IjoxNzUwOTc4ODAwLCJleHAiOjE3NTE1ODM2MDB9.BFAQV22cguNcMiLxhmvb8u4lNHwyAjoo6uEqMpPkuxA"
} {"service":"monitoring-icrop"}
26/06/2025 23:00:00 [info]  Backend respondendo com sucesso, token recebido {"service":"monitoring-icrop"}
26/06/2025 23:05:00 [warn]  Tentativa de conexão com o backend {"service":"monitoring-icrop"}
26/06/2025 23:05:00 [warn]  {
  "id": "4682d682-e18e-4576-a1af-596836bde011",
  "user_type": "DEALER",
  "username": "soil_rafa",
  "token": "eyJhbGciOiJIUzI1NiIsInR5cCI6IkpXVCJ9.eyJkYXRhIjp7InVzZXJuYW1lIjoic29pbF9yYWZhIiwiaWQiOiI0NjgyZDY4Mi1lMThlLTQ1NzYtYTFhZi01OTY4MzZiZGUwMTEiLCJ1c2VyX3R5cGUiOiJERUFMRVIifSwiaWF0IjoxNzUwOTc5MTAwLCJleHAiOjE3NTE1ODM5MDB9.NClxy0Wc-UOLVXsY6pxDKQTJZkwDiLZx0EUuiU7xbFk"
} {"service":"monitoring-icrop"}
26/06/2025 23:05:00 [info]  Backend respondendo com sucesso, token recebido {"service":"monitoring-icrop"}
26/06/2025 23:05:00 [warn]  Tentativa de conexão com o backend {"service":"monitoring-icrop"}
26/06/2025 23:05:00 [warn]  {
  "id": "4682d682-e18e-4576-a1af-596836bde011",
  "user_type": "DEALER",
  "username": "soil_rafa",
  "token": "eyJhbGciOiJIUzI1NiIsInR5cCI6IkpXVCJ9.eyJkYXRhIjp7InVzZXJuYW1lIjoic29pbF9yYWZhIiwiaWQiOiI0NjgyZDY4Mi1lMThlLTQ1NzYtYTFhZi01OTY4MzZiZGUwMTEiLCJ1c2VyX3R5cGUiOiJERUFMRVIifSwiaWF0IjoxNzUwOTc5MTAwLCJleHAiOjE3NTE1ODM5MDB9.NClxy0Wc-UOLVXsY6pxDKQTJZkwDiLZx0EUuiU7xbFk"
} {"service":"monitoring-icrop"}
26/06/2025 23:05:00 [info]  Backend respondendo com sucesso, token recebido {"service":"monitoring-icrop"}
26/06/2025 23:10:00 [error]  Erro ao conectar no backend {"service":"monitoring-icrop"}
26/06/2025 23:10:00 [error]  Error: AxiosError: Request failed with status code 502 {"service":"monitoring-icrop"}
26/06/2025 23:10:00 [error]  iniciando processo de religar o backend {"service":"monitoring-icrop"}
26/06/2025 23:10:00 [error]  Status: Request failed with status code 502 {"service":"monitoring-icrop"}
26/06/2025 23:10:00 [error]  Erro ao conectar no backend {"service":"monitoring-icrop"}
26/06/2025 23:10:00 [error]  Error: AxiosError: Request failed with status code 502 {"service":"monitoring-icrop"}
26/06/2025 23:10:00 [error]  iniciando processo de religar o backend {"service":"monitoring-icrop"}
26/06/2025 23:10:00 [error]  Status: Request failed with status code 502 {"service":"monitoring-icrop"}
26/06/2025 23:15:00 [warn]  Tentativa de conexão com o backend {"service":"monitoring-icrop"}
26/06/2025 23:15:00 [warn]  {
  "id": "4682d682-e18e-4576-a1af-596836bde011",
  "user_type": "DEALER",
  "username": "soil_rafa",
  "token": "eyJhbGciOiJIUzI1NiIsInR5cCI6IkpXVCJ9.eyJkYXRhIjp7InVzZXJuYW1lIjoic29pbF9yYWZhIiwiaWQiOiI0NjgyZDY4Mi1lMThlLTQ1NzYtYTFhZi01OTY4MzZiZGUwMTEiLCJ1c2VyX3R5cGUiOiJERUFMRVIifSwiaWF0IjoxNzUwOTc5NzAwLCJleHAiOjE3NTE1ODQ1MDB9.AfQ9kLFjwkWtQEa-JdvGxSKG45AnCVBhCjJu2DIITQs"
} {"service":"monitoring-icrop"}
26/06/2025 23:15:00 [info]  Backend respondendo com sucesso, token recebido {"service":"monitoring-icrop"}
26/06/2025 23:15:00 [warn]  Tentativa de conexão com o backend {"service":"monitoring-icrop"}
26/06/2025 23:15:00 [warn]  {
  "id": "4682d682-e18e-4576-a1af-596836bde011",
  "user_type": "DEALER",
  "username": "soil_rafa",
  "token": "eyJhbGciOiJIUzI1NiIsInR5cCI6IkpXVCJ9.eyJkYXRhIjp7InVzZXJuYW1lIjoic29pbF9yYWZhIiwiaWQiOiI0NjgyZDY4Mi1lMThlLTQ1NzYtYTFhZi01OTY4MzZiZGUwMTEiLCJ1c2VyX3R5cGUiOiJERUFMRVIifSwiaWF0IjoxNzUwOTc5NzAwLCJleHAiOjE3NTE1ODQ1MDB9.AfQ9kLFjwkWtQEa-JdvGxSKG45AnCVBhCjJu2DIITQs"
} {"service":"monitoring-icrop"}
26/06/2025 23:15:00 [info]  Backend respondendo com sucesso, token recebido {"service":"monitoring-icrop"}
26/06/2025 23:20:00 [warn]  Tentativa de conexão com o backend {"service":"monitoring-icrop"}
26/06/2025 23:20:00 [warn]  {
  "id": "4682d682-e18e-4576-a1af-596836bde011",
  "user_type": "DEALER",
  "username": "soil_rafa",
  "token": "eyJhbGciOiJIUzI1NiIsInR5cCI6IkpXVCJ9.eyJkYXRhIjp7InVzZXJuYW1lIjoic29pbF9yYWZhIiwiaWQiOiI0NjgyZDY4Mi1lMThlLTQ1NzYtYTFhZi01OTY4MzZiZGUwMTEiLCJ1c2VyX3R5cGUiOiJERUFMRVIifSwiaWF0IjoxNzUwOTgwMDAwLCJleHAiOjE3NTE1ODQ4MDB9.o-u3LzqPpjAmCwI7FuY7lb9Y0EFn7eFtCLL_JoqTobc"
} {"service":"monitoring-icrop"}
26/06/2025 23:20:00 [info]  Backend respondendo com sucesso, token recebido {"service":"monitoring-icrop"}
26/06/2025 23:20:00 [warn]  Tentativa de conexão com o backend {"service":"monitoring-icrop"}
26/06/2025 23:20:00 [warn]  {
  "id": "4682d682-e18e-4576-a1af-596836bde011",
  "user_type": "DEALER",
  "username": "soil_rafa",
  "token": "eyJhbGciOiJIUzI1NiIsInR5cCI6IkpXVCJ9.eyJkYXRhIjp7InVzZXJuYW1lIjoic29pbF9yYWZhIiwiaWQiOiI0NjgyZDY4Mi1lMThlLTQ1NzYtYTFhZi01OTY4MzZiZGUwMTEiLCJ1c2VyX3R5cGUiOiJERUFMRVIifSwiaWF0IjoxNzUwOTgwMDAwLCJleHAiOjE3NTE1ODQ4MDB9.o-u3LzqPpjAmCwI7FuY7lb9Y0EFn7eFtCLL_JoqTobc"
} {"service":"monitoring-icrop"}
26/06/2025 23:20:00 [info]  Backend respondendo com sucesso, token recebido {"service":"monitoring-icrop"}
26/06/2025 23:25:00 [warn]  Tentativa de conexão com o backend {"service":"monitoring-icrop"}
26/06/2025 23:25:00 [warn]  {
  "id": "4682d682-e18e-4576-a1af-596836bde011",
  "user_type": "DEALER",
  "username": "soil_rafa",
  "token": "eyJhbGciOiJIUzI1NiIsInR5cCI6IkpXVCJ9.eyJkYXRhIjp7InVzZXJuYW1lIjoic29pbF9yYWZhIiwiaWQiOiI0NjgyZDY4Mi1lMThlLTQ1NzYtYTFhZi01OTY4MzZiZGUwMTEiLCJ1c2VyX3R5cGUiOiJERUFMRVIifSwiaWF0IjoxNzUwOTgwMzAwLCJleHAiOjE3NTE1ODUxMDB9.x5nqoiyrJNYmQw6Ygso4eNJEGJq17ChHBqdYJITCm5w"
} {"service":"monitoring-icrop"}
26/06/2025 23:25:00 [info]  Backend respondendo com sucesso, token recebido {"service":"monitoring-icrop"}
26/06/2025 23:25:00 [warn]  Tentativa de conexão com o backend {"service":"monitoring-icrop"}
26/06/2025 23:25:00 [warn]  {
  "id": "4682d682-e18e-4576-a1af-596836bde011",
  "user_type": "DEALER",
  "username": "soil_rafa",
  "token": "eyJhbGciOiJIUzI1NiIsInR5cCI6IkpXVCJ9.eyJkYXRhIjp7InVzZXJuYW1lIjoic29pbF9yYWZhIiwiaWQiOiI0NjgyZDY4Mi1lMThlLTQ1NzYtYTFhZi01OTY4MzZiZGUwMTEiLCJ1c2VyX3R5cGUiOiJERUFMRVIifSwiaWF0IjoxNzUwOTgwMzAwLCJleHAiOjE3NTE1ODUxMDB9.x5nqoiyrJNYmQw6Ygso4eNJEGJq17ChHBqdYJITCm5w"
} {"service":"monitoring-icrop"}
26/06/2025 23:25:00 [info]  Backend respondendo com sucesso, token recebido {"service":"monitoring-icrop"}
26/06/2025 23:30:00 [warn]  Tentativa de conexão com o backend {"service":"monitoring-icrop"}
26/06/2025 23:30:00 [warn]  {
  "id": "4682d682-e18e-4576-a1af-596836bde011",
  "user_type": "DEALER",
  "username": "soil_rafa",
  "token": "eyJhbGciOiJIUzI1NiIsInR5cCI6IkpXVCJ9.eyJkYXRhIjp7InVzZXJuYW1lIjoic29pbF9yYWZhIiwiaWQiOiI0NjgyZDY4Mi1lMThlLTQ1NzYtYTFhZi01OTY4MzZiZGUwMTEiLCJ1c2VyX3R5cGUiOiJERUFMRVIifSwiaWF0IjoxNzUwOTgwNjAwLCJleHAiOjE3NTE1ODU0MDB9.uErQ371TggGijvnvNR-PkZd5Qe3CJf5okOLaUkeYJ3k"
} {"service":"monitoring-icrop"}
26/06/2025 23:30:00 [info]  Backend respondendo com sucesso, token recebido {"service":"monitoring-icrop"}
26/06/2025 23:30:00 [warn]  Tentativa de conexão com o backend {"service":"monitoring-icrop"}
26/06/2025 23:30:00 [warn]  {
  "id": "4682d682-e18e-4576-a1af-596836bde011",
  "user_type": "DEALER",
  "username": "soil_rafa",
  "token": "eyJhbGciOiJIUzI1NiIsInR5cCI6IkpXVCJ9.eyJkYXRhIjp7InVzZXJuYW1lIjoic29pbF9yYWZhIiwiaWQiOiI0NjgyZDY4Mi1lMThlLTQ1NzYtYTFhZi01OTY4MzZiZGUwMTEiLCJ1c2VyX3R5cGUiOiJERUFMRVIifSwiaWF0IjoxNzUwOTgwNjAwLCJleHAiOjE3NTE1ODU0MDB9.uErQ371TggGijvnvNR-PkZd5Qe3CJf5okOLaUkeYJ3k"
} {"service":"monitoring-icrop"}
26/06/2025 23:30:00 [info]  Backend respondendo com sucesso, token recebido {"service":"monitoring-icrop"}
26/06/2025 23:35:00 [warn]  Tentativa de conexão com o backend {"service":"monitoring-icrop"}
26/06/2025 23:35:00 [warn]  {
  "id": "4682d682-e18e-4576-a1af-596836bde011",
  "user_type": "DEALER",
  "username": "soil_rafa",
  "token": "eyJhbGciOiJIUzI1NiIsInR5cCI6IkpXVCJ9.eyJkYXRhIjp7InVzZXJuYW1lIjoic29pbF9yYWZhIiwiaWQiOiI0NjgyZDY4Mi1lMThlLTQ1NzYtYTFhZi01OTY4MzZiZGUwMTEiLCJ1c2VyX3R5cGUiOiJERUFMRVIifSwiaWF0IjoxNzUwOTgwOTAwLCJleHAiOjE3NTE1ODU3MDB9.eMT9rSzruDvvchGd-70SK_IY7XP4w_qXPRAwDOfzBcQ"
} {"service":"monitoring-icrop"}
26/06/2025 23:35:00 [info]  Backend respondendo com sucesso, token recebido {"service":"monitoring-icrop"}
26/06/2025 23:35:00 [warn]  Tentativa de conexão com o backend {"service":"monitoring-icrop"}
26/06/2025 23:35:00 [warn]  {
  "id": "4682d682-e18e-4576-a1af-596836bde011",
  "user_type": "DEALER",
  "username": "soil_rafa",
  "token": "eyJhbGciOiJIUzI1NiIsInR5cCI6IkpXVCJ9.eyJkYXRhIjp7InVzZXJuYW1lIjoic29pbF9yYWZhIiwiaWQiOiI0NjgyZDY4Mi1lMThlLTQ1NzYtYTFhZi01OTY4MzZiZGUwMTEiLCJ1c2VyX3R5cGUiOiJERUFMRVIifSwiaWF0IjoxNzUwOTgwOTAwLCJleHAiOjE3NTE1ODU3MDB9.eMT9rSzruDvvchGd-70SK_IY7XP4w_qXPRAwDOfzBcQ"
} {"service":"monitoring-icrop"}
26/06/2025 23:35:00 [info]  Backend respondendo com sucesso, token recebido {"service":"monitoring-icrop"}
26/06/2025 23:40:00 [warn]  Tentativa de conexão com o backend {"service":"monitoring-icrop"}
26/06/2025 23:40:00 [warn]  {
  "id": "4682d682-e18e-4576-a1af-596836bde011",
  "user_type": "DEALER",
  "username": "soil_rafa",
  "token": "eyJhbGciOiJIUzI1NiIsInR5cCI6IkpXVCJ9.eyJkYXRhIjp7InVzZXJuYW1lIjoic29pbF9yYWZhIiwiaWQiOiI0NjgyZDY4Mi1lMThlLTQ1NzYtYTFhZi01OTY4MzZiZGUwMTEiLCJ1c2VyX3R5cGUiOiJERUFMRVIifSwiaWF0IjoxNzUwOTgxMjAwLCJleHAiOjE3NTE1ODYwMDB9.D9V9o8l2LQOo3tdzC0SomDqqgapvEEN2bOH2UioYt8M"
} {"service":"monitoring-icrop"}
26/06/2025 23:40:00 [info]  Backend respondendo com sucesso, token recebido {"service":"monitoring-icrop"}
26/06/2025 23:40:00 [warn]  Tentativa de conexão com o backend {"service":"monitoring-icrop"}
26/06/2025 23:40:00 [warn]  {
  "id": "4682d682-e18e-4576-a1af-596836bde011",
  "user_type": "DEALER",
  "username": "soil_rafa",
  "token": "eyJhbGciOiJIUzI1NiIsInR5cCI6IkpXVCJ9.eyJkYXRhIjp7InVzZXJuYW1lIjoic29pbF9yYWZhIiwiaWQiOiI0NjgyZDY4Mi1lMThlLTQ1NzYtYTFhZi01OTY4MzZiZGUwMTEiLCJ1c2VyX3R5cGUiOiJERUFMRVIifSwiaWF0IjoxNzUwOTgxMjAwLCJleHAiOjE3NTE1ODYwMDB9.D9V9o8l2LQOo3tdzC0SomDqqgapvEEN2bOH2UioYt8M"
} {"service":"monitoring-icrop"}
26/06/2025 23:40:00 [info]  Backend respondendo com sucesso, token recebido {"service":"monitoring-icrop"}
26/06/2025 23:45:00 [warn]  Tentativa de conexão com o backend {"service":"monitoring-icrop"}
26/06/2025 23:45:00 [warn]  {
  "id": "4682d682-e18e-4576-a1af-596836bde011",
  "user_type": "DEALER",
  "username": "soil_rafa",
  "token": "eyJhbGciOiJIUzI1NiIsInR5cCI6IkpXVCJ9.eyJkYXRhIjp7InVzZXJuYW1lIjoic29pbF9yYWZhIiwiaWQiOiI0NjgyZDY4Mi1lMThlLTQ1NzYtYTFhZi01OTY4MzZiZGUwMTEiLCJ1c2VyX3R5cGUiOiJERUFMRVIifSwiaWF0IjoxNzUwOTgxNTAwLCJleHAiOjE3NTE1ODYzMDB9.oFaAy9Ib8C8f9cQwZK2Mz_31KXQSY5R7IJeXrhCOXsg"
} {"service":"monitoring-icrop"}
26/06/2025 23:45:00 [info]  Backend respondendo com sucesso, token recebido {"service":"monitoring-icrop"}
26/06/2025 23:45:00 [warn]  Tentativa de conexão com o backend {"service":"monitoring-icrop"}
26/06/2025 23:45:00 [warn]  {
  "id": "4682d682-e18e-4576-a1af-596836bde011",
  "user_type": "DEALER",
  "username": "soil_rafa",
  "token": "eyJhbGciOiJIUzI1NiIsInR5cCI6IkpXVCJ9.eyJkYXRhIjp7InVzZXJuYW1lIjoic29pbF9yYWZhIiwiaWQiOiI0NjgyZDY4Mi1lMThlLTQ1NzYtYTFhZi01OTY4MzZiZGUwMTEiLCJ1c2VyX3R5cGUiOiJERUFMRVIifSwiaWF0IjoxNzUwOTgxNTAwLCJleHAiOjE3NTE1ODYzMDB9.oFaAy9Ib8C8f9cQwZK2Mz_31KXQSY5R7IJeXrhCOXsg"
} {"service":"monitoring-icrop"}
26/06/2025 23:45:00 [info]  Backend respondendo com sucesso, token recebido {"service":"monitoring-icrop"}
26/06/2025 23:50:00 [error]  Erro ao conectar no backend {"service":"monitoring-icrop"}
26/06/2025 23:50:00 [error]  Error: AxiosError: Request failed with status code 502 {"service":"monitoring-icrop"}
26/06/2025 23:50:00 [error]  iniciando processo de religar o backend {"service":"monitoring-icrop"}
26/06/2025 23:50:00 [error]  Status: Request failed with status code 502 {"service":"monitoring-icrop"}
26/06/2025 23:50:00 [error]  Erro ao conectar no backend {"service":"monitoring-icrop"}
26/06/2025 23:50:00 [error]  Error: AxiosError: Request failed with status code 502 {"service":"monitoring-icrop"}
26/06/2025 23:50:00 [error]  iniciando processo de religar o backend {"service":"monitoring-icrop"}
26/06/2025 23:50:00 [error]  Status: Request failed with status code 502 {"service":"monitoring-icrop"}
26/06/2025 23:55:00 [warn]  Tentativa de conexão com o backend {"service":"monitoring-icrop"}
26/06/2025 23:55:00 [warn]  {
  "id": "4682d682-e18e-4576-a1af-596836bde011",
  "user_type": "DEALER",
  "username": "soil_rafa",
  "token": "eyJhbGciOiJIUzI1NiIsInR5cCI6IkpXVCJ9.eyJkYXRhIjp7InVzZXJuYW1lIjoic29pbF9yYWZhIiwiaWQiOiI0NjgyZDY4Mi1lMThlLTQ1NzYtYTFhZi01OTY4MzZiZGUwMTEiLCJ1c2VyX3R5cGUiOiJERUFMRVIifSwiaWF0IjoxNzUwOTgyMTAwLCJleHAiOjE3NTE1ODY5MDB9.Re1aKXOkUI4RexxsAaip5o_KfaqVu1tg3lojDG3o4Uw"
} {"service":"monitoring-icrop"}
26/06/2025 23:55:00 [info]  Backend respondendo com sucesso, token recebido {"service":"monitoring-icrop"}
26/06/2025 23:55:00 [warn]  Tentativa de conexão com o backend {"service":"monitoring-icrop"}
26/06/2025 23:55:00 [warn]  {
  "id": "4682d682-e18e-4576-a1af-596836bde011",
  "user_type": "DEALER",
  "username": "soil_rafa",
  "token": "eyJhbGciOiJIUzI1NiIsInR5cCI6IkpXVCJ9.eyJkYXRhIjp7InVzZXJuYW1lIjoic29pbF9yYWZhIiwiaWQiOiI0NjgyZDY4Mi1lMThlLTQ1NzYtYTFhZi01OTY4MzZiZGUwMTEiLCJ1c2VyX3R5cGUiOiJERUFMRVIifSwiaWF0IjoxNzUwOTgyMTAwLCJleHAiOjE3NTE1ODY5MDB9.Re1aKXOkUI4RexxsAaip5o_KfaqVu1tg3lojDG3o4Uw"
} {"service":"monitoring-icrop"}
26/06/2025 23:55:00 [info]  Backend respondendo com sucesso, token recebido {"service":"monitoring-icrop"}
